
>>> random number generator seed is 123456
   Options for Robust Minimizer :: 
        Tolerance  0.1
        Strategy   0
        Type,Algo  Minuit2,Migrad
>>> method used is FitDiagnostics
Set Default Value of Parameter r To : 1
>>> 0 out of 6 channels masked

>>> Channel masks:
  1) 0x5c61080 RooRealVar::  mask_SR_loose_LOW = 0 C  L(-INF - +INF)  "mask_SR_loose_LOW"
  2) 0x5c61b60 RooRealVar::  mask_SR_loose_SIG = 0 C  L(-INF - +INF)  "mask_SR_loose_SIG"
  3) 0x5c62770 RooRealVar:: mask_SR_loose_HIGH = 0 C  L(-INF - +INF)  "mask_SR_loose_HIGH"
  4) 0x5c63380 RooRealVar::   mask_SR_pass_LOW = 0 C  L(-INF - +INF)  "mask_SR_pass_LOW"
  5) 0x5c63f90 RooRealVar::   mask_SR_pass_SIG = 0 C  L(-INF - +INF)  "mask_SR_pass_SIG"
  6) 0x5c64ba0 RooRealVar::  mask_SR_pass_HIGH = 0 C  L(-INF - +INF)  "mask_SR_pass_HIGH"
SimNLL created with 0 channels, 0 generic constraints, 14 fast gaussian constraints, 0 fast poisson constraints, 0 fast group constraints, 
Minuit2Minimizer: Minimize with max-calls 7000 convergence for edm < 0.1 strategy 1
Minuit2Minimizer::Minuit  - Changing default options
             StorageLevel :               0
MnSeedGenerator: for initial parameters FCN = 0
MnSeedGenerator: Initial state:   - FCN =                0 Edm =            0 NCalls =     57
VariableMetric: start iterating until Edm is < 0.0001
VariableMetric: Initial state   - FCN =                0 Edm =            0 NCalls =     57
VariableMetric: Iteration #   0 - FCN =                0 Edm =            0 NCalls =     57
VariableMetric: After Hessian   - FCN =                0 Edm =            0 NCalls =    205
VariableMetric: Iteration #   1 - FCN =                0 Edm =            0 NCalls =    205
Minuit2Minimizer : Valid minimum - status = 0
FVAL  = 0
Edm   = 0
Nfcn  = 205
PNetTop	  = 0	 +/-  1
PNetXbb	  = 0	 +/-  1
Pileup	  = 0	 +/-  1
Prefire	  = 0	 +/-  1
TptReweight	  = 0	 +/-  1
jer	  = 0	 +/-  1
jes	  = 0	 +/-  1
jmr	  = 0	 +/-  1
jms	  = 0	 +/-  1
lumi	  = 0	 +/-  1
pdf	  = 0	 +/-  1
ttbar_xsec	  = 0	 +/-  1
w_xsec	  = 0	 +/-  1
z_xsec	  = 0	 +/-  1
SimNLL created with 6 channels, 0 generic constraints, 14 fast gaussian constraints, 0 fast poisson constraints, 0 fast group constraints, 
  [WARNING] Found [Background_SR_loose_LOW_bin_1-10] at boundary. 
  [WARNING] Found [Background_SR_loose_LOW_bin_1-11] at boundary. 
  [WARNING] Found [Background_SR_loose_LOW_bin_1-12] at boundary. 
  [WARNING] Found [Background_SR_loose_LOW_bin_1-13] at boundary. 
  [WARNING] Found [Background_SR_loose_LOW_bin_1-7] at boundary. 
  [WARNING] Found [Background_SR_loose_LOW_bin_2-11] at boundary. 
  [WARNING] Found [Background_SR_loose_LOW_bin_2-12] at boundary. 
  [WARNING] Found [Background_SR_loose_LOW_bin_2-13] at boundary. 
  [WARNING] Found [Background_SR_loose_LOW_bin_2-7] at boundary. 
  [WARNING] Found [Background_SR_loose_LOW_bin_2-9] at boundary. 
  [WARNING] Found [Background_SR_loose_LOW_bin_3-10] at boundary. 
  [WARNING] Found [Background_SR_loose_LOW_bin_3-11] at boundary. 
  [WARNING] Found [Background_SR_loose_LOW_bin_3-12] at boundary. 
  [WARNING] Found [Background_SR_loose_LOW_bin_3-13] at boundary. 
  [WARNING] Found [Background_SR_loose_LOW_bin_3-6] at boundary. 
  [WARNING] Found [Background_SR_loose_LOW_bin_3-7] at boundary. 
  [WARNING] Found [Background_SR_loose_LOW_bin_3-8] at boundary. 
  [WARNING] Found [Background_SR_loose_LOW_bin_3-9] at boundary. 
  [WARNING] Found [Background_SR_loose_SIG_bin_1-1] at boundary. 
  [WARNING] Found [Background_SR_loose_SIG_bin_1-10] at boundary. 
  [WARNING] Found [Background_SR_loose_SIG_bin_1-11] at boundary. 
  [WARNING] Found [Background_SR_loose_SIG_bin_1-12] at boundary. 
  [WARNING] Found [Background_SR_loose_SIG_bin_1-13] at boundary. 
  [WARNING] Found [Background_SR_loose_SIG_bin_1-4] at boundary. 
  [WARNING] Found [Background_SR_loose_SIG_bin_1-5] at boundary. 
  [WARNING] Found [Background_SR_loose_SIG_bin_1-6] at boundary. 
  [WARNING] Found [Background_SR_loose_SIG_bin_1-9] at boundary. 
  [WARNING] Found [Background_SR_loose_SIG_bin_2-1] at boundary. 
  [WARNING] Found [Background_SR_loose_SIG_bin_2-10] at boundary. 
  [WARNING] Found [Background_SR_loose_SIG_bin_2-11] at boundary. 
  [WARNING] Found [Background_SR_loose_SIG_bin_2-12] at boundary. 
  [WARNING] Found [Background_SR_loose_SIG_bin_2-13] at boundary. 
  [WARNING] Found [Background_SR_loose_SIG_bin_2-6] at boundary. 
  [WARNING] Found [Background_SR_loose_SIG_bin_2-7] at boundary. 
  [WARNING] Found [Background_SR_loose_SIG_bin_2-8] at boundary. 
  [WARNING] Found [Background_SR_loose_SIG_bin_2-9] at boundary. 
  [WARNING] Found [Background_SR_loose_SIG_bin_3-1] at boundary. 
  [WARNING] Found [Background_SR_loose_SIG_bin_3-10] at boundary. 
  [WARNING] Found [Background_SR_loose_SIG_bin_3-11] at boundary. 
  [WARNING] Found [Background_SR_loose_SIG_bin_3-12] at boundary. 
  [WARNING] Found [Background_SR_loose_SIG_bin_3-13] at boundary. 
  [WARNING] Found [Background_SR_loose_SIG_bin_3-6] at boundary. 
  [WARNING] Found [Background_SR_loose_SIG_bin_3-7] at boundary. 
  [WARNING] Found [Background_SR_loose_SIG_bin_3-8] at boundary. 
  [WARNING] Found [Background_SR_loose_HIGH_bin_1-11] at boundary. 
  [WARNING] Found [Background_SR_loose_HIGH_bin_1-12] at boundary. 
  [WARNING] Found [Background_SR_loose_HIGH_bin_1-13] at boundary. 
  [WARNING] Found [Background_SR_loose_HIGH_bin_1-2] at boundary. 
  [WARNING] Found [Background_SR_loose_HIGH_bin_1-7] at boundary. 
  [WARNING] Found [Background_SR_loose_HIGH_bin_1-8] at boundary. 
  [WARNING] Found [Background_SR_loose_HIGH_bin_1-9] at boundary. 
  [WARNING] Found [Background_SR_loose_HIGH_bin_2-10] at boundary. 
  [WARNING] Found [Background_SR_loose_HIGH_bin_2-11] at boundary. 
  [WARNING] Found [Background_SR_loose_HIGH_bin_2-12] at boundary. 
  [WARNING] Found [Background_SR_loose_HIGH_bin_2-13] at boundary. 
  [WARNING] Found [Background_SR_loose_HIGH_bin_2-6] at boundary. 
  [WARNING] Found [Background_SR_loose_HIGH_bin_2-7] at boundary. 
  [WARNING] Found [Background_SR_loose_HIGH_bin_2-9] at boundary. 
  [WARNING] Found [Background_SR_loose_HIGH_bin_3-1] at boundary. 
  [WARNING] Found [Background_SR_loose_HIGH_bin_3-10] at boundary. 
  [WARNING] Found [Background_SR_loose_HIGH_bin_3-12] at boundary. 
  [WARNING] Found [Background_SR_loose_HIGH_bin_3-13] at boundary. 
  [WARNING] Found [Background_SR_loose_HIGH_bin_3-2] at boundary. 
  [WARNING] Found [Background_SR_loose_HIGH_bin_3-3] at boundary. 
  [WARNING] Found [Background_SR_loose_HIGH_bin_3-4] at boundary. 
  [WARNING] Found [Background_SR_loose_HIGH_bin_3-5] at boundary. 
  [WARNING] Found [Background_SR_loose_HIGH_bin_3-7] at boundary. 
  [WARNING] Found [Background_SR_loose_HIGH_bin_4-1] at boundary. 
  [WARNING] Found [Background_SR_loose_HIGH_bin_4-10] at boundary. 
  [WARNING] Found [Background_SR_loose_HIGH_bin_4-11] at boundary. 
  [WARNING] Found [Background_SR_loose_HIGH_bin_4-12] at boundary. 
  [WARNING] Found [Background_SR_loose_HIGH_bin_4-2] at boundary. 
  [WARNING] Found [Background_SR_loose_HIGH_bin_4-3] at boundary. 
  [WARNING] Found [Background_SR_loose_HIGH_bin_4-5] at boundary. 
  [WARNING] Found [Background_SR_loose_HIGH_bin_4-9] at boundary. 
  [WARNING] Found [Background_SR_loose_HIGH_bin_5-1] at boundary. 
  [WARNING] Found [Background_SR_loose_HIGH_bin_5-10] at boundary. 
  [WARNING] Found [Background_SR_loose_HIGH_bin_5-12] at boundary. 
  [WARNING] Found [Background_SR_loose_HIGH_bin_5-13] at boundary. 
  [WARNING] Found [Background_SR_loose_HIGH_bin_5-2] at boundary. 
  [WARNING] Found [Background_SR_loose_HIGH_bin_5-4] at boundary. 
  [WARNING] Found [Background_SR_loose_HIGH_bin_5-5] at boundary. 
  [WARNING] Found [Background_SR_loose_HIGH_bin_5-8] at boundary. 
  [WARNING] Found [Background_SR_loose_HIGH_bin_5-9] at boundary. 
  [WARNING] Found [Background_SR_loose_HIGH_bin_6-1] at boundary. 
  [WARNING] Found [Background_SR_loose_HIGH_bin_6-10] at boundary. 
  [WARNING] Found [Background_SR_loose_HIGH_bin_6-11] at boundary. 
  [WARNING] Found [Background_SR_loose_HIGH_bin_6-2] at boundary. 
  [WARNING] Found [Background_SR_loose_HIGH_bin_6-4] at boundary. 
  [WARNING] Found [Background_SR_loose_HIGH_bin_6-8] at boundary. 
  [WARNING] Found [Background_SR_loose_HIGH_bin_6-9] at boundary. 
 [WARNING] After the fit some parameters are at their boundary.
 [WARNING] Are you sure your model is correct?
  [WARNING] Found [Background_SR_loose_LOW_bin_1-1] at boundary. 
  [WARNING] Found [Background_SR_loose_LOW_bin_1-10] at boundary. 
  [WARNING] Found [Background_SR_loose_LOW_bin_1-11] at boundary. 
  [WARNING] Found [Background_SR_loose_LOW_bin_1-12] at boundary. 
  [WARNING] Found [Background_SR_loose_LOW_bin_1-13] at boundary. 
  [WARNING] Found [Background_SR_loose_LOW_bin_1-2] at boundary. 
  [WARNING] Found [Background_SR_loose_LOW_bin_1-3] at boundary. 
  [WARNING] Found [Background_SR_loose_LOW_bin_1-4] at boundary. 
  [WARNING] Found [Background_SR_loose_LOW_bin_1-5] at boundary. 
  [WARNING] Found [Background_SR_loose_LOW_bin_1-6] at boundary. 
  [WARNING] Found [Background_SR_loose_LOW_bin_1-7] at boundary. 
  [WARNING] Found [Background_SR_loose_LOW_bin_1-8] at boundary. 
  [WARNING] Found [Background_SR_loose_LOW_bin_1-9] at boundary. 
  [WARNING] Found [Background_SR_loose_LOW_bin_2-1] at boundary. 
  [WARNING] Found [Background_SR_loose_LOW_bin_2-10] at boundary. 
  [WARNING] Found [Background_SR_loose_LOW_bin_2-11] at boundary. 
  [WARNING] Found [Background_SR_loose_LOW_bin_2-12] at boundary. 
  [WARNING] Found [Background_SR_loose_LOW_bin_2-13] at boundary. 
  [WARNING] Found [Background_SR_loose_LOW_bin_2-2] at boundary. 
  [WARNING] Found [Background_SR_loose_LOW_bin_2-3] at boundary. 
  [WARNING] Found [Background_SR_loose_LOW_bin_2-4] at boundary. 
  [WARNING] Found [Background_SR_loose_LOW_bin_2-5] at boundary. 
  [WARNING] Found [Background_SR_loose_LOW_bin_2-6] at boundary. 
  [WARNING] Found [Background_SR_loose_LOW_bin_2-7] at boundary. 
  [WARNING] Found [Background_SR_loose_LOW_bin_2-8] at boundary. 
  [WARNING] Found [Background_SR_loose_LOW_bin_2-9] at boundary. 
  [WARNING] Found [Background_SR_loose_LOW_bin_3-1] at boundary. 
  [WARNING] Found [Background_SR_loose_LOW_bin_3-10] at boundary. 
  [WARNING] Found [Background_SR_loose_LOW_bin_3-11] at boundary. 
  [WARNING] Found [Background_SR_loose_LOW_bin_3-12] at boundary. 
  [WARNING] Found [Background_SR_loose_LOW_bin_3-13] at boundary. 
  [WARNING] Found [Background_SR_loose_LOW_bin_3-2] at boundary. 
  [WARNING] Found [Background_SR_loose_LOW_bin_3-3] at boundary. 
  [WARNING] Found [Background_SR_loose_LOW_bin_3-4] at boundary. 
  [WARNING] Found [Background_SR_loose_LOW_bin_3-5] at boundary. 
  [WARNING] Found [Background_SR_loose_LOW_bin_3-6] at boundary. 
  [WARNING] Found [Background_SR_loose_LOW_bin_3-7] at boundary. 
  [WARNING] Found [Background_SR_loose_LOW_bin_3-8] at boundary. 
  [WARNING] Found [Background_SR_loose_LOW_bin_3-9] at boundary. 
  [WARNING] Found [Background_SR_loose_SIG_bin_1-1] at boundary. 
  [WARNING] Found [Background_SR_loose_SIG_bin_1-10] at boundary. 
  [WARNING] Found [Background_SR_loose_SIG_bin_1-11] at boundary. 
  [WARNING] Found [Background_SR_loose_SIG_bin_1-12] at boundary. 
  [WARNING] Found [Background_SR_loose_SIG_bin_1-13] at boundary. 
  [WARNING] Found [Background_SR_loose_SIG_bin_1-2] at boundary. 
  [WARNING] Found [Background_SR_loose_SIG_bin_1-3] at boundary. 
  [WARNING] Found [Background_SR_loose_SIG_bin_1-4] at boundary. 
  [WARNING] Found [Background_SR_loose_SIG_bin_1-5] at boundary. 
  [WARNING] Found [Background_SR_loose_SIG_bin_1-6] at boundary. 
  [WARNING] Found [Background_SR_loose_SIG_bin_1-7] at boundary. 
  [WARNING] Found [Background_SR_loose_SIG_bin_1-8] at boundary. 
  [WARNING] Found [Background_SR_loose_SIG_bin_1-9] at boundary. 
  [WARNING] Found [Background_SR_loose_SIG_bin_2-1] at boundary. 
  [WARNING] Found [Background_SR_loose_SIG_bin_2-10] at boundary. 
  [WARNING] Found [Background_SR_loose_SIG_bin_2-11] at boundary. 
  [WARNING] Found [Background_SR_loose_SIG_bin_2-12] at boundary. 
  [WARNING] Found [Background_SR_loose_SIG_bin_2-13] at boundary. 
  [WARNING] Found [Background_SR_loose_SIG_bin_2-2] at boundary. 
  [WARNING] Found [Background_SR_loose_SIG_bin_2-3] at boundary. 
  [WARNING] Found [Background_SR_loose_SIG_bin_2-4] at boundary. 
  [WARNING] Found [Background_SR_loose_SIG_bin_2-5] at boundary. 
  [WARNING] Found [Background_SR_loose_SIG_bin_2-6] at boundary. 
  [WARNING] Found [Background_SR_loose_SIG_bin_2-7] at boundary. 
  [WARNING] Found [Background_SR_loose_SIG_bin_2-8] at boundary. 
  [WARNING] Found [Background_SR_loose_SIG_bin_2-9] at boundary. 
  [WARNING] Found [Background_SR_loose_SIG_bin_3-1] at boundary. 
  [WARNING] Found [Background_SR_loose_SIG_bin_3-10] at boundary. 
  [WARNING] Found [Background_SR_loose_SIG_bin_3-11] at boundary. 
  [WARNING] Found [Background_SR_loose_SIG_bin_3-12] at boundary. 
  [WARNING] Found [Background_SR_loose_SIG_bin_3-13] at boundary. 
  [WARNING] Found [Background_SR_loose_SIG_bin_3-2] at boundary. 
  [WARNING] Found [Background_SR_loose_SIG_bin_3-3] at boundary. 
  [WARNING] Found [Background_SR_loose_SIG_bin_3-4] at boundary. 
  [WARNING] Found [Background_SR_loose_SIG_bin_3-5] at boundary. 
  [WARNING] Found [Background_SR_loose_SIG_bin_3-6] at boundary. 
  [WARNING] Found [Background_SR_loose_SIG_bin_3-7] at boundary. 
  [WARNING] Found [Background_SR_loose_SIG_bin_3-8] at boundary. 
  [WARNING] Found [Background_SR_loose_SIG_bin_3-9] at boundary. 
  [WARNING] Found [Background_SR_loose_HIGH_bin_1-10] at boundary. 
  [WARNING] Found [Background_SR_loose_HIGH_bin_1-11] at boundary. 
  [WARNING] Found [Background_SR_loose_HIGH_bin_1-12] at boundary. 
  [WARNING] Found [Background_SR_loose_HIGH_bin_1-13] at boundary. 
  [WARNING] Found [Background_SR_loose_HIGH_bin_1-2] at boundary. 
  [WARNING] Found [Background_SR_loose_HIGH_bin_1-3] at boundary. 
  [WARNING] Found [Background_SR_loose_HIGH_bin_1-4] at boundary. 
  [WARNING] Found [Background_SR_loose_HIGH_bin_1-5] at boundary. 
  [WARNING] Found [Background_SR_loose_HIGH_bin_1-6] at boundary. 
  [WARNING] Found [Background_SR_loose_HIGH_bin_1-7] at boundary. 
  [WARNING] Found [Background_SR_loose_HIGH_bin_1-8] at boundary. 
  [WARNING] Found [Background_SR_loose_HIGH_bin_1-9] at boundary. 
  [WARNING] Found [Background_SR_loose_HIGH_bin_2-10] at boundary. 
  [WARNING] Found [Background_SR_loose_HIGH_bin_2-11] at boundary. 
  [WARNING] Found [Background_SR_loose_HIGH_bin_2-12] at boundary. 
  [WARNING] Found [Background_SR_loose_HIGH_bin_2-13] at boundary. 
  [WARNING] Found [Background_SR_loose_HIGH_bin_2-2] at boundary. 
  [WARNING] Found [Background_SR_loose_HIGH_bin_2-3] at boundary. 
  [WARNING] Found [Background_SR_loose_HIGH_bin_2-4] at boundary. 
  [WARNING] Found [Background_SR_loose_HIGH_bin_2-5] at boundary. 
  [WARNING] Found [Background_SR_loose_HIGH_bin_2-6] at boundary. 
  [WARNING] Found [Background_SR_loose_HIGH_bin_2-7] at boundary. 
  [WARNING] Found [Background_SR_loose_HIGH_bin_2-8] at boundary. 
  [WARNING] Found [Background_SR_loose_HIGH_bin_2-9] at boundary. 
  [WARNING] Found [Background_SR_loose_HIGH_bin_3-1] at boundary. 
  [WARNING] Found [Background_SR_loose_HIGH_bin_3-10] at boundary. 
  [WARNING] Found [Background_SR_loose_HIGH_bin_3-11] at boundary. 
  [WARNING] Found [Background_SR_loose_HIGH_bin_3-12] at boundary. 
  [WARNING] Found [Background_SR_loose_HIGH_bin_3-13] at boundary. 
  [WARNING] Found [Background_SR_loose_HIGH_bin_3-2] at boundary. 
  [WARNING] Found [Background_SR_loose_HIGH_bin_3-3] at boundary. 
  [WARNING] Found [Background_SR_loose_HIGH_bin_3-4] at boundary. 
  [WARNING] Found [Background_SR_loose_HIGH_bin_3-5] at boundary. 
  [WARNING] Found [Background_SR_loose_HIGH_bin_3-6] at boundary. 
  [WARNING] Found [Background_SR_loose_HIGH_bin_3-7] at boundary. 
  [WARNING] Found [Background_SR_loose_HIGH_bin_3-8] at boundary. 
  [WARNING] Found [Background_SR_loose_HIGH_bin_3-9] at boundary. 
  [WARNING] Found [Background_SR_loose_HIGH_bin_4-1] at boundary. 
  [WARNING] Found [Background_SR_loose_HIGH_bin_4-10] at boundary. 
  [WARNING] Found [Background_SR_loose_HIGH_bin_4-11] at boundary. 
  [WARNING] Found [Background_SR_loose_HIGH_bin_4-12] at boundary. 
  [WARNING] Found [Background_SR_loose_HIGH_bin_4-13] at boundary. 
  [WARNING] Found [Background_SR_loose_HIGH_bin_4-2] at boundary. 
  [WARNING] Found [Background_SR_loose_HIGH_bin_4-3] at boundary. 
  [WARNING] Found [Background_SR_loose_HIGH_bin_4-4] at boundary. 
  [WARNING] Found [Background_SR_loose_HIGH_bin_4-5] at boundary. 
  [WARNING] Found [Background_SR_loose_HIGH_bin_4-6] at boundary. 
  [WARNING] Found [Background_SR_loose_HIGH_bin_4-7] at boundary. 
  [WARNING] Found [Background_SR_loose_HIGH_bin_4-8] at boundary. 
  [WARNING] Found [Background_SR_loose_HIGH_bin_4-9] at boundary. 
  [WARNING] Found [Background_SR_loose_HIGH_bin_5-1] at boundary. 
  [WARNING] Found [Background_SR_loose_HIGH_bin_5-10] at boundary. 
  [WARNING] Found [Background_SR_loose_HIGH_bin_5-11] at boundary. 
  [WARNING] Found [Background_SR_loose_HIGH_bin_5-12] at boundary. 
  [WARNING] Found [Background_SR_loose_HIGH_bin_5-13] at boundary. 
  [WARNING] Found [Background_SR_loose_HIGH_bin_5-2] at boundary. 
  [WARNING] Found [Background_SR_loose_HIGH_bin_5-3] at boundary. 
  [WARNING] Found [Background_SR_loose_HIGH_bin_5-4] at boundary. 
  [WARNING] Found [Background_SR_loose_HIGH_bin_5-5] at boundary. 
  [WARNING] Found [Background_SR_loose_HIGH_bin_5-6] at boundary. 
  [WARNING] Found [Background_SR_loose_HIGH_bin_5-7] at boundary. 
  [WARNING] Found [Background_SR_loose_HIGH_bin_5-8] at boundary. 
  [WARNING] Found [Background_SR_loose_HIGH_bin_5-9] at boundary. 
  [WARNING] Found [Background_SR_loose_HIGH_bin_6-1] at boundary. 
  [WARNING] Found [Background_SR_loose_HIGH_bin_6-10] at boundary. 
  [WARNING] Found [Background_SR_loose_HIGH_bin_6-11] at boundary. 
  [WARNING] Found [Background_SR_loose_HIGH_bin_6-12] at boundary. 
  [WARNING] Found [Background_SR_loose_HIGH_bin_6-13] at boundary. 
  [WARNING] Found [Background_SR_loose_HIGH_bin_6-2] at boundary. 
  [WARNING] Found [Background_SR_loose_HIGH_bin_6-3] at boundary. 
  [WARNING] Found [Background_SR_loose_HIGH_bin_6-4] at boundary. 
  [WARNING] Found [Background_SR_loose_HIGH_bin_6-5] at boundary. 
  [WARNING] Found [Background_SR_loose_HIGH_bin_6-6] at boundary. 
  [WARNING] Found [Background_SR_loose_HIGH_bin_6-7] at boundary. 
  [WARNING] Found [Background_SR_loose_HIGH_bin_6-8] at boundary. 
  [WARNING] Found [Background_SR_loose_HIGH_bin_6-9] at boundary. 
 [WARNING] After the fit some parameters are at their boundary.
 [WARNING] Are you sure your model is correct?

 --- FitDiagnostics ---
Fit failed.
Done in 0.21 min (cpu), 0.21 min (real)
Printing Message Summary From ... combine_logger.out
----------------------------------------------
Messages of type INFO : 258
Messages of type DEBUG : 2
Messages of type ERROR : 0
----------------------------------------------
INFO: (function: applyOptionsBase) FitterAlgoBase.cc: 113 -- Setting robust fit options to Tolerance=0.1 / Strategy=0 / Type,Algo=Minuit2,Migrad (note that defaults of CascadeMinimizer were taken where option not specified)
INFO: (function: improveOnce) CascadeMinimizer.cc: 188 -- Minimisation configured with Type=Minuit2, Algo=Migrad, strategy=1, tolerance=0.1
INFO: (function: improveOnce) CascadeMinimizer.cc: 211 -- Minimisation finished with status=0
INFO: (function: improveOnce) CascadeMinimizer.cc: 216 -- Minimization success! status=0
INFO: (function: improveOnce) CascadeMinimizer.cc: 188 -- Minimisation configured with Type=Minuit2, Algo=Migrad, strategy=1, tolerance=0.1
INFO: (function: improveOnce) CascadeMinimizer.cc: 211 -- Minimisation finished with status=0
INFO: (function: improveOnce) CascadeMinimizer.cc: 216 -- Minimization success! status=0
INFO: (function: improveOnce) CascadeMinimizer.cc: 188 -- Minimisation configured with Type=Minuit2, Algo=Migrad, strategy=1, tolerance=0.1
INFO: (function: improveOnce) CascadeMinimizer.cc: 211 -- Minimisation finished with status=-1
DEBUG: (function: improveOnce) CascadeMinimizer.cc: 217 -- Minimization ended with latest status != 0 or 1
INFO: (function: anyParameterAtBoundaries) utils.cc: 1039 -- Found parameter Background_SR_loose_LOW_bin_1-10 at boundary (within ~1sigma): 0.661241+/-3.32701
INFO: (function: anyParameterAtBoundaries) utils.cc: 1039 -- Found parameter Background_SR_loose_LOW_bin_1-11 at boundary (within ~1sigma): 1.12011+/-2.23464
INFO: (function: anyParameterAtBoundaries) utils.cc: 1039 -- Found parameter Background_SR_loose_LOW_bin_1-12 at boundary (within ~1sigma): 2.5647e-05+/-3.3817
INFO: (function: anyParameterAtBoundaries) utils.cc: 1039 -- Found parameter Background_SR_loose_LOW_bin_1-13 at boundary (within ~1sigma): 1.91533+/-2.38912
INFO: (function: anyParameterAtBoundaries) utils.cc: 1039 -- Found parameter Background_SR_loose_LOW_bin_1-7 at boundary (within ~1sigma): 3.4134+/-8.04454
INFO: (function: anyParameterAtBoundaries) utils.cc: 1039 -- Found parameter Background_SR_loose_LOW_bin_2-11 at boundary (within ~1sigma): 7.10623e-06+/-1.98381
INFO: (function: anyParameterAtBoundaries) utils.cc: 1039 -- Found parameter Background_SR_loose_LOW_bin_2-12 at boundary (within ~1sigma): 0.563556+/-3.14266
INFO: (function: anyParameterAtBoundaries) utils.cc: 1039 -- Found parameter Background_SR_loose_LOW_bin_2-13 at boundary (within ~1sigma): 0.147026+/-2.5611
INFO: (function: anyParameterAtBoundaries) utils.cc: 1039 -- Found parameter Background_SR_loose_LOW_bin_2-7 at boundary (within ~1sigma): 1.08255e-05+/-6.26145
INFO: (function: anyParameterAtBoundaries) utils.cc: 1039 -- Found parameter Background_SR_loose_LOW_bin_2-9 at boundary (within ~1sigma): 2.05306+/-5.38907
INFO: (function: anyParameterAtBoundaries) utils.cc: 1039 -- Found parameter Background_SR_loose_LOW_bin_3-10 at boundary (within ~1sigma): 6.18584+/-7.20093
INFO: (function: anyParameterAtBoundaries) utils.cc: 1039 -- Found parameter Background_SR_loose_LOW_bin_3-11 at boundary (within ~1sigma): 2.64167+/-5.93989
INFO: (function: anyParameterAtBoundaries) utils.cc: 1039 -- Found parameter Background_SR_loose_LOW_bin_3-12 at boundary (within ~1sigma): 0.00139328+/-4.10283
INFO: (function: anyParameterAtBoundaries) utils.cc: 1039 -- Found parameter Background_SR_loose_LOW_bin_3-13 at boundary (within ~1sigma): 1.16927+/-2.96712
INFO: (function: anyParameterAtBoundaries) utils.cc: 1039 -- Found parameter Background_SR_loose_LOW_bin_3-6 at boundary (within ~1sigma): 0.001942+/-8.75583
INFO: (function: anyParameterAtBoundaries) utils.cc: 1039 -- Found parameter Background_SR_loose_LOW_bin_3-7 at boundary (within ~1sigma): 0.0501114+/-12.7316
INFO: (function: anyParameterAtBoundaries) utils.cc: 1039 -- Found parameter Background_SR_loose_LOW_bin_3-8 at boundary (within ~1sigma): 0.000441148+/-3.81627
INFO: (function: anyParameterAtBoundaries) utils.cc: 1039 -- Found parameter Background_SR_loose_LOW_bin_3-9 at boundary (within ~1sigma): 1.02958+/-3.45909
INFO: (function: anyParameterAtBoundaries) utils.cc: 1039 -- Found parameter Background_SR_loose_SIG_bin_1-1 at boundary (within ~1sigma): 6.36995+/-32.0399
INFO: (function: anyParameterAtBoundaries) utils.cc: 1039 -- Found parameter Background_SR_loose_SIG_bin_1-10 at boundary (within ~1sigma): 0.00809669+/-1.73583
INFO: (function: anyParameterAtBoundaries) utils.cc: 1039 -- Found parameter Background_SR_loose_SIG_bin_1-11 at boundary (within ~1sigma): 3.94793+/-5.60023
INFO: (function: anyParameterAtBoundaries) utils.cc: 1039 -- Found parameter Background_SR_loose_SIG_bin_1-12 at boundary (within ~1sigma): 0.662675+/-6.66777
INFO: (function: anyParameterAtBoundaries) utils.cc: 1039 -- Found parameter Background_SR_loose_SIG_bin_1-13 at boundary (within ~1sigma): 2.5758e-05+/-1.99565
INFO: (function: anyParameterAtBoundaries) utils.cc: 1039 -- Found parameter Background_SR_loose_SIG_bin_1-4 at boundary (within ~1sigma): 14.2255+/-16.1874
INFO: (function: anyParameterAtBoundaries) utils.cc: 1039 -- Found parameter Background_SR_loose_SIG_bin_1-5 at boundary (within ~1sigma): 14.4251+/-16.5137
INFO: (function: anyParameterAtBoundaries) utils.cc: 1039 -- Found parameter Background_SR_loose_SIG_bin_1-6 at boundary (within ~1sigma): 13.709+/-14.9691
INFO: (function: anyParameterAtBoundaries) utils.cc: 1039 -- Found parameter Background_SR_loose_SIG_bin_1-9 at boundary (within ~1sigma): 8.05269+/-8.3396
INFO: (function: anyParameterAtBoundaries) utils.cc: 1039 -- Found parameter Background_SR_loose_SIG_bin_2-1 at boundary (within ~1sigma): 0.00353184+/-21.6344
INFO: (function: anyParameterAtBoundaries) utils.cc: 1039 -- Found parameter Background_SR_loose_SIG_bin_2-10 at boundary (within ~1sigma): 7.77164e-05+/-5.4598
INFO: (function: anyParameterAtBoundaries) utils.cc: 1039 -- Found parameter Background_SR_loose_SIG_bin_2-11 at boundary (within ~1sigma): 5.79522+/-6.45524
INFO: (function: anyParameterAtBoundaries) utils.cc: 1039 -- Found parameter Background_SR_loose_SIG_bin_2-12 at boundary (within ~1sigma): 0.00547384+/-3.59723
INFO: (function: anyParameterAtBoundaries) utils.cc: 1039 -- Found parameter Background_SR_loose_SIG_bin_2-13 at boundary (within ~1sigma): 1.6373+/-3.96848
INFO: (function: anyParameterAtBoundaries) utils.cc: 1039 -- Found parameter Background_SR_loose_SIG_bin_2-6 at boundary (within ~1sigma): 11.3496+/-14.1688
INFO: (function: anyParameterAtBoundaries) utils.cc: 1039 -- Found parameter Background_SR_loose_SIG_bin_2-7 at boundary (within ~1sigma): 0.000336454+/-5.73743
INFO: (function: anyParameterAtBoundaries) utils.cc: 1039 -- Found parameter Background_SR_loose_SIG_bin_2-8 at boundary (within ~1sigma): 2.21497e-05+/-8.06553
INFO: (function: anyParameterAtBoundaries) utils.cc: 1039 -- Found parameter Background_SR_loose_SIG_bin_2-9 at boundary (within ~1sigma): 1.23225+/-5.14934
INFO: (function: anyParameterAtBoundaries) utils.cc: 1039 -- Found parameter Background_SR_loose_SIG_bin_3-1 at boundary (within ~1sigma): 13.4415+/-21.1329
INFO: (function: anyParameterAtBoundaries) utils.cc: 1039 -- Found parameter Background_SR_loose_SIG_bin_3-10 at boundary (within ~1sigma): 7.92306+/-8.49575
INFO: (function: anyParameterAtBoundaries) utils.cc: 1039 -- Found parameter Background_SR_loose_SIG_bin_3-11 at boundary (within ~1sigma): 0.000298207+/-3.23748
INFO: (function: anyParameterAtBoundaries) utils.cc: 1039 -- Found parameter Background_SR_loose_SIG_bin_3-12 at boundary (within ~1sigma): 3.15994+/-4.51207
INFO: (function: anyParameterAtBoundaries) utils.cc: 1039 -- Found parameter Background_SR_loose_SIG_bin_3-13 at boundary (within ~1sigma): 0.419641+/-2.81587
INFO: (function: anyParameterAtBoundaries) utils.cc: 1039 -- Found parameter Background_SR_loose_SIG_bin_3-6 at boundary (within ~1sigma): 11.4348+/-15.3676
INFO: (function: anyParameterAtBoundaries) utils.cc: 1039 -- Found parameter Background_SR_loose_SIG_bin_3-7 at boundary (within ~1sigma): 6.9048+/-11.7909
INFO: (function: anyParameterAtBoundaries) utils.cc: 1039 -- Found parameter Background_SR_loose_SIG_bin_3-8 at boundary (within ~1sigma): 6.64793+/-9.76794
INFO: (function: anyParameterAtBoundaries) utils.cc: 1039 -- Found parameter Background_SR_loose_HIGH_bin_1-11 at boundary (within ~1sigma): 0.141927+/-0.646979
INFO: (function: anyParameterAtBoundaries) utils.cc: 1039 -- Found parameter Background_SR_loose_HIGH_bin_1-12 at boundary (within ~1sigma): 0.831084+/-5.62573
INFO: (function: anyParameterAtBoundaries) utils.cc: 1039 -- Found parameter Background_SR_loose_HIGH_bin_1-13 at boundary (within ~1sigma): 0.000163703+/-2.33894
INFO: (function: anyParameterAtBoundaries) utils.cc: 1039 -- Found parameter Background_SR_loose_HIGH_bin_1-2 at boundary (within ~1sigma): 23.8187+/-25.4184
INFO: (function: anyParameterAtBoundaries) utils.cc: 1039 -- Found parameter Background_SR_loose_HIGH_bin_1-7 at boundary (within ~1sigma): 2.76015+/-10.0624
INFO: (function: anyParameterAtBoundaries) utils.cc: 1039 -- Found parameter Background_SR_loose_HIGH_bin_1-8 at boundary (within ~1sigma): 7.20543e-05+/-5.88204
INFO: (function: anyParameterAtBoundaries) utils.cc: 1039 -- Found parameter Background_SR_loose_HIGH_bin_1-9 at boundary (within ~1sigma): 3.04769+/-7.18705
INFO: (function: anyParameterAtBoundaries) utils.cc: 1039 -- Found parameter Background_SR_loose_HIGH_bin_2-10 at boundary (within ~1sigma): 5.3985+/-8.0822
INFO: (function: anyParameterAtBoundaries) utils.cc: 1039 -- Found parameter Background_SR_loose_HIGH_bin_2-11 at boundary (within ~1sigma): 3.16393+/-6.01724
INFO: (function: anyParameterAtBoundaries) utils.cc: 1039 -- Found parameter Background_SR_loose_HIGH_bin_2-12 at boundary (within ~1sigma): 0.000560053+/-8.7768
INFO: (function: anyParameterAtBoundaries) utils.cc: 1039 -- Found parameter Background_SR_loose_HIGH_bin_2-13 at boundary (within ~1sigma): 1.36565e-05+/-3.20172
INFO: (function: anyParameterAtBoundaries) utils.cc: 1039 -- Found parameter Background_SR_loose_HIGH_bin_2-6 at boundary (within ~1sigma): 0.00722528+/-24.5306
INFO: (function: anyParameterAtBoundaries) utils.cc: 1039 -- Found parameter Background_SR_loose_HIGH_bin_2-7 at boundary (within ~1sigma): 6.22077+/-12.8778
INFO: (function: anyParameterAtBoundaries) utils.cc: 1039 -- Found parameter Background_SR_loose_HIGH_bin_2-9 at boundary (within ~1sigma): 0.000127787+/-4.35319
INFO: (function: anyParameterAtBoundaries) utils.cc: 1039 -- Found parameter Background_SR_loose_HIGH_bin_3-1 at boundary (within ~1sigma): 0.00193395+/-6.82748
INFO: (function: anyParameterAtBoundaries) utils.cc: 1039 -- Found parameter Background_SR_loose_HIGH_bin_3-10 at boundary (within ~1sigma): 5.63452+/-8.36677
INFO: (function: anyParameterAtBoundaries) utils.cc: 1039 -- Found parameter Background_SR_loose_HIGH_bin_3-12 at boundary (within ~1sigma): 3.498e-06+/-7.51985
INFO: (function: anyParameterAtBoundaries) utils.cc: 1039 -- Found parameter Background_SR_loose_HIGH_bin_3-13 at boundary (within ~1sigma): 0.000411172+/-3.49716
INFO: (function: anyParameterAtBoundaries) utils.cc: 1039 -- Found parameter Background_SR_loose_HIGH_bin_3-2 at boundary (within ~1sigma): 21.464+/-33.9635
INFO: (function: anyParameterAtBoundaries) utils.cc: 1039 -- Found parameter Background_SR_loose_HIGH_bin_3-3 at boundary (within ~1sigma): 15.2153+/-25.4713
INFO: (function: anyParameterAtBoundaries) utils.cc: 1039 -- Found parameter Background_SR_loose_HIGH_bin_3-4 at boundary (within ~1sigma): 11.4167+/-24.2645
INFO: (function: anyParameterAtBoundaries) utils.cc: 1039 -- Found parameter Background_SR_loose_HIGH_bin_3-5 at boundary (within ~1sigma): 9.88639+/-21.727
INFO: (function: anyParameterAtBoundaries) utils.cc: 1039 -- Found parameter Background_SR_loose_HIGH_bin_3-7 at boundary (within ~1sigma): 15.9111+/-15.9155
INFO: (function: anyParameterAtBoundaries) utils.cc: 1039 -- Found parameter Background_SR_loose_HIGH_bin_4-1 at boundary (within ~1sigma): 0.000198842+/-12.4779
INFO: (function: anyParameterAtBoundaries) utils.cc: 1039 -- Found parameter Background_SR_loose_HIGH_bin_4-10 at boundary (within ~1sigma): 8.39892e-05+/-5.23685
INFO: (function: anyParameterAtBoundaries) utils.cc: 1039 -- Found parameter Background_SR_loose_HIGH_bin_4-11 at boundary (within ~1sigma): 3.46162+/-5.62023
INFO: (function: anyParameterAtBoundaries) utils.cc: 1039 -- Found parameter Background_SR_loose_HIGH_bin_4-12 at boundary (within ~1sigma): 4.88546+/-5.55414
INFO: (function: anyParameterAtBoundaries) utils.cc: 1039 -- Found parameter Background_SR_loose_HIGH_bin_4-2 at boundary (within ~1sigma): 0.00276568+/-12.4514
INFO: (function: anyParameterAtBoundaries) utils.cc: 1039 -- Found parameter Background_SR_loose_HIGH_bin_4-3 at boundary (within ~1sigma): 8.0868+/-13.4624
INFO: (function: anyParameterAtBoundaries) utils.cc: 1039 -- Found parameter Background_SR_loose_HIGH_bin_4-5 at boundary (within ~1sigma): 10.3533+/-17.9222
INFO: (function: anyParameterAtBoundaries) utils.cc: 1039 -- Found parameter Background_SR_loose_HIGH_bin_4-9 at boundary (within ~1sigma): 0.00175654+/-12.0231
INFO: (function: anyParameterAtBoundaries) utils.cc: 1039 -- Found parameter Background_SR_loose_HIGH_bin_5-1 at boundary (within ~1sigma): 0.000861922+/-6.75784
INFO: (function: anyParameterAtBoundaries) utils.cc: 1039 -- Found parameter Background_SR_loose_HIGH_bin_5-10 at boundary (within ~1sigma): 1.63946+/-4.88066
INFO: (function: anyParameterAtBoundaries) utils.cc: 1039 -- Found parameter Background_SR_loose_HIGH_bin_5-12 at boundary (within ~1sigma): 4.87097+/-5.56079
INFO: (function: anyParameterAtBoundaries) utils.cc: 1039 -- Found parameter Background_SR_loose_HIGH_bin_5-13 at boundary (within ~1sigma): 0.000534795+/-3.6692
INFO: (function: anyParameterAtBoundaries) utils.cc: 1039 -- Found parameter Background_SR_loose_HIGH_bin_5-2 at boundary (within ~1sigma): 18.109+/-19.0828
INFO: (function: anyParameterAtBoundaries) utils.cc: 1039 -- Found parameter Background_SR_loose_HIGH_bin_5-4 at boundary (within ~1sigma): 3.77556e-06+/-19.2827
INFO: (function: anyParameterAtBoundaries) utils.cc: 1039 -- Found parameter Background_SR_loose_HIGH_bin_5-5 at boundary (within ~1sigma): 4.43121+/-14.9391
INFO: (function: anyParameterAtBoundaries) utils.cc: 1039 -- Found parameter Background_SR_loose_HIGH_bin_5-8 at boundary (within ~1sigma): 0.00566564+/-13.2137
INFO: (function: anyParameterAtBoundaries) utils.cc: 1039 -- Found parameter Background_SR_loose_HIGH_bin_5-9 at boundary (within ~1sigma): 8.09006+/-9.26007
INFO: (function: anyParameterAtBoundaries) utils.cc: 1039 -- Found parameter Background_SR_loose_HIGH_bin_6-1 at boundary (within ~1sigma): 0.129325+/-3.95643
INFO: (function: anyParameterAtBoundaries) utils.cc: 1039 -- Found parameter Background_SR_loose_HIGH_bin_6-10 at boundary (within ~1sigma): 1.55956+/-5.56325
INFO: (function: anyParameterAtBoundaries) utils.cc: 1039 -- Found parameter Background_SR_loose_HIGH_bin_6-11 at boundary (within ~1sigma): 0.000109635+/-3.51014
INFO: (function: anyParameterAtBoundaries) utils.cc: 1039 -- Found parameter Background_SR_loose_HIGH_bin_6-2 at boundary (within ~1sigma): 0.000306811+/-7.18416
INFO: (function: anyParameterAtBoundaries) utils.cc: 1039 -- Found parameter Background_SR_loose_HIGH_bin_6-4 at boundary (within ~1sigma): 4.64094+/-9.81773
INFO: (function: anyParameterAtBoundaries) utils.cc: 1039 -- Found parameter Background_SR_loose_HIGH_bin_6-8 at boundary (within ~1sigma): 0.0205836+/-6.86027
INFO: (function: anyParameterAtBoundaries) utils.cc: 1039 -- Found parameter Background_SR_loose_HIGH_bin_6-9 at boundary (within ~1sigma): 1.72557+/-4.96307
INFO: (function: minimize) CascadeMinimizer.cc: 480 -- After fit, some parameters are found at the boundary (within ~1sigma)
INFO: (function: improveOnce) CascadeMinimizer.cc: 188 -- Minimisation configured with Type=Minuit2, Algo=Migrad, strategy=1, tolerance=0.1
INFO: (function: improveOnce) CascadeMinimizer.cc: 211 -- Minimisation finished with status=-1
DEBUG: (function: improveOnce) CascadeMinimizer.cc: 217 -- Minimization ended with latest status != 0 or 1
INFO: (function: anyParameterAtBoundaries) utils.cc: 1039 -- Found parameter Background_SR_loose_LOW_bin_1-1 at boundary (within ~1sigma): 58.5933+/-1.19026e+08
INFO: (function: anyParameterAtBoundaries) utils.cc: 1039 -- Found parameter Background_SR_loose_LOW_bin_1-10 at boundary (within ~1sigma): 2.12276+/-1.19874e+08
INFO: (function: anyParameterAtBoundaries) utils.cc: 1039 -- Found parameter Background_SR_loose_LOW_bin_1-11 at boundary (within ~1sigma): 0.69239+/-9.34418e+07
INFO: (function: anyParameterAtBoundaries) utils.cc: 1039 -- Found parameter Background_SR_loose_LOW_bin_1-12 at boundary (within ~1sigma): 0.210366+/-1.19447e+08
INFO: (function: anyParameterAtBoundaries) utils.cc: 1039 -- Found parameter Background_SR_loose_LOW_bin_1-13 at boundary (within ~1sigma): 1.45024+/-41554.5
INFO: (function: anyParameterAtBoundaries) utils.cc: 1039 -- Found parameter Background_SR_loose_LOW_bin_1-2 at boundary (within ~1sigma): 75.7655+/-1.18614e+08
INFO: (function: anyParameterAtBoundaries) utils.cc: 1039 -- Found parameter Background_SR_loose_LOW_bin_1-3 at boundary (within ~1sigma): 79.5141+/-1.11668e+08
INFO: (function: anyParameterAtBoundaries) utils.cc: 1039 -- Found parameter Background_SR_loose_LOW_bin_1-4 at boundary (within ~1sigma): 37.7872+/-9.19182e+07
INFO: (function: anyParameterAtBoundaries) utils.cc: 1039 -- Found parameter Background_SR_loose_LOW_bin_1-5 at boundary (within ~1sigma): 15.4014+/-1.19221e+08
INFO: (function: anyParameterAtBoundaries) utils.cc: 1039 -- Found parameter Background_SR_loose_LOW_bin_1-6 at boundary (within ~1sigma): 19.5483+/-2.69311e+07
INFO: (function: anyParameterAtBoundaries) utils.cc: 1039 -- Found parameter Background_SR_loose_LOW_bin_1-7 at boundary (within ~1sigma): 7.37972+/-1.17689e+08
INFO: (function: anyParameterAtBoundaries) utils.cc: 1039 -- Found parameter Background_SR_loose_LOW_bin_1-8 at boundary (within ~1sigma): 4.94838+/-1.17943e+08
INFO: (function: anyParameterAtBoundaries) utils.cc: 1039 -- Found parameter Background_SR_loose_LOW_bin_1-9 at boundary (within ~1sigma): 5.41524+/-1.17135e+08
INFO: (function: anyParameterAtBoundaries) utils.cc: 1039 -- Found parameter Background_SR_loose_LOW_bin_2-1 at boundary (within ~1sigma): 0.482029+/-1.18156e+08
INFO: (function: anyParameterAtBoundaries) utils.cc: 1039 -- Found parameter Background_SR_loose_LOW_bin_2-10 at boundary (within ~1sigma): 13.1221+/-2.18594e+07
INFO: (function: anyParameterAtBoundaries) utils.cc: 1039 -- Found parameter Background_SR_loose_LOW_bin_2-11 at boundary (within ~1sigma): 1e-06+/-6.14925e+08
INFO: (function: anyParameterAtBoundaries) utils.cc: 1039 -- Found parameter Background_SR_loose_LOW_bin_2-12 at boundary (within ~1sigma): 0.939703+/-1.17534e+08
INFO: (function: anyParameterAtBoundaries) utils.cc: 1039 -- Found parameter Background_SR_loose_LOW_bin_2-13 at boundary (within ~1sigma): 2.07577+/-1.19306e+08
INFO: (function: anyParameterAtBoundaries) utils.cc: 1039 -- Found parameter Background_SR_loose_LOW_bin_2-2 at boundary (within ~1sigma): 57.7116+/-4.93943e+07
INFO: (function: anyParameterAtBoundaries) utils.cc: 1039 -- Found parameter Background_SR_loose_LOW_bin_2-3 at boundary (within ~1sigma): 47.0861+/-1.19816e+08
INFO: (function: anyParameterAtBoundaries) utils.cc: 1039 -- Found parameter Background_SR_loose_LOW_bin_2-4 at boundary (within ~1sigma): 65.3237+/-1.17553e+08
INFO: (function: anyParameterAtBoundaries) utils.cc: 1039 -- Found parameter Background_SR_loose_LOW_bin_2-5 at boundary (within ~1sigma): 20.2244+/-6.72952e+07
INFO: (function: anyParameterAtBoundaries) utils.cc: 1039 -- Found parameter Background_SR_loose_LOW_bin_2-6 at boundary (within ~1sigma): 25.2606+/-1.19129e+08
INFO: (function: anyParameterAtBoundaries) utils.cc: 1039 -- Found parameter Background_SR_loose_LOW_bin_2-7 at boundary (within ~1sigma): 0.00222772+/-1.19832e+08
INFO: (function: anyParameterAtBoundaries) utils.cc: 1039 -- Found parameter Background_SR_loose_LOW_bin_2-8 at boundary (within ~1sigma): 8.57739+/-1.06211e+08
INFO: (function: anyParameterAtBoundaries) utils.cc: 1039 -- Found parameter Background_SR_loose_LOW_bin_2-9 at boundary (within ~1sigma): 3.15775+/-1.19849e+08
INFO: (function: anyParameterAtBoundaries) utils.cc: 1039 -- Found parameter Background_SR_loose_LOW_bin_3-1 at boundary (within ~1sigma): 66.3131+/-1.17565e+08
INFO: (function: anyParameterAtBoundaries) utils.cc: 1039 -- Found parameter Background_SR_loose_LOW_bin_3-10 at boundary (within ~1sigma): 9.71777+/-1.08934e+08
INFO: (function: anyParameterAtBoundaries) utils.cc: 1039 -- Found parameter Background_SR_loose_LOW_bin_3-11 at boundary (within ~1sigma): 2.59552+/-1.19644e+08
INFO: (function: anyParameterAtBoundaries) utils.cc: 1039 -- Found parameter Background_SR_loose_LOW_bin_3-12 at boundary (within ~1sigma): 0.361469+/-1.15729e+08
INFO: (function: anyParameterAtBoundaries) utils.cc: 1039 -- Found parameter Background_SR_loose_LOW_bin_3-13 at boundary (within ~1sigma): 1.52072+/-1.19356e+08
INFO: (function: anyParameterAtBoundaries) utils.cc: 1039 -- Found parameter Background_SR_loose_LOW_bin_3-2 at boundary (within ~1sigma): 76.776+/-1.19428e+08
INFO: (function: anyParameterAtBoundaries) utils.cc: 1039 -- Found parameter Background_SR_loose_LOW_bin_3-3 at boundary (within ~1sigma): 46.8261+/-8.12725e+06
INFO: (function: anyParameterAtBoundaries) utils.cc: 1039 -- Found parameter Background_SR_loose_LOW_bin_3-4 at boundary (within ~1sigma): 45.922+/-1.1949e+08
INFO: (function: anyParameterAtBoundaries) utils.cc: 1039 -- Found parameter Background_SR_loose_LOW_bin_3-5 at boundary (within ~1sigma): 58.6046+/-1.19799e+08
INFO: (function: anyParameterAtBoundaries) utils.cc: 1039 -- Found parameter Background_SR_loose_LOW_bin_3-6 at boundary (within ~1sigma): 0.000425161+/-1.19809e+08
INFO: (function: anyParameterAtBoundaries) utils.cc: 1039 -- Found parameter Background_SR_loose_LOW_bin_3-7 at boundary (within ~1sigma): 4.85474+/-1.19812e+08
INFO: (function: anyParameterAtBoundaries) utils.cc: 1039 -- Found parameter Background_SR_loose_LOW_bin_3-8 at boundary (within ~1sigma): 0.0723457+/-1.17472e+08
INFO: (function: anyParameterAtBoundaries) utils.cc: 1039 -- Found parameter Background_SR_loose_LOW_bin_3-9 at boundary (within ~1sigma): 3.79719+/-8.46481e+07
INFO: (function: anyParameterAtBoundaries) utils.cc: 1039 -- Found parameter Background_SR_loose_SIG_bin_1-1 at boundary (within ~1sigma): 0.00217271+/-1.18772e+08
INFO: (function: anyParameterAtBoundaries) utils.cc: 1039 -- Found parameter Background_SR_loose_SIG_bin_1-10 at boundary (within ~1sigma): 0.987203+/-1.16546e+08
INFO: (function: anyParameterAtBoundaries) utils.cc: 1039 -- Found parameter Background_SR_loose_SIG_bin_1-11 at boundary (within ~1sigma): 2.224+/-1.19648e+08
INFO: (function: anyParameterAtBoundaries) utils.cc: 1039 -- Found parameter Background_SR_loose_SIG_bin_1-12 at boundary (within ~1sigma): 3.07851+/-8.39297e+07
INFO: (function: anyParameterAtBoundaries) utils.cc: 1039 -- Found parameter Background_SR_loose_SIG_bin_1-13 at boundary (within ~1sigma): 0.0532996+/-1.14691e+08
INFO: (function: anyParameterAtBoundaries) utils.cc: 1039 -- Found parameter Background_SR_loose_SIG_bin_1-2 at boundary (within ~1sigma): 66.0414+/-1.02995e+08
INFO: (function: anyParameterAtBoundaries) utils.cc: 1039 -- Found parameter Background_SR_loose_SIG_bin_1-3 at boundary (within ~1sigma): 31.1567+/-1.17911e+08
INFO: (function: anyParameterAtBoundaries) utils.cc: 1039 -- Found parameter Background_SR_loose_SIG_bin_1-4 at boundary (within ~1sigma): 0.432501+/-1.11266e+08
INFO: (function: anyParameterAtBoundaries) utils.cc: 1039 -- Found parameter Background_SR_loose_SIG_bin_1-5 at boundary (within ~1sigma): 13.4232+/-1.15671e+08
INFO: (function: anyParameterAtBoundaries) utils.cc: 1039 -- Found parameter Background_SR_loose_SIG_bin_1-6 at boundary (within ~1sigma): 15.6895+/-1.19266e+08
INFO: (function: anyParameterAtBoundaries) utils.cc: 1039 -- Found parameter Background_SR_loose_SIG_bin_1-7 at boundary (within ~1sigma): 15.9782+/-1.18531e+08
INFO: (function: anyParameterAtBoundaries) utils.cc: 1039 -- Found parameter Background_SR_loose_SIG_bin_1-8 at boundary (within ~1sigma): 11.592+/-9.78208e+07
INFO: (function: anyParameterAtBoundaries) utils.cc: 1039 -- Found parameter Background_SR_loose_SIG_bin_1-9 at boundary (within ~1sigma): 18.428+/-261055
INFO: (function: anyParameterAtBoundaries) utils.cc: 1039 -- Found parameter Background_SR_loose_SIG_bin_2-1 at boundary (within ~1sigma): 0.0025453+/-1.19185e+08
INFO: (function: anyParameterAtBoundaries) utils.cc: 1039 -- Found parameter Background_SR_loose_SIG_bin_2-10 at boundary (within ~1sigma): 1.20668+/-1.19727e+08
INFO: (function: anyParameterAtBoundaries) utils.cc: 1039 -- Found parameter Background_SR_loose_SIG_bin_2-11 at boundary (within ~1sigma): 19.3555+/-6.97478e+07
INFO: (function: anyParameterAtBoundaries) utils.cc: 1039 -- Found parameter Background_SR_loose_SIG_bin_2-12 at boundary (within ~1sigma): 5.77879e-05+/-1.19877e+08
INFO: (function: anyParameterAtBoundaries) utils.cc: 1039 -- Found parameter Background_SR_loose_SIG_bin_2-13 at boundary (within ~1sigma): 1.15858+/-1.1705e+08
INFO: (function: anyParameterAtBoundaries) utils.cc: 1039 -- Found parameter Background_SR_loose_SIG_bin_2-2 at boundary (within ~1sigma): 0.946365+/-8.21675e+07
INFO: (function: anyParameterAtBoundaries) utils.cc: 1039 -- Found parameter Background_SR_loose_SIG_bin_2-3 at boundary (within ~1sigma): 15.2581+/-8.73784e+07
INFO: (function: anyParameterAtBoundaries) utils.cc: 1039 -- Found parameter Background_SR_loose_SIG_bin_2-4 at boundary (within ~1sigma): 31.8004+/-9.82801e+07
INFO: (function: anyParameterAtBoundaries) utils.cc: 1039 -- Found parameter Background_SR_loose_SIG_bin_2-5 at boundary (within ~1sigma): 38.3481+/-1.15642e+08
INFO: (function: anyParameterAtBoundaries) utils.cc: 1039 -- Found parameter Background_SR_loose_SIG_bin_2-6 at boundary (within ~1sigma): 10.3374+/-1.08906e+08
INFO: (function: anyParameterAtBoundaries) utils.cc: 1039 -- Found parameter Background_SR_loose_SIG_bin_2-7 at boundary (within ~1sigma): 0.00104056+/-1.19837e+08
INFO: (function: anyParameterAtBoundaries) utils.cc: 1039 -- Found parameter Background_SR_loose_SIG_bin_2-8 at boundary (within ~1sigma): 0.00240091+/-1.18286e+08
INFO: (function: anyParameterAtBoundaries) utils.cc: 1039 -- Found parameter Background_SR_loose_SIG_bin_2-9 at boundary (within ~1sigma): 1.40943+/-3.67918e+07
INFO: (function: anyParameterAtBoundaries) utils.cc: 1039 -- Found parameter Background_SR_loose_SIG_bin_3-1 at boundary (within ~1sigma): 0.000197898+/-1.11798e+08
INFO: (function: anyParameterAtBoundaries) utils.cc: 1039 -- Found parameter Background_SR_loose_SIG_bin_3-10 at boundary (within ~1sigma): 33.4638+/-1.17534e+06
INFO: (function: anyParameterAtBoundaries) utils.cc: 1039 -- Found parameter Background_SR_loose_SIG_bin_3-11 at boundary (within ~1sigma): 0.00205591+/-1.19834e+08
INFO: (function: anyParameterAtBoundaries) utils.cc: 1039 -- Found parameter Background_SR_loose_SIG_bin_3-12 at boundary (within ~1sigma): 6.14162+/-8.66921e+07
INFO: (function: anyParameterAtBoundaries) utils.cc: 1039 -- Found parameter Background_SR_loose_SIG_bin_3-13 at boundary (within ~1sigma): 1.84495+/-1.02393e+08
INFO: (function: anyParameterAtBoundaries) utils.cc: 1039 -- Found parameter Background_SR_loose_SIG_bin_3-2 at boundary (within ~1sigma): 11.2563+/-1.14827e+08
INFO: (function: anyParameterAtBoundaries) utils.cc: 1039 -- Found parameter Background_SR_loose_SIG_bin_3-3 at boundary (within ~1sigma): 17.3086+/-1.18971e+08
INFO: (function: anyParameterAtBoundaries) utils.cc: 1039 -- Found parameter Background_SR_loose_SIG_bin_3-4 at boundary (within ~1sigma): 59.4834+/-1.19636e+08
INFO: (function: anyParameterAtBoundaries) utils.cc: 1039 -- Found parameter Background_SR_loose_SIG_bin_3-5 at boundary (within ~1sigma): 36.7263+/-1.19707e+08
INFO: (function: anyParameterAtBoundaries) utils.cc: 1039 -- Found parameter Background_SR_loose_SIG_bin_3-6 at boundary (within ~1sigma): 4.30247+/-1.19186e+08
INFO: (function: anyParameterAtBoundaries) utils.cc: 1039 -- Found parameter Background_SR_loose_SIG_bin_3-7 at boundary (within ~1sigma): 7.89484+/-1.14178e+08
INFO: (function: anyParameterAtBoundaries) utils.cc: 1039 -- Found parameter Background_SR_loose_SIG_bin_3-8 at boundary (within ~1sigma): 0.00683276+/-1.19486e+08
INFO: (function: anyParameterAtBoundaries) utils.cc: 1039 -- Found parameter Background_SR_loose_SIG_bin_3-9 at boundary (within ~1sigma): 31.8642+/-5.04961e+06
INFO: (function: anyParameterAtBoundaries) utils.cc: 1039 -- Found parameter Background_SR_loose_HIGH_bin_1-10 at boundary (within ~1sigma): 5.54641+/-1.19661e+08
INFO: (function: anyParameterAtBoundaries) utils.cc: 1039 -- Found parameter Background_SR_loose_HIGH_bin_1-11 at boundary (within ~1sigma): 0.00440104+/-1.18841e+08
INFO: (function: anyParameterAtBoundaries) utils.cc: 1039 -- Found parameter Background_SR_loose_HIGH_bin_1-12 at boundary (within ~1sigma): 2.09341+/-1.15683e+08
INFO: (function: anyParameterAtBoundaries) utils.cc: 1039 -- Found parameter Background_SR_loose_HIGH_bin_1-13 at boundary (within ~1sigma): 0.389946+/-1.13712e+08
INFO: (function: anyParameterAtBoundaries) utils.cc: 1039 -- Found parameter Background_SR_loose_HIGH_bin_1-2 at boundary (within ~1sigma): 0.02497+/-1.1792e+08
INFO: (function: anyParameterAtBoundaries) utils.cc: 1039 -- Found parameter Background_SR_loose_HIGH_bin_1-3 at boundary (within ~1sigma): 60.3769+/-1.19861e+08
INFO: (function: anyParameterAtBoundaries) utils.cc: 1039 -- Found parameter Background_SR_loose_HIGH_bin_1-4 at boundary (within ~1sigma): 76.0209+/-1.1862e+08
INFO: (function: anyParameterAtBoundaries) utils.cc: 1039 -- Found parameter Background_SR_loose_HIGH_bin_1-5 at boundary (within ~1sigma): 11.0508+/-1.1615e+08
INFO: (function: anyParameterAtBoundaries) utils.cc: 1039 -- Found parameter Background_SR_loose_HIGH_bin_1-6 at boundary (within ~1sigma): 45.7213+/-1.17324e+08
INFO: (function: anyParameterAtBoundaries) utils.cc: 1039 -- Found parameter Background_SR_loose_HIGH_bin_1-7 at boundary (within ~1sigma): 6.39798+/-1.93052e+07
INFO: (function: anyParameterAtBoundaries) utils.cc: 1039 -- Found parameter Background_SR_loose_HIGH_bin_1-8 at boundary (within ~1sigma): 0.116047+/-5.89731e+07
INFO: (function: anyParameterAtBoundaries) utils.cc: 1039 -- Found parameter Background_SR_loose_HIGH_bin_1-9 at boundary (within ~1sigma): 1.33987+/-1.18966e+08
INFO: (function: anyParameterAtBoundaries) utils.cc: 1039 -- Found parameter Background_SR_loose_HIGH_bin_2-10 at boundary (within ~1sigma): 2.87683+/-1.1844e+08
INFO: (function: anyParameterAtBoundaries) utils.cc: 1039 -- Found parameter Background_SR_loose_HIGH_bin_2-11 at boundary (within ~1sigma): 5.97389+/-1.19694e+08
INFO: (function: anyParameterAtBoundaries) utils.cc: 1039 -- Found parameter Background_SR_loose_HIGH_bin_2-12 at boundary (within ~1sigma): 4.95171+/-9.04516e+07
INFO: (function: anyParameterAtBoundaries) utils.cc: 1039 -- Found parameter Background_SR_loose_HIGH_bin_2-13 at boundary (within ~1sigma): 0.00527523+/-1.19681e+08
INFO: (function: anyParameterAtBoundaries) utils.cc: 1039 -- Found parameter Background_SR_loose_HIGH_bin_2-2 at boundary (within ~1sigma): 81.6094+/-1.19462e+08
INFO: (function: anyParameterAtBoundaries) utils.cc: 1039 -- Found parameter Background_SR_loose_HIGH_bin_2-3 at boundary (within ~1sigma): 92.9214+/-1.17492e+08
INFO: (function: anyParameterAtBoundaries) utils.cc: 1039 -- Found parameter Background_SR_loose_HIGH_bin_2-4 at boundary (within ~1sigma): 39.4018+/-1.19868e+08
INFO: (function: anyParameterAtBoundaries) utils.cc: 1039 -- Found parameter Background_SR_loose_HIGH_bin_2-5 at boundary (within ~1sigma): 26.9759+/-1.15333e+08
INFO: (function: anyParameterAtBoundaries) utils.cc: 1039 -- Found parameter Background_SR_loose_HIGH_bin_2-6 at boundary (within ~1sigma): 0.00310885+/-1.1978e+08
INFO: (function: anyParameterAtBoundaries) utils.cc: 1039 -- Found parameter Background_SR_loose_HIGH_bin_2-7 at boundary (within ~1sigma): 5.86003+/-1.18847e+08
INFO: (function: anyParameterAtBoundaries) utils.cc: 1039 -- Found parameter Background_SR_loose_HIGH_bin_2-8 at boundary (within ~1sigma): 22.034+/-1.11217e+08
INFO: (function: anyParameterAtBoundaries) utils.cc: 1039 -- Found parameter Background_SR_loose_HIGH_bin_2-9 at boundary (within ~1sigma): 1.93436+/-1.19508e+08
INFO: (function: anyParameterAtBoundaries) utils.cc: 1039 -- Found parameter Background_SR_loose_HIGH_bin_3-1 at boundary (within ~1sigma): 0.00402878+/-1.1892e+08
INFO: (function: anyParameterAtBoundaries) utils.cc: 1039 -- Found parameter Background_SR_loose_HIGH_bin_3-10 at boundary (within ~1sigma): 0.899625+/-1.19615e+08
INFO: (function: anyParameterAtBoundaries) utils.cc: 1039 -- Found parameter Background_SR_loose_HIGH_bin_3-11 at boundary (within ~1sigma): 4.89617+/-1.18896e+08
INFO: (function: anyParameterAtBoundaries) utils.cc: 1039 -- Found parameter Background_SR_loose_HIGH_bin_3-12 at boundary (within ~1sigma): 0.00954886+/-1.19033e+08
INFO: (function: anyParameterAtBoundaries) utils.cc: 1039 -- Found parameter Background_SR_loose_HIGH_bin_3-13 at boundary (within ~1sigma): 0.00619022+/-1.1965e+08
INFO: (function: anyParameterAtBoundaries) utils.cc: 1039 -- Found parameter Background_SR_loose_HIGH_bin_3-2 at boundary (within ~1sigma): 0.0826249+/-1.13221e+08
INFO: (function: anyParameterAtBoundaries) utils.cc: 1039 -- Found parameter Background_SR_loose_HIGH_bin_3-3 at boundary (within ~1sigma): 0.283427+/-1.09593e+08
INFO: (function: anyParameterAtBoundaries) utils.cc: 1039 -- Found parameter Background_SR_loose_HIGH_bin_3-4 at boundary (within ~1sigma): 0.365276+/-1.03665e+08
INFO: (function: anyParameterAtBoundaries) utils.cc: 1039 -- Found parameter Background_SR_loose_HIGH_bin_3-5 at boundary (within ~1sigma): 2.19115+/-9.78473e+07
INFO: (function: anyParameterAtBoundaries) utils.cc: 1039 -- Found parameter Background_SR_loose_HIGH_bin_3-6 at boundary (within ~1sigma): 14.7002+/-1.06466e+08
INFO: (function: anyParameterAtBoundaries) utils.cc: 1039 -- Found parameter Background_SR_loose_HIGH_bin_3-7 at boundary (within ~1sigma): 0.00575473+/-1.19536e+08
INFO: (function: anyParameterAtBoundaries) utils.cc: 1039 -- Found parameter Background_SR_loose_HIGH_bin_3-8 at boundary (within ~1sigma): 9.9136+/-1.1985e+08
INFO: (function: anyParameterAtBoundaries) utils.cc: 1039 -- Found parameter Background_SR_loose_HIGH_bin_3-9 at boundary (within ~1sigma): 25.4033+/-1.14171e+08
INFO: (function: anyParameterAtBoundaries) utils.cc: 1039 -- Found parameter Background_SR_loose_HIGH_bin_4-1 at boundary (within ~1sigma): 0.0154993+/-1.19483e+08
INFO: (function: anyParameterAtBoundaries) utils.cc: 1039 -- Found parameter Background_SR_loose_HIGH_bin_4-10 at boundary (within ~1sigma): 3.99688e-05+/-1.19835e+08
INFO: (function: anyParameterAtBoundaries) utils.cc: 1039 -- Found parameter Background_SR_loose_HIGH_bin_4-11 at boundary (within ~1sigma): 4.58694+/-1.16884e+08
INFO: (function: anyParameterAtBoundaries) utils.cc: 1039 -- Found parameter Background_SR_loose_HIGH_bin_4-12 at boundary (within ~1sigma): 7.4+/-1.12962e+08
INFO: (function: anyParameterAtBoundaries) utils.cc: 1039 -- Found parameter Background_SR_loose_HIGH_bin_4-13 at boundary (within ~1sigma): 4.38246+/-1.19822e+08
INFO: (function: anyParameterAtBoundaries) utils.cc: 1039 -- Found parameter Background_SR_loose_HIGH_bin_4-2 at boundary (within ~1sigma): 0.0447873+/-1.18272e+08
INFO: (function: anyParameterAtBoundaries) utils.cc: 1039 -- Found parameter Background_SR_loose_HIGH_bin_4-3 at boundary (within ~1sigma): 10.331+/-6.61478e+07
INFO: (function: anyParameterAtBoundaries) utils.cc: 1039 -- Found parameter Background_SR_loose_HIGH_bin_4-4 at boundary (within ~1sigma): 50.1563+/-1.15467e+08
INFO: (function: anyParameterAtBoundaries) utils.cc: 1039 -- Found parameter Background_SR_loose_HIGH_bin_4-5 at boundary (within ~1sigma): 11.0697+/-1.19385e+08
INFO: (function: anyParameterAtBoundaries) utils.cc: 1039 -- Found parameter Background_SR_loose_HIGH_bin_4-6 at boundary (within ~1sigma): 49.9117+/-1.19857e+08
INFO: (function: anyParameterAtBoundaries) utils.cc: 1039 -- Found parameter Background_SR_loose_HIGH_bin_4-7 at boundary (within ~1sigma): 22.5362+/-1.19873e+08
INFO: (function: anyParameterAtBoundaries) utils.cc: 1039 -- Found parameter Background_SR_loose_HIGH_bin_4-8 at boundary (within ~1sigma): 13.0952+/-8.84544e+07
INFO: (function: anyParameterAtBoundaries) utils.cc: 1039 -- Found parameter Background_SR_loose_HIGH_bin_4-9 at boundary (within ~1sigma): 4.06054+/-1.19476e+08
INFO: (function: anyParameterAtBoundaries) utils.cc: 1039 -- Found parameter Background_SR_loose_HIGH_bin_5-1 at boundary (within ~1sigma): 0.00127953+/-1.19803e+08
INFO: (function: anyParameterAtBoundaries) utils.cc: 1039 -- Found parameter Background_SR_loose_HIGH_bin_5-10 at boundary (within ~1sigma): 9.4622+/-1.19403e+08
INFO: (function: anyParameterAtBoundaries) utils.cc: 1039 -- Found parameter Background_SR_loose_HIGH_bin_5-11 at boundary (within ~1sigma): 12.214+/-1.02191e+08
INFO: (function: anyParameterAtBoundaries) utils.cc: 1039 -- Found parameter Background_SR_loose_HIGH_bin_5-12 at boundary (within ~1sigma): 7.92353+/-1.15865e+08
INFO: (function: anyParameterAtBoundaries) utils.cc: 1039 -- Found parameter Background_SR_loose_HIGH_bin_5-13 at boundary (within ~1sigma): 0.924133+/-1.16654e+08
INFO: (function: anyParameterAtBoundaries) utils.cc: 1039 -- Found parameter Background_SR_loose_HIGH_bin_5-2 at boundary (within ~1sigma): 21.1152+/-1.1975e+08
INFO: (function: anyParameterAtBoundaries) utils.cc: 1039 -- Found parameter Background_SR_loose_HIGH_bin_5-3 at boundary (within ~1sigma): 61.1405+/-1.18715e+08
INFO: (function: anyParameterAtBoundaries) utils.cc: 1039 -- Found parameter Background_SR_loose_HIGH_bin_5-4 at boundary (within ~1sigma): 8.02677+/-6.94835e+07
INFO: (function: anyParameterAtBoundaries) utils.cc: 1039 -- Found parameter Background_SR_loose_HIGH_bin_5-5 at boundary (within ~1sigma): 6.8756+/-1.19173e+08
INFO: (function: anyParameterAtBoundaries) utils.cc: 1039 -- Found parameter Background_SR_loose_HIGH_bin_5-6 at boundary (within ~1sigma): 25.8716+/-1.10183e+08
INFO: (function: anyParameterAtBoundaries) utils.cc: 1039 -- Found parameter Background_SR_loose_HIGH_bin_5-7 at boundary (within ~1sigma): 27.5339+/-1.19811e+08
INFO: (function: anyParameterAtBoundaries) utils.cc: 1039 -- Found parameter Background_SR_loose_HIGH_bin_5-8 at boundary (within ~1sigma): 2.4883+/-1.19064e+08
INFO: (function: anyParameterAtBoundaries) utils.cc: 1039 -- Found parameter Background_SR_loose_HIGH_bin_5-9 at boundary (within ~1sigma): 10.3642+/-1.16802e+08
INFO: (function: anyParameterAtBoundaries) utils.cc: 1039 -- Found parameter Background_SR_loose_HIGH_bin_6-1 at boundary (within ~1sigma): 0.00748002+/-1.19162e+08
INFO: (function: anyParameterAtBoundaries) utils.cc: 1039 -- Found parameter Background_SR_loose_HIGH_bin_6-10 at boundary (within ~1sigma): 4.92853+/-1.19161e+08
INFO: (function: anyParameterAtBoundaries) utils.cc: 1039 -- Found parameter Background_SR_loose_HIGH_bin_6-11 at boundary (within ~1sigma): 2.48698e-05+/-1.19621e+08
INFO: (function: anyParameterAtBoundaries) utils.cc: 1039 -- Found parameter Background_SR_loose_HIGH_bin_6-12 at boundary (within ~1sigma): 8.62309+/-1.16456e+08
INFO: (function: anyParameterAtBoundaries) utils.cc: 1039 -- Found parameter Background_SR_loose_HIGH_bin_6-13 at boundary (within ~1sigma): 10.064+/-5.23905e+07
INFO: (function: anyParameterAtBoundaries) utils.cc: 1039 -- Found parameter Background_SR_loose_HIGH_bin_6-2 at boundary (within ~1sigma): 0.00804629+/-1.19543e+08
INFO: (function: anyParameterAtBoundaries) utils.cc: 1039 -- Found parameter Background_SR_loose_HIGH_bin_6-3 at boundary (within ~1sigma): 41.5899+/-1.18556e+08
INFO: (function: anyParameterAtBoundaries) utils.cc: 1039 -- Found parameter Background_SR_loose_HIGH_bin_6-4 at boundary (within ~1sigma): 10.3484+/-1.1958e+08
INFO: (function: anyParameterAtBoundaries) utils.cc: 1039 -- Found parameter Background_SR_loose_HIGH_bin_6-5 at boundary (within ~1sigma): 41.608+/-1.19278e+08
INFO: (function: anyParameterAtBoundaries) utils.cc: 1039 -- Found parameter Background_SR_loose_HIGH_bin_6-6 at boundary (within ~1sigma): 40.0732+/-1.18895e+08
INFO: (function: anyParameterAtBoundaries) utils.cc: 1039 -- Found parameter Background_SR_loose_HIGH_bin_6-7 at boundary (within ~1sigma): 16.0883+/-1.02512e+08
INFO: (function: anyParameterAtBoundaries) utils.cc: 1039 -- Found parameter Background_SR_loose_HIGH_bin_6-8 at boundary (within ~1sigma): 12.9931+/-7.67825e+07
INFO: (function: anyParameterAtBoundaries) utils.cc: 1039 -- Found parameter Background_SR_loose_HIGH_bin_6-9 at boundary (within ~1sigma): 0.00971634+/-1.19147e+08
INFO: (function: minimize) CascadeMinimizer.cc: 480 -- After fit, some parameters are found at the boundary (within ~1sigma)
