
>>> random number generator seed is 123456
   Options for Robust Minimizer :: 
        Tolerance  0.1
        Strategy   0
        Type,Algo  Minuit2,Migrad
>>> method used is FitDiagnostics
Set Default Value of Parameter r To : 1
>>> 0 out of 6 channels masked

>>> Channel masks:
  1) 0x5165b70 RooRealVar::  mask_CR_loose_LOW = 0 C  L(-INF - +INF)  "mask_CR_loose_LOW"
  2) 0x5166650 RooRealVar::  mask_CR_loose_SIG = 0 C  L(-INF - +INF)  "mask_CR_loose_SIG"
  3) 0x5167260 RooRealVar:: mask_CR_loose_HIGH = 0 C  L(-INF - +INF)  "mask_CR_loose_HIGH"
  4) 0x5167e70 RooRealVar::   mask_CR_pass_LOW = 0 C  L(-INF - +INF)  "mask_CR_pass_LOW"
  5) 0x5168a80 RooRealVar::   mask_CR_pass_SIG = 0 C  L(-INF - +INF)  "mask_CR_pass_SIG"
  6) 0x5169690 RooRealVar::  mask_CR_pass_HIGH = 0 C  L(-INF - +INF)  "mask_CR_pass_HIGH"
SimNLL created with 0 channels, 0 generic constraints, 14 fast gaussian constraints, 0 fast poisson constraints, 0 fast group constraints, 
Minuit2Minimizer: Minimize with max-calls 7000 convergence for edm < 0.1 strategy 1
Minuit2Minimizer::Minuit  - Changing default options
             StorageLevel :               0
MnSeedGenerator: for initial parameters FCN = 0
MnSeedGenerator: Initial state:   - FCN =                0 Edm =            0 NCalls =     57
VariableMetric: start iterating until Edm is < 0.0001
VariableMetric: Initial state   - FCN =                0 Edm =            0 NCalls =     57
VariableMetric: Iteration #   0 - FCN =                0 Edm =            0 NCalls =     57
VariableMetric: After Hessian   - FCN =                0 Edm =            0 NCalls =    205
VariableMetric: Iteration #   1 - FCN =                0 Edm =            0 NCalls =    205
Minuit2Minimizer : Valid minimum - status = 0
FVAL  = 0
Edm   = 0
Nfcn  = 205
PNetTop	  = 0	 +/-  1
PNetXbb	  = 0	 +/-  1
Pileup	  = 0	 +/-  1
Prefire	  = 0	 +/-  1
TptReweight	  = 0	 +/-  1
jer	  = 0	 +/-  1
jes	  = 0	 +/-  1
jmr	  = 0	 +/-  1
jms	  = 0	 +/-  1
lumi	  = 0	 +/-  1
pdf	  = 0	 +/-  1
ttbar_xsec	  = 0	 +/-  1
w_xsec	  = 0	 +/-  1
z_xsec	  = 0	 +/-  1
SimNLL created with 6 channels, 0 generic constraints, 14 fast gaussian constraints, 0 fast poisson constraints, 0 fast group constraints, 

  RooFitResult: minimized FCN value: -3.21834e-10, estimated distance to minimum: 1.32771e-08
                covariance matrix quality: Full matrix, but forced positive-definite
                Status : MINIMIZE=0 HESSE=0 

    Constant Parameter    Value     
  --------------------  ------------
            PNetTop_In    0.0000e+00
            PNetXbb_In    0.0000e+00
             Pileup_In    0.0000e+00
            Prefire_In    0.0000e+00
        TptReweight_In    0.0000e+00
                jer_In    0.0000e+00
                jes_In    0.0000e+00
                jmr_In    0.0000e+00
                jms_In    0.0000e+00
               lumi_In    0.0000e+00
  n_exp_binCR_loose_HIGH_proc_Background    1.0000e+00
  n_exp_binCR_loose_LOW_proc_Background    1.0000e+00
  n_exp_binCR_loose_SIG_proc_Background    1.0000e+00
  n_exp_binCR_pass_HIGH_proc_Background_1x0    1.0000e+00
  n_exp_binCR_pass_LOW_proc_Background_1x0    1.0000e+00
  n_exp_binCR_pass_SIG_proc_Background_1x0    1.0000e+00
                pdf_In    0.0000e+00
                     r    0.0000e+00
         ttbar_xsec_In    0.0000e+00
             w_xsec_In    0.0000e+00
             z_xsec_In    0.0000e+00

    Floating Parameter  InitialValue    FinalValue +/-  Error     GblCorr.
  --------------------  ------------  --------------------------  --------
  Background_CR_loose_HIGH_bin_1-1    1.0032e+03    1.0032e+03 +/-  8.30e+01  <none>
  Background_CR_loose_HIGH_bin_1-10    6.6700e+01    6.6700e+01 +/-  8.21e+00  <none>
  Background_CR_loose_HIGH_bin_1-11    4.5472e+01    4.5472e+01 +/-  6.75e+00  <none>
  Background_CR_loose_HIGH_bin_1-12    3.9917e+01    3.9917e+01 +/-  6.26e+00  <none>
  Background_CR_loose_HIGH_bin_1-13    9.6743e+00    9.6743e+00 +/-  3.35e+00  <none>
  Background_CR_loose_HIGH_bin_1-2    1.3974e+03    1.3974e+03 +/-  7.80e+01  <none>
  Background_CR_loose_HIGH_bin_1-3    1.2575e+03    1.2575e+03 +/-  5.84e+01  <none>
  Background_CR_loose_HIGH_bin_1-4    9.5823e+02    9.5823e+02 +/-  4.27e+01  <none>
  Background_CR_loose_HIGH_bin_1-5    6.1451e+02    6.1451e+02 +/-  3.00e+01  <none>
  Background_CR_loose_HIGH_bin_1-6    3.3936e+02    3.3936e+02 +/-  2.10e+01  <none>
  Background_CR_loose_HIGH_bin_1-7    2.5893e+02    2.5893e+02 +/-  1.72e+01  <none>
  Background_CR_loose_HIGH_bin_1-8    1.3427e+02    1.3427e+02 +/-  1.24e+01  <none>
  Background_CR_loose_HIGH_bin_1-9    1.0244e+02    1.0244e+02 +/-  1.03e+01  <none>
  Background_CR_loose_HIGH_bin_2-1    5.5389e+02    5.5389e+02 +/-  9.53e+01  <none>
  Background_CR_loose_HIGH_bin_2-10    4.9320e+01    4.9320e+01 +/-  8.49e+00  <none>
  Background_CR_loose_HIGH_bin_2-11    4.6674e+01    4.6674e+01 +/-  7.67e+00  <none>
  Background_CR_loose_HIGH_bin_2-12    3.0014e+01    3.0014e+01 +/-  6.04e+00  <none>
  Background_CR_loose_HIGH_bin_2-13    1.4705e+01    1.4705e+01 +/-  4.37e+00  <none>
  Background_CR_loose_HIGH_bin_2-2    9.6849e+02    9.6849e+02 +/-  1.01e+02  <none>
  Background_CR_loose_HIGH_bin_2-3    9.8960e+02    9.8960e+02 +/-  7.92e+01  <none>
  Background_CR_loose_HIGH_bin_2-4    7.9089e+02    7.9089e+02 +/-  5.75e+01  <none>
  Background_CR_loose_HIGH_bin_2-5    5.7802e+02    5.7802e+02 +/-  4.05e+01  <none>
  Background_CR_loose_HIGH_bin_2-6    3.7125e+02    3.7125e+02 +/-  2.91e+01  <none>
  Background_CR_loose_HIGH_bin_2-7    2.0596e+02    2.0596e+02 +/-  2.00e+01  <none>
  Background_CR_loose_HIGH_bin_2-8    1.5832e+02    1.5832e+02 +/-  1.57e+01  <none>
  Background_CR_loose_HIGH_bin_2-9    1.1169e+02    1.1169e+02 +/-  1.25e+01  <none>
  Background_CR_loose_HIGH_bin_3-1    2.5866e+02    2.5866e+02 +/-  7.39e+01  <none>
  Background_CR_loose_HIGH_bin_3-10    8.8072e+01    8.8072e+01 +/-  1.03e+01  <none>
  Background_CR_loose_HIGH_bin_3-11    3.5716e+01    3.5716e+01 +/-  7.31e+00  <none>
  Background_CR_loose_HIGH_bin_3-12    3.8174e+01    3.8174e+01 +/-  6.68e+00  <none>
  Background_CR_loose_HIGH_bin_3-13    2.5200e+01    2.5200e+01 +/-  5.33e+00  <none>
  Background_CR_loose_HIGH_bin_3-2    6.1459e+02    6.1459e+02 +/-  8.60e+01  <none>
  Background_CR_loose_HIGH_bin_3-3    7.7075e+02    7.7075e+02 +/-  7.91e+01  <none>
  Background_CR_loose_HIGH_bin_3-4    5.8691e+02    5.8691e+02 +/-  5.81e+01  <none>
  Background_CR_loose_HIGH_bin_3-5    4.7007e+02    4.7007e+02 +/-  4.12e+01  <none>
  Background_CR_loose_HIGH_bin_3-6    3.3497e+02    3.3497e+02 +/-  3.00e+01  <none>
  Background_CR_loose_HIGH_bin_3-7    2.1004e+02    2.1004e+02 +/-  2.15e+01  <none>
  Background_CR_loose_HIGH_bin_3-8    1.1112e+02    1.1112e+02 +/-  1.52e+01  <none>
  Background_CR_loose_HIGH_bin_3-9    8.8163e+01    8.8163e+01 +/-  1.18e+01  <none>
  Background_CR_loose_HIGH_bin_4-1    1.5938e+02    1.5938e+02 +/-  3.21e+01  <none>
  Background_CR_loose_HIGH_bin_4-10    7.0300e+01    7.0300e+01 +/-  8.48e+00  <none>
  Background_CR_loose_HIGH_bin_4-11    3.3703e+01    3.3703e+01 +/-  6.09e+00  <none>
  Background_CR_loose_HIGH_bin_4-12    2.9779e+01    2.9779e+01 +/-  5.52e+00  <none>
  Background_CR_loose_HIGH_bin_4-13    1.1064e+01    1.1064e+01 +/-  3.66e+00  <none>
  Background_CR_loose_HIGH_bin_4-2    4.3596e+02    4.3596e+02 +/-  4.46e+01  <none>
  Background_CR_loose_HIGH_bin_4-3    5.0162e+02    5.0162e+02 +/-  4.07e+01  <none>
  Background_CR_loose_HIGH_bin_4-4    4.4809e+02    4.4809e+02 +/-  3.43e+01  <none>
  Background_CR_loose_HIGH_bin_4-5    4.1281e+02    4.1281e+02 +/-  2.75e+01  <none>
  Background_CR_loose_HIGH_bin_4-6    2.4613e+02    2.4613e+02 +/-  2.08e+01  <none>
  Background_CR_loose_HIGH_bin_4-7    2.0065e+02    2.0065e+02 +/-  1.64e+01  <none>
  Background_CR_loose_HIGH_bin_4-8    1.3635e+02    1.3635e+02 +/-  1.28e+01  <none>
  Background_CR_loose_HIGH_bin_4-9    8.7075e+01    8.7075e+01 +/-  9.92e+00  <none>
  Background_CR_loose_HIGH_bin_5-1    4.4162e+01    4.4162e+01 +/-  1.11e+01  <none>
  Background_CR_loose_HIGH_bin_5-10    5.4554e+01    5.4554e+01 +/-  7.22e+00  <none>
  Background_CR_loose_HIGH_bin_5-11    4.0021e+01    4.0021e+01 +/-  6.13e+00  <none>
  Background_CR_loose_HIGH_bin_5-12    1.8747e+01    1.8747e+01 +/-  4.28e+00  <none>
  Background_CR_loose_HIGH_bin_5-13    8.0030e+00    8.0030e+00 +/-  2.92e+00  <none>
  Background_CR_loose_HIGH_bin_5-2    1.8728e+02    1.8728e+02 +/-  1.90e+01  <none>
  Background_CR_loose_HIGH_bin_5-3    3.0555e+02    3.0555e+02 +/-  2.09e+01  <none>
  Background_CR_loose_HIGH_bin_5-4    3.0468e+02    3.0468e+02 +/-  2.01e+01  <none>
  Background_CR_loose_HIGH_bin_5-5    3.1056e+02    3.1056e+02 +/-  1.83e+01  <none>
  Background_CR_loose_HIGH_bin_5-6    2.3073e+02    2.3073e+02 +/-  1.56e+01  <none>
  Background_CR_loose_HIGH_bin_5-7    1.7785e+02    1.7785e+02 +/-  1.32e+01  <none>
  Background_CR_loose_HIGH_bin_5-8    1.2906e+02    1.2906e+02 +/-  1.12e+01  <none>
  Background_CR_loose_HIGH_bin_5-9    6.9889e+01    6.9889e+01 +/-  8.30e+00  <none>
  Background_CR_loose_HIGH_bin_6-1    2.9643e+01    2.9643e+01 +/-  5.92e+00  <none>
  Background_CR_loose_HIGH_bin_6-10    4.7969e+01    4.7969e+01 +/-  6.58e+00  <none>
  Background_CR_loose_HIGH_bin_6-11    3.5021e+01    3.5021e+01 +/-  5.67e+00  <none>
  Background_CR_loose_HIGH_bin_6-12    3.0036e+01    3.0036e+01 +/-  5.14e+00  <none>
  Background_CR_loose_HIGH_bin_6-13    2.3117e+01    2.3117e+01 +/-  4.50e+00  <none>
  Background_CR_loose_HIGH_bin_6-2    8.3970e+01    8.3970e+01 +/-  1.04e+01  <none>
  Background_CR_loose_HIGH_bin_6-3    1.7735e+02    1.7735e+02 +/-  1.44e+01  <none>
  Background_CR_loose_HIGH_bin_6-4    2.2622e+02    2.2622e+02 +/-  1.53e+01  <none>
  Background_CR_loose_HIGH_bin_6-5    1.9240e+02    1.9240e+02 +/-  1.39e+01  <none>
  Background_CR_loose_HIGH_bin_6-6    1.5825e+02    1.5825e+02 +/-  1.24e+01  <none>
  Background_CR_loose_HIGH_bin_6-7    1.6382e+02    1.6382e+02 +/-  1.24e+01  <none>
  Background_CR_loose_HIGH_bin_6-8    8.9483e+01    8.9483e+01 +/-  9.17e+00  <none>
  Background_CR_loose_HIGH_bin_6-9    6.9532e+01    6.9532e+01 +/-  8.13e+00  <none>
  Background_CR_loose_LOW_bin_1-1    2.5398e+03    2.5398e+03 +/-  5.32e+01  <none>
  Background_CR_loose_LOW_bin_1-10    9.6896e+01    9.6896e+01 +/-  9.50e+00  <none>
  Background_CR_loose_LOW_bin_1-11    3.8758e+01    3.8758e+01 +/-  6.30e+00  <none>
  Background_CR_loose_LOW_bin_1-12    4.6533e+01    4.6533e+01 +/-  6.56e+00  <none>
  Background_CR_loose_LOW_bin_1-13    4.2059e+01    4.2059e+01 +/-  6.26e+00  <none>
  Background_CR_loose_LOW_bin_1-2    2.4867e+03    2.4867e+03 +/-  5.11e+01  <none>
  Background_CR_loose_LOW_bin_1-3    1.9418e+03    1.9418e+03 +/-  4.36e+01  <none>
  Background_CR_loose_LOW_bin_1-4    1.2172e+03    1.2172e+03 +/-  3.42e+01  <none>
  Background_CR_loose_LOW_bin_1-5    7.4910e+02    7.4910e+02 +/-  2.66e+01  <none>
  Background_CR_loose_LOW_bin_1-6    4.2259e+02    4.2259e+02 +/-  1.99e+01  <none>
  Background_CR_loose_LOW_bin_1-7    2.8414e+02    2.8414e+02 +/-  1.63e+01  <none>
  Background_CR_loose_LOW_bin_1-8    2.1429e+02    2.1429e+02 +/-  1.42e+01  <none>
  Background_CR_loose_LOW_bin_1-9    1.5166e+02    1.5166e+02 +/-  1.19e+01  <none>
  Background_CR_loose_LOW_bin_2-1    2.3118e+03    2.3118e+03 +/-  6.15e+01  <none>
  Background_CR_loose_LOW_bin_2-10    8.1408e+01    8.1408e+01 +/-  9.47e+00  <none>
  Background_CR_loose_LOW_bin_2-11    7.3280e+01    7.3280e+01 +/-  8.86e+00  <none>
  Background_CR_loose_LOW_bin_2-12    4.0483e+01    4.0483e+01 +/-  6.73e+00  <none>
  Background_CR_loose_LOW_bin_2-13    2.5075e+01    2.5075e+01 +/-  5.39e+00  <none>
  Background_CR_loose_LOW_bin_2-2    2.3455e+03    2.3455e+03 +/-  5.71e+01  <none>
  Background_CR_loose_LOW_bin_2-3    1.9048e+03    1.9048e+03 +/-  4.73e+01  <none>
  Background_CR_loose_LOW_bin_2-4    1.1513e+03    1.1513e+03 +/-  3.55e+01  <none>
  Background_CR_loose_LOW_bin_2-5    7.0334e+02    7.0334e+02 +/-  2.78e+01  <none>
  Background_CR_loose_LOW_bin_2-6    4.3112e+02    4.3112e+02 +/-  2.17e+01  <none>
  Background_CR_loose_LOW_bin_2-7    2.6921e+02    2.6921e+02 +/-  1.71e+01  <none>
  Background_CR_loose_LOW_bin_2-8    1.7882e+02    1.7882e+02 +/-  1.42e+01  <none>
  Background_CR_loose_LOW_bin_2-9    1.4434e+02    1.4434e+02 +/-  1.23e+01  <none>
  Background_CR_loose_LOW_bin_3-1    2.2887e+03    2.2887e+03 +/-  6.64e+01  <none>
  Background_CR_loose_LOW_bin_3-10    8.3128e+01    8.3128e+01 +/-  9.51e+00  <none>
  Background_CR_loose_LOW_bin_3-11    4.9398e+01    4.9398e+01 +/-  7.33e+00  <none>
  Background_CR_loose_LOW_bin_3-12    4.4356e+01    4.4356e+01 +/-  6.81e+00  <none>
  Background_CR_loose_LOW_bin_3-13    2.7212e+01    2.7212e+01 +/-  5.39e+00  <none>
  Background_CR_loose_LOW_bin_3-2    2.2887e+03    2.2887e+03 +/-  6.07e+01  <none>
  Background_CR_loose_LOW_bin_3-3    1.7155e+03    1.7155e+03 +/-  4.60e+01  <none>
  Background_CR_loose_LOW_bin_3-4    1.1910e+03    1.1910e+03 +/-  3.65e+01  <none>
  Background_CR_loose_LOW_bin_3-5    7.0130e+02    7.0130e+02 +/-  2.76e+01  <none>
  Background_CR_loose_LOW_bin_3-6    3.8879e+02    3.8879e+02 +/-  2.05e+01  <none>
  Background_CR_loose_LOW_bin_3-7    2.4427e+02    2.4427e+02 +/-  1.61e+01  <none>
  Background_CR_loose_LOW_bin_3-8    1.4560e+02    1.4560e+02 +/-  1.26e+01  <none>
  Background_CR_loose_LOW_bin_3-9    1.0975e+02    1.0975e+02 +/-  1.09e+01  <none>
  Background_CR_loose_SIG_bin_1-1    1.9709e+03    1.9709e+03 +/-  6.93e+01  <none>
  Background_CR_loose_SIG_bin_1-10    8.3134e+01    8.3134e+01 +/-  8.93e+00  <none>
  Background_CR_loose_SIG_bin_1-11    5.2919e+01    5.2919e+01 +/-  7.02e+00  <none>
  Background_CR_loose_SIG_bin_1-12    3.3019e+01    3.3019e+01 +/-  5.62e+00  <none>
  Background_CR_loose_SIG_bin_1-13    1.8678e+01    1.8678e+01 +/-  4.33e+00  <none>
  Background_CR_loose_SIG_bin_1-2    2.0889e+03    2.0889e+03 +/-  6.06e+01  <none>
  Background_CR_loose_SIG_bin_1-3    1.7414e+03    1.7414e+03 +/-  4.75e+01  <none>
  Background_CR_loose_SIG_bin_1-4    1.1644e+03    1.1644e+03 +/-  3.64e+01  <none>
  Background_CR_loose_SIG_bin_1-5    6.1491e+02    6.1491e+02 +/-  2.59e+01  <none>
  Background_CR_loose_SIG_bin_1-6    4.3615e+02    4.3615e+02 +/-  2.07e+01  <none>
  Background_CR_loose_SIG_bin_1-7    2.4287e+02    2.4287e+02 +/-  1.54e+01  <none>
  Background_CR_loose_SIG_bin_1-8    1.6143e+02    1.6143e+02 +/-  1.26e+01  <none>
  Background_CR_loose_SIG_bin_1-9    9.1235e+01    9.1235e+01 +/-  9.60e+00  <none>
  Background_CR_loose_SIG_bin_2-1    1.6005e+03    1.6005e+03 +/-  7.70e+01  <none>
  Background_CR_loose_SIG_bin_2-10    6.3524e+01    6.3524e+01 +/-  7.86e+00  <none>
  Background_CR_loose_SIG_bin_2-11    4.2602e+01    4.2602e+01 +/-  6.46e+00  <none>
  Background_CR_loose_SIG_bin_2-12    4.2797e+01    4.2797e+01 +/-  6.33e+00  <none>
  Background_CR_loose_SIG_bin_2-13    1.3223e+01    1.3223e+01 +/-  3.68e+00  <none>
  Background_CR_loose_SIG_bin_2-2    2.0173e+03    2.0173e+03 +/-  6.87e+01  <none>
  Background_CR_loose_SIG_bin_2-3    1.6236e+03    1.6236e+03 +/-  5.12e+01  <none>
  Background_CR_loose_SIG_bin_2-4    1.0367e+03    1.0367e+03 +/-  3.67e+01  <none>
  Background_CR_loose_SIG_bin_2-5    5.9952e+02    5.9952e+02 +/-  2.59e+01  <none>
  Background_CR_loose_SIG_bin_2-6    4.1289e+02    4.1289e+02 +/-  2.10e+01  <none>
  Background_CR_loose_SIG_bin_2-7    2.6662e+02    2.6662e+02 +/-  1.64e+01  <none>
  Background_CR_loose_SIG_bin_2-8    1.5587e+02    1.5587e+02 +/-  1.24e+01  <none>
  Background_CR_loose_SIG_bin_2-9    1.0791e+02    1.0791e+02 +/-  1.03e+01  <none>
  Background_CR_loose_SIG_bin_3-1    1.5302e+03    1.5302e+03 +/-  7.77e+01  <none>
  Background_CR_loose_SIG_bin_3-10    4.2258e+01    4.2258e+01 +/-  6.77e+00  <none>
  Background_CR_loose_SIG_bin_3-11    4.5153e+01    4.5153e+01 +/-  6.63e+00  <none>
  Background_CR_loose_SIG_bin_3-12    3.8381e+01    3.8381e+01 +/-  6.18e+00  <none>
  Background_CR_loose_SIG_bin_3-13    1.9981e+01    1.9981e+01 +/-  4.47e+00  <none>
  Background_CR_loose_SIG_bin_3-2    1.6416e+03    1.6416e+03 +/-  6.75e+01  <none>
  Background_CR_loose_SIG_bin_3-3    1.4785e+03    1.4785e+03 +/-  5.28e+01  <none>
  Background_CR_loose_SIG_bin_3-4    9.6691e+02    9.6691e+02 +/-  3.76e+01  <none>
  Background_CR_loose_SIG_bin_3-5    6.3779e+02    6.3779e+02 +/-  2.81e+01  <none>
  Background_CR_loose_SIG_bin_3-6    3.9961e+02    3.9961e+02 +/-  2.09e+01  <none>
  Background_CR_loose_SIG_bin_3-7    1.9784e+02    1.9784e+02 +/-  1.47e+01  <none>
  Background_CR_loose_SIG_bin_3-8    1.4147e+02    1.4147e+02 +/-  1.21e+01  <none>
  Background_CR_loose_SIG_bin_3-9    1.0296e+02    1.0296e+02 +/-  1.02e+01  <none>
  Background_CR_rpf_1x0_par0    1.3260e-01    1.3260e-01 +/-  3.22e-03  <none>
  Background_CR_rpf_1x0_par1    6.3702e-02    6.3702e-02 +/-  7.63e-03  <none>
               PNetTop   -5.4170e-13   -3.7661e-13 +/-  9.93e-01  <none>
               PNetXbb   -5.4170e-13   -3.7661e-13 +/-  9.93e-01  <none>
                Pileup    2.7087e-01    2.7086e-01 +/-  9.98e-01  <none>
               Prefire   -3.5497e-03   -3.5501e-03 +/-  1.96e-01  <none>
           TptReweight    1.8297e-01    1.8297e-01 +/-  9.98e-01  <none>
                   jer   -4.5364e-01   -4.5364e-01 +/-  8.60e-01  <none>
                   jes    9.1012e-01    9.1012e-01 +/-  6.12e-01  <none>
                   jmr   -1.3230e-01   -1.3230e-01 +/-  5.01e-01  <none>
                   jms    5.4836e-02    5.4837e-02 +/-  7.00e-01  <none>
                  lumi    6.4635e-02    6.4633e-02 +/-  1.02e+00  <none>
                   pdf    2.7890e-01    2.7890e-01 +/-  8.27e-01  <none>
            ttbar_xsec    1.1888e+00    1.1888e+00 +/-  9.86e-01  <none>
                w_xsec   -1.9480e-01   -1.9480e-01 +/-  9.50e-01  <none>
                z_xsec   -2.5148e-01   -2.5148e-01 +/-  7.60e-01  <none>


  RooFitResult: minimized FCN value: -3.21834e-10, estimated distance to minimum: 1.32771e-08
                covariance matrix quality: Full matrix, but forced positive-definite
                Status : MINIMIZE=0 HESSE=0 

    Constant Parameter    Value     
  --------------------  ------------
            PNetTop_In    0.0000e+00
            PNetXbb_In    0.0000e+00
             Pileup_In    0.0000e+00
            Prefire_In    0.0000e+00
        TptReweight_In    0.0000e+00
                jer_In    0.0000e+00
                jes_In    0.0000e+00
                jmr_In    0.0000e+00
                jms_In    0.0000e+00
               lumi_In    0.0000e+00
  n_exp_binCR_loose_HIGH_proc_Background    1.0000e+00
  n_exp_binCR_loose_LOW_proc_Background    1.0000e+00
  n_exp_binCR_loose_SIG_proc_Background    1.0000e+00
  n_exp_binCR_pass_HIGH_proc_Background_1x0    1.0000e+00
  n_exp_binCR_pass_LOW_proc_Background_1x0    1.0000e+00
  n_exp_binCR_pass_SIG_proc_Background_1x0    1.0000e+00
                pdf_In    0.0000e+00
                     r    0.0000e+00
         ttbar_xsec_In    0.0000e+00
             w_xsec_In    0.0000e+00
             z_xsec_In    0.0000e+00

    Floating Parameter  InitialValue    FinalValue +/-  Error     GblCorr.
  --------------------  ------------  --------------------------  --------
  Background_CR_loose_HIGH_bin_1-1    1.0032e+03    1.0032e+03 +/-  8.30e+01  <none>
  Background_CR_loose_HIGH_bin_1-10    6.6700e+01    6.6700e+01 +/-  8.21e+00  <none>
  Background_CR_loose_HIGH_bin_1-11    4.5472e+01    4.5472e+01 +/-  6.75e+00  <none>
  Background_CR_loose_HIGH_bin_1-12    3.9917e+01    3.9917e+01 +/-  6.26e+00  <none>
  Background_CR_loose_HIGH_bin_1-13    9.6743e+00    9.6743e+00 +/-  3.35e+00  <none>
  Background_CR_loose_HIGH_bin_1-2    1.3974e+03    1.3974e+03 +/-  7.80e+01  <none>
  Background_CR_loose_HIGH_bin_1-3    1.2575e+03    1.2575e+03 +/-  5.84e+01  <none>
  Background_CR_loose_HIGH_bin_1-4    9.5823e+02    9.5823e+02 +/-  4.27e+01  <none>
  Background_CR_loose_HIGH_bin_1-5    6.1451e+02    6.1451e+02 +/-  3.00e+01  <none>
  Background_CR_loose_HIGH_bin_1-6    3.3936e+02    3.3936e+02 +/-  2.10e+01  <none>
  Background_CR_loose_HIGH_bin_1-7    2.5893e+02    2.5893e+02 +/-  1.72e+01  <none>
  Background_CR_loose_HIGH_bin_1-8    1.3427e+02    1.3427e+02 +/-  1.24e+01  <none>
  Background_CR_loose_HIGH_bin_1-9    1.0244e+02    1.0244e+02 +/-  1.03e+01  <none>
  Background_CR_loose_HIGH_bin_2-1    5.5389e+02    5.5389e+02 +/-  9.53e+01  <none>
  Background_CR_loose_HIGH_bin_2-10    4.9320e+01    4.9320e+01 +/-  8.49e+00  <none>
  Background_CR_loose_HIGH_bin_2-11    4.6674e+01    4.6674e+01 +/-  7.67e+00  <none>
  Background_CR_loose_HIGH_bin_2-12    3.0014e+01    3.0014e+01 +/-  6.04e+00  <none>
  Background_CR_loose_HIGH_bin_2-13    1.4705e+01    1.4705e+01 +/-  4.37e+00  <none>
  Background_CR_loose_HIGH_bin_2-2    9.6849e+02    9.6849e+02 +/-  1.01e+02  <none>
  Background_CR_loose_HIGH_bin_2-3    9.8960e+02    9.8960e+02 +/-  7.92e+01  <none>
  Background_CR_loose_HIGH_bin_2-4    7.9089e+02    7.9089e+02 +/-  5.75e+01  <none>
  Background_CR_loose_HIGH_bin_2-5    5.7802e+02    5.7802e+02 +/-  4.05e+01  <none>
  Background_CR_loose_HIGH_bin_2-6    3.7125e+02    3.7125e+02 +/-  2.91e+01  <none>
  Background_CR_loose_HIGH_bin_2-7    2.0596e+02    2.0596e+02 +/-  2.00e+01  <none>
  Background_CR_loose_HIGH_bin_2-8    1.5832e+02    1.5832e+02 +/-  1.57e+01  <none>
  Background_CR_loose_HIGH_bin_2-9    1.1169e+02    1.1169e+02 +/-  1.25e+01  <none>
  Background_CR_loose_HIGH_bin_3-1    2.5866e+02    2.5866e+02 +/-  7.39e+01  <none>
  Background_CR_loose_HIGH_bin_3-10    8.8072e+01    8.8072e+01 +/-  1.03e+01  <none>
  Background_CR_loose_HIGH_bin_3-11    3.5716e+01    3.5716e+01 +/-  7.31e+00  <none>
  Background_CR_loose_HIGH_bin_3-12    3.8174e+01    3.8174e+01 +/-  6.68e+00  <none>
  Background_CR_loose_HIGH_bin_3-13    2.5200e+01    2.5200e+01 +/-  5.33e+00  <none>
  Background_CR_loose_HIGH_bin_3-2    6.1459e+02    6.1459e+02 +/-  8.60e+01  <none>
  Background_CR_loose_HIGH_bin_3-3    7.7075e+02    7.7075e+02 +/-  7.91e+01  <none>
  Background_CR_loose_HIGH_bin_3-4    5.8691e+02    5.8691e+02 +/-  5.81e+01  <none>
  Background_CR_loose_HIGH_bin_3-5    4.7007e+02    4.7007e+02 +/-  4.12e+01  <none>
  Background_CR_loose_HIGH_bin_3-6    3.3497e+02    3.3497e+02 +/-  3.00e+01  <none>
  Background_CR_loose_HIGH_bin_3-7    2.1004e+02    2.1004e+02 +/-  2.15e+01  <none>
  Background_CR_loose_HIGH_bin_3-8    1.1112e+02    1.1112e+02 +/-  1.52e+01  <none>
  Background_CR_loose_HIGH_bin_3-9    8.8163e+01    8.8163e+01 +/-  1.18e+01  <none>
  Background_CR_loose_HIGH_bin_4-1    1.5938e+02    1.5938e+02 +/-  3.21e+01  <none>
  Background_CR_loose_HIGH_bin_4-10    7.0300e+01    7.0300e+01 +/-  8.48e+00  <none>
  Background_CR_loose_HIGH_bin_4-11    3.3703e+01    3.3703e+01 +/-  6.09e+00  <none>
  Background_CR_loose_HIGH_bin_4-12    2.9779e+01    2.9779e+01 +/-  5.52e+00  <none>
  Background_CR_loose_HIGH_bin_4-13    1.1064e+01    1.1064e+01 +/-  3.66e+00  <none>
  Background_CR_loose_HIGH_bin_4-2    4.3596e+02    4.3596e+02 +/-  4.46e+01  <none>
  Background_CR_loose_HIGH_bin_4-3    5.0162e+02    5.0162e+02 +/-  4.07e+01  <none>
  Background_CR_loose_HIGH_bin_4-4    4.4809e+02    4.4809e+02 +/-  3.43e+01  <none>
  Background_CR_loose_HIGH_bin_4-5    4.1281e+02    4.1281e+02 +/-  2.75e+01  <none>
  Background_CR_loose_HIGH_bin_4-6    2.4613e+02    2.4613e+02 +/-  2.08e+01  <none>
  Background_CR_loose_HIGH_bin_4-7    2.0065e+02    2.0065e+02 +/-  1.64e+01  <none>
  Background_CR_loose_HIGH_bin_4-8    1.3635e+02    1.3635e+02 +/-  1.28e+01  <none>
  Background_CR_loose_HIGH_bin_4-9    8.7075e+01    8.7075e+01 +/-  9.92e+00  <none>
  Background_CR_loose_HIGH_bin_5-1    4.4162e+01    4.4162e+01 +/-  1.11e+01  <none>
  Background_CR_loose_HIGH_bin_5-10    5.4554e+01    5.4554e+01 +/-  7.22e+00  <none>
  Background_CR_loose_HIGH_bin_5-11    4.0021e+01    4.0021e+01 +/-  6.13e+00  <none>
  Background_CR_loose_HIGH_bin_5-12    1.8747e+01    1.8747e+01 +/-  4.28e+00  <none>
  Background_CR_loose_HIGH_bin_5-13    8.0030e+00    8.0030e+00 +/-  2.92e+00  <none>
  Background_CR_loose_HIGH_bin_5-2    1.8728e+02    1.8728e+02 +/-  1.90e+01  <none>
  Background_CR_loose_HIGH_bin_5-3    3.0555e+02    3.0555e+02 +/-  2.09e+01  <none>
  Background_CR_loose_HIGH_bin_5-4    3.0468e+02    3.0468e+02 +/-  2.01e+01  <none>
  Background_CR_loose_HIGH_bin_5-5    3.1056e+02    3.1056e+02 +/-  1.83e+01  <none>
  Background_CR_loose_HIGH_bin_5-6    2.3073e+02    2.3073e+02 +/-  1.56e+01  <none>
  Background_CR_loose_HIGH_bin_5-7    1.7785e+02    1.7785e+02 +/-  1.32e+01  <none>
  Background_CR_loose_HIGH_bin_5-8    1.2906e+02    1.2906e+02 +/-  1.12e+01  <none>
  Background_CR_loose_HIGH_bin_5-9    6.9889e+01    6.9889e+01 +/-  8.30e+00  <none>
  Background_CR_loose_HIGH_bin_6-1    2.9643e+01    2.9643e+01 +/-  5.92e+00  <none>
  Background_CR_loose_HIGH_bin_6-10    4.7969e+01    4.7969e+01 +/-  6.58e+00  <none>
  Background_CR_loose_HIGH_bin_6-11    3.5021e+01    3.5021e+01 +/-  5.67e+00  <none>
  Background_CR_loose_HIGH_bin_6-12    3.0036e+01    3.0036e+01 +/-  5.14e+00  <none>
  Background_CR_loose_HIGH_bin_6-13    2.3117e+01    2.3117e+01 +/-  4.50e+00  <none>
  Background_CR_loose_HIGH_bin_6-2    8.3970e+01    8.3970e+01 +/-  1.04e+01  <none>
  Background_CR_loose_HIGH_bin_6-3    1.7735e+02    1.7735e+02 +/-  1.44e+01  <none>
  Background_CR_loose_HIGH_bin_6-4    2.2622e+02    2.2622e+02 +/-  1.53e+01  <none>
  Background_CR_loose_HIGH_bin_6-5    1.9240e+02    1.9240e+02 +/-  1.39e+01  <none>
  Background_CR_loose_HIGH_bin_6-6    1.5825e+02    1.5825e+02 +/-  1.24e+01  <none>
  Background_CR_loose_HIGH_bin_6-7    1.6382e+02    1.6382e+02 +/-  1.24e+01  <none>
  Background_CR_loose_HIGH_bin_6-8    8.9483e+01    8.9483e+01 +/-  9.17e+00  <none>
  Background_CR_loose_HIGH_bin_6-9    6.9532e+01    6.9532e+01 +/-  8.13e+00  <none>
  Background_CR_loose_LOW_bin_1-1    2.5398e+03    2.5398e+03 +/-  5.32e+01  <none>
  Background_CR_loose_LOW_bin_1-10    9.6896e+01    9.6896e+01 +/-  9.50e+00  <none>
  Background_CR_loose_LOW_bin_1-11    3.8758e+01    3.8758e+01 +/-  6.30e+00  <none>
  Background_CR_loose_LOW_bin_1-12    4.6533e+01    4.6533e+01 +/-  6.56e+00  <none>
  Background_CR_loose_LOW_bin_1-13    4.2059e+01    4.2059e+01 +/-  6.26e+00  <none>
  Background_CR_loose_LOW_bin_1-2    2.4867e+03    2.4867e+03 +/-  5.11e+01  <none>
  Background_CR_loose_LOW_bin_1-3    1.9418e+03    1.9418e+03 +/-  4.36e+01  <none>
  Background_CR_loose_LOW_bin_1-4    1.2172e+03    1.2172e+03 +/-  3.42e+01  <none>
  Background_CR_loose_LOW_bin_1-5    7.4910e+02    7.4910e+02 +/-  2.66e+01  <none>
  Background_CR_loose_LOW_bin_1-6    4.2259e+02    4.2259e+02 +/-  1.99e+01  <none>
  Background_CR_loose_LOW_bin_1-7    2.8414e+02    2.8414e+02 +/-  1.63e+01  <none>
  Background_CR_loose_LOW_bin_1-8    2.1429e+02    2.1429e+02 +/-  1.42e+01  <none>
  Background_CR_loose_LOW_bin_1-9    1.5166e+02    1.5166e+02 +/-  1.19e+01  <none>
  Background_CR_loose_LOW_bin_2-1    2.3118e+03    2.3118e+03 +/-  6.15e+01  <none>
  Background_CR_loose_LOW_bin_2-10    8.1408e+01    8.1408e+01 +/-  9.47e+00  <none>
  Background_CR_loose_LOW_bin_2-11    7.3280e+01    7.3280e+01 +/-  8.86e+00  <none>
  Background_CR_loose_LOW_bin_2-12    4.0483e+01    4.0483e+01 +/-  6.73e+00  <none>
  Background_CR_loose_LOW_bin_2-13    2.5075e+01    2.5075e+01 +/-  5.39e+00  <none>
  Background_CR_loose_LOW_bin_2-2    2.3455e+03    2.3455e+03 +/-  5.71e+01  <none>
  Background_CR_loose_LOW_bin_2-3    1.9048e+03    1.9048e+03 +/-  4.73e+01  <none>
  Background_CR_loose_LOW_bin_2-4    1.1513e+03    1.1513e+03 +/-  3.55e+01  <none>
  Background_CR_loose_LOW_bin_2-5    7.0334e+02    7.0334e+02 +/-  2.78e+01  <none>
  Background_CR_loose_LOW_bin_2-6    4.3112e+02    4.3112e+02 +/-  2.17e+01  <none>
  Background_CR_loose_LOW_bin_2-7    2.6921e+02    2.6921e+02 +/-  1.71e+01  <none>
  Background_CR_loose_LOW_bin_2-8    1.7882e+02    1.7882e+02 +/-  1.42e+01  <none>
  Background_CR_loose_LOW_bin_2-9    1.4434e+02    1.4434e+02 +/-  1.23e+01  <none>
  Background_CR_loose_LOW_bin_3-1    2.2887e+03    2.2887e+03 +/-  6.64e+01  <none>
  Background_CR_loose_LOW_bin_3-10    8.3128e+01    8.3128e+01 +/-  9.51e+00  <none>
  Background_CR_loose_LOW_bin_3-11    4.9398e+01    4.9398e+01 +/-  7.33e+00  <none>
  Background_CR_loose_LOW_bin_3-12    4.4356e+01    4.4356e+01 +/-  6.81e+00  <none>
  Background_CR_loose_LOW_bin_3-13    2.7212e+01    2.7212e+01 +/-  5.39e+00  <none>
  Background_CR_loose_LOW_bin_3-2    2.2887e+03    2.2887e+03 +/-  6.07e+01  <none>
  Background_CR_loose_LOW_bin_3-3    1.7155e+03    1.7155e+03 +/-  4.60e+01  <none>
  Background_CR_loose_LOW_bin_3-4    1.1910e+03    1.1910e+03 +/-  3.65e+01  <none>
  Background_CR_loose_LOW_bin_3-5    7.0130e+02    7.0130e+02 +/-  2.76e+01  <none>
  Background_CR_loose_LOW_bin_3-6    3.8879e+02    3.8879e+02 +/-  2.05e+01  <none>
  Background_CR_loose_LOW_bin_3-7    2.4427e+02    2.4427e+02 +/-  1.61e+01  <none>
  Background_CR_loose_LOW_bin_3-8    1.4560e+02    1.4560e+02 +/-  1.26e+01  <none>
  Background_CR_loose_LOW_bin_3-9    1.0975e+02    1.0975e+02 +/-  1.09e+01  <none>
  Background_CR_loose_SIG_bin_1-1    1.9709e+03    1.9709e+03 +/-  6.93e+01  <none>
  Background_CR_loose_SIG_bin_1-10    8.3134e+01    8.3134e+01 +/-  8.93e+00  <none>
  Background_CR_loose_SIG_bin_1-11    5.2919e+01    5.2919e+01 +/-  7.02e+00  <none>
  Background_CR_loose_SIG_bin_1-12    3.3019e+01    3.3019e+01 +/-  5.62e+00  <none>
  Background_CR_loose_SIG_bin_1-13    1.8678e+01    1.8678e+01 +/-  4.33e+00  <none>
  Background_CR_loose_SIG_bin_1-2    2.0889e+03    2.0889e+03 +/-  6.06e+01  <none>
  Background_CR_loose_SIG_bin_1-3    1.7414e+03    1.7414e+03 +/-  4.75e+01  <none>
  Background_CR_loose_SIG_bin_1-4    1.1644e+03    1.1644e+03 +/-  3.64e+01  <none>
  Background_CR_loose_SIG_bin_1-5    6.1491e+02    6.1491e+02 +/-  2.59e+01  <none>
  Background_CR_loose_SIG_bin_1-6    4.3615e+02    4.3615e+02 +/-  2.07e+01  <none>
  Background_CR_loose_SIG_bin_1-7    2.4287e+02    2.4287e+02 +/-  1.54e+01  <none>
  Background_CR_loose_SIG_bin_1-8    1.6143e+02    1.6143e+02 +/-  1.26e+01  <none>
  Background_CR_loose_SIG_bin_1-9    9.1235e+01    9.1235e+01 +/-  9.60e+00  <none>
  Background_CR_loose_SIG_bin_2-1    1.6005e+03    1.6005e+03 +/-  7.70e+01  <none>
  Background_CR_loose_SIG_bin_2-10    6.3524e+01    6.3524e+01 +/-  7.86e+00  <none>
  Background_CR_loose_SIG_bin_2-11    4.2602e+01    4.2602e+01 +/-  6.46e+00  <none>
  Background_CR_loose_SIG_bin_2-12    4.2797e+01    4.2797e+01 +/-  6.33e+00  <none>
  Background_CR_loose_SIG_bin_2-13    1.3223e+01    1.3223e+01 +/-  3.68e+00  <none>
  Background_CR_loose_SIG_bin_2-2    2.0173e+03    2.0173e+03 +/-  6.87e+01  <none>
  Background_CR_loose_SIG_bin_2-3    1.6236e+03    1.6236e+03 +/-  5.12e+01  <none>
  Background_CR_loose_SIG_bin_2-4    1.0367e+03    1.0367e+03 +/-  3.67e+01  <none>
  Background_CR_loose_SIG_bin_2-5    5.9952e+02    5.9952e+02 +/-  2.59e+01  <none>
  Background_CR_loose_SIG_bin_2-6    4.1289e+02    4.1289e+02 +/-  2.10e+01  <none>
  Background_CR_loose_SIG_bin_2-7    2.6662e+02    2.6662e+02 +/-  1.64e+01  <none>
  Background_CR_loose_SIG_bin_2-8    1.5587e+02    1.5587e+02 +/-  1.24e+01  <none>
  Background_CR_loose_SIG_bin_2-9    1.0791e+02    1.0791e+02 +/-  1.03e+01  <none>
  Background_CR_loose_SIG_bin_3-1    1.5302e+03    1.5302e+03 +/-  7.77e+01  <none>
  Background_CR_loose_SIG_bin_3-10    4.2258e+01    4.2258e+01 +/-  6.77e+00  <none>
  Background_CR_loose_SIG_bin_3-11    4.5153e+01    4.5153e+01 +/-  6.63e+00  <none>
  Background_CR_loose_SIG_bin_3-12    3.8381e+01    3.8381e+01 +/-  6.18e+00  <none>
  Background_CR_loose_SIG_bin_3-13    1.9981e+01    1.9981e+01 +/-  4.47e+00  <none>
  Background_CR_loose_SIG_bin_3-2    1.6416e+03    1.6416e+03 +/-  6.75e+01  <none>
  Background_CR_loose_SIG_bin_3-3    1.4785e+03    1.4785e+03 +/-  5.28e+01  <none>
  Background_CR_loose_SIG_bin_3-4    9.6691e+02    9.6691e+02 +/-  3.76e+01  <none>
  Background_CR_loose_SIG_bin_3-5    6.3779e+02    6.3779e+02 +/-  2.81e+01  <none>
  Background_CR_loose_SIG_bin_3-6    3.9961e+02    3.9961e+02 +/-  2.09e+01  <none>
  Background_CR_loose_SIG_bin_3-7    1.9784e+02    1.9784e+02 +/-  1.47e+01  <none>
  Background_CR_loose_SIG_bin_3-8    1.4147e+02    1.4147e+02 +/-  1.21e+01  <none>
  Background_CR_loose_SIG_bin_3-9    1.0296e+02    1.0296e+02 +/-  1.02e+01  <none>
  Background_CR_rpf_1x0_par0    1.3260e-01    1.3260e-01 +/-  3.22e-03  <none>
  Background_CR_rpf_1x0_par1    6.3702e-02    6.3702e-02 +/-  7.63e-03  <none>
               PNetTop   -5.4170e-13   -3.7661e-13 +/-  9.93e-01  <none>
               PNetXbb   -5.4170e-13   -3.7661e-13 +/-  9.93e-01  <none>
                Pileup    2.7087e-01    2.7086e-01 +/-  9.98e-01  <none>
               Prefire   -3.5497e-03   -3.5501e-03 +/-  1.96e-01  <none>
           TptReweight    1.8297e-01    1.8297e-01 +/-  9.98e-01  <none>
                   jer   -4.5364e-01   -4.5364e-01 +/-  8.60e-01  <none>
                   jes    9.1012e-01    9.1012e-01 +/-  6.12e-01  <none>
                   jmr   -1.3230e-01   -1.3230e-01 +/-  5.01e-01  <none>
                   jms    5.4836e-02    5.4837e-02 +/-  7.00e-01  <none>
                  lumi    6.4635e-02    6.4633e-02 +/-  1.02e+00  <none>
                   pdf    2.7890e-01    2.7890e-01 +/-  8.27e-01  <none>
            ttbar_xsec    1.1888e+00    1.1888e+00 +/-  9.86e-01  <none>
                w_xsec   -1.9480e-01   -1.9480e-01 +/-  9.50e-01  <none>
                z_xsec   -2.5148e-01   -2.5148e-01 +/-  7.60e-01  <none>


  RooFitResult: minimized FCN value: -3.22864e-05, estimated distance to minimum: 2.56231e-05
                covariance matrix quality: Full matrix, but forced positive-definite
                Status : MINIMIZE=0 HESSE=0 

    Constant Parameter    Value     
  --------------------  ------------
            PNetTop_In    0.0000e+00
            PNetXbb_In    0.0000e+00
             Pileup_In    0.0000e+00
            Prefire_In    0.0000e+00
        TptReweight_In    0.0000e+00
                jer_In    0.0000e+00
                jes_In    0.0000e+00
                jmr_In    0.0000e+00
                jms_In    0.0000e+00
               lumi_In    0.0000e+00
  n_exp_binCR_loose_HIGH_proc_Background    1.0000e+00
  n_exp_binCR_loose_LOW_proc_Background    1.0000e+00
  n_exp_binCR_loose_SIG_proc_Background    1.0000e+00
  n_exp_binCR_pass_HIGH_proc_Background_1x0    1.0000e+00
  n_exp_binCR_pass_LOW_proc_Background_1x0    1.0000e+00
  n_exp_binCR_pass_SIG_proc_Background_1x0    1.0000e+00
                pdf_In    0.0000e+00
         ttbar_xsec_In    0.0000e+00
             w_xsec_In    0.0000e+00
             z_xsec_In    0.0000e+00

    Floating Parameter  InitialValue    FinalValue +/-  Error     GblCorr.
  --------------------  ------------  --------------------------  --------
  Background_CR_loose_HIGH_bin_1-1    1.0075e+03    1.0075e+03 +/-  8.19e+01  <none>
  Background_CR_loose_HIGH_bin_1-10    6.6110e+01    6.6110e+01 +/-  8.27e+00  <none>
  Background_CR_loose_HIGH_bin_1-11    4.5362e+01    4.5362e+01 +/-  6.77e+00  <none>
  Background_CR_loose_HIGH_bin_1-12    3.9948e+01    3.9948e+01 +/-  6.28e+00  <none>
  Background_CR_loose_HIGH_bin_1-13    9.7849e+00    9.7849e+00 +/-  3.35e+00  <none>
  Background_CR_loose_HIGH_bin_1-2    1.3994e+03    1.3993e+03 +/-  7.84e+01  <none>
  Background_CR_loose_HIGH_bin_1-3    1.2580e+03    1.2580e+03 +/-  5.90e+01  <none>
  Background_CR_loose_HIGH_bin_1-4    9.5935e+02    9.5934e+02 +/-  4.28e+01  <none>
  Background_CR_loose_HIGH_bin_1-5    6.1409e+02    6.1408e+02 +/-  3.06e+01  <none>
  Background_CR_loose_HIGH_bin_1-6    3.3967e+02    3.3966e+02 +/-  2.11e+01  <none>
  Background_CR_loose_HIGH_bin_1-7    2.5837e+02    2.5836e+02 +/-  1.75e+01  <none>
  Background_CR_loose_HIGH_bin_1-8    1.3485e+02    1.3485e+02 +/-  1.23e+01  <none>
  Background_CR_loose_HIGH_bin_1-9    1.0181e+02    1.0181e+02 +/-  1.04e+01  <none>
  Background_CR_loose_HIGH_bin_2-1    5.5571e+02    5.5569e+02 +/-  9.72e+01  <none>
  Background_CR_loose_HIGH_bin_2-10    4.9386e+01    4.9383e+01 +/-  8.48e+00  <none>
  Background_CR_loose_HIGH_bin_2-11    4.6775e+01    4.6772e+01 +/-  7.70e+00  <none>
  Background_CR_loose_HIGH_bin_2-12    2.9478e+01    2.9477e+01 +/-  6.20e+00  <none>
  Background_CR_loose_HIGH_bin_2-13    1.4432e+01    1.4431e+01 +/-  4.43e+00  <none>
  Background_CR_loose_HIGH_bin_2-2    9.7104e+02    9.7102e+02 +/-  1.03e+02  <none>
  Background_CR_loose_HIGH_bin_2-3    9.9168e+02    9.9166e+02 +/-  8.12e+01  <none>
  Background_CR_loose_HIGH_bin_2-4    7.9191e+02    7.9189e+02 +/-  5.87e+01  <none>
  Background_CR_loose_HIGH_bin_2-5    5.7820e+02    5.7819e+02 +/-  4.14e+01  <none>
  Background_CR_loose_HIGH_bin_2-6    3.7115e+02    3.7114e+02 +/-  2.99e+01  <none>
  Background_CR_loose_HIGH_bin_2-7    2.0684e+02    2.0684e+02 +/-  2.00e+01  <none>
  Background_CR_loose_HIGH_bin_2-8    1.5764e+02    1.5763e+02 +/-  1.61e+01  <none>
  Background_CR_loose_HIGH_bin_2-9    1.1179e+02    1.1178e+02 +/-  1.26e+01  <none>
  Background_CR_loose_HIGH_bin_3-1    2.5490e+02    2.5491e+02 +/-  7.76e+01  <none>
  Background_CR_loose_HIGH_bin_3-10    8.7178e+01    8.7178e+01 +/-  1.06e+01  <none>
  Background_CR_loose_HIGH_bin_3-11    3.4753e+01    3.4753e+01 +/-  7.61e+00  <none>
  Background_CR_loose_HIGH_bin_3-12    3.7787e+01    3.7786e+01 +/-  6.79e+00  <none>
  Background_CR_loose_HIGH_bin_3-13    2.5235e+01    2.5235e+01 +/-  5.36e+00  <none>
  Background_CR_loose_HIGH_bin_3-2    6.0660e+02    6.0661e+02 +/-  9.28e+01  <none>
  Background_CR_loose_HIGH_bin_3-3    7.6408e+02    7.6409e+02 +/-  8.54e+01  <none>
  Background_CR_loose_HIGH_bin_3-4    5.8083e+02    5.8082e+02 +/-  6.32e+01  <none>
  Background_CR_loose_HIGH_bin_3-5    4.6386e+02    4.6385e+02 +/-  4.57e+01  <none>
  Background_CR_loose_HIGH_bin_3-6    3.3177e+02    3.3177e+02 +/-  3.22e+01  <none>
  Background_CR_loose_HIGH_bin_3-7    2.0808e+02    2.0809e+02 +/-  2.30e+01  <none>
  Background_CR_loose_HIGH_bin_3-8    1.0966e+02    1.0966e+02 +/-  1.59e+01  <none>
  Background_CR_loose_HIGH_bin_3-9    8.6583e+01    8.6582e+01 +/-  1.25e+01  <none>
  Background_CR_loose_HIGH_bin_4-1    1.5633e+02    1.5633e+02 +/-  3.33e+01  <none>
  Background_CR_loose_HIGH_bin_4-10    6.9941e+01    6.9941e+01 +/-  8.54e+00  <none>
  Background_CR_loose_HIGH_bin_4-11    3.2767e+01    3.2767e+01 +/-  6.25e+00  <none>
  Background_CR_loose_HIGH_bin_4-12    2.9806e+01    2.9806e+01 +/-  5.54e+00  <none>
  Background_CR_loose_HIGH_bin_4-13    1.0627e+01    1.0628e+01 +/-  3.73e+00  <none>
  Background_CR_loose_HIGH_bin_4-2    4.2825e+02    4.2826e+02 +/-  4.85e+01  <none>
  Background_CR_loose_HIGH_bin_4-3    4.9627e+02    4.9627e+02 +/-  4.33e+01  <none>
  Background_CR_loose_HIGH_bin_4-4    4.4170e+02    4.4170e+02 +/-  3.76e+01  <none>
  Background_CR_loose_HIGH_bin_4-5    4.0885e+02    4.0885e+02 +/-  2.93e+01  <none>
  Background_CR_loose_HIGH_bin_4-6    2.4249e+02    2.4249e+02 +/-  2.24e+01  <none>
  Background_CR_loose_HIGH_bin_4-7    1.9882e+02    1.9882e+02 +/-  1.71e+01  <none>
  Background_CR_loose_HIGH_bin_4-8    1.3537e+02    1.3537e+02 +/-  1.31e+01  <none>
  Background_CR_loose_HIGH_bin_4-9    8.6446e+01    8.6448e+01 +/-  1.01e+01  <none>
  Background_CR_loose_HIGH_bin_5-1    4.3244e+01    4.3247e+01 +/-  1.12e+01  <none>
  Background_CR_loose_HIGH_bin_5-10    5.4265e+01    5.4265e+01 +/-  7.27e+00  <none>
  Background_CR_loose_HIGH_bin_5-11    3.9539e+01    3.9539e+01 +/-  6.19e+00  <none>
  Background_CR_loose_HIGH_bin_5-12    1.8618e+01    1.8617e+01 +/-  4.31e+00  <none>
  Background_CR_loose_HIGH_bin_5-13    7.7514e+00    7.7504e+00 +/-  2.95e+00  <none>
  Background_CR_loose_HIGH_bin_5-2    1.8496e+02    1.8496e+02 +/-  1.98e+01  <none>
  Background_CR_loose_HIGH_bin_5-3    3.0447e+02    3.0448e+02 +/-  2.12e+01  <none>
  Background_CR_loose_HIGH_bin_5-4    3.0235e+02    3.0236e+02 +/-  2.10e+01  <none>
  Background_CR_loose_HIGH_bin_5-5    3.0890e+02    3.0891e+02 +/-  1.89e+01  <none>
  Background_CR_loose_HIGH_bin_5-6    2.2970e+02    2.2970e+02 +/-  1.59e+01  <none>
  Background_CR_loose_HIGH_bin_5-7    1.7706e+02    1.7706e+02 +/-  1.34e+01  <none>
  Background_CR_loose_HIGH_bin_5-8    1.2877e+02    1.2877e+02 +/-  1.13e+01  <none>
  Background_CR_loose_HIGH_bin_5-9    6.9977e+01    6.9977e+01 +/-  8.31e+00  <none>
  Background_CR_loose_HIGH_bin_6-1    2.9790e+01    2.9791e+01 +/-  5.89e+00  <none>
  Background_CR_loose_HIGH_bin_6-10    4.7877e+01    4.7877e+01 +/-  6.61e+00  <none>
  Background_CR_loose_HIGH_bin_6-11    3.4954e+01    3.4952e+01 +/-  5.70e+00  <none>
  Background_CR_loose_HIGH_bin_6-12    3.0039e+01    3.0038e+01 +/-  5.16e+00  <none>
  Background_CR_loose_HIGH_bin_6-13    2.3269e+01    2.3269e+01 +/-  4.52e+00  <none>
  Background_CR_loose_HIGH_bin_6-2    8.3635e+01    8.3635e+01 +/-  1.05e+01  <none>
  Background_CR_loose_HIGH_bin_6-3    1.7636e+02    1.7637e+02 +/-  1.47e+01  <none>
  Background_CR_loose_HIGH_bin_6-4    2.2603e+02    2.2603e+02 +/-  1.55e+01  <none>
  Background_CR_loose_HIGH_bin_6-5    1.9179e+02    1.9179e+02 +/-  1.41e+01  <none>
  Background_CR_loose_HIGH_bin_6-6    1.5849e+02    1.5849e+02 +/-  1.25e+01  <none>
  Background_CR_loose_HIGH_bin_6-7    1.6315e+02    1.6316e+02 +/-  1.25e+01  <none>
  Background_CR_loose_HIGH_bin_6-8    8.8922e+01    8.8922e+01 +/-  9.28e+00  <none>
  Background_CR_loose_HIGH_bin_6-9    6.9057e+01    6.9057e+01 +/-  8.20e+00  <none>
  Background_CR_loose_LOW_bin_1-1    2.5414e+03    2.5414e+03 +/-  5.30e+01  <none>
  Background_CR_loose_LOW_bin_1-10    9.6872e+01    9.6872e+01 +/-  9.54e+00  <none>
  Background_CR_loose_LOW_bin_1-11    3.8615e+01    3.8615e+01 +/-  6.32e+00  <none>
  Background_CR_loose_LOW_bin_1-12    4.6625e+01    4.6627e+01 +/-  6.58e+00  <none>
  Background_CR_loose_LOW_bin_1-13    4.1951e+01    4.1951e+01 +/-  6.29e+00  <none>
  Background_CR_loose_LOW_bin_1-2    2.4896e+03    2.4896e+03 +/-  5.07e+01  <none>
  Background_CR_loose_LOW_bin_1-3    1.9430e+03    1.9430e+03 +/-  4.34e+01  <none>
  Background_CR_loose_LOW_bin_1-4    1.2177e+03    1.2177e+03 +/-  3.42e+01  <none>
  Background_CR_loose_LOW_bin_1-5    7.4914e+02    7.4914e+02 +/-  2.67e+01  <none>
  Background_CR_loose_LOW_bin_1-6    4.2324e+02    4.2324e+02 +/-  1.99e+01  <none>
  Background_CR_loose_LOW_bin_1-7    2.8418e+02    2.8418e+02 +/-  1.64e+01  <none>
  Background_CR_loose_LOW_bin_1-8    2.1476e+02    2.1476e+02 +/-  1.43e+01  <none>
  Background_CR_loose_LOW_bin_1-9    1.5136e+02    1.5136e+02 +/-  1.20e+01  <none>
  Background_CR_loose_LOW_bin_2-1    2.3149e+03    2.3149e+03 +/-  6.13e+01  <none>
  Background_CR_loose_LOW_bin_2-10    8.1480e+01    8.1480e+01 +/-  9.50e+00  <none>
  Background_CR_loose_LOW_bin_2-11    7.3962e+01    7.3964e+01 +/-  8.88e+00  <none>
  Background_CR_loose_LOW_bin_2-12    4.0417e+01    4.0417e+01 +/-  6.76e+00  <none>
  Background_CR_loose_LOW_bin_2-13    2.5048e+01    2.5047e+01 +/-  5.41e+00  <none>
  Background_CR_loose_LOW_bin_2-2    2.3443e+03    2.3444e+03 +/-  5.76e+01  <none>
  Background_CR_loose_LOW_bin_2-3    1.9063e+03    1.9063e+03 +/-  4.71e+01  <none>
  Background_CR_loose_LOW_bin_2-4    1.1511e+03    1.1511e+03 +/-  3.56e+01  <none>
  Background_CR_loose_LOW_bin_2-5    7.0403e+02    7.0404e+02 +/-  2.77e+01  <none>
  Background_CR_loose_LOW_bin_2-6    4.3002e+02    4.3003e+02 +/-  2.19e+01  <none>
  Background_CR_loose_LOW_bin_2-7    2.6998e+02    2.6999e+02 +/-  1.71e+01  <none>
  Background_CR_loose_LOW_bin_2-8    1.7911e+02    1.7911e+02 +/-  1.42e+01  <none>
  Background_CR_loose_LOW_bin_2-9    1.4342e+02    1.4342e+02 +/-  1.24e+01  <none>
  Background_CR_loose_LOW_bin_3-1    2.2877e+03    2.2877e+03 +/-  6.79e+01  <none>
  Background_CR_loose_LOW_bin_3-10    8.2476e+01    8.2477e+01 +/-  9.55e+00  <none>
  Background_CR_loose_LOW_bin_3-11    4.8689e+01    4.8689e+01 +/-  7.38e+00  <none>
  Background_CR_loose_LOW_bin_3-12    4.4390e+01    4.4391e+01 +/-  6.84e+00  <none>
  Background_CR_loose_LOW_bin_3-13    2.6889e+01    2.6890e+01 +/-  5.42e+00  <none>
  Background_CR_loose_LOW_bin_3-2    2.2902e+03    2.2902e+03 +/-  6.11e+01  <none>
  Background_CR_loose_LOW_bin_3-3    1.7132e+03    1.7132e+03 +/-  4.71e+01  <none>
  Background_CR_loose_LOW_bin_3-4    1.1898e+03    1.1899e+03 +/-  3.69e+01  <none>
  Background_CR_loose_LOW_bin_3-5    6.9988e+02    6.9988e+02 +/-  2.79e+01  <none>
  Background_CR_loose_LOW_bin_3-6    3.8836e+02    3.8836e+02 +/-  2.07e+01  <none>
  Background_CR_loose_LOW_bin_3-7    2.4360e+02    2.4360e+02 +/-  1.61e+01  <none>
  Background_CR_loose_LOW_bin_3-8    1.4464e+02    1.4464e+02 +/-  1.27e+01  <none>
  Background_CR_loose_LOW_bin_3-9    1.0867e+02    1.0867e+02 +/-  1.09e+01  <none>
  Background_CR_loose_SIG_bin_1-1    1.9696e+03    1.9696e+03 +/-  7.05e+01  <none>
  Background_CR_loose_SIG_bin_1-10    8.1485e+01    8.1483e+01 +/-  9.00e+00  <none>
  Background_CR_loose_SIG_bin_1-11    5.2575e+01    5.2575e+01 +/-  7.06e+00  <none>
  Background_CR_loose_SIG_bin_1-12    3.2638e+01    3.2637e+01 +/-  5.65e+00  <none>
  Background_CR_loose_SIG_bin_1-13    1.8649e+01    1.8648e+01 +/-  4.35e+00  <none>
  Background_CR_loose_SIG_bin_1-2    2.0852e+03    2.0851e+03 +/-  6.31e+01  <none>
  Background_CR_loose_SIG_bin_1-3    1.7381e+03    1.7381e+03 +/-  4.92e+01  <none>
  Background_CR_loose_SIG_bin_1-4    1.1643e+03    1.1643e+03 +/-  3.67e+01  <none>
  Background_CR_loose_SIG_bin_1-5    6.1362e+02    6.1361e+02 +/-  2.64e+01  <none>
  Background_CR_loose_SIG_bin_1-6    4.3491e+02    4.3491e+02 +/-  2.10e+01  <none>
  Background_CR_loose_SIG_bin_1-7    2.4166e+02    2.4165e+02 +/-  1.55e+01  <none>
  Background_CR_loose_SIG_bin_1-8    1.5915e+02    1.5915e+02 +/-  1.27e+01  <none>
  Background_CR_loose_SIG_bin_1-9    8.7741e+01    8.7738e+01 +/-  9.74e+00  <none>
  Background_CR_loose_SIG_bin_2-1    1.6019e+03    1.6019e+03 +/-  7.77e+01  <none>
  Background_CR_loose_SIG_bin_2-10    5.6292e+01    5.6288e+01 +/-  8.28e+00  <none>
  Background_CR_loose_SIG_bin_2-11    4.1265e+01    4.1264e+01 +/-  6.52e+00  <none>
  Background_CR_loose_SIG_bin_2-12    4.2639e+01    4.2638e+01 +/-  6.36e+00  <none>
  Background_CR_loose_SIG_bin_2-13    1.3352e+01    1.3353e+01 +/-  3.69e+00  <none>
  Background_CR_loose_SIG_bin_2-2    2.0155e+03    2.0155e+03 +/-  7.10e+01  <none>
  Background_CR_loose_SIG_bin_2-3    1.6224e+03    1.6224e+03 +/-  5.25e+01  <none>
  Background_CR_loose_SIG_bin_2-4    1.0342e+03    1.0342e+03 +/-  3.79e+01  <none>
  Background_CR_loose_SIG_bin_2-5    5.9854e+02    5.9854e+02 +/-  2.63e+01  <none>
  Background_CR_loose_SIG_bin_2-6    4.1203e+02    4.1203e+02 +/-  2.13e+01  <none>
  Background_CR_loose_SIG_bin_2-7    2.6399e+02    2.6399e+02 +/-  1.67e+01  <none>
  Background_CR_loose_SIG_bin_2-8    1.5350e+02    1.5350e+02 +/-  1.26e+01  <none>
  Background_CR_loose_SIG_bin_2-9    1.0197e+02    1.0197e+02 +/-  1.06e+01  <none>
  Background_CR_loose_SIG_bin_3-1    1.5282e+03    1.5282e+03 +/-  8.08e+01  <none>
  Background_CR_loose_SIG_bin_3-10    3.7137e+01    3.7135e+01 +/-  7.18e+00  <none>
  Background_CR_loose_SIG_bin_3-11    4.4130e+01    4.4130e+01 +/-  6.66e+00  <none>
  Background_CR_loose_SIG_bin_3-12    3.7858e+01    3.7857e+01 +/-  6.24e+00  <none>
  Background_CR_loose_SIG_bin_3-13    1.9994e+01    1.9994e+01 +/-  4.49e+00  <none>
  Background_CR_loose_SIG_bin_3-2    1.6407e+03    1.6407e+03 +/-  6.99e+01  <none>
  Background_CR_loose_SIG_bin_3-3    1.4767e+03    1.4766e+03 +/-  5.50e+01  <none>
  Background_CR_loose_SIG_bin_3-4    9.6496e+02    9.6496e+02 +/-  3.88e+01  <none>
  Background_CR_loose_SIG_bin_3-5    6.3701e+02    6.3701e+02 +/-  2.86e+01  <none>
  Background_CR_loose_SIG_bin_3-6    3.9891e+02    3.9891e+02 +/-  2.12e+01  <none>
  Background_CR_loose_SIG_bin_3-7    1.9682e+02    1.9682e+02 +/-  1.49e+01  <none>
  Background_CR_loose_SIG_bin_3-8    1.4023e+02    1.4023e+02 +/-  1.23e+01  <none>
  Background_CR_loose_SIG_bin_3-9    1.0033e+02    1.0033e+02 +/-  1.04e+01  <none>
  Background_CR_rpf_1x0_par0    1.3228e-01    1.3228e-01 +/-  3.33e-03  <none>
  Background_CR_rpf_1x0_par1    6.3316e-02    6.3313e-02 +/-  8.02e-03  <none>
               PNetTop   -5.2669e-02   -5.2415e-02 +/-  8.86e-01  <none>
               PNetXbb    3.2614e-03    1.5473e-03 +/-  9.09e-01  <none>
                Pileup    2.1777e-01    2.1757e-01 +/-  1.03e+00  <none>
               Prefire   -4.6105e-03   -3.6909e-03 +/-  1.94e-01  <none>
           TptReweight    1.8938e-01    1.8862e-01 +/-  9.89e-01  <none>
                   jer   -4.2621e-01   -4.2570e-01 +/-  8.49e-01  <none>
                   jes    1.3191e+00    1.3193e+00 +/-  6.42e-01  <none>
                   jmr   -1.5300e-01   -1.5268e-01 +/-  4.97e-01  <none>
                   jms    2.3349e-02    2.3410e-02 +/-  7.00e-01  <none>
                  lumi    5.9992e-02    5.9371e-02 +/-  9.69e-01  <none>
                   pdf    2.3939e-01    2.3917e-01 +/-  8.65e-01  <none>
                     r    1.0949e+00    1.0951e+00 +/-  5.20e-01  <none>
            ttbar_xsec    1.2173e+00    1.2172e+00 +/-  9.27e-01  <none>
                w_xsec   -2.1100e-01   -2.1148e-01 +/-  9.39e-01  <none>
                z_xsec   -3.2186e-01   -3.2176e-01 +/-  7.40e-01  <none>

Robus Fit for POI 
Set default minimizer to Minuit2, algorithm Migrad, tolerance 0.1
Searching for crossing at nll = -140.405 in the interval 1.09514, 5
      r      lvl-here  lvl-there   stepping
1.485625    +0.24058  +0.49448    0.390486
1.876111    -0.40950  +0.24058    0.390486
1.602770    +0.07944  -0.40950    0.117146
1.719916    -0.10798  +0.07944    0.117146
1.637914    +0.02460  -0.10798    0.035144
1.673058    -0.03304  +0.02460    0.035144
1.648457    +0.00759  -0.03304    0.010543
1.659000    -0.00968  +0.00759    0.010543
1.651620    +0.00244  -0.00968    0.003163
1.654783    -0.00273  +0.00244    0.003163
1.652569    +0.00090  -0.00273    0.000949
1.653518    -0.00065  +0.00090    0.000949
1.652854    +0.00043  -0.00065    0.000285
1.653138    -0.00003  +0.00043    0.000285
Set default minimizer to Minuit2, algorithm Migrad, tolerance 0.1
Searching for crossing at nll = -140.405 in the interval 1.09514, -1
      r      lvl-here  lvl-there   stepping
0.885625    +0.41231  +0.49448    -0.209514
0.676111    +0.15762  +0.41231    -0.209514
0.466597    -0.28323  +0.15762    -0.209514
0.613257    +0.04547  -0.28323    -0.062854
0.550402    -0.08391  +0.04547    -0.062854
0.594400    +0.00845  -0.08391    -0.018856
0.575544    -0.03005  +0.00845    -0.018856
0.588743    -0.00295  -0.03005    -0.005657
0.592703    +0.00504  -0.00295    -0.001697
0.591006    +0.00162  +0.00504    -0.001697
0.589309    -0.00181  +0.00162    -0.001697
0.590497    +0.00060  -0.00181    -0.000509
0.589988    -0.00043  +0.00060    -0.000509
0.590344    +0.00029  -0.00043    -0.000153

  RooFitResult: minimized FCN value: -3.22864e-05, estimated distance to minimum: 2.56231e-05
                covariance matrix quality: Full matrix, but forced positive-definite
                Status : MINIMIZE=0 HESSE=0 

    Constant Parameter    Value     
  --------------------  ------------
            PNetTop_In    0.0000e+00
            PNetXbb_In    0.0000e+00
             Pileup_In    0.0000e+00
            Prefire_In    0.0000e+00
        TptReweight_In    0.0000e+00
                jer_In    0.0000e+00
                jes_In    0.0000e+00
                jmr_In    0.0000e+00
                jms_In    0.0000e+00
               lumi_In    0.0000e+00
  n_exp_binCR_loose_HIGH_proc_Background    1.0000e+00
  n_exp_binCR_loose_LOW_proc_Background    1.0000e+00
  n_exp_binCR_loose_SIG_proc_Background    1.0000e+00
  n_exp_binCR_pass_HIGH_proc_Background_1x0    1.0000e+00
  n_exp_binCR_pass_LOW_proc_Background_1x0    1.0000e+00
  n_exp_binCR_pass_SIG_proc_Background_1x0    1.0000e+00
                pdf_In    0.0000e+00
         ttbar_xsec_In    0.0000e+00
             w_xsec_In    0.0000e+00
             z_xsec_In    0.0000e+00

    Floating Parameter  InitialValue    FinalValue (+HiError,-LoError)    GblCorr.
  --------------------  ------------  ----------------------------------  --------
  Background_CR_loose_HIGH_bin_1-1    1.0075e+03    1.0075e+03         +/-  8.19e+01  <none>
  Background_CR_loose_HIGH_bin_1-10    6.6110e+01    6.6110e+01         +/-  8.27e+00  <none>
  Background_CR_loose_HIGH_bin_1-11    4.5362e+01    4.5362e+01         +/-  6.77e+00  <none>
  Background_CR_loose_HIGH_bin_1-12    3.9948e+01    3.9948e+01         +/-  6.28e+00  <none>
  Background_CR_loose_HIGH_bin_1-13    9.7849e+00    9.7849e+00         +/-  3.35e+00  <none>
  Background_CR_loose_HIGH_bin_1-2    1.3994e+03    1.3993e+03         +/-  7.84e+01  <none>
  Background_CR_loose_HIGH_bin_1-3    1.2580e+03    1.2580e+03         +/-  5.90e+01  <none>
  Background_CR_loose_HIGH_bin_1-4    9.5935e+02    9.5934e+02         +/-  4.28e+01  <none>
  Background_CR_loose_HIGH_bin_1-5    6.1409e+02    6.1408e+02         +/-  3.06e+01  <none>
  Background_CR_loose_HIGH_bin_1-6    3.3967e+02    3.3966e+02         +/-  2.11e+01  <none>
  Background_CR_loose_HIGH_bin_1-7    2.5837e+02    2.5836e+02         +/-  1.75e+01  <none>
  Background_CR_loose_HIGH_bin_1-8    1.3485e+02    1.3485e+02         +/-  1.23e+01  <none>
  Background_CR_loose_HIGH_bin_1-9    1.0181e+02    1.0181e+02         +/-  1.04e+01  <none>
  Background_CR_loose_HIGH_bin_2-1    5.5571e+02    5.5569e+02         +/-  9.72e+01  <none>
  Background_CR_loose_HIGH_bin_2-10    4.9386e+01    4.9383e+01         +/-  8.48e+00  <none>
  Background_CR_loose_HIGH_bin_2-11    4.6775e+01    4.6772e+01         +/-  7.70e+00  <none>
  Background_CR_loose_HIGH_bin_2-12    2.9478e+01    2.9477e+01         +/-  6.20e+00  <none>
  Background_CR_loose_HIGH_bin_2-13    1.4432e+01    1.4431e+01         +/-  4.43e+00  <none>
  Background_CR_loose_HIGH_bin_2-2    9.7104e+02    9.7102e+02         +/-  1.03e+02  <none>
  Background_CR_loose_HIGH_bin_2-3    9.9168e+02    9.9166e+02         +/-  8.12e+01  <none>
  Background_CR_loose_HIGH_bin_2-4    7.9191e+02    7.9189e+02         +/-  5.87e+01  <none>
  Background_CR_loose_HIGH_bin_2-5    5.7820e+02    5.7819e+02         +/-  4.14e+01  <none>
  Background_CR_loose_HIGH_bin_2-6    3.7115e+02    3.7114e+02         +/-  2.99e+01  <none>
  Background_CR_loose_HIGH_bin_2-7    2.0684e+02    2.0684e+02         +/-  2.00e+01  <none>
  Background_CR_loose_HIGH_bin_2-8    1.5764e+02    1.5763e+02         +/-  1.61e+01  <none>
  Background_CR_loose_HIGH_bin_2-9    1.1179e+02    1.1178e+02         +/-  1.26e+01  <none>
  Background_CR_loose_HIGH_bin_3-1    2.5490e+02    2.5491e+02         +/-  7.76e+01  <none>
  Background_CR_loose_HIGH_bin_3-10    8.7178e+01    8.7178e+01         +/-  1.06e+01  <none>
  Background_CR_loose_HIGH_bin_3-11    3.4753e+01    3.4753e+01         +/-  7.61e+00  <none>
  Background_CR_loose_HIGH_bin_3-12    3.7787e+01    3.7786e+01         +/-  6.79e+00  <none>
  Background_CR_loose_HIGH_bin_3-13    2.5235e+01    2.5235e+01         +/-  5.36e+00  <none>
  Background_CR_loose_HIGH_bin_3-2    6.0660e+02    6.0661e+02         +/-  9.28e+01  <none>
  Background_CR_loose_HIGH_bin_3-3    7.6408e+02    7.6409e+02         +/-  8.54e+01  <none>
  Background_CR_loose_HIGH_bin_3-4    5.8083e+02    5.8082e+02         +/-  6.32e+01  <none>
  Background_CR_loose_HIGH_bin_3-5    4.6386e+02    4.6385e+02         +/-  4.57e+01  <none>
  Background_CR_loose_HIGH_bin_3-6    3.3177e+02    3.3177e+02         +/-  3.22e+01  <none>
  Background_CR_loose_HIGH_bin_3-7    2.0808e+02    2.0809e+02         +/-  2.30e+01  <none>
  Background_CR_loose_HIGH_bin_3-8    1.0966e+02    1.0966e+02         +/-  1.59e+01  <none>
  Background_CR_loose_HIGH_bin_3-9    8.6583e+01    8.6582e+01         +/-  1.25e+01  <none>
  Background_CR_loose_HIGH_bin_4-1    1.5633e+02    1.5633e+02         +/-  3.33e+01  <none>
  Background_CR_loose_HIGH_bin_4-10    6.9941e+01    6.9941e+01         +/-  8.54e+00  <none>
  Background_CR_loose_HIGH_bin_4-11    3.2767e+01    3.2767e+01         +/-  6.25e+00  <none>
  Background_CR_loose_HIGH_bin_4-12    2.9806e+01    2.9806e+01         +/-  5.54e+00  <none>
  Background_CR_loose_HIGH_bin_4-13    1.0627e+01    1.0628e+01         +/-  3.73e+00  <none>
  Background_CR_loose_HIGH_bin_4-2    4.2825e+02    4.2826e+02         +/-  4.85e+01  <none>
  Background_CR_loose_HIGH_bin_4-3    4.9627e+02    4.9627e+02         +/-  4.33e+01  <none>
  Background_CR_loose_HIGH_bin_4-4    4.4170e+02    4.4170e+02         +/-  3.76e+01  <none>
  Background_CR_loose_HIGH_bin_4-5    4.0885e+02    4.0885e+02         +/-  2.93e+01  <none>
  Background_CR_loose_HIGH_bin_4-6    2.4249e+02    2.4249e+02         +/-  2.24e+01  <none>
  Background_CR_loose_HIGH_bin_4-7    1.9882e+02    1.9882e+02         +/-  1.71e+01  <none>
  Background_CR_loose_HIGH_bin_4-8    1.3537e+02    1.3537e+02         +/-  1.31e+01  <none>
  Background_CR_loose_HIGH_bin_4-9    8.6446e+01    8.6448e+01         +/-  1.01e+01  <none>
  Background_CR_loose_HIGH_bin_5-1    4.3244e+01    4.3247e+01         +/-  1.12e+01  <none>
  Background_CR_loose_HIGH_bin_5-10    5.4265e+01    5.4265e+01         +/-  7.27e+00  <none>
  Background_CR_loose_HIGH_bin_5-11    3.9539e+01    3.9539e+01         +/-  6.19e+00  <none>
  Background_CR_loose_HIGH_bin_5-12    1.8618e+01    1.8617e+01         +/-  4.31e+00  <none>
  Background_CR_loose_HIGH_bin_5-13    7.7514e+00    7.7504e+00         +/-  2.95e+00  <none>
  Background_CR_loose_HIGH_bin_5-2    1.8496e+02    1.8496e+02         +/-  1.98e+01  <none>
  Background_CR_loose_HIGH_bin_5-3    3.0447e+02    3.0448e+02         +/-  2.12e+01  <none>
  Background_CR_loose_HIGH_bin_5-4    3.0235e+02    3.0236e+02         +/-  2.10e+01  <none>
  Background_CR_loose_HIGH_bin_5-5    3.0890e+02    3.0891e+02         +/-  1.89e+01  <none>
  Background_CR_loose_HIGH_bin_5-6    2.2970e+02    2.2970e+02         +/-  1.59e+01  <none>
  Background_CR_loose_HIGH_bin_5-7    1.7706e+02    1.7706e+02         +/-  1.34e+01  <none>
  Background_CR_loose_HIGH_bin_5-8    1.2877e+02    1.2877e+02         +/-  1.13e+01  <none>
  Background_CR_loose_HIGH_bin_5-9    6.9977e+01    6.9977e+01         +/-  8.31e+00  <none>
  Background_CR_loose_HIGH_bin_6-1    2.9790e+01    2.9791e+01         +/-  5.89e+00  <none>
  Background_CR_loose_HIGH_bin_6-10    4.7877e+01    4.7877e+01         +/-  6.61e+00  <none>
  Background_CR_loose_HIGH_bin_6-11    3.4954e+01    3.4952e+01         +/-  5.70e+00  <none>
  Background_CR_loose_HIGH_bin_6-12    3.0039e+01    3.0038e+01         +/-  5.16e+00  <none>
  Background_CR_loose_HIGH_bin_6-13    2.3269e+01    2.3269e+01         +/-  4.52e+00  <none>
  Background_CR_loose_HIGH_bin_6-2    8.3635e+01    8.3635e+01         +/-  1.05e+01  <none>
  Background_CR_loose_HIGH_bin_6-3    1.7636e+02    1.7637e+02         +/-  1.47e+01  <none>
  Background_CR_loose_HIGH_bin_6-4    2.2603e+02    2.2603e+02         +/-  1.55e+01  <none>
  Background_CR_loose_HIGH_bin_6-5    1.9179e+02    1.9179e+02         +/-  1.41e+01  <none>
  Background_CR_loose_HIGH_bin_6-6    1.5849e+02    1.5849e+02         +/-  1.25e+01  <none>
  Background_CR_loose_HIGH_bin_6-7    1.6315e+02    1.6316e+02         +/-  1.25e+01  <none>
  Background_CR_loose_HIGH_bin_6-8    8.8922e+01    8.8922e+01         +/-  9.28e+00  <none>
  Background_CR_loose_HIGH_bin_6-9    6.9057e+01    6.9057e+01         +/-  8.20e+00  <none>
  Background_CR_loose_LOW_bin_1-1    2.5414e+03    2.5414e+03         +/-  5.30e+01  <none>
  Background_CR_loose_LOW_bin_1-10    9.6872e+01    9.6872e+01         +/-  9.54e+00  <none>
  Background_CR_loose_LOW_bin_1-11    3.8615e+01    3.8615e+01         +/-  6.32e+00  <none>
  Background_CR_loose_LOW_bin_1-12    4.6625e+01    4.6627e+01         +/-  6.58e+00  <none>
  Background_CR_loose_LOW_bin_1-13    4.1951e+01    4.1951e+01         +/-  6.29e+00  <none>
  Background_CR_loose_LOW_bin_1-2    2.4896e+03    2.4896e+03         +/-  5.07e+01  <none>
  Background_CR_loose_LOW_bin_1-3    1.9430e+03    1.9430e+03         +/-  4.34e+01  <none>
  Background_CR_loose_LOW_bin_1-4    1.2177e+03    1.2177e+03         +/-  3.42e+01  <none>
  Background_CR_loose_LOW_bin_1-5    7.4914e+02    7.4914e+02         +/-  2.67e+01  <none>
  Background_CR_loose_LOW_bin_1-6    4.2324e+02    4.2324e+02         +/-  1.99e+01  <none>
  Background_CR_loose_LOW_bin_1-7    2.8418e+02    2.8418e+02         +/-  1.64e+01  <none>
  Background_CR_loose_LOW_bin_1-8    2.1476e+02    2.1476e+02         +/-  1.43e+01  <none>
  Background_CR_loose_LOW_bin_1-9    1.5136e+02    1.5136e+02         +/-  1.20e+01  <none>
  Background_CR_loose_LOW_bin_2-1    2.3149e+03    2.3149e+03         +/-  6.13e+01  <none>
  Background_CR_loose_LOW_bin_2-10    8.1480e+01    8.1480e+01         +/-  9.50e+00  <none>
  Background_CR_loose_LOW_bin_2-11    7.3962e+01    7.3964e+01         +/-  8.88e+00  <none>
  Background_CR_loose_LOW_bin_2-12    4.0417e+01    4.0417e+01         +/-  6.76e+00  <none>
  Background_CR_loose_LOW_bin_2-13    2.5048e+01    2.5047e+01         +/-  5.41e+00  <none>
  Background_CR_loose_LOW_bin_2-2    2.3443e+03    2.3444e+03         +/-  5.76e+01  <none>
  Background_CR_loose_LOW_bin_2-3    1.9063e+03    1.9063e+03         +/-  4.71e+01  <none>
  Background_CR_loose_LOW_bin_2-4    1.1511e+03    1.1511e+03         +/-  3.56e+01  <none>
  Background_CR_loose_LOW_bin_2-5    7.0403e+02    7.0404e+02         +/-  2.77e+01  <none>
  Background_CR_loose_LOW_bin_2-6    4.3002e+02    4.3003e+02         +/-  2.19e+01  <none>
  Background_CR_loose_LOW_bin_2-7    2.6998e+02    2.6999e+02         +/-  1.71e+01  <none>
  Background_CR_loose_LOW_bin_2-8    1.7911e+02    1.7911e+02         +/-  1.42e+01  <none>
  Background_CR_loose_LOW_bin_2-9    1.4342e+02    1.4342e+02         +/-  1.24e+01  <none>
  Background_CR_loose_LOW_bin_3-1    2.2877e+03    2.2877e+03         +/-  6.79e+01  <none>
  Background_CR_loose_LOW_bin_3-10    8.2476e+01    8.2477e+01         +/-  9.55e+00  <none>
  Background_CR_loose_LOW_bin_3-11    4.8689e+01    4.8689e+01         +/-  7.38e+00  <none>
  Background_CR_loose_LOW_bin_3-12    4.4390e+01    4.4391e+01         +/-  6.84e+00  <none>
  Background_CR_loose_LOW_bin_3-13    2.6889e+01    2.6890e+01         +/-  5.42e+00  <none>
  Background_CR_loose_LOW_bin_3-2    2.2902e+03    2.2902e+03         +/-  6.11e+01  <none>
  Background_CR_loose_LOW_bin_3-3    1.7132e+03    1.7132e+03         +/-  4.71e+01  <none>
  Background_CR_loose_LOW_bin_3-4    1.1898e+03    1.1899e+03         +/-  3.69e+01  <none>
  Background_CR_loose_LOW_bin_3-5    6.9988e+02    6.9988e+02         +/-  2.79e+01  <none>
  Background_CR_loose_LOW_bin_3-6    3.8836e+02    3.8836e+02         +/-  2.07e+01  <none>
  Background_CR_loose_LOW_bin_3-7    2.4360e+02    2.4360e+02         +/-  1.61e+01  <none>
  Background_CR_loose_LOW_bin_3-8    1.4464e+02    1.4464e+02         +/-  1.27e+01  <none>
  Background_CR_loose_LOW_bin_3-9    1.0867e+02    1.0867e+02         +/-  1.09e+01  <none>
  Background_CR_loose_SIG_bin_1-1    1.9696e+03    1.9696e+03         +/-  7.05e+01  <none>
  Background_CR_loose_SIG_bin_1-10    8.1485e+01    8.1483e+01         +/-  9.00e+00  <none>
  Background_CR_loose_SIG_bin_1-11    5.2575e+01    5.2575e+01         +/-  7.06e+00  <none>
  Background_CR_loose_SIG_bin_1-12    3.2638e+01    3.2637e+01         +/-  5.65e+00  <none>
  Background_CR_loose_SIG_bin_1-13    1.8649e+01    1.8648e+01         +/-  4.35e+00  <none>
  Background_CR_loose_SIG_bin_1-2    2.0852e+03    2.0851e+03         +/-  6.31e+01  <none>
  Background_CR_loose_SIG_bin_1-3    1.7381e+03    1.7381e+03         +/-  4.92e+01  <none>
  Background_CR_loose_SIG_bin_1-4    1.1643e+03    1.1643e+03         +/-  3.67e+01  <none>
  Background_CR_loose_SIG_bin_1-5    6.1362e+02    6.1361e+02         +/-  2.64e+01  <none>
  Background_CR_loose_SIG_bin_1-6    4.3491e+02    4.3491e+02         +/-  2.10e+01  <none>
  Background_CR_loose_SIG_bin_1-7    2.4166e+02    2.4165e+02         +/-  1.55e+01  <none>
  Background_CR_loose_SIG_bin_1-8    1.5915e+02    1.5915e+02         +/-  1.27e+01  <none>
  Background_CR_loose_SIG_bin_1-9    8.7741e+01    8.7738e+01         +/-  9.74e+00  <none>
  Background_CR_loose_SIG_bin_2-1    1.6019e+03    1.6019e+03         +/-  7.77e+01  <none>
  Background_CR_loose_SIG_bin_2-10    5.6292e+01    5.6288e+01         +/-  8.28e+00  <none>
  Background_CR_loose_SIG_bin_2-11    4.1265e+01    4.1264e+01         +/-  6.52e+00  <none>
  Background_CR_loose_SIG_bin_2-12    4.2639e+01    4.2638e+01         +/-  6.36e+00  <none>
  Background_CR_loose_SIG_bin_2-13    1.3352e+01    1.3353e+01         +/-  3.69e+00  <none>
  Background_CR_loose_SIG_bin_2-2    2.0155e+03    2.0155e+03         +/-  7.10e+01  <none>
  Background_CR_loose_SIG_bin_2-3    1.6224e+03    1.6224e+03         +/-  5.25e+01  <none>
  Background_CR_loose_SIG_bin_2-4    1.0342e+03    1.0342e+03         +/-  3.79e+01  <none>
  Background_CR_loose_SIG_bin_2-5    5.9854e+02    5.9854e+02         +/-  2.63e+01  <none>
  Background_CR_loose_SIG_bin_2-6    4.1203e+02    4.1203e+02         +/-  2.13e+01  <none>
  Background_CR_loose_SIG_bin_2-7    2.6399e+02    2.6399e+02         +/-  1.67e+01  <none>
  Background_CR_loose_SIG_bin_2-8    1.5350e+02    1.5350e+02         +/-  1.26e+01  <none>
  Background_CR_loose_SIG_bin_2-9    1.0197e+02    1.0197e+02         +/-  1.06e+01  <none>
  Background_CR_loose_SIG_bin_3-1    1.5282e+03    1.5282e+03         +/-  8.08e+01  <none>
  Background_CR_loose_SIG_bin_3-10    3.7137e+01    3.7135e+01         +/-  7.18e+00  <none>
  Background_CR_loose_SIG_bin_3-11    4.4130e+01    4.4130e+01         +/-  6.66e+00  <none>
  Background_CR_loose_SIG_bin_3-12    3.7858e+01    3.7857e+01         +/-  6.24e+00  <none>
  Background_CR_loose_SIG_bin_3-13    1.9994e+01    1.9994e+01         +/-  4.49e+00  <none>
  Background_CR_loose_SIG_bin_3-2    1.6407e+03    1.6407e+03         +/-  6.99e+01  <none>
  Background_CR_loose_SIG_bin_3-3    1.4767e+03    1.4766e+03         +/-  5.50e+01  <none>
  Background_CR_loose_SIG_bin_3-4    9.6496e+02    9.6496e+02         +/-  3.88e+01  <none>
  Background_CR_loose_SIG_bin_3-5    6.3701e+02    6.3701e+02         +/-  2.86e+01  <none>
  Background_CR_loose_SIG_bin_3-6    3.9891e+02    3.9891e+02         +/-  2.12e+01  <none>
  Background_CR_loose_SIG_bin_3-7    1.9682e+02    1.9682e+02         +/-  1.49e+01  <none>
  Background_CR_loose_SIG_bin_3-8    1.4023e+02    1.4023e+02         +/-  1.23e+01  <none>
  Background_CR_loose_SIG_bin_3-9    1.0033e+02    1.0033e+02         +/-  1.04e+01  <none>
  Background_CR_rpf_1x0_par0    1.3228e-01    1.3228e-01         +/-  3.33e-03  <none>
  Background_CR_rpf_1x0_par1    6.3316e-02    6.3313e-02         +/-  8.02e-03  <none>
               PNetTop   -5.2669e-02   -5.2415e-02         +/-  8.86e-01  <none>
               PNetXbb    3.2614e-03    1.5473e-03         +/-  9.09e-01  <none>
                Pileup    2.1777e-01    2.1757e-01         +/-  1.03e+00  <none>
               Prefire   -4.6105e-03   -3.6909e-03         +/-  1.94e-01  <none>
           TptReweight    1.8938e-01    1.8862e-01         +/-  9.89e-01  <none>
                   jer   -4.2621e-01   -4.2570e-01         +/-  8.49e-01  <none>
                   jes    1.3191e+00    1.3193e+00         +/-  6.42e-01  <none>
                   jmr   -1.5300e-01   -1.5268e-01         +/-  4.97e-01  <none>
                   jms    2.3349e-02    2.3410e-02         +/-  7.00e-01  <none>
                  lumi    5.9992e-02    5.9371e-02         +/-  9.69e-01  <none>
                   pdf    2.3939e-01    2.3917e-01         +/-  8.65e-01  <none>
                     r    1.0949e+00    1.0951e+00 (+5.58e-01,-5.05e-01)  <none>
            ttbar_xsec    1.2173e+00    1.2172e+00         +/-  9.27e-01  <none>
                w_xsec   -2.1100e-01   -2.1148e-01         +/-  9.39e-01  <none>
                z_xsec   -3.2186e-01   -3.2176e-01         +/-  7.40e-01  <none>


 --- FitDiagnostics ---
Best fit r: 1.09514  -0.50462/+0.557974  (68% CL)
Done in 0.67 min (cpu), 0.67 min (real)
Printing Message Summary From ... combine_logger.out
----------------------------------------------
Messages of type INFO : 142
Messages of type DEBUG : 2
Messages of type ERROR : 2
----------------------------------------------
INFO: (function: applyOptionsBase) FitterAlgoBase.cc: 113 -- Setting robust fit options to Tolerance=0.1 / Strategy=0 / Type,Algo=Minuit2,Migrad (note that defaults of CascadeMinimizer were taken where option not specified)
INFO: (function: improveOnce) CascadeMinimizer.cc: 188 -- Minimisation configured with Type=Minuit2, Algo=Migrad, strategy=1, tolerance=0.1
INFO: (function: improveOnce) CascadeMinimizer.cc: 211 -- Minimisation finished with status=0
INFO: (function: improveOnce) CascadeMinimizer.cc: 216 -- Minimization success! status=0
INFO: (function: improveOnce) CascadeMinimizer.cc: 188 -- Minimisation configured with Type=Minuit2, Algo=Migrad, strategy=1, tolerance=0.1
INFO: (function: improveOnce) CascadeMinimizer.cc: 211 -- Minimisation finished with status=0
INFO: (function: improveOnce) CascadeMinimizer.cc: 216 -- Minimization success! status=0
INFO: (function: improveOnce) CascadeMinimizer.cc: 188 -- Minimisation configured with Type=Minuit2, Algo=Migrad, strategy=1, tolerance=0.1
INFO: (function: improveOnce) CascadeMinimizer.cc: 211 -- Minimisation finished with status=0
INFO: (function: improveOnce) CascadeMinimizer.cc: 216 -- Minimization success! status=0
INFO: (function: improveOnce) CascadeMinimizer.cc: 188 -- Minimisation configured with Type=Minuit2, Algo=Migrad, strategy=1, tolerance=0.1
INFO: (function: improveOnce) CascadeMinimizer.cc: 211 -- Minimisation finished with status=0
INFO: (function: improveOnce) CascadeMinimizer.cc: 216 -- Minimization success! status=0
ERROR: (function: runSpecific) [WARNING]: Unable to determine uncertainties on all fit parameters in b-only fit. Have a look at https://cms-analysis.github.io/HiggsAnalysis-CombinedLimit/part3/nonstandard/#fit-parameter-uncertainties for more information.
DEBUG: (function: runSpecific) FitDiagnostics.cc: 318 -- Fit B-only, status = 0, numBadNLL = 0, covariance quality = 2
INFO: (function: improveOnce) CascadeMinimizer.cc: 188 -- Minimisation configured with Type=Minuit2, Algo=Migrad, strategy=1, tolerance=0.1
INFO: (function: improveOnce) CascadeMinimizer.cc: 211 -- Minimisation finished with status=0
INFO: (function: improveOnce) CascadeMinimizer.cc: 216 -- Minimization success! status=0
INFO: (function: improveOnce) CascadeMinimizer.cc: 188 -- Minimisation configured with Type=Minuit2, Algo=Migrad, strategy=1, tolerance=0.1
INFO: (function: improveOnce) CascadeMinimizer.cc: 211 -- Minimisation finished with status=0
INFO: (function: improveOnce) CascadeMinimizer.cc: 216 -- Minimization success! status=0
INFO: (function: doFit) FitterAlgoBase.cc: 359 -- Running RobustFit for POI r. Configured with strategy 0  
INFO: (function: findCrossing) FitterAlgoBase.cc: 405 -- Searching for crossing at nll = -140.405, in the interval 1.09514 < r < 5
INFO: (function: improveOnce) CascadeMinimizer.cc: 188 -- Minimisation configured with Type=Minuit2, Algo=Migrad, strategy=1, tolerance=0.1
INFO: (function: improveOnce) CascadeMinimizer.cc: 211 -- Minimisation finished with status=0
INFO: (function: improveOnce) CascadeMinimizer.cc: 216 -- Minimization success! status=0
INFO: (function: findCrossing) FitterAlgoBase.cc: 426 -- r lvl-here lvl-there 	stepping 
INFO: (function: improveOnce) CascadeMinimizer.cc: 188 -- Minimisation configured with Type=Minuit2, Algo=Migrad, strategy=1, tolerance=0.1
INFO: (function: improveOnce) CascadeMinimizer.cc: 211 -- Minimisation finished with status=0
INFO: (function: improveOnce) CascadeMinimizer.cc: 216 -- Minimization success! status=0
INFO: (function: findCrossing) FitterAlgoBase.cc: 459 -- 1.485625    +0.24058  +0.49448    0.390486
INFO: (function: improveOnce) CascadeMinimizer.cc: 188 -- Minimisation configured with Type=Minuit2, Algo=Migrad, strategy=1, tolerance=0.1
INFO: (function: improveOnce) CascadeMinimizer.cc: 211 -- Minimisation finished with status=0
INFO: (function: improveOnce) CascadeMinimizer.cc: 216 -- Minimization success! status=0
INFO: (function: findCrossing) FitterAlgoBase.cc: 459 -- 1.876111    -0.40950  +0.24058    0.390486
INFO: (function: improveOnce) CascadeMinimizer.cc: 188 -- Minimisation configured with Type=Minuit2, Algo=Migrad, strategy=1, tolerance=0.1
INFO: (function: improveOnce) CascadeMinimizer.cc: 211 -- Minimisation finished with status=0
INFO: (function: improveOnce) CascadeMinimizer.cc: 216 -- Minimization success! status=0
INFO: (function: findCrossing) FitterAlgoBase.cc: 459 -- 1.602770    +0.07944  -0.40950    0.117146
INFO: (function: improveOnce) CascadeMinimizer.cc: 188 -- Minimisation configured with Type=Minuit2, Algo=Migrad, strategy=1, tolerance=0.1
INFO: (function: improveOnce) CascadeMinimizer.cc: 211 -- Minimisation finished with status=0
INFO: (function: improveOnce) CascadeMinimizer.cc: 216 -- Minimization success! status=0
INFO: (function: findCrossing) FitterAlgoBase.cc: 459 -- 1.719916    -0.10798  +0.07944    0.117146
INFO: (function: improveOnce) CascadeMinimizer.cc: 188 -- Minimisation configured with Type=Minuit2, Algo=Migrad, strategy=1, tolerance=0.1
INFO: (function: improveOnce) CascadeMinimizer.cc: 211 -- Minimisation finished with status=0
INFO: (function: improveOnce) CascadeMinimizer.cc: 216 -- Minimization success! status=0
INFO: (function: findCrossing) FitterAlgoBase.cc: 459 -- 1.637914    +0.02460  -0.10798    0.035144
INFO: (function: improveOnce) CascadeMinimizer.cc: 188 -- Minimisation configured with Type=Minuit2, Algo=Migrad, strategy=1, tolerance=0.1
INFO: (function: improveOnce) CascadeMinimizer.cc: 211 -- Minimisation finished with status=0
INFO: (function: improveOnce) CascadeMinimizer.cc: 216 -- Minimization success! status=0
INFO: (function: findCrossing) FitterAlgoBase.cc: 459 -- 1.673058    -0.03304  +0.02460    0.035144
INFO: (function: improveOnce) CascadeMinimizer.cc: 188 -- Minimisation configured with Type=Minuit2, Algo=Migrad, strategy=1, tolerance=0.1
INFO: (function: improveOnce) CascadeMinimizer.cc: 211 -- Minimisation finished with status=0
INFO: (function: improveOnce) CascadeMinimizer.cc: 216 -- Minimization success! status=0
INFO: (function: findCrossing) FitterAlgoBase.cc: 459 -- 1.648457    +0.00759  -0.03304    0.010543
INFO: (function: improveOnce) CascadeMinimizer.cc: 188 -- Minimisation configured with Type=Minuit2, Algo=Migrad, strategy=1, tolerance=0.1
INFO: (function: improveOnce) CascadeMinimizer.cc: 211 -- Minimisation finished with status=0
INFO: (function: improveOnce) CascadeMinimizer.cc: 216 -- Minimization success! status=0
INFO: (function: findCrossing) FitterAlgoBase.cc: 459 -- 1.659000    -0.00968  +0.00759    0.010543
INFO: (function: improveOnce) CascadeMinimizer.cc: 188 -- Minimisation configured with Type=Minuit2, Algo=Migrad, strategy=1, tolerance=0.1
INFO: (function: improveOnce) CascadeMinimizer.cc: 211 -- Minimisation finished with status=0
INFO: (function: improveOnce) CascadeMinimizer.cc: 216 -- Minimization success! status=0
INFO: (function: findCrossing) FitterAlgoBase.cc: 459 -- 1.651620    +0.00244  -0.00968    0.003163
INFO: (function: improveOnce) CascadeMinimizer.cc: 188 -- Minimisation configured with Type=Minuit2, Algo=Migrad, strategy=1, tolerance=0.1
INFO: (function: improveOnce) CascadeMinimizer.cc: 211 -- Minimisation finished with status=0
INFO: (function: improveOnce) CascadeMinimizer.cc: 216 -- Minimization success! status=0
INFO: (function: findCrossing) FitterAlgoBase.cc: 459 -- 1.654783    -0.00273  +0.00244    0.003163
INFO: (function: improveOnce) CascadeMinimizer.cc: 188 -- Minimisation configured with Type=Minuit2, Algo=Migrad, strategy=1, tolerance=0.1
INFO: (function: improveOnce) CascadeMinimizer.cc: 211 -- Minimisation finished with status=0
INFO: (function: improveOnce) CascadeMinimizer.cc: 216 -- Minimization success! status=0
INFO: (function: findCrossing) FitterAlgoBase.cc: 459 -- 1.652569    +0.00090  -0.00273    0.000949
INFO: (function: improveOnce) CascadeMinimizer.cc: 188 -- Minimisation configured with Type=Minuit2, Algo=Migrad, strategy=1, tolerance=0.1
INFO: (function: improveOnce) CascadeMinimizer.cc: 211 -- Minimisation finished with status=0
INFO: (function: improveOnce) CascadeMinimizer.cc: 216 -- Minimization success! status=0
INFO: (function: findCrossing) FitterAlgoBase.cc: 459 -- 1.653518    -0.00065  +0.00090    0.000949
INFO: (function: improveOnce) CascadeMinimizer.cc: 188 -- Minimisation configured with Type=Minuit2, Algo=Migrad, strategy=1, tolerance=0.1
INFO: (function: improveOnce) CascadeMinimizer.cc: 211 -- Minimisation finished with status=0
INFO: (function: improveOnce) CascadeMinimizer.cc: 216 -- Minimization success! status=0
INFO: (function: findCrossing) FitterAlgoBase.cc: 459 -- 1.652854    +0.00043  -0.00065    0.000285
INFO: (function: improveOnce) CascadeMinimizer.cc: 188 -- Minimisation configured with Type=Minuit2, Algo=Migrad, strategy=1, tolerance=0.1
INFO: (function: improveOnce) CascadeMinimizer.cc: 211 -- Minimisation finished with status=0
INFO: (function: improveOnce) CascadeMinimizer.cc: 216 -- Minimization success! status=0
INFO: (function: findCrossing) FitterAlgoBase.cc: 459 -- 1.653138    -0.00003  +0.00043    0.000285
INFO: (function: findCrossing) FitterAlgoBase.cc: 405 -- Searching for crossing at nll = -140.405, in the interval 1.09514 < r < -1
INFO: (function: improveOnce) CascadeMinimizer.cc: 188 -- Minimisation configured with Type=Minuit2, Algo=Migrad, strategy=1, tolerance=0.1
INFO: (function: improveOnce) CascadeMinimizer.cc: 211 -- Minimisation finished with status=0
INFO: (function: improveOnce) CascadeMinimizer.cc: 216 -- Minimization success! status=0
INFO: (function: findCrossing) FitterAlgoBase.cc: 426 -- r lvl-here lvl-there 	stepping 
INFO: (function: improveOnce) CascadeMinimizer.cc: 188 -- Minimisation configured with Type=Minuit2, Algo=Migrad, strategy=1, tolerance=0.1
INFO: (function: improveOnce) CascadeMinimizer.cc: 211 -- Minimisation finished with status=0
INFO: (function: improveOnce) CascadeMinimizer.cc: 216 -- Minimization success! status=0
INFO: (function: findCrossing) FitterAlgoBase.cc: 459 -- 0.885625    +0.41231  +0.49448    -0.209514
INFO: (function: improveOnce) CascadeMinimizer.cc: 188 -- Minimisation configured with Type=Minuit2, Algo=Migrad, strategy=1, tolerance=0.1
INFO: (function: improveOnce) CascadeMinimizer.cc: 211 -- Minimisation finished with status=0
INFO: (function: improveOnce) CascadeMinimizer.cc: 216 -- Minimization success! status=0
INFO: (function: findCrossing) FitterAlgoBase.cc: 459 -- 0.676111    +0.15762  +0.41231    -0.209514
INFO: (function: improveOnce) CascadeMinimizer.cc: 188 -- Minimisation configured with Type=Minuit2, Algo=Migrad, strategy=1, tolerance=0.1
INFO: (function: improveOnce) CascadeMinimizer.cc: 211 -- Minimisation finished with status=0
INFO: (function: improveOnce) CascadeMinimizer.cc: 216 -- Minimization success! status=0
INFO: (function: findCrossing) FitterAlgoBase.cc: 459 -- 0.466597    -0.28323  +0.15762    -0.209514
INFO: (function: improveOnce) CascadeMinimizer.cc: 188 -- Minimisation configured with Type=Minuit2, Algo=Migrad, strategy=1, tolerance=0.1
INFO: (function: improveOnce) CascadeMinimizer.cc: 211 -- Minimisation finished with status=0
INFO: (function: improveOnce) CascadeMinimizer.cc: 216 -- Minimization success! status=0
INFO: (function: findCrossing) FitterAlgoBase.cc: 459 -- 0.613257    +0.04547  -0.28323    -0.062854
INFO: (function: improveOnce) CascadeMinimizer.cc: 188 -- Minimisation configured with Type=Minuit2, Algo=Migrad, strategy=1, tolerance=0.1
INFO: (function: improveOnce) CascadeMinimizer.cc: 211 -- Minimisation finished with status=0
INFO: (function: improveOnce) CascadeMinimizer.cc: 216 -- Minimization success! status=0
INFO: (function: findCrossing) FitterAlgoBase.cc: 459 -- 0.550402    -0.08391  +0.04547    -0.062854
INFO: (function: improveOnce) CascadeMinimizer.cc: 188 -- Minimisation configured with Type=Minuit2, Algo=Migrad, strategy=1, tolerance=0.1
INFO: (function: improveOnce) CascadeMinimizer.cc: 211 -- Minimisation finished with status=0
INFO: (function: improveOnce) CascadeMinimizer.cc: 216 -- Minimization success! status=0
INFO: (function: findCrossing) FitterAlgoBase.cc: 459 -- 0.594400    +0.00845  -0.08391    -0.018856
INFO: (function: improveOnce) CascadeMinimizer.cc: 188 -- Minimisation configured with Type=Minuit2, Algo=Migrad, strategy=1, tolerance=0.1
INFO: (function: improveOnce) CascadeMinimizer.cc: 211 -- Minimisation finished with status=0
INFO: (function: improveOnce) CascadeMinimizer.cc: 216 -- Minimization success! status=0
INFO: (function: findCrossing) FitterAlgoBase.cc: 459 -- 0.575544    -0.03005  +0.00845    -0.018856
INFO: (function: improveOnce) CascadeMinimizer.cc: 188 -- Minimisation configured with Type=Minuit2, Algo=Migrad, strategy=1, tolerance=0.1
INFO: (function: improveOnce) CascadeMinimizer.cc: 211 -- Minimisation finished with status=0
INFO: (function: improveOnce) CascadeMinimizer.cc: 216 -- Minimization success! status=0
INFO: (function: findCrossing) FitterAlgoBase.cc: 459 -- 0.588743    -0.00295  -0.03005    -0.005657
INFO: (function: improveOnce) CascadeMinimizer.cc: 188 -- Minimisation configured with Type=Minuit2, Algo=Migrad, strategy=1, tolerance=0.1
INFO: (function: improveOnce) CascadeMinimizer.cc: 211 -- Minimisation finished with status=0
INFO: (function: improveOnce) CascadeMinimizer.cc: 216 -- Minimization success! status=0
INFO: (function: findCrossing) FitterAlgoBase.cc: 459 -- 0.592703    +0.00504  -0.00295    -0.001697
INFO: (function: improveOnce) CascadeMinimizer.cc: 188 -- Minimisation configured with Type=Minuit2, Algo=Migrad, strategy=1, tolerance=0.1
INFO: (function: improveOnce) CascadeMinimizer.cc: 211 -- Minimisation finished with status=0
INFO: (function: improveOnce) CascadeMinimizer.cc: 216 -- Minimization success! status=0
INFO: (function: findCrossing) FitterAlgoBase.cc: 459 -- 0.591006    +0.00162  +0.00504    -0.001697
INFO: (function: improveOnce) CascadeMinimizer.cc: 188 -- Minimisation configured with Type=Minuit2, Algo=Migrad, strategy=1, tolerance=0.1
INFO: (function: improveOnce) CascadeMinimizer.cc: 211 -- Minimisation finished with status=0
INFO: (function: improveOnce) CascadeMinimizer.cc: 216 -- Minimization success! status=0
INFO: (function: findCrossing) FitterAlgoBase.cc: 459 -- 0.589309    -0.00181  +0.00162    -0.001697
INFO: (function: improveOnce) CascadeMinimizer.cc: 188 -- Minimisation configured with Type=Minuit2, Algo=Migrad, strategy=1, tolerance=0.1
INFO: (function: improveOnce) CascadeMinimizer.cc: 211 -- Minimisation finished with status=0
INFO: (function: improveOnce) CascadeMinimizer.cc: 216 -- Minimization success! status=0
INFO: (function: findCrossing) FitterAlgoBase.cc: 459 -- 0.590497    +0.00060  -0.00181    -0.000509
INFO: (function: improveOnce) CascadeMinimizer.cc: 188 -- Minimisation configured with Type=Minuit2, Algo=Migrad, strategy=1, tolerance=0.1
INFO: (function: improveOnce) CascadeMinimizer.cc: 211 -- Minimisation finished with status=0
INFO: (function: improveOnce) CascadeMinimizer.cc: 216 -- Minimization success! status=0
INFO: (function: findCrossing) FitterAlgoBase.cc: 459 -- 0.589988    -0.00043  +0.00060    -0.000509
INFO: (function: improveOnce) CascadeMinimizer.cc: 188 -- Minimisation configured with Type=Minuit2, Algo=Migrad, strategy=1, tolerance=0.1
INFO: (function: improveOnce) CascadeMinimizer.cc: 211 -- Minimisation finished with status=0
INFO: (function: improveOnce) CascadeMinimizer.cc: 216 -- Minimization success! status=0
INFO: (function: findCrossing) FitterAlgoBase.cc: 459 -- 0.590344    +0.00029  -0.00043    -0.000153
ERROR: (function: runSpecific) [WARNING]: Unable to determine uncertainties on all fit parameters in s+b fit. Have a look at https://cms-analysis.github.io/HiggsAnalysis-CombinedLimit/part3/nonstandard/#fit-parameter-uncertainties for more information.
DEBUG: (function: runSpecific) FitDiagnostics.cc: 443 -- Fit S+B, status = 0, numBadNLL = 0, covariance quality = 2
