
>>> random number generator seed is 123456
   Options for Robust Minimizer :: 
        Tolerance  0.1
        Strategy   0
        Type,Algo  Minuit2,Migrad
>>> method used is FitDiagnostics
Set Default Value of Parameter r To : 1
>>> 0 out of 6 channels masked

>>> Channel masks:
  1) 0x5119b40 RooRealVar::  mask_CR_loose_LOW = 0 C  L(-INF - +INF)  "mask_CR_loose_LOW"
  2) 0x511a620 RooRealVar::  mask_CR_loose_SIG = 0 C  L(-INF - +INF)  "mask_CR_loose_SIG"
  3) 0x511b230 RooRealVar:: mask_CR_loose_HIGH = 0 C  L(-INF - +INF)  "mask_CR_loose_HIGH"
  4) 0x511be40 RooRealVar::   mask_CR_pass_LOW = 0 C  L(-INF - +INF)  "mask_CR_pass_LOW"
  5) 0x511ca50 RooRealVar::   mask_CR_pass_SIG = 0 C  L(-INF - +INF)  "mask_CR_pass_SIG"
  6) 0x511d660 RooRealVar::  mask_CR_pass_HIGH = 0 C  L(-INF - +INF)  "mask_CR_pass_HIGH"
SimNLL created with 0 channels, 0 generic constraints, 14 fast gaussian constraints, 0 fast poisson constraints, 0 fast group constraints, 
Minuit2Minimizer: Minimize with max-calls 7000 convergence for edm < 0.1 strategy 1
Minuit2Minimizer::Minuit  - Changing default options
             StorageLevel :               0
MnSeedGenerator: for initial parameters FCN = 0
MnSeedGenerator: Initial state:   - FCN =                0 Edm =            0 NCalls =     57
VariableMetric: start iterating until Edm is < 0.0001
VariableMetric: Initial state   - FCN =                0 Edm =            0 NCalls =     57
VariableMetric: Iteration #   0 - FCN =                0 Edm =            0 NCalls =     57
VariableMetric: After Hessian   - FCN =                0 Edm =            0 NCalls =    205
VariableMetric: Iteration #   1 - FCN =                0 Edm =            0 NCalls =    205
Minuit2Minimizer : Valid minimum - status = 0
FVAL  = 0
Edm   = 0
Nfcn  = 205
PNetTop	  = 0	 +/-  1
PNetXbb	  = 0	 +/-  1
Pileup	  = 0	 +/-  1
Prefire	  = 0	 +/-  1
TptReweight	  = 0	 +/-  1
jer	  = 0	 +/-  1
jes	  = 0	 +/-  1
jmr	  = 0	 +/-  1
jms	  = 0	 +/-  1
lumi	  = 0	 +/-  1
pdf	  = 0	 +/-  1
ttbar_xsec	  = 0	 +/-  1
w_xsec	  = 0	 +/-  1
z_xsec	  = 0	 +/-  1
SimNLL created with 6 channels, 0 generic constraints, 14 fast gaussian constraints, 0 fast poisson constraints, 0 fast group constraints, 

  RooFitResult: minimized FCN value: -6.3249e-05, estimated distance to minimum: 4.13632e-05
                covariance matrix quality: Full, accurate covariance matrix
                Status : MINIMIZE=0 HESSE=0 

    Constant Parameter    Value     
  --------------------  ------------
            PNetTop_In    0.0000e+00
            PNetXbb_In    0.0000e+00
             Pileup_In    0.0000e+00
            Prefire_In    0.0000e+00
        TptReweight_In    0.0000e+00
                jer_In    0.0000e+00
                jes_In    0.0000e+00
                jmr_In    0.0000e+00
                jms_In    0.0000e+00
               lumi_In    0.0000e+00
  n_exp_binCR_loose_HIGH_proc_Background    1.0000e+00
  n_exp_binCR_loose_LOW_proc_Background    1.0000e+00
  n_exp_binCR_loose_SIG_proc_Background    1.0000e+00
  n_exp_binCR_pass_HIGH_proc_Background_2x1    1.0000e+00
  n_exp_binCR_pass_LOW_proc_Background_2x1    1.0000e+00
  n_exp_binCR_pass_SIG_proc_Background_2x1    1.0000e+00
                pdf_In    0.0000e+00
                     r    0.0000e+00
         ttbar_xsec_In    0.0000e+00
             w_xsec_In    0.0000e+00
             z_xsec_In    0.0000e+00

    Floating Parameter  InitialValue    FinalValue +/-  Error     GblCorr.
  --------------------  ------------  --------------------------  --------
  Background_CR_loose_HIGH_bin_1-1    1.0390e+03    1.0391e+03 +/-  1.36e+02  <none>
  Background_CR_loose_HIGH_bin_1-10    6.7832e+01    6.7832e+01 +/-  8.51e+00  <none>
  Background_CR_loose_HIGH_bin_1-11    4.6120e+01    4.6119e+01 +/-  6.94e+00  <none>
  Background_CR_loose_HIGH_bin_1-12    4.0595e+01    4.0594e+01 +/-  6.45e+00  <none>
  Background_CR_loose_HIGH_bin_1-13    9.9309e+00    9.9327e+00 +/-  3.42e+00  <none>
  Background_CR_loose_HIGH_bin_1-2    1.4282e+03    1.4282e+03 +/-  1.25e+02  <none>
  Background_CR_loose_HIGH_bin_1-3    1.2783e+03    1.2783e+03 +/-  8.85e+01  <none>
  Background_CR_loose_HIGH_bin_1-4    9.7183e+02    9.7182e+02 +/-  5.88e+01  <none>
  Background_CR_loose_HIGH_bin_1-5    6.2328e+02    6.2328e+02 +/-  3.80e+01  <none>
  Background_CR_loose_HIGH_bin_1-6    3.4459e+02    3.4458e+02 +/-  2.51e+01  <none>
  Background_CR_loose_HIGH_bin_1-7    2.6257e+02    2.6257e+02 +/-  1.96e+01  <none>
  Background_CR_loose_HIGH_bin_1-8    1.3638e+02    1.3638e+02 +/-  1.33e+01  <none>
  Background_CR_loose_HIGH_bin_1-9    1.0434e+02    1.0433e+02 +/-  1.08e+01  <none>
  Background_CR_loose_HIGH_bin_2-1    6.0280e+02    6.0281e+02 +/-  1.68e+02  <none>
  Background_CR_loose_HIGH_bin_2-10    5.1201e+01    5.1200e+01 +/-  9.71e+00  <none>
  Background_CR_loose_HIGH_bin_2-11    4.8276e+01    4.8275e+01 +/-  8.46e+00  <none>
  Background_CR_loose_HIGH_bin_2-12    3.1298e+01    3.1296e+01 +/-  6.65e+00  <none>
  Background_CR_loose_HIGH_bin_2-13    1.5576e+01    1.5576e+01 +/-  4.71e+00  <none>
  Background_CR_loose_HIGH_bin_2-2    1.0167e+03    1.0167e+03 +/-  1.76e+02  <none>
  Background_CR_loose_HIGH_bin_2-3    1.0258e+03    1.0258e+03 +/-  1.34e+02  <none>
  Background_CR_loose_HIGH_bin_2-4    8.1709e+02    8.1708e+02 +/-  9.23e+01  <none>
  Background_CR_loose_HIGH_bin_2-5    5.9513e+02    5.9512e+02 +/-  6.25e+01  <none>
  Background_CR_loose_HIGH_bin_2-6    3.8307e+02    3.8307e+02 +/-  4.23e+01  <none>
  Background_CR_loose_HIGH_bin_2-7    2.1249e+02    2.1248e+02 +/-  2.68e+01  <none>
  Background_CR_loose_HIGH_bin_2-8    1.6386e+02    1.6386e+02 +/-  2.02e+01  <none>
  Background_CR_loose_HIGH_bin_2-9    1.1502e+02    1.1501e+02 +/-  1.50e+01  <none>
  Background_CR_loose_HIGH_bin_3-1    3.0602e+02    3.0602e+02 +/-  1.32e+02  <none>
  Background_CR_loose_HIGH_bin_3-10    9.1402e+01    9.1400e+01 +/-  1.21e+01  <none>
  Background_CR_loose_HIGH_bin_3-11    3.8305e+01    3.8304e+01 +/-  8.63e+00  <none>
  Background_CR_loose_HIGH_bin_3-12    3.9750e+01    3.9749e+01 +/-  7.42e+00  <none>
  Background_CR_loose_HIGH_bin_3-13    2.6317e+01    2.6316e+01 +/-  5.59e+00  <none>
  Background_CR_loose_HIGH_bin_3-2    6.7080e+02    6.7081e+02 +/-  1.56e+02  <none>
  Background_CR_loose_HIGH_bin_3-3    8.2117e+02    8.2112e+02 +/-  1.42e+02  <none>
  Background_CR_loose_HIGH_bin_3-4    6.2351e+02    6.2353e+02 +/-  1.01e+02  <none>
  Background_CR_loose_HIGH_bin_3-5    4.9511e+02    4.9512e+02 +/-  6.97e+01  <none>
  Background_CR_loose_HIGH_bin_3-6    3.5194e+02    3.5194e+02 +/-  4.73e+01  <none>
  Background_CR_loose_HIGH_bin_3-7    2.2080e+02    2.2079e+02 +/-  3.24e+01  <none>
  Background_CR_loose_HIGH_bin_3-8    1.1836e+02    1.1836e+02 +/-  2.08e+01  <none>
  Background_CR_loose_HIGH_bin_3-9    9.3274e+01    9.3275e+01 +/-  1.51e+01  <none>
  Background_CR_loose_HIGH_bin_4-1    1.7969e+02    1.7967e+02 +/-  4.68e+01  <none>
  Background_CR_loose_HIGH_bin_4-10    7.2674e+01    7.2672e+01 +/-  8.91e+00  <none>
  Background_CR_loose_HIGH_bin_4-11    3.5385e+01    3.5383e+01 +/-  6.39e+00  <none>
  Background_CR_loose_HIGH_bin_4-12    3.0769e+01    3.0768e+01 +/-  5.71e+00  <none>
  Background_CR_loose_HIGH_bin_4-13    1.1758e+01    1.1761e+01 +/-  3.83e+00  <none>
  Background_CR_loose_HIGH_bin_4-2    4.6616e+02    4.6617e+02 +/-  7.00e+01  <none>
  Background_CR_loose_HIGH_bin_4-3    5.2861e+02    5.2861e+02 +/-  6.21e+01  <none>
  Background_CR_loose_HIGH_bin_4-4    4.7126e+02    4.7126e+02 +/-  5.13e+01  <none>
  Background_CR_loose_HIGH_bin_4-5    4.2980e+02    4.2980e+02 +/-  3.79e+01  <none>
  Background_CR_loose_HIGH_bin_4-6    2.5853e+02    2.5853e+02 +/-  2.77e+01  <none>
  Background_CR_loose_HIGH_bin_4-7    2.0883e+02    2.0883e+02 +/-  1.94e+01  <none>
  Background_CR_loose_HIGH_bin_4-8    1.4162e+02    1.4161e+02 +/-  1.44e+01  <none>
  Background_CR_loose_HIGH_bin_4-9    9.0125e+01    9.0124e+01 +/-  1.12e+01  <none>
  Background_CR_loose_HIGH_bin_5-1    4.9261e+01    4.9259e+01 +/-  1.44e+01  <none>
  Background_CR_loose_HIGH_bin_5-10    5.6285e+01    5.6281e+01 +/-  7.47e+00  <none>
  Background_CR_loose_HIGH_bin_5-11    4.1302e+01    4.1298e+01 +/-  6.36e+00  <none>
  Background_CR_loose_HIGH_bin_5-12    1.9400e+01    1.9397e+01 +/-  4.44e+00  <none>
  Background_CR_loose_HIGH_bin_5-13    8.4565e+00    8.4561e+00 +/-  3.02e+00  <none>
  Background_CR_loose_HIGH_bin_5-2    1.9831e+02    1.9831e+02 +/-  2.41e+01  <none>
  Background_CR_loose_HIGH_bin_5-3    3.1651e+02    3.1651e+02 +/-  2.59e+01  <none>
  Background_CR_loose_HIGH_bin_5-4    3.1580e+02    3.1580e+02 +/-  2.56e+01  <none>
  Background_CR_loose_HIGH_bin_5-5    3.1945e+02    3.1945e+02 +/-  2.10e+01  <none>
  Background_CR_loose_HIGH_bin_5-6    2.3760e+02    2.3760e+02 +/-  1.76e+01  <none>
  Background_CR_loose_HIGH_bin_5-7    1.8287e+02    1.8287e+02 +/-  1.43e+01  <none>
  Background_CR_loose_HIGH_bin_5-8    1.3268e+02    1.3267e+02 +/-  1.19e+01  <none>
  Background_CR_loose_HIGH_bin_5-9    7.1622e+01    7.1616e+01 +/-  8.65e+00  <none>
  Background_CR_loose_HIGH_bin_6-1    3.1167e+01    3.1166e+01 +/-  6.22e+00  <none>
  Background_CR_loose_HIGH_bin_6-10    4.9417e+01    4.9415e+01 +/-  6.83e+00  <none>
  Background_CR_loose_HIGH_bin_6-11    3.6133e+01    3.6129e+01 +/-  5.90e+00  <none>
  Background_CR_loose_HIGH_bin_6-12    3.0980e+01    3.0979e+01 +/-  5.33e+00  <none>
  Background_CR_loose_HIGH_bin_6-13    2.3720e+01    2.3717e+01 +/-  4.66e+00  <none>
  Background_CR_loose_HIGH_bin_6-2    8.8444e+01    8.8444e+01 +/-  1.23e+01  <none>
  Background_CR_loose_HIGH_bin_6-3    1.8437e+02    1.8437e+02 +/-  1.72e+01  <none>
  Background_CR_loose_HIGH_bin_6-4    2.3353e+02    2.3353e+02 +/-  1.71e+01  <none>
  Background_CR_loose_HIGH_bin_6-5    1.9873e+02    1.9873e+02 +/-  1.53e+01  <none>
  Background_CR_loose_HIGH_bin_6-6    1.6302e+02    1.6301e+02 +/-  1.33e+01  <none>
  Background_CR_loose_HIGH_bin_6-7    1.6888e+02    1.6888e+02 +/-  1.33e+01  <none>
  Background_CR_loose_HIGH_bin_6-8    9.2523e+01    9.2519e+01 +/-  9.78e+00  <none>
  Background_CR_loose_HIGH_bin_6-9    7.2064e+01    7.2062e+01 +/-  8.56e+00  <none>
  Background_CR_loose_LOW_bin_1-1    2.5599e+03    2.5599e+03 +/-  6.11e+01  <none>
  Background_CR_loose_LOW_bin_1-10    9.8203e+01    9.8195e+01 +/-  9.69e+00  <none>
  Background_CR_loose_LOW_bin_1-11    3.9283e+01    3.9281e+01 +/-  6.44e+00  <none>
  Background_CR_loose_LOW_bin_1-12    4.7181e+01    4.7179e+01 +/-  6.69e+00  <none>
  Background_CR_loose_LOW_bin_1-13    4.2783e+01    4.2781e+01 +/-  6.39e+00  <none>
  Background_CR_loose_LOW_bin_1-2    2.5060e+03    2.5060e+03 +/-  5.54e+01  <none>
  Background_CR_loose_LOW_bin_1-3    1.9569e+03    1.9569e+03 +/-  4.56e+01  <none>
  Background_CR_loose_LOW_bin_1-4    1.2279e+03    1.2279e+03 +/-  3.57e+01  <none>
  Background_CR_loose_LOW_bin_1-5    7.5600e+02    7.5599e+02 +/-  2.73e+01  <none>
  Background_CR_loose_LOW_bin_1-6    4.2651e+02    4.2650e+02 +/-  2.03e+01  <none>
  Background_CR_loose_LOW_bin_1-7    2.8725e+02    2.8724e+02 +/-  1.66e+01  <none>
  Background_CR_loose_LOW_bin_1-8    2.1665e+02    2.1664e+02 +/-  1.45e+01  <none>
  Background_CR_loose_LOW_bin_1-9    1.5317e+02    1.5317e+02 +/-  1.22e+01  <none>
  Background_CR_loose_LOW_bin_2-1    2.3285e+03    2.3285e+03 +/-  7.85e+01  <none>
  Background_CR_loose_LOW_bin_2-10    8.2147e+01    8.2169e+01 +/-  9.63e+00  <none>
  Background_CR_loose_LOW_bin_2-11    7.3654e+01    7.3652e+01 +/-  9.00e+00  <none>
  Background_CR_loose_LOW_bin_2-12    4.1035e+01    4.1036e+01 +/-  6.84e+00  <none>
  Background_CR_loose_LOW_bin_2-13    2.5326e+01    2.5328e+01 +/-  5.48e+00  <none>
  Background_CR_loose_LOW_bin_2-2    2.3622e+03    2.3622e+03 +/-  7.02e+01  <none>
  Background_CR_loose_LOW_bin_2-3    1.9151e+03    1.9151e+03 +/-  5.16e+01  <none>
  Background_CR_loose_LOW_bin_2-4    1.1588e+03    1.1588e+03 +/-  3.70e+01  <none>
  Background_CR_loose_LOW_bin_2-5    7.0789e+02    7.0785e+02 +/-  2.92e+01  <none>
  Background_CR_loose_LOW_bin_2-6    4.3516e+02    4.3514e+02 +/-  2.26e+01  <none>
  Background_CR_loose_LOW_bin_2-7    2.7120e+02    2.7119e+02 +/-  1.74e+01  <none>
  Background_CR_loose_LOW_bin_2-8    1.8062e+02    1.8063e+02 +/-  1.45e+01  <none>
  Background_CR_loose_LOW_bin_2-9    1.4602e+02    1.4602e+02 +/-  1.26e+01  <none>
  Background_CR_loose_LOW_bin_3-1    2.3087e+03    2.3087e+03 +/-  9.35e+01  <none>
  Background_CR_loose_LOW_bin_3-10    8.4528e+01    8.4516e+01 +/-  9.64e+00  <none>
  Background_CR_loose_LOW_bin_3-11    5.0303e+01    5.0295e+01 +/-  7.47e+00  <none>
  Background_CR_loose_LOW_bin_3-12    4.4787e+01    4.4787e+01 +/-  6.91e+00  <none>
  Background_CR_loose_LOW_bin_3-13    2.7783e+01    2.7788e+01 +/-  5.48e+00  <none>
  Background_CR_loose_LOW_bin_3-2    2.3038e+03    2.3038e+03 +/-  7.78e+01  <none>
  Background_CR_loose_LOW_bin_3-3    1.7261e+03    1.7261e+03 +/-  5.50e+01  <none>
  Background_CR_loose_LOW_bin_3-4    1.1983e+03    1.1983e+03 +/-  4.04e+01  <none>
  Background_CR_loose_LOW_bin_3-5    7.0655e+02    7.0653e+02 +/-  2.96e+01  <none>
  Background_CR_loose_LOW_bin_3-6    3.9204e+02    3.9205e+02 +/-  2.11e+01  <none>
  Background_CR_loose_LOW_bin_3-7    2.4635e+02    2.4634e+02 +/-  1.66e+01  <none>
  Background_CR_loose_LOW_bin_3-8    1.4716e+02    1.4714e+02 +/-  1.28e+01  <none>
  Background_CR_loose_LOW_bin_3-9    1.1107e+02    1.1106e+02 +/-  1.11e+01  <none>
  Background_CR_loose_SIG_bin_1-1    1.9939e+03    1.9939e+03 +/-  1.04e+02  <none>
  Background_CR_loose_SIG_bin_1-10    8.3930e+01    8.3927e+01 +/-  9.06e+00  <none>
  Background_CR_loose_SIG_bin_1-11    5.3380e+01    5.3379e+01 +/-  7.13e+00  <none>
  Background_CR_loose_SIG_bin_1-12    3.3415e+01    3.3422e+01 +/-  5.72e+00  <none>
  Background_CR_loose_SIG_bin_1-13    1.8922e+01    1.8919e+01 +/-  4.39e+00  <none>
  Background_CR_loose_SIG_bin_1-2    2.1061e+03    2.1061e+03 +/-  8.58e+01  <none>
  Background_CR_loose_SIG_bin_1-3    1.7515e+03    1.7515e+03 +/-  6.04e+01  <none>
  Background_CR_loose_SIG_bin_1-4    1.1702e+03    1.1702e+03 +/-  4.15e+01  <none>
  Background_CR_loose_SIG_bin_1-5    6.1969e+02    6.1969e+02 +/-  2.87e+01  <none>
  Background_CR_loose_SIG_bin_1-6    4.3864e+02    4.3863e+02 +/-  2.20e+01  <none>
  Background_CR_loose_SIG_bin_1-7    2.4452e+02    2.4452e+02 +/-  1.59e+01  <none>
  Background_CR_loose_SIG_bin_1-8    1.6313e+02    1.6313e+02 +/-  1.30e+01  <none>
  Background_CR_loose_SIG_bin_1-9    9.2189e+01    9.2178e+01 +/-  9.88e+00  <none>
  Background_CR_loose_SIG_bin_2-1    1.6267e+03    1.6267e+03 +/-  1.23e+02  <none>
  Background_CR_loose_SIG_bin_2-10    6.4163e+01    6.4162e+01 +/-  8.01e+00  <none>
  Background_CR_loose_SIG_bin_2-11    4.3184e+01    4.3181e+01 +/-  6.57e+00  <none>
  Background_CR_loose_SIG_bin_2-12    4.3315e+01    4.3313e+01 +/-  6.41e+00  <none>
  Background_CR_loose_SIG_bin_2-13    1.3464e+01    1.3462e+01 +/-  3.73e+00  <none>
  Background_CR_loose_SIG_bin_2-2    2.0359e+03    2.0359e+03 +/-  1.05e+02  <none>
  Background_CR_loose_SIG_bin_2-3    1.6356e+03    1.6356e+03 +/-  6.95e+01  <none>
  Background_CR_loose_SIG_bin_2-4    1.0444e+03    1.0444e+03 +/-  4.69e+01  <none>
  Background_CR_loose_SIG_bin_2-5    6.0360e+02    6.0360e+02 +/-  2.94e+01  <none>
  Background_CR_loose_SIG_bin_2-6    4.1620e+02    4.1620e+02 +/-  2.32e+01  <none>
  Background_CR_loose_SIG_bin_2-7    2.6911e+02    2.6911e+02 +/-  1.75e+01  <none>
  Background_CR_loose_SIG_bin_2-8    1.5718e+02    1.5718e+02 +/-  1.31e+01  <none>
  Background_CR_loose_SIG_bin_2-9    1.0942e+02    1.0942e+02 +/-  1.07e+01  <none>
  Background_CR_loose_SIG_bin_3-1    1.5604e+03    1.5604e+03 +/-  1.29e+02  <none>
  Background_CR_loose_SIG_bin_3-10    4.3280e+01    4.3281e+01 +/-  7.09e+00  <none>
  Background_CR_loose_SIG_bin_3-11    4.5748e+01    4.5746e+01 +/-  6.73e+00  <none>
  Background_CR_loose_SIG_bin_3-12    3.8979e+01    3.8975e+01 +/-  6.37e+00  <none>
  Background_CR_loose_SIG_bin_3-13    2.0404e+01    2.0403e+01 +/-  4.54e+00  <none>
  Background_CR_loose_SIG_bin_3-2    1.6649e+03    1.6649e+03 +/-  1.07e+02  <none>
  Background_CR_loose_SIG_bin_3-3    1.4931e+03    1.4931e+03 +/-  7.66e+01  <none>
  Background_CR_loose_SIG_bin_3-4    9.7717e+02    9.7717e+02 +/-  4.96e+01  <none>
  Background_CR_loose_SIG_bin_3-5    6.4408e+02    6.4407e+02 +/-  3.43e+01  <none>
  Background_CR_loose_SIG_bin_3-6    4.0344e+02    4.0343e+02 +/-  2.36e+01  <none>
  Background_CR_loose_SIG_bin_3-7    2.0087e+02    2.0087e+02 +/-  1.60e+01  <none>
  Background_CR_loose_SIG_bin_3-8    1.4354e+02    1.4353e+02 +/-  1.29e+01  <none>
  Background_CR_loose_SIG_bin_3-9    1.0420e+02    1.0420e+02 +/-  1.08e+01  <none>
  Background_CR_rpf_2x1_par0    4.1233e-01    4.1233e-01 +/-  6.68e-02  <none>
  Background_CR_rpf_2x1_par1    4.4919e-01    4.4919e-01 +/-  1.04e-01  <none>
  Background_CR_rpf_2x1_par2   -2.8537e-01   -2.8537e-01 +/-  1.04e-01  <none>
  Background_CR_rpf_2x1_par3    3.0529e-01    3.0529e-01 +/-  4.88e-02  <none>
  Background_CR_rpf_2x1_par4   -2.7947e-02   -2.7954e-02 +/-  1.96e-02  <none>
               PNetTop    0.0000e+00    0.0000e+00 +/-  1.00e+00  <none>
               PNetXbb    0.0000e+00    0.0000e+00 +/-  1.00e+00  <none>
                Pileup    1.8760e-01    1.9092e-01 +/-  1.04e+00  <none>
               Prefire   -4.1982e-03   -4.4768e-03 +/-  2.43e-01  <none>
           TptReweight    9.5895e-02    9.6127e-02 +/-  1.03e+00  <none>
                   jer   -6.0982e-01   -6.1557e-01 +/-  9.58e-01  <none>
                   jes    7.5128e-01    7.5143e-01 +/-  6.13e-01  <none>
                   jmr   -1.3107e-01   -1.3057e-01 +/-  5.28e-01  <none>
                   jms   -8.8900e-02   -8.7350e-02 +/-  7.04e-01  <none>
                  lumi    1.7905e-02    1.8562e-02 +/-  1.00e+00  <none>
                   pdf    1.3812e-01    1.3783e-01 +/-  9.18e-01  <none>
            ttbar_xsec    6.4172e-01    6.4159e-01 +/-  2.02e+00  <none>
                w_xsec   -1.0786e-01   -1.0983e-01 +/-  9.80e-01  <none>
                z_xsec   -3.1222e-01   -3.1050e-01 +/-  7.72e-01  <none>


  RooFitResult: minimized FCN value: -6.3249e-05, estimated distance to minimum: 4.13632e-05
                covariance matrix quality: Full, accurate covariance matrix
                Status : MINIMIZE=0 HESSE=0 

    Constant Parameter    Value     
  --------------------  ------------
            PNetTop_In    0.0000e+00
            PNetXbb_In    0.0000e+00
             Pileup_In    0.0000e+00
            Prefire_In    0.0000e+00
        TptReweight_In    0.0000e+00
                jer_In    0.0000e+00
                jes_In    0.0000e+00
                jmr_In    0.0000e+00
                jms_In    0.0000e+00
               lumi_In    0.0000e+00
  n_exp_binCR_loose_HIGH_proc_Background    1.0000e+00
  n_exp_binCR_loose_LOW_proc_Background    1.0000e+00
  n_exp_binCR_loose_SIG_proc_Background    1.0000e+00
  n_exp_binCR_pass_HIGH_proc_Background_2x1    1.0000e+00
  n_exp_binCR_pass_LOW_proc_Background_2x1    1.0000e+00
  n_exp_binCR_pass_SIG_proc_Background_2x1    1.0000e+00
                pdf_In    0.0000e+00
                     r    0.0000e+00
         ttbar_xsec_In    0.0000e+00
             w_xsec_In    0.0000e+00
             z_xsec_In    0.0000e+00

    Floating Parameter  InitialValue    FinalValue +/-  Error     GblCorr.
  --------------------  ------------  --------------------------  --------
  Background_CR_loose_HIGH_bin_1-1    1.0390e+03    1.0391e+03 +/-  1.36e+02  <none>
  Background_CR_loose_HIGH_bin_1-10    6.7832e+01    6.7832e+01 +/-  8.51e+00  <none>
  Background_CR_loose_HIGH_bin_1-11    4.6120e+01    4.6119e+01 +/-  6.94e+00  <none>
  Background_CR_loose_HIGH_bin_1-12    4.0595e+01    4.0594e+01 +/-  6.45e+00  <none>
  Background_CR_loose_HIGH_bin_1-13    9.9309e+00    9.9327e+00 +/-  3.42e+00  <none>
  Background_CR_loose_HIGH_bin_1-2    1.4282e+03    1.4282e+03 +/-  1.25e+02  <none>
  Background_CR_loose_HIGH_bin_1-3    1.2783e+03    1.2783e+03 +/-  8.85e+01  <none>
  Background_CR_loose_HIGH_bin_1-4    9.7183e+02    9.7182e+02 +/-  5.88e+01  <none>
  Background_CR_loose_HIGH_bin_1-5    6.2328e+02    6.2328e+02 +/-  3.80e+01  <none>
  Background_CR_loose_HIGH_bin_1-6    3.4459e+02    3.4458e+02 +/-  2.51e+01  <none>
  Background_CR_loose_HIGH_bin_1-7    2.6257e+02    2.6257e+02 +/-  1.96e+01  <none>
  Background_CR_loose_HIGH_bin_1-8    1.3638e+02    1.3638e+02 +/-  1.33e+01  <none>
  Background_CR_loose_HIGH_bin_1-9    1.0434e+02    1.0433e+02 +/-  1.08e+01  <none>
  Background_CR_loose_HIGH_bin_2-1    6.0280e+02    6.0281e+02 +/-  1.68e+02  <none>
  Background_CR_loose_HIGH_bin_2-10    5.1201e+01    5.1200e+01 +/-  9.71e+00  <none>
  Background_CR_loose_HIGH_bin_2-11    4.8276e+01    4.8275e+01 +/-  8.46e+00  <none>
  Background_CR_loose_HIGH_bin_2-12    3.1298e+01    3.1296e+01 +/-  6.65e+00  <none>
  Background_CR_loose_HIGH_bin_2-13    1.5576e+01    1.5576e+01 +/-  4.71e+00  <none>
  Background_CR_loose_HIGH_bin_2-2    1.0167e+03    1.0167e+03 +/-  1.76e+02  <none>
  Background_CR_loose_HIGH_bin_2-3    1.0258e+03    1.0258e+03 +/-  1.34e+02  <none>
  Background_CR_loose_HIGH_bin_2-4    8.1709e+02    8.1708e+02 +/-  9.23e+01  <none>
  Background_CR_loose_HIGH_bin_2-5    5.9513e+02    5.9512e+02 +/-  6.25e+01  <none>
  Background_CR_loose_HIGH_bin_2-6    3.8307e+02    3.8307e+02 +/-  4.23e+01  <none>
  Background_CR_loose_HIGH_bin_2-7    2.1249e+02    2.1248e+02 +/-  2.68e+01  <none>
  Background_CR_loose_HIGH_bin_2-8    1.6386e+02    1.6386e+02 +/-  2.02e+01  <none>
  Background_CR_loose_HIGH_bin_2-9    1.1502e+02    1.1501e+02 +/-  1.50e+01  <none>
  Background_CR_loose_HIGH_bin_3-1    3.0602e+02    3.0602e+02 +/-  1.32e+02  <none>
  Background_CR_loose_HIGH_bin_3-10    9.1402e+01    9.1400e+01 +/-  1.21e+01  <none>
  Background_CR_loose_HIGH_bin_3-11    3.8305e+01    3.8304e+01 +/-  8.63e+00  <none>
  Background_CR_loose_HIGH_bin_3-12    3.9750e+01    3.9749e+01 +/-  7.42e+00  <none>
  Background_CR_loose_HIGH_bin_3-13    2.6317e+01    2.6316e+01 +/-  5.59e+00  <none>
  Background_CR_loose_HIGH_bin_3-2    6.7080e+02    6.7081e+02 +/-  1.56e+02  <none>
  Background_CR_loose_HIGH_bin_3-3    8.2117e+02    8.2112e+02 +/-  1.42e+02  <none>
  Background_CR_loose_HIGH_bin_3-4    6.2351e+02    6.2353e+02 +/-  1.01e+02  <none>
  Background_CR_loose_HIGH_bin_3-5    4.9511e+02    4.9512e+02 +/-  6.97e+01  <none>
  Background_CR_loose_HIGH_bin_3-6    3.5194e+02    3.5194e+02 +/-  4.73e+01  <none>
  Background_CR_loose_HIGH_bin_3-7    2.2080e+02    2.2079e+02 +/-  3.24e+01  <none>
  Background_CR_loose_HIGH_bin_3-8    1.1836e+02    1.1836e+02 +/-  2.08e+01  <none>
  Background_CR_loose_HIGH_bin_3-9    9.3274e+01    9.3275e+01 +/-  1.51e+01  <none>
  Background_CR_loose_HIGH_bin_4-1    1.7969e+02    1.7967e+02 +/-  4.68e+01  <none>
  Background_CR_loose_HIGH_bin_4-10    7.2674e+01    7.2672e+01 +/-  8.91e+00  <none>
  Background_CR_loose_HIGH_bin_4-11    3.5385e+01    3.5383e+01 +/-  6.39e+00  <none>
  Background_CR_loose_HIGH_bin_4-12    3.0769e+01    3.0768e+01 +/-  5.71e+00  <none>
  Background_CR_loose_HIGH_bin_4-13    1.1758e+01    1.1761e+01 +/-  3.83e+00  <none>
  Background_CR_loose_HIGH_bin_4-2    4.6616e+02    4.6617e+02 +/-  7.00e+01  <none>
  Background_CR_loose_HIGH_bin_4-3    5.2861e+02    5.2861e+02 +/-  6.21e+01  <none>
  Background_CR_loose_HIGH_bin_4-4    4.7126e+02    4.7126e+02 +/-  5.13e+01  <none>
  Background_CR_loose_HIGH_bin_4-5    4.2980e+02    4.2980e+02 +/-  3.79e+01  <none>
  Background_CR_loose_HIGH_bin_4-6    2.5853e+02    2.5853e+02 +/-  2.77e+01  <none>
  Background_CR_loose_HIGH_bin_4-7    2.0883e+02    2.0883e+02 +/-  1.94e+01  <none>
  Background_CR_loose_HIGH_bin_4-8    1.4162e+02    1.4161e+02 +/-  1.44e+01  <none>
  Background_CR_loose_HIGH_bin_4-9    9.0125e+01    9.0124e+01 +/-  1.12e+01  <none>
  Background_CR_loose_HIGH_bin_5-1    4.9261e+01    4.9259e+01 +/-  1.44e+01  <none>
  Background_CR_loose_HIGH_bin_5-10    5.6285e+01    5.6281e+01 +/-  7.47e+00  <none>
  Background_CR_loose_HIGH_bin_5-11    4.1302e+01    4.1298e+01 +/-  6.36e+00  <none>
  Background_CR_loose_HIGH_bin_5-12    1.9400e+01    1.9397e+01 +/-  4.44e+00  <none>
  Background_CR_loose_HIGH_bin_5-13    8.4565e+00    8.4561e+00 +/-  3.02e+00  <none>
  Background_CR_loose_HIGH_bin_5-2    1.9831e+02    1.9831e+02 +/-  2.41e+01  <none>
  Background_CR_loose_HIGH_bin_5-3    3.1651e+02    3.1651e+02 +/-  2.59e+01  <none>
  Background_CR_loose_HIGH_bin_5-4    3.1580e+02    3.1580e+02 +/-  2.56e+01  <none>
  Background_CR_loose_HIGH_bin_5-5    3.1945e+02    3.1945e+02 +/-  2.10e+01  <none>
  Background_CR_loose_HIGH_bin_5-6    2.3760e+02    2.3760e+02 +/-  1.76e+01  <none>
  Background_CR_loose_HIGH_bin_5-7    1.8287e+02    1.8287e+02 +/-  1.43e+01  <none>
  Background_CR_loose_HIGH_bin_5-8    1.3268e+02    1.3267e+02 +/-  1.19e+01  <none>
  Background_CR_loose_HIGH_bin_5-9    7.1622e+01    7.1616e+01 +/-  8.65e+00  <none>
  Background_CR_loose_HIGH_bin_6-1    3.1167e+01    3.1166e+01 +/-  6.22e+00  <none>
  Background_CR_loose_HIGH_bin_6-10    4.9417e+01    4.9415e+01 +/-  6.83e+00  <none>
  Background_CR_loose_HIGH_bin_6-11    3.6133e+01    3.6129e+01 +/-  5.90e+00  <none>
  Background_CR_loose_HIGH_bin_6-12    3.0980e+01    3.0979e+01 +/-  5.33e+00  <none>
  Background_CR_loose_HIGH_bin_6-13    2.3720e+01    2.3717e+01 +/-  4.66e+00  <none>
  Background_CR_loose_HIGH_bin_6-2    8.8444e+01    8.8444e+01 +/-  1.23e+01  <none>
  Background_CR_loose_HIGH_bin_6-3    1.8437e+02    1.8437e+02 +/-  1.72e+01  <none>
  Background_CR_loose_HIGH_bin_6-4    2.3353e+02    2.3353e+02 +/-  1.71e+01  <none>
  Background_CR_loose_HIGH_bin_6-5    1.9873e+02    1.9873e+02 +/-  1.53e+01  <none>
  Background_CR_loose_HIGH_bin_6-6    1.6302e+02    1.6301e+02 +/-  1.33e+01  <none>
  Background_CR_loose_HIGH_bin_6-7    1.6888e+02    1.6888e+02 +/-  1.33e+01  <none>
  Background_CR_loose_HIGH_bin_6-8    9.2523e+01    9.2519e+01 +/-  9.78e+00  <none>
  Background_CR_loose_HIGH_bin_6-9    7.2064e+01    7.2062e+01 +/-  8.56e+00  <none>
  Background_CR_loose_LOW_bin_1-1    2.5599e+03    2.5599e+03 +/-  6.11e+01  <none>
  Background_CR_loose_LOW_bin_1-10    9.8203e+01    9.8195e+01 +/-  9.69e+00  <none>
  Background_CR_loose_LOW_bin_1-11    3.9283e+01    3.9281e+01 +/-  6.44e+00  <none>
  Background_CR_loose_LOW_bin_1-12    4.7181e+01    4.7179e+01 +/-  6.69e+00  <none>
  Background_CR_loose_LOW_bin_1-13    4.2783e+01    4.2781e+01 +/-  6.39e+00  <none>
  Background_CR_loose_LOW_bin_1-2    2.5060e+03    2.5060e+03 +/-  5.54e+01  <none>
  Background_CR_loose_LOW_bin_1-3    1.9569e+03    1.9569e+03 +/-  4.56e+01  <none>
  Background_CR_loose_LOW_bin_1-4    1.2279e+03    1.2279e+03 +/-  3.57e+01  <none>
  Background_CR_loose_LOW_bin_1-5    7.5600e+02    7.5599e+02 +/-  2.73e+01  <none>
  Background_CR_loose_LOW_bin_1-6    4.2651e+02    4.2650e+02 +/-  2.03e+01  <none>
  Background_CR_loose_LOW_bin_1-7    2.8725e+02    2.8724e+02 +/-  1.66e+01  <none>
  Background_CR_loose_LOW_bin_1-8    2.1665e+02    2.1664e+02 +/-  1.45e+01  <none>
  Background_CR_loose_LOW_bin_1-9    1.5317e+02    1.5317e+02 +/-  1.22e+01  <none>
  Background_CR_loose_LOW_bin_2-1    2.3285e+03    2.3285e+03 +/-  7.85e+01  <none>
  Background_CR_loose_LOW_bin_2-10    8.2147e+01    8.2169e+01 +/-  9.63e+00  <none>
  Background_CR_loose_LOW_bin_2-11    7.3654e+01    7.3652e+01 +/-  9.00e+00  <none>
  Background_CR_loose_LOW_bin_2-12    4.1035e+01    4.1036e+01 +/-  6.84e+00  <none>
  Background_CR_loose_LOW_bin_2-13    2.5326e+01    2.5328e+01 +/-  5.48e+00  <none>
  Background_CR_loose_LOW_bin_2-2    2.3622e+03    2.3622e+03 +/-  7.02e+01  <none>
  Background_CR_loose_LOW_bin_2-3    1.9151e+03    1.9151e+03 +/-  5.16e+01  <none>
  Background_CR_loose_LOW_bin_2-4    1.1588e+03    1.1588e+03 +/-  3.70e+01  <none>
  Background_CR_loose_LOW_bin_2-5    7.0789e+02    7.0785e+02 +/-  2.92e+01  <none>
  Background_CR_loose_LOW_bin_2-6    4.3516e+02    4.3514e+02 +/-  2.26e+01  <none>
  Background_CR_loose_LOW_bin_2-7    2.7120e+02    2.7119e+02 +/-  1.74e+01  <none>
  Background_CR_loose_LOW_bin_2-8    1.8062e+02    1.8063e+02 +/-  1.45e+01  <none>
  Background_CR_loose_LOW_bin_2-9    1.4602e+02    1.4602e+02 +/-  1.26e+01  <none>
  Background_CR_loose_LOW_bin_3-1    2.3087e+03    2.3087e+03 +/-  9.35e+01  <none>
  Background_CR_loose_LOW_bin_3-10    8.4528e+01    8.4516e+01 +/-  9.64e+00  <none>
  Background_CR_loose_LOW_bin_3-11    5.0303e+01    5.0295e+01 +/-  7.47e+00  <none>
  Background_CR_loose_LOW_bin_3-12    4.4787e+01    4.4787e+01 +/-  6.91e+00  <none>
  Background_CR_loose_LOW_bin_3-13    2.7783e+01    2.7788e+01 +/-  5.48e+00  <none>
  Background_CR_loose_LOW_bin_3-2    2.3038e+03    2.3038e+03 +/-  7.78e+01  <none>
  Background_CR_loose_LOW_bin_3-3    1.7261e+03    1.7261e+03 +/-  5.50e+01  <none>
  Background_CR_loose_LOW_bin_3-4    1.1983e+03    1.1983e+03 +/-  4.04e+01  <none>
  Background_CR_loose_LOW_bin_3-5    7.0655e+02    7.0653e+02 +/-  2.96e+01  <none>
  Background_CR_loose_LOW_bin_3-6    3.9204e+02    3.9205e+02 +/-  2.11e+01  <none>
  Background_CR_loose_LOW_bin_3-7    2.4635e+02    2.4634e+02 +/-  1.66e+01  <none>
  Background_CR_loose_LOW_bin_3-8    1.4716e+02    1.4714e+02 +/-  1.28e+01  <none>
  Background_CR_loose_LOW_bin_3-9    1.1107e+02    1.1106e+02 +/-  1.11e+01  <none>
  Background_CR_loose_SIG_bin_1-1    1.9939e+03    1.9939e+03 +/-  1.04e+02  <none>
  Background_CR_loose_SIG_bin_1-10    8.3930e+01    8.3927e+01 +/-  9.06e+00  <none>
  Background_CR_loose_SIG_bin_1-11    5.3380e+01    5.3379e+01 +/-  7.13e+00  <none>
  Background_CR_loose_SIG_bin_1-12    3.3415e+01    3.3422e+01 +/-  5.72e+00  <none>
  Background_CR_loose_SIG_bin_1-13    1.8922e+01    1.8919e+01 +/-  4.39e+00  <none>
  Background_CR_loose_SIG_bin_1-2    2.1061e+03    2.1061e+03 +/-  8.58e+01  <none>
  Background_CR_loose_SIG_bin_1-3    1.7515e+03    1.7515e+03 +/-  6.04e+01  <none>
  Background_CR_loose_SIG_bin_1-4    1.1702e+03    1.1702e+03 +/-  4.15e+01  <none>
  Background_CR_loose_SIG_bin_1-5    6.1969e+02    6.1969e+02 +/-  2.87e+01  <none>
  Background_CR_loose_SIG_bin_1-6    4.3864e+02    4.3863e+02 +/-  2.20e+01  <none>
  Background_CR_loose_SIG_bin_1-7    2.4452e+02    2.4452e+02 +/-  1.59e+01  <none>
  Background_CR_loose_SIG_bin_1-8    1.6313e+02    1.6313e+02 +/-  1.30e+01  <none>
  Background_CR_loose_SIG_bin_1-9    9.2189e+01    9.2178e+01 +/-  9.88e+00  <none>
  Background_CR_loose_SIG_bin_2-1    1.6267e+03    1.6267e+03 +/-  1.23e+02  <none>
  Background_CR_loose_SIG_bin_2-10    6.4163e+01    6.4162e+01 +/-  8.01e+00  <none>
  Background_CR_loose_SIG_bin_2-11    4.3184e+01    4.3181e+01 +/-  6.57e+00  <none>
  Background_CR_loose_SIG_bin_2-12    4.3315e+01    4.3313e+01 +/-  6.41e+00  <none>
  Background_CR_loose_SIG_bin_2-13    1.3464e+01    1.3462e+01 +/-  3.73e+00  <none>
  Background_CR_loose_SIG_bin_2-2    2.0359e+03    2.0359e+03 +/-  1.05e+02  <none>
  Background_CR_loose_SIG_bin_2-3    1.6356e+03    1.6356e+03 +/-  6.95e+01  <none>
  Background_CR_loose_SIG_bin_2-4    1.0444e+03    1.0444e+03 +/-  4.69e+01  <none>
  Background_CR_loose_SIG_bin_2-5    6.0360e+02    6.0360e+02 +/-  2.94e+01  <none>
  Background_CR_loose_SIG_bin_2-6    4.1620e+02    4.1620e+02 +/-  2.32e+01  <none>
  Background_CR_loose_SIG_bin_2-7    2.6911e+02    2.6911e+02 +/-  1.75e+01  <none>
  Background_CR_loose_SIG_bin_2-8    1.5718e+02    1.5718e+02 +/-  1.31e+01  <none>
  Background_CR_loose_SIG_bin_2-9    1.0942e+02    1.0942e+02 +/-  1.07e+01  <none>
  Background_CR_loose_SIG_bin_3-1    1.5604e+03    1.5604e+03 +/-  1.29e+02  <none>
  Background_CR_loose_SIG_bin_3-10    4.3280e+01    4.3281e+01 +/-  7.09e+00  <none>
  Background_CR_loose_SIG_bin_3-11    4.5748e+01    4.5746e+01 +/-  6.73e+00  <none>
  Background_CR_loose_SIG_bin_3-12    3.8979e+01    3.8975e+01 +/-  6.37e+00  <none>
  Background_CR_loose_SIG_bin_3-13    2.0404e+01    2.0403e+01 +/-  4.54e+00  <none>
  Background_CR_loose_SIG_bin_3-2    1.6649e+03    1.6649e+03 +/-  1.07e+02  <none>
  Background_CR_loose_SIG_bin_3-3    1.4931e+03    1.4931e+03 +/-  7.66e+01  <none>
  Background_CR_loose_SIG_bin_3-4    9.7717e+02    9.7717e+02 +/-  4.96e+01  <none>
  Background_CR_loose_SIG_bin_3-5    6.4408e+02    6.4407e+02 +/-  3.43e+01  <none>
  Background_CR_loose_SIG_bin_3-6    4.0344e+02    4.0343e+02 +/-  2.36e+01  <none>
  Background_CR_loose_SIG_bin_3-7    2.0087e+02    2.0087e+02 +/-  1.60e+01  <none>
  Background_CR_loose_SIG_bin_3-8    1.4354e+02    1.4353e+02 +/-  1.29e+01  <none>
  Background_CR_loose_SIG_bin_3-9    1.0420e+02    1.0420e+02 +/-  1.08e+01  <none>
  Background_CR_rpf_2x1_par0    4.1233e-01    4.1233e-01 +/-  6.68e-02  <none>
  Background_CR_rpf_2x1_par1    4.4919e-01    4.4919e-01 +/-  1.04e-01  <none>
  Background_CR_rpf_2x1_par2   -2.8537e-01   -2.8537e-01 +/-  1.04e-01  <none>
  Background_CR_rpf_2x1_par3    3.0529e-01    3.0529e-01 +/-  4.88e-02  <none>
  Background_CR_rpf_2x1_par4   -2.7947e-02   -2.7954e-02 +/-  1.96e-02  <none>
               PNetTop    0.0000e+00    0.0000e+00 +/-  1.00e+00  <none>
               PNetXbb    0.0000e+00    0.0000e+00 +/-  1.00e+00  <none>
                Pileup    1.8760e-01    1.9092e-01 +/-  1.04e+00  <none>
               Prefire   -4.1982e-03   -4.4768e-03 +/-  2.43e-01  <none>
           TptReweight    9.5895e-02    9.6127e-02 +/-  1.03e+00  <none>
                   jer   -6.0982e-01   -6.1557e-01 +/-  9.58e-01  <none>
                   jes    7.5128e-01    7.5143e-01 +/-  6.13e-01  <none>
                   jmr   -1.3107e-01   -1.3057e-01 +/-  5.28e-01  <none>
                   jms   -8.8900e-02   -8.7350e-02 +/-  7.04e-01  <none>
                  lumi    1.7905e-02    1.8562e-02 +/-  1.00e+00  <none>
                   pdf    1.3812e-01    1.3783e-01 +/-  9.18e-01  <none>
            ttbar_xsec    6.4172e-01    6.4159e-01 +/-  2.02e+00  <none>
                w_xsec   -1.0786e-01   -1.0983e-01 +/-  9.80e-01  <none>
                z_xsec   -3.1222e-01   -3.1050e-01 +/-  7.72e-01  <none>


  RooFitResult: minimized FCN value: -7.6158e-06, estimated distance to minimum: 6.36239e-06
                covariance matrix quality: Full matrix, but forced positive-definite
                Status : MINIMIZE=1 HESSE=1 

    Constant Parameter    Value     
  --------------------  ------------
            PNetTop_In    0.0000e+00
            PNetXbb_In    0.0000e+00
             Pileup_In    0.0000e+00
            Prefire_In    0.0000e+00
        TptReweight_In    0.0000e+00
                jer_In    0.0000e+00
                jes_In    0.0000e+00
                jmr_In    0.0000e+00
                jms_In    0.0000e+00
               lumi_In    0.0000e+00
  n_exp_binCR_loose_HIGH_proc_Background    1.0000e+00
  n_exp_binCR_loose_LOW_proc_Background    1.0000e+00
  n_exp_binCR_loose_SIG_proc_Background    1.0000e+00
  n_exp_binCR_pass_HIGH_proc_Background_2x1    1.0000e+00
  n_exp_binCR_pass_LOW_proc_Background_2x1    1.0000e+00
  n_exp_binCR_pass_SIG_proc_Background_2x1    1.0000e+00
                pdf_In    0.0000e+00
         ttbar_xsec_In    0.0000e+00
             w_xsec_In    0.0000e+00
             z_xsec_In    0.0000e+00

    Floating Parameter  InitialValue    FinalValue +/-  Error     GblCorr.
  --------------------  ------------  --------------------------  --------
  Background_CR_loose_HIGH_bin_1-1    1.0159e+03    1.0159e+03 +/-  5.49e+01  <none>
  Background_CR_loose_HIGH_bin_1-10    6.6794e+01    6.6794e+01 +/-  8.42e+00  <none>
  Background_CR_loose_HIGH_bin_1-11    4.5882e+01    4.5882e+01 +/-  6.75e+00  <none>
  Background_CR_loose_HIGH_bin_1-12    4.0589e+01    4.0589e+01 +/-  6.30e+00  <none>
  Background_CR_loose_HIGH_bin_1-13    9.9667e+00    9.9667e+00 +/-  3.36e+00  <none>
  Background_CR_loose_HIGH_bin_1-2    1.4045e+03    1.4045e+03 +/-  5.77e+01  <none>
  Background_CR_loose_HIGH_bin_1-3    1.2614e+03    1.2614e+03 +/-  4.78e+01  <none>
  Background_CR_loose_HIGH_bin_1-4    9.6309e+02    9.6309e+02 +/-  3.66e+01  <none>
  Background_CR_loose_HIGH_bin_1-5    6.1719e+02    6.1719e+02 +/-  2.81e+01  <none>
  Background_CR_loose_HIGH_bin_1-6    3.4210e+02    3.4210e+02 +/-  1.96e+01  <none>
  Background_CR_loose_HIGH_bin_1-7    2.6007e+02    2.6007e+02 +/-  1.65e+01  <none>
  Background_CR_loose_HIGH_bin_1-8    1.3624e+02    1.3624e+02 +/-  1.19e+01  <none>
  Background_CR_loose_HIGH_bin_1-9    1.0313e+02    1.0313e+02 +/-  1.07e+01  <none>
  Background_CR_loose_HIGH_bin_2-1    5.7086e+02    5.7086e+02 +/-  5.81e+01  <none>
  Background_CR_loose_HIGH_bin_2-10    5.0300e+01    5.0300e+01 +/-  7.96e+00  <none>
  Background_CR_loose_HIGH_bin_2-11    4.7843e+01    4.7843e+01 +/-  7.41e+00  <none>
  Background_CR_loose_HIGH_bin_2-12    3.0086e+01    3.0086e+01 +/-  6.20e+00  <none>
  Background_CR_loose_HIGH_bin_2-13    1.4927e+01    1.4927e+01 +/-  4.41e+00  <none>
  Background_CR_loose_HIGH_bin_2-2    9.8512e+02    9.8512e+02 +/-  6.08e+01  <none>
  Background_CR_loose_HIGH_bin_2-3    1.0027e+03    1.0027e+03 +/-  5.08e+01  <none>
  Background_CR_loose_HIGH_bin_2-4    8.0111e+02    8.0111e+02 +/-  3.99e+01  <none>
  Background_CR_loose_HIGH_bin_2-5    5.8454e+02    5.8454e+02 +/-  3.05e+01  <none>
  Background_CR_loose_HIGH_bin_2-6    3.7613e+02    3.7613e+02 +/-  2.33e+01  <none>
  Background_CR_loose_HIGH_bin_2-7    2.1000e+02    2.1000e+02 +/-  1.68e+01  <none>
  Background_CR_loose_HIGH_bin_2-8    1.6035e+02    1.6035e+02 +/-  1.45e+01  <none>
  Background_CR_loose_HIGH_bin_2-9    1.1376e+02    1.1376e+02 +/-  1.16e+01  <none>
  Background_CR_loose_HIGH_bin_3-1    2.7139e+02    2.7139e+02 +/-  7.93e+01  <none>
  Background_CR_loose_HIGH_bin_3-10    8.8976e+01    8.8976e+01 +/-  1.07e+01  <none>
  Background_CR_loose_HIGH_bin_3-11    3.6087e+01    3.6087e+01 +/-  7.98e+00  <none>
  Background_CR_loose_HIGH_bin_3-12    3.8745e+01    3.8745e+01 +/-  6.71e+00  <none>
  Background_CR_loose_HIGH_bin_3-13    2.6177e+01    2.6177e+01 +/-  5.43e+00  <none>
  Background_CR_loose_HIGH_bin_3-2    6.2568e+02    6.2568e+02 +/-  9.11e+01  <none>
  Background_CR_loose_HIGH_bin_3-3    7.8141e+02    7.8141e+02 +/-  8.10e+01  <none>
  Background_CR_loose_HIGH_bin_3-4    5.9429e+02    5.9429e+02 +/-  5.91e+01  <none>
  Background_CR_loose_HIGH_bin_3-5    4.7314e+02    4.7314e+02 +/-  4.22e+01  <none>
  Background_CR_loose_HIGH_bin_3-6    3.3885e+02    3.3885e+02 +/-  3.09e+01  <none>
  Background_CR_loose_HIGH_bin_3-7    2.1281e+02    2.1281e+02 +/-  2.04e+01  <none>
  Background_CR_loose_HIGH_bin_3-8    1.1285e+02    1.1285e+02 +/-  1.65e+01  <none>
  Background_CR_loose_HIGH_bin_3-9    8.8944e+01    8.8944e+01 +/-  1.39e+01  <none>
  Background_CR_loose_HIGH_bin_4-1    1.6363e+02    1.6363e+02 +/-  5.65e+01  <none>
  Background_CR_loose_HIGH_bin_4-10    7.1710e+01    7.1710e+01 +/-  9.18e+00  <none>
  Background_CR_loose_HIGH_bin_4-11    3.3714e+01    3.3714e+01 +/-  7.18e+00  <none>
  Background_CR_loose_HIGH_bin_4-12    3.0618e+01    3.0618e+01 +/-  5.69e+00  <none>
  Background_CR_loose_HIGH_bin_4-13    1.1003e+01    1.1003e+01 +/-  4.03e+00  <none>
  Background_CR_loose_HIGH_bin_4-2    4.3802e+02    4.3802e+02 +/-  7.66e+01  <none>
  Background_CR_loose_HIGH_bin_4-3    5.0614e+02    5.0614e+02 +/-  6.31e+01  <none>
  Background_CR_loose_HIGH_bin_4-4    4.5066e+02    4.5066e+02 +/-  5.54e+01  <none>
  Background_CR_loose_HIGH_bin_4-5    4.1642e+02    4.1642e+02 +/-  4.04e+01  <none>
  Background_CR_loose_HIGH_bin_4-6    2.4821e+02    2.4821e+02 +/-  3.05e+01  <none>
  Background_CR_loose_HIGH_bin_4-7    2.0320e+02    2.0320e+02 +/-  2.25e+01  <none>
  Background_CR_loose_HIGH_bin_4-8    1.3835e+02    1.3835e+02 +/-  1.57e+01  <none>
  Background_CR_loose_HIGH_bin_4-9    8.8226e+01    8.8226e+01 +/-  1.04e+01  <none>
  Background_CR_loose_HIGH_bin_5-1    4.4917e+01    4.4917e+01 +/-  1.53e+01  <none>
  Background_CR_loose_HIGH_bin_5-10    5.5645e+01    5.5645e+01 +/-  7.62e+00  <none>
  Background_CR_loose_HIGH_bin_5-11    4.0426e+01    4.0426e+01 +/-  6.47e+00  <none>
  Background_CR_loose_HIGH_bin_5-12    1.9147e+01    1.9147e+01 +/-  4.38e+00  <none>
  Background_CR_loose_HIGH_bin_5-13    8.0245e+00    8.0246e+00 +/-  3.09e+00  <none>
  Background_CR_loose_HIGH_bin_5-2    1.8929e+02    1.8929e+02 +/-  3.10e+01  <none>
  Background_CR_loose_HIGH_bin_5-3    3.0936e+02    3.0936e+02 +/-  2.62e+01  <none>
  Background_CR_loose_HIGH_bin_5-4    3.0747e+02    3.0747e+02 +/-  2.51e+01  <none>
  Background_CR_loose_HIGH_bin_5-5    3.1392e+02    3.1392e+02 +/-  2.13e+01  <none>
  Background_CR_loose_HIGH_bin_5-6    2.3386e+02    2.3386e+02 +/-  1.70e+01  <none>
  Background_CR_loose_HIGH_bin_5-7    1.8040e+02    1.8040e+02 +/-  1.42e+01  <none>
  Background_CR_loose_HIGH_bin_5-8    1.3144e+02    1.3144e+02 +/-  1.17e+01  <none>
  Background_CR_loose_HIGH_bin_5-9    7.1336e+01    7.1336e+01 +/-  8.36e+00  <none>
  Background_CR_loose_HIGH_bin_6-1    3.0514e+01    3.0514e+01 +/-  6.43e+00  <none>
  Background_CR_loose_HIGH_bin_6-10    4.9148e+01    4.9148e+01 +/-  6.74e+00  <none>
  Background_CR_loose_HIGH_bin_6-11    3.5991e+01    3.5991e+01 +/-  5.81e+00  <none>
  Background_CR_loose_HIGH_bin_6-12    3.0965e+01    3.0965e+01 +/-  5.29e+00  <none>
  Background_CR_loose_HIGH_bin_6-13    2.3983e+01    2.3983e+01 +/-  4.65e+00  <none>
  Background_CR_loose_HIGH_bin_6-2    8.5724e+01    8.5724e+01 +/-  1.11e+01  <none>
  Background_CR_loose_HIGH_bin_6-3    1.7968e+02    1.7968e+02 +/-  1.66e+01  <none>
  Background_CR_loose_HIGH_bin_6-4    2.3040e+02    2.3040e+02 +/-  1.64e+01  <none>
  Background_CR_loose_HIGH_bin_6-5    1.9561e+02    1.9561e+02 +/-  1.48e+01  <none>
  Background_CR_loose_HIGH_bin_6-6    1.6189e+02    1.6189e+02 +/-  1.26e+01  <none>
  Background_CR_loose_HIGH_bin_6-7    1.6669e+02    1.6669e+02 +/-  1.32e+01  <none>
  Background_CR_loose_HIGH_bin_6-8    9.1095e+01    9.1095e+01 +/-  9.40e+00  <none>
  Background_CR_loose_HIGH_bin_6-9    7.0940e+01    7.0940e+01 +/-  8.49e+00  <none>
  Background_CR_loose_LOW_bin_1-1    2.5497e+03    2.5497e+03 +/-  5.08e+01  <none>
  Background_CR_loose_LOW_bin_1-10    9.8442e+01    9.8442e+01 +/-  9.64e+00  <none>
  Background_CR_loose_LOW_bin_1-11    3.9040e+01    3.9040e+01 +/-  6.40e+00  <none>
  Background_CR_loose_LOW_bin_1-12    4.7460e+01    4.7460e+01 +/-  6.68e+00  <none>
  Background_CR_loose_LOW_bin_1-13    4.2813e+01    4.2813e+01 +/-  6.38e+00  <none>
  Background_CR_loose_LOW_bin_1-2    2.5010e+03    2.5010e+03 +/-  4.93e+01  <none>
  Background_CR_loose_LOW_bin_1-3    1.9539e+03    1.9539e+03 +/-  4.29e+01  <none>
  Background_CR_loose_LOW_bin_1-4    1.2262e+03    1.2262e+03 +/-  3.40e+01  <none>
  Background_CR_loose_LOW_bin_1-5    7.5519e+02    7.5519e+02 +/-  2.66e+01  <none>
  Background_CR_loose_LOW_bin_1-6    4.2729e+02    4.2729e+02 +/-  2.01e+01  <none>
  Background_CR_loose_LOW_bin_1-7    2.8731e+02    2.8731e+02 +/-  1.65e+01  <none>
  Background_CR_loose_LOW_bin_1-8    2.1747e+02    2.1747e+02 +/-  1.44e+01  <none>
  Background_CR_loose_LOW_bin_1-9    1.5298e+02    1.5298e+02 +/-  1.22e+01  <none>
  Background_CR_loose_LOW_bin_2-1    2.3158e+03    2.3158e+03 +/-  5.39e+01  <none>
  Background_CR_loose_LOW_bin_2-10    8.2230e+01    8.2230e+01 +/-  9.63e+00  <none>
  Background_CR_loose_LOW_bin_2-11    7.4674e+01    7.4674e+01 +/-  9.14e+00  <none>
  Background_CR_loose_LOW_bin_2-12    4.0941e+01    4.0941e+01 +/-  6.83e+00  <none>
  Background_CR_loose_LOW_bin_2-13    2.5266e+01    2.5266e+01 +/-  5.45e+00  <none>
  Background_CR_loose_LOW_bin_2-2    2.3473e+03    2.3473e+03 +/-  5.27e+01  <none>
  Background_CR_loose_LOW_bin_2-3    1.9104e+03    1.9104e+03 +/-  4.53e+01  <none>
  Background_CR_loose_LOW_bin_2-4    1.1550e+03    1.1550e+03 +/-  3.48e+01  <none>
  Background_CR_loose_LOW_bin_2-5    7.0700e+02    7.0700e+02 +/-  2.78e+01  <none>
  Background_CR_loose_LOW_bin_2-6    4.3229e+02    4.3229e+02 +/-  2.16e+01  <none>
  Background_CR_loose_LOW_bin_2-7    2.7182e+02    2.7182e+02 +/-  1.72e+01  <none>
  Background_CR_loose_LOW_bin_2-8    1.8067e+02    1.8067e+02 +/-  1.43e+01  <none>
  Background_CR_loose_LOW_bin_2-9    1.4456e+02    1.4456e+02 +/-  1.24e+01  <none>
  Background_CR_loose_LOW_bin_3-1    2.2855e+03    2.2855e+03 +/-  5.72e+01  <none>
  Background_CR_loose_LOW_bin_3-10    8.3237e+01    8.3237e+01 +/-  1.02e+01  <none>
  Background_CR_loose_LOW_bin_3-11    4.8970e+01    4.8970e+01 +/-  7.64e+00  <none>
  Background_CR_loose_LOW_bin_3-12    4.4653e+01    4.4653e+01 +/-  6.89e+00  <none>
  Background_CR_loose_LOW_bin_3-13    2.7343e+01    2.7343e+01 +/-  5.50e+00  <none>
  Background_CR_loose_LOW_bin_3-2    2.2898e+03    2.2898e+03 +/-  5.35e+01  <none>
  Background_CR_loose_LOW_bin_3-3    1.7137e+03    1.7137e+03 +/-  4.45e+01  <none>
  Background_CR_loose_LOW_bin_3-4    1.1916e+03    1.1916e+03 +/-  3.63e+01  <none>
  Background_CR_loose_LOW_bin_3-5    7.0181e+02    7.0181e+02 +/-  2.75e+01  <none>
  Background_CR_loose_LOW_bin_3-6    3.8992e+02    3.8992e+02 +/-  2.06e+01  <none>
  Background_CR_loose_LOW_bin_3-7    2.4466e+02    2.4466e+02 +/-  1.60e+01  <none>
  Background_CR_loose_LOW_bin_3-8    1.4527e+02    1.4527e+02 +/-  1.27e+01  <none>
  Background_CR_loose_LOW_bin_3-9    1.0922e+02    1.0922e+02 +/-  1.09e+01  <none>
  Background_CR_loose_SIG_bin_1-1    1.9684e+03    1.9684e+03 +/-  6.41e+01  <none>
  Background_CR_loose_SIG_bin_1-10    8.1794e+01    8.1794e+01 +/-  9.04e+00  <none>
  Background_CR_loose_SIG_bin_1-11    5.3054e+01    5.3054e+01 +/-  7.09e+00  <none>
  Background_CR_loose_SIG_bin_1-12    3.2843e+01    3.2843e+01 +/-  5.68e+00  <none>
  Background_CR_loose_SIG_bin_1-13    1.8939e+01    1.8939e+01 +/-  4.38e+00  <none>
  Background_CR_loose_SIG_bin_1-2    2.0831e+03    2.0831e+03 +/-  5.95e+01  <none>
  Background_CR_loose_SIG_bin_1-3    1.7369e+03    1.7369e+03 +/-  4.89e+01  <none>
  Background_CR_loose_SIG_bin_1-4    1.1651e+03    1.1651e+03 +/-  3.52e+01  <none>
  Background_CR_loose_SIG_bin_1-5    6.1519e+02    6.1519e+02 +/-  2.60e+01  <none>
  Background_CR_loose_SIG_bin_1-6    4.3599e+02    4.3599e+02 +/-  2.06e+01  <none>
  Background_CR_loose_SIG_bin_1-7    2.4262e+02    2.4262e+02 +/-  1.53e+01  <none>
  Background_CR_loose_SIG_bin_1-8    1.5994e+02    1.5994e+02 +/-  1.28e+01  <none>
  Background_CR_loose_SIG_bin_1-9    8.7578e+01    8.7578e+01 +/-  9.74e+00  <none>
  Background_CR_loose_SIG_bin_2-1    1.6021e+03    1.6021e+03 +/-  5.90e+01  <none>
  Background_CR_loose_SIG_bin_2-10    5.5217e+01    5.5216e+01 +/-  8.32e+00  <none>
  Background_CR_loose_SIG_bin_2-11    4.1367e+01    4.1367e+01 +/-  6.61e+00  <none>
  Background_CR_loose_SIG_bin_2-12    4.3240e+01    4.3240e+01 +/-  6.40e+00  <none>
  Background_CR_loose_SIG_bin_2-13    1.3619e+01    1.3619e+01 +/-  3.73e+00  <none>
  Background_CR_loose_SIG_bin_2-2    2.0128e+03    2.0128e+03 +/-  5.58e+01  <none>
  Background_CR_loose_SIG_bin_2-3    1.6223e+03    1.6223e+03 +/-  4.72e+01  <none>
  Background_CR_loose_SIG_bin_2-4    1.0348e+03    1.0348e+03 +/-  3.46e+01  <none>
  Background_CR_loose_SIG_bin_2-5    5.9967e+02    5.9967e+02 +/-  2.48e+01  <none>
  Background_CR_loose_SIG_bin_2-6    4.1358e+02    4.1358e+02 +/-  2.05e+01  <none>
  Background_CR_loose_SIG_bin_2-7    2.6491e+02    2.6491e+02 +/-  1.67e+01  <none>
  Background_CR_loose_SIG_bin_2-8    1.5394e+02    1.5394e+02 +/-  1.23e+01  <none>
  Background_CR_loose_SIG_bin_2-9    1.0174e+02    1.0174e+02 +/-  1.09e+01  <none>
  Background_CR_loose_SIG_bin_3-1    1.5302e+03    1.5302e+03 +/-  6.17e+01  <none>
  Background_CR_loose_SIG_bin_3-10    3.6514e+01    3.6514e+01 +/-  8.00e+00  <none>
  Background_CR_loose_SIG_bin_3-11    4.4459e+01    4.4459e+01 +/-  6.78e+00  <none>
  Background_CR_loose_SIG_bin_3-12    3.8230e+01    3.8230e+01 +/-  6.21e+00  <none>
  Background_CR_loose_SIG_bin_3-13    2.0424e+01    2.0424e+01 +/-  4.54e+00  <none>
  Background_CR_loose_SIG_bin_3-2    1.6419e+03    1.6419e+03 +/-  5.68e+01  <none>
  Background_CR_loose_SIG_bin_3-3    1.4770e+03    1.4770e+03 +/-  4.61e+01  <none>
  Background_CR_loose_SIG_bin_3-4    9.6674e+02    9.6674e+02 +/-  3.61e+01  <none>
  Background_CR_loose_SIG_bin_3-5    6.3902e+02    6.3902e+02 +/-  2.68e+01  <none>
  Background_CR_loose_SIG_bin_3-6    4.0068e+02    4.0068e+02 +/-  2.04e+01  <none>
  Background_CR_loose_SIG_bin_3-7    1.9831e+02    1.9831e+02 +/-  1.51e+01  <none>
  Background_CR_loose_SIG_bin_3-8    1.4131e+02    1.4131e+02 +/-  1.23e+01  <none>
  Background_CR_loose_SIG_bin_3-9    1.0052e+02    1.0052e+02 +/-  1.02e+01  <none>
  Background_CR_rpf_2x1_par0    4.2586e-01    4.2586e-01 +/-  2.35e-02  <none>
  Background_CR_rpf_2x1_par1    4.2600e-01    4.2600e-01 +/-  5.80e-02  <none>
  Background_CR_rpf_2x1_par2   -2.3821e-01   -2.3821e-01 +/-  6.74e-02  <none>
  Background_CR_rpf_2x1_par3    3.0114e-01    3.0114e-01 +/-  1.56e-02  <none>
  Background_CR_rpf_2x1_par4   -4.8092e-02   -4.8092e-02 +/-  2.00e-02  <none>
               PNetTop   -5.9533e-02   -5.9512e-02 +/-  9.41e-01  <none>
               PNetXbb    8.2947e-02    8.3210e-02 +/-  1.30e+00  <none>
                Pileup    3.0776e-02    3.0784e-02 +/-  1.10e+00  <none>
               Prefire   -3.5469e-03   -3.5467e-03 +/-  2.00e-01  <none>
           TptReweight    1.5798e-01    1.5798e-01 +/-  1.17e+00  <none>
                   jer   -5.6695e-01   -5.6758e-01 +/-  1.10e+00  <none>
                   jes    1.3606e+00    1.3607e+00 +/-  8.69e-01  <none>
                   jmr   -1.3554e-01   -1.3554e-01 +/-  5.96e-01  <none>
                   jms   -7.6153e-02   -7.6198e-02 +/-  1.09e+00  <none>
                  lumi    5.5258e-02    5.5263e-02 +/-  9.92e-01  <none>
                   pdf    1.8566e-01    1.8566e-01 +/-  1.62e+00  <none>
                     r    1.3627e+00    1.3627e+00 +/-  5.66e-01  <none>
            ttbar_xsec    1.0231e+00    1.0231e+00 +/-  4.99e-01  <none>
                w_xsec   -9.8307e-02   -9.8278e-02 +/-  1.00e+00  <none>
                z_xsec   -2.8941e-01   -2.8937e-01 +/-  8.36e-01  <none>

Robus Fit for POI 
Set default minimizer to Minuit2, algorithm Migrad, tolerance 0.1
Searching for crossing at nll = -8861.59 in the interval 1.36272, 5
      r      lvl-here  lvl-there   stepping
1.726446    +0.29509  +0.49447    0.363728
2.090174    -0.25148  +0.29509    0.363728
1.835565    +0.16331  -0.25148    0.109118
1.944683    +0.00242  +0.16331    0.109118
2.053802    -0.18420  +0.00242    0.109118
1.977419    -0.05101  -0.18420    0.032736
1.954504    -0.01339  -0.05101    0.009821
1.947629    -0.00230  -0.01339    0.002946
1.945567    +0.00101  -0.00230    0.000884
1.946451    -0.00041  +0.00101    0.000884
1.945832    +0.00058  -0.00041    0.000265
1.946097    +0.00016  +0.00058    0.000265
Set default minimizer to Minuit2, algorithm Migrad, tolerance 0.1
Searching for crossing at nll = -8861.59 in the interval 1.36272, -1
      r      lvl-here  lvl-there   stepping
1.126446    +0.40375  +0.49447    -0.236272
0.890174    +0.13136  +0.40375    -0.236272
0.653903    -0.34341  +0.13136    -0.236272
0.819293    +0.01038  -0.34341    -0.070882
0.748411    -0.12874  +0.01038    -0.070882
0.798028    -0.02943  -0.12874    -0.021264
0.812914    -0.00142  -0.02943    -0.006379
0.817379    +0.00686  -0.00142    -0.001914
0.815465    +0.00332  +0.00686    -0.001914
0.813551    -0.00023  +0.00332    -0.001914

  RooFitResult: minimized FCN value: -7.6158e-06, estimated distance to minimum: 6.36239e-06
                covariance matrix quality: Full matrix, but forced positive-definite
                Status : MINIMIZE=1 HESSE=1 

    Constant Parameter    Value     
  --------------------  ------------
            PNetTop_In    0.0000e+00
            PNetXbb_In    0.0000e+00
             Pileup_In    0.0000e+00
            Prefire_In    0.0000e+00
        TptReweight_In    0.0000e+00
                jer_In    0.0000e+00
                jes_In    0.0000e+00
                jmr_In    0.0000e+00
                jms_In    0.0000e+00
               lumi_In    0.0000e+00
  n_exp_binCR_loose_HIGH_proc_Background    1.0000e+00
  n_exp_binCR_loose_LOW_proc_Background    1.0000e+00
  n_exp_binCR_loose_SIG_proc_Background    1.0000e+00
  n_exp_binCR_pass_HIGH_proc_Background_2x1    1.0000e+00
  n_exp_binCR_pass_LOW_proc_Background_2x1    1.0000e+00
  n_exp_binCR_pass_SIG_proc_Background_2x1    1.0000e+00
                pdf_In    0.0000e+00
         ttbar_xsec_In    0.0000e+00
             w_xsec_In    0.0000e+00
             z_xsec_In    0.0000e+00

    Floating Parameter  InitialValue    FinalValue (+HiError,-LoError)    GblCorr.
  --------------------  ------------  ----------------------------------  --------
  Background_CR_loose_HIGH_bin_1-1    1.0159e+03    1.0159e+03         +/-  5.49e+01  <none>
  Background_CR_loose_HIGH_bin_1-10    6.6794e+01    6.6794e+01         +/-  8.42e+00  <none>
  Background_CR_loose_HIGH_bin_1-11    4.5882e+01    4.5882e+01         +/-  6.75e+00  <none>
  Background_CR_loose_HIGH_bin_1-12    4.0589e+01    4.0589e+01         +/-  6.30e+00  <none>
  Background_CR_loose_HIGH_bin_1-13    9.9667e+00    9.9667e+00         +/-  3.36e+00  <none>
  Background_CR_loose_HIGH_bin_1-2    1.4045e+03    1.4045e+03         +/-  5.77e+01  <none>
  Background_CR_loose_HIGH_bin_1-3    1.2614e+03    1.2614e+03         +/-  4.78e+01  <none>
  Background_CR_loose_HIGH_bin_1-4    9.6309e+02    9.6309e+02         +/-  3.66e+01  <none>
  Background_CR_loose_HIGH_bin_1-5    6.1719e+02    6.1719e+02         +/-  2.81e+01  <none>
  Background_CR_loose_HIGH_bin_1-6    3.4210e+02    3.4210e+02         +/-  1.96e+01  <none>
  Background_CR_loose_HIGH_bin_1-7    2.6007e+02    2.6007e+02         +/-  1.65e+01  <none>
  Background_CR_loose_HIGH_bin_1-8    1.3624e+02    1.3624e+02         +/-  1.19e+01  <none>
  Background_CR_loose_HIGH_bin_1-9    1.0313e+02    1.0313e+02         +/-  1.07e+01  <none>
  Background_CR_loose_HIGH_bin_2-1    5.7086e+02    5.7086e+02         +/-  5.81e+01  <none>
  Background_CR_loose_HIGH_bin_2-10    5.0300e+01    5.0300e+01         +/-  7.96e+00  <none>
  Background_CR_loose_HIGH_bin_2-11    4.7843e+01    4.7843e+01         +/-  7.41e+00  <none>
  Background_CR_loose_HIGH_bin_2-12    3.0086e+01    3.0086e+01         +/-  6.20e+00  <none>
  Background_CR_loose_HIGH_bin_2-13    1.4927e+01    1.4927e+01         +/-  4.41e+00  <none>
  Background_CR_loose_HIGH_bin_2-2    9.8512e+02    9.8512e+02         +/-  6.08e+01  <none>
  Background_CR_loose_HIGH_bin_2-3    1.0027e+03    1.0027e+03         +/-  5.08e+01  <none>
  Background_CR_loose_HIGH_bin_2-4    8.0111e+02    8.0111e+02         +/-  3.99e+01  <none>
  Background_CR_loose_HIGH_bin_2-5    5.8454e+02    5.8454e+02         +/-  3.05e+01  <none>
  Background_CR_loose_HIGH_bin_2-6    3.7613e+02    3.7613e+02         +/-  2.33e+01  <none>
  Background_CR_loose_HIGH_bin_2-7    2.1000e+02    2.1000e+02         +/-  1.68e+01  <none>
  Background_CR_loose_HIGH_bin_2-8    1.6035e+02    1.6035e+02         +/-  1.45e+01  <none>
  Background_CR_loose_HIGH_bin_2-9    1.1376e+02    1.1376e+02         +/-  1.16e+01  <none>
  Background_CR_loose_HIGH_bin_3-1    2.7139e+02    2.7139e+02         +/-  7.93e+01  <none>
  Background_CR_loose_HIGH_bin_3-10    8.8976e+01    8.8976e+01         +/-  1.07e+01  <none>
  Background_CR_loose_HIGH_bin_3-11    3.6087e+01    3.6087e+01         +/-  7.98e+00  <none>
  Background_CR_loose_HIGH_bin_3-12    3.8745e+01    3.8745e+01         +/-  6.71e+00  <none>
  Background_CR_loose_HIGH_bin_3-13    2.6177e+01    2.6177e+01         +/-  5.43e+00  <none>
  Background_CR_loose_HIGH_bin_3-2    6.2568e+02    6.2568e+02         +/-  9.11e+01  <none>
  Background_CR_loose_HIGH_bin_3-3    7.8141e+02    7.8141e+02         +/-  8.10e+01  <none>
  Background_CR_loose_HIGH_bin_3-4    5.9429e+02    5.9429e+02         +/-  5.91e+01  <none>
  Background_CR_loose_HIGH_bin_3-5    4.7314e+02    4.7314e+02         +/-  4.22e+01  <none>
  Background_CR_loose_HIGH_bin_3-6    3.3885e+02    3.3885e+02         +/-  3.09e+01  <none>
  Background_CR_loose_HIGH_bin_3-7    2.1281e+02    2.1281e+02         +/-  2.04e+01  <none>
  Background_CR_loose_HIGH_bin_3-8    1.1285e+02    1.1285e+02         +/-  1.65e+01  <none>
  Background_CR_loose_HIGH_bin_3-9    8.8944e+01    8.8944e+01         +/-  1.39e+01  <none>
  Background_CR_loose_HIGH_bin_4-1    1.6363e+02    1.6363e+02         +/-  5.65e+01  <none>
  Background_CR_loose_HIGH_bin_4-10    7.1710e+01    7.1710e+01         +/-  9.18e+00  <none>
  Background_CR_loose_HIGH_bin_4-11    3.3714e+01    3.3714e+01         +/-  7.18e+00  <none>
  Background_CR_loose_HIGH_bin_4-12    3.0618e+01    3.0618e+01         +/-  5.69e+00  <none>
  Background_CR_loose_HIGH_bin_4-13    1.1003e+01    1.1003e+01         +/-  4.03e+00  <none>
  Background_CR_loose_HIGH_bin_4-2    4.3802e+02    4.3802e+02         +/-  7.66e+01  <none>
  Background_CR_loose_HIGH_bin_4-3    5.0614e+02    5.0614e+02         +/-  6.31e+01  <none>
  Background_CR_loose_HIGH_bin_4-4    4.5066e+02    4.5066e+02         +/-  5.54e+01  <none>
  Background_CR_loose_HIGH_bin_4-5    4.1642e+02    4.1642e+02         +/-  4.04e+01  <none>
  Background_CR_loose_HIGH_bin_4-6    2.4821e+02    2.4821e+02         +/-  3.05e+01  <none>
  Background_CR_loose_HIGH_bin_4-7    2.0320e+02    2.0320e+02         +/-  2.25e+01  <none>
  Background_CR_loose_HIGH_bin_4-8    1.3835e+02    1.3835e+02         +/-  1.57e+01  <none>
  Background_CR_loose_HIGH_bin_4-9    8.8226e+01    8.8226e+01         +/-  1.04e+01  <none>
  Background_CR_loose_HIGH_bin_5-1    4.4917e+01    4.4917e+01         +/-  1.53e+01  <none>
  Background_CR_loose_HIGH_bin_5-10    5.5645e+01    5.5645e+01         +/-  7.62e+00  <none>
  Background_CR_loose_HIGH_bin_5-11    4.0426e+01    4.0426e+01         +/-  6.47e+00  <none>
  Background_CR_loose_HIGH_bin_5-12    1.9147e+01    1.9147e+01         +/-  4.38e+00  <none>
  Background_CR_loose_HIGH_bin_5-13    8.0245e+00    8.0246e+00         +/-  3.09e+00  <none>
  Background_CR_loose_HIGH_bin_5-2    1.8929e+02    1.8929e+02         +/-  3.10e+01  <none>
  Background_CR_loose_HIGH_bin_5-3    3.0936e+02    3.0936e+02         +/-  2.62e+01  <none>
  Background_CR_loose_HIGH_bin_5-4    3.0747e+02    3.0747e+02         +/-  2.51e+01  <none>
  Background_CR_loose_HIGH_bin_5-5    3.1392e+02    3.1392e+02         +/-  2.13e+01  <none>
  Background_CR_loose_HIGH_bin_5-6    2.3386e+02    2.3386e+02         +/-  1.70e+01  <none>
  Background_CR_loose_HIGH_bin_5-7    1.8040e+02    1.8040e+02         +/-  1.42e+01  <none>
  Background_CR_loose_HIGH_bin_5-8    1.3144e+02    1.3144e+02         +/-  1.17e+01  <none>
  Background_CR_loose_HIGH_bin_5-9    7.1336e+01    7.1336e+01         +/-  8.36e+00  <none>
  Background_CR_loose_HIGH_bin_6-1    3.0514e+01    3.0514e+01         +/-  6.43e+00  <none>
  Background_CR_loose_HIGH_bin_6-10    4.9148e+01    4.9148e+01         +/-  6.74e+00  <none>
  Background_CR_loose_HIGH_bin_6-11    3.5991e+01    3.5991e+01         +/-  5.81e+00  <none>
  Background_CR_loose_HIGH_bin_6-12    3.0965e+01    3.0965e+01         +/-  5.29e+00  <none>
  Background_CR_loose_HIGH_bin_6-13    2.3983e+01    2.3983e+01         +/-  4.65e+00  <none>
  Background_CR_loose_HIGH_bin_6-2    8.5724e+01    8.5724e+01         +/-  1.11e+01  <none>
  Background_CR_loose_HIGH_bin_6-3    1.7968e+02    1.7968e+02         +/-  1.66e+01  <none>
  Background_CR_loose_HIGH_bin_6-4    2.3040e+02    2.3040e+02         +/-  1.64e+01  <none>
  Background_CR_loose_HIGH_bin_6-5    1.9561e+02    1.9561e+02         +/-  1.48e+01  <none>
  Background_CR_loose_HIGH_bin_6-6    1.6189e+02    1.6189e+02         +/-  1.26e+01  <none>
  Background_CR_loose_HIGH_bin_6-7    1.6669e+02    1.6669e+02         +/-  1.32e+01  <none>
  Background_CR_loose_HIGH_bin_6-8    9.1095e+01    9.1095e+01         +/-  9.40e+00  <none>
  Background_CR_loose_HIGH_bin_6-9    7.0940e+01    7.0940e+01         +/-  8.49e+00  <none>
  Background_CR_loose_LOW_bin_1-1    2.5497e+03    2.5497e+03         +/-  5.08e+01  <none>
  Background_CR_loose_LOW_bin_1-10    9.8442e+01    9.8442e+01         +/-  9.64e+00  <none>
  Background_CR_loose_LOW_bin_1-11    3.9040e+01    3.9040e+01         +/-  6.40e+00  <none>
  Background_CR_loose_LOW_bin_1-12    4.7460e+01    4.7460e+01         +/-  6.68e+00  <none>
  Background_CR_loose_LOW_bin_1-13    4.2813e+01    4.2813e+01         +/-  6.38e+00  <none>
  Background_CR_loose_LOW_bin_1-2    2.5010e+03    2.5010e+03         +/-  4.93e+01  <none>
  Background_CR_loose_LOW_bin_1-3    1.9539e+03    1.9539e+03         +/-  4.29e+01  <none>
  Background_CR_loose_LOW_bin_1-4    1.2262e+03    1.2262e+03         +/-  3.40e+01  <none>
  Background_CR_loose_LOW_bin_1-5    7.5519e+02    7.5519e+02         +/-  2.66e+01  <none>
  Background_CR_loose_LOW_bin_1-6    4.2729e+02    4.2729e+02         +/-  2.01e+01  <none>
  Background_CR_loose_LOW_bin_1-7    2.8731e+02    2.8731e+02         +/-  1.65e+01  <none>
  Background_CR_loose_LOW_bin_1-8    2.1747e+02    2.1747e+02         +/-  1.44e+01  <none>
  Background_CR_loose_LOW_bin_1-9    1.5298e+02    1.5298e+02         +/-  1.22e+01  <none>
  Background_CR_loose_LOW_bin_2-1    2.3158e+03    2.3158e+03         +/-  5.39e+01  <none>
  Background_CR_loose_LOW_bin_2-10    8.2230e+01    8.2230e+01         +/-  9.63e+00  <none>
  Background_CR_loose_LOW_bin_2-11    7.4674e+01    7.4674e+01         +/-  9.14e+00  <none>
  Background_CR_loose_LOW_bin_2-12    4.0941e+01    4.0941e+01         +/-  6.83e+00  <none>
  Background_CR_loose_LOW_bin_2-13    2.5266e+01    2.5266e+01         +/-  5.45e+00  <none>
  Background_CR_loose_LOW_bin_2-2    2.3473e+03    2.3473e+03         +/-  5.27e+01  <none>
  Background_CR_loose_LOW_bin_2-3    1.9104e+03    1.9104e+03         +/-  4.53e+01  <none>
  Background_CR_loose_LOW_bin_2-4    1.1550e+03    1.1550e+03         +/-  3.48e+01  <none>
  Background_CR_loose_LOW_bin_2-5    7.0700e+02    7.0700e+02         +/-  2.78e+01  <none>
  Background_CR_loose_LOW_bin_2-6    4.3229e+02    4.3229e+02         +/-  2.16e+01  <none>
  Background_CR_loose_LOW_bin_2-7    2.7182e+02    2.7182e+02         +/-  1.72e+01  <none>
  Background_CR_loose_LOW_bin_2-8    1.8067e+02    1.8067e+02         +/-  1.43e+01  <none>
  Background_CR_loose_LOW_bin_2-9    1.4456e+02    1.4456e+02         +/-  1.24e+01  <none>
  Background_CR_loose_LOW_bin_3-1    2.2855e+03    2.2855e+03         +/-  5.72e+01  <none>
  Background_CR_loose_LOW_bin_3-10    8.3237e+01    8.3237e+01         +/-  1.02e+01  <none>
  Background_CR_loose_LOW_bin_3-11    4.8970e+01    4.8970e+01         +/-  7.64e+00  <none>
  Background_CR_loose_LOW_bin_3-12    4.4653e+01    4.4653e+01         +/-  6.89e+00  <none>
  Background_CR_loose_LOW_bin_3-13    2.7343e+01    2.7343e+01         +/-  5.50e+00  <none>
  Background_CR_loose_LOW_bin_3-2    2.2898e+03    2.2898e+03         +/-  5.35e+01  <none>
  Background_CR_loose_LOW_bin_3-3    1.7137e+03    1.7137e+03         +/-  4.45e+01  <none>
  Background_CR_loose_LOW_bin_3-4    1.1916e+03    1.1916e+03         +/-  3.63e+01  <none>
  Background_CR_loose_LOW_bin_3-5    7.0181e+02    7.0181e+02         +/-  2.75e+01  <none>
  Background_CR_loose_LOW_bin_3-6    3.8992e+02    3.8992e+02         +/-  2.06e+01  <none>
  Background_CR_loose_LOW_bin_3-7    2.4466e+02    2.4466e+02         +/-  1.60e+01  <none>
  Background_CR_loose_LOW_bin_3-8    1.4527e+02    1.4527e+02         +/-  1.27e+01  <none>
  Background_CR_loose_LOW_bin_3-9    1.0922e+02    1.0922e+02         +/-  1.09e+01  <none>
  Background_CR_loose_SIG_bin_1-1    1.9684e+03    1.9684e+03         +/-  6.41e+01  <none>
  Background_CR_loose_SIG_bin_1-10    8.1794e+01    8.1794e+01         +/-  9.04e+00  <none>
  Background_CR_loose_SIG_bin_1-11    5.3054e+01    5.3054e+01         +/-  7.09e+00  <none>
  Background_CR_loose_SIG_bin_1-12    3.2843e+01    3.2843e+01         +/-  5.68e+00  <none>
  Background_CR_loose_SIG_bin_1-13    1.8939e+01    1.8939e+01         +/-  4.38e+00  <none>
  Background_CR_loose_SIG_bin_1-2    2.0831e+03    2.0831e+03         +/-  5.95e+01  <none>
  Background_CR_loose_SIG_bin_1-3    1.7369e+03    1.7369e+03         +/-  4.89e+01  <none>
  Background_CR_loose_SIG_bin_1-4    1.1651e+03    1.1651e+03         +/-  3.52e+01  <none>
  Background_CR_loose_SIG_bin_1-5    6.1519e+02    6.1519e+02         +/-  2.60e+01  <none>
  Background_CR_loose_SIG_bin_1-6    4.3599e+02    4.3599e+02         +/-  2.06e+01  <none>
  Background_CR_loose_SIG_bin_1-7    2.4262e+02    2.4262e+02         +/-  1.53e+01  <none>
  Background_CR_loose_SIG_bin_1-8    1.5994e+02    1.5994e+02         +/-  1.28e+01  <none>
  Background_CR_loose_SIG_bin_1-9    8.7578e+01    8.7578e+01         +/-  9.74e+00  <none>
  Background_CR_loose_SIG_bin_2-1    1.6021e+03    1.6021e+03         +/-  5.90e+01  <none>
  Background_CR_loose_SIG_bin_2-10    5.5217e+01    5.5216e+01         +/-  8.32e+00  <none>
  Background_CR_loose_SIG_bin_2-11    4.1367e+01    4.1367e+01         +/-  6.61e+00  <none>
  Background_CR_loose_SIG_bin_2-12    4.3240e+01    4.3240e+01         +/-  6.40e+00  <none>
  Background_CR_loose_SIG_bin_2-13    1.3619e+01    1.3619e+01         +/-  3.73e+00  <none>
  Background_CR_loose_SIG_bin_2-2    2.0128e+03    2.0128e+03         +/-  5.58e+01  <none>
  Background_CR_loose_SIG_bin_2-3    1.6223e+03    1.6223e+03         +/-  4.72e+01  <none>
  Background_CR_loose_SIG_bin_2-4    1.0348e+03    1.0348e+03         +/-  3.46e+01  <none>
  Background_CR_loose_SIG_bin_2-5    5.9967e+02    5.9967e+02         +/-  2.48e+01  <none>
  Background_CR_loose_SIG_bin_2-6    4.1358e+02    4.1358e+02         +/-  2.05e+01  <none>
  Background_CR_loose_SIG_bin_2-7    2.6491e+02    2.6491e+02         +/-  1.67e+01  <none>
  Background_CR_loose_SIG_bin_2-8    1.5394e+02    1.5394e+02         +/-  1.23e+01  <none>
  Background_CR_loose_SIG_bin_2-9    1.0174e+02    1.0174e+02         +/-  1.09e+01  <none>
  Background_CR_loose_SIG_bin_3-1    1.5302e+03    1.5302e+03         +/-  6.17e+01  <none>
  Background_CR_loose_SIG_bin_3-10    3.6514e+01    3.6514e+01         +/-  8.00e+00  <none>
  Background_CR_loose_SIG_bin_3-11    4.4459e+01    4.4459e+01         +/-  6.78e+00  <none>
  Background_CR_loose_SIG_bin_3-12    3.8230e+01    3.8230e+01         +/-  6.21e+00  <none>
  Background_CR_loose_SIG_bin_3-13    2.0424e+01    2.0424e+01         +/-  4.54e+00  <none>
  Background_CR_loose_SIG_bin_3-2    1.6419e+03    1.6419e+03         +/-  5.68e+01  <none>
  Background_CR_loose_SIG_bin_3-3    1.4770e+03    1.4770e+03         +/-  4.61e+01  <none>
  Background_CR_loose_SIG_bin_3-4    9.6674e+02    9.6674e+02         +/-  3.61e+01  <none>
  Background_CR_loose_SIG_bin_3-5    6.3902e+02    6.3902e+02         +/-  2.68e+01  <none>
  Background_CR_loose_SIG_bin_3-6    4.0068e+02    4.0068e+02         +/-  2.04e+01  <none>
  Background_CR_loose_SIG_bin_3-7    1.9831e+02    1.9831e+02         +/-  1.51e+01  <none>
  Background_CR_loose_SIG_bin_3-8    1.4131e+02    1.4131e+02         +/-  1.23e+01  <none>
  Background_CR_loose_SIG_bin_3-9    1.0052e+02    1.0052e+02         +/-  1.02e+01  <none>
  Background_CR_rpf_2x1_par0    4.2586e-01    4.2586e-01         +/-  2.35e-02  <none>
  Background_CR_rpf_2x1_par1    4.2600e-01    4.2600e-01         +/-  5.80e-02  <none>
  Background_CR_rpf_2x1_par2   -2.3821e-01   -2.3821e-01         +/-  6.74e-02  <none>
  Background_CR_rpf_2x1_par3    3.0114e-01    3.0114e-01         +/-  1.56e-02  <none>
  Background_CR_rpf_2x1_par4   -4.8092e-02   -4.8092e-02         +/-  2.00e-02  <none>
               PNetTop   -5.9533e-02   -5.9512e-02         +/-  9.41e-01  <none>
               PNetXbb    8.2947e-02    8.3210e-02         +/-  1.30e+00  <none>
                Pileup    3.0776e-02    3.0784e-02         +/-  1.10e+00  <none>
               Prefire   -3.5469e-03   -3.5467e-03         +/-  2.00e-01  <none>
           TptReweight    1.5798e-01    1.5798e-01         +/-  1.17e+00  <none>
                   jer   -5.6695e-01   -5.6758e-01         +/-  1.10e+00  <none>
                   jes    1.3606e+00    1.3607e+00         +/-  8.69e-01  <none>
                   jmr   -1.3554e-01   -1.3554e-01         +/-  5.96e-01  <none>
                   jms   -7.6153e-02   -7.6198e-02         +/-  1.09e+00  <none>
                  lumi    5.5258e-02    5.5263e-02         +/-  9.92e-01  <none>
                   pdf    1.8566e-01    1.8566e-01         +/-  1.62e+00  <none>
                     r    1.3627e+00    1.3627e+00 (+5.84e-01,-5.49e-01)  <none>
            ttbar_xsec    1.0231e+00    1.0231e+00         +/-  4.99e-01  <none>
                w_xsec   -9.8307e-02   -9.8278e-02         +/-  1.00e+00  <none>
                z_xsec   -2.8941e-01   -2.8937e-01         +/-  8.36e-01  <none>


 --- FitDiagnostics ---
Best fit r: 1.36272  -0.549382/+0.5836  (68% CL)
Done in 1.00 min (cpu), 1.01 min (real)
Printing Message Summary From ... combine_logger.out
----------------------------------------------
Messages of type INFO : 118
Messages of type DEBUG : 18
Messages of type ERROR : 1
----------------------------------------------
INFO: (function: applyOptionsBase) FitterAlgoBase.cc: 113 -- Setting robust fit options to Tolerance=0.1 / Strategy=0 / Type,Algo=Minuit2,Migrad (note that defaults of CascadeMinimizer were taken where option not specified)
INFO: (function: improveOnce) CascadeMinimizer.cc: 188 -- Minimisation configured with Type=Minuit2, Algo=Migrad, strategy=1, tolerance=0.1
INFO: (function: improveOnce) CascadeMinimizer.cc: 211 -- Minimisation finished with status=0
INFO: (function: improveOnce) CascadeMinimizer.cc: 216 -- Minimization success! status=0
INFO: (function: improveOnce) CascadeMinimizer.cc: 188 -- Minimisation configured with Type=Minuit2, Algo=Migrad, strategy=1, tolerance=0.1
INFO: (function: improveOnce) CascadeMinimizer.cc: 211 -- Minimisation finished with status=0
INFO: (function: improveOnce) CascadeMinimizer.cc: 216 -- Minimization success! status=0
INFO: (function: improveOnce) CascadeMinimizer.cc: 188 -- Minimisation configured with Type=Minuit2, Algo=Migrad, strategy=1, tolerance=0.1
INFO: (function: improveOnce) CascadeMinimizer.cc: 211 -- Minimisation finished with status=1
DEBUG: (function: improveOnce) CascadeMinimizer.cc: 212 -- finished with status 1 (covariance forced positive definite), this could indicate a problem with the minimim.
INFO: (function: improveOnce) CascadeMinimizer.cc: 216 -- Minimization success! status=0
INFO: (function: improveOnce) CascadeMinimizer.cc: 188 -- Minimisation configured with Type=Minuit2, Algo=Migrad, strategy=1, tolerance=0.1
INFO: (function: improveOnce) CascadeMinimizer.cc: 211 -- Minimisation finished with status=0
INFO: (function: improveOnce) CascadeMinimizer.cc: 216 -- Minimization success! status=0
DEBUG: (function: runSpecific) FitDiagnostics.cc: 318 -- Fit B-only, status = 0, numBadNLL = 0, covariance quality = 3
INFO: (function: improveOnce) CascadeMinimizer.cc: 188 -- Minimisation configured with Type=Minuit2, Algo=Migrad, strategy=1, tolerance=0.1
INFO: (function: improveOnce) CascadeMinimizer.cc: 211 -- Minimisation finished with status=1
DEBUG: (function: improveOnce) CascadeMinimizer.cc: 212 -- finished with status 1 (covariance forced positive definite), this could indicate a problem with the minimim.
INFO: (function: improveOnce) CascadeMinimizer.cc: 216 -- Minimization success! status=0
INFO: (function: improveOnce) CascadeMinimizer.cc: 188 -- Minimisation configured with Type=Minuit2, Algo=Migrad, strategy=1, tolerance=0.1
INFO: (function: improveOnce) CascadeMinimizer.cc: 211 -- Minimisation finished with status=1
DEBUG: (function: improveOnce) CascadeMinimizer.cc: 212 -- finished with status 1 (covariance forced positive definite), this could indicate a problem with the minimim.
INFO: (function: improveOnce) CascadeMinimizer.cc: 216 -- Minimization success! status=0
INFO: (function: doFit) FitterAlgoBase.cc: 359 -- Running RobustFit for POI r. Configured with strategy 0  
INFO: (function: findCrossing) FitterAlgoBase.cc: 405 -- Searching for crossing at nll = -8861.59, in the interval 1.36272 < r < 5
INFO: (function: improveOnce) CascadeMinimizer.cc: 188 -- Minimisation configured with Type=Minuit2, Algo=Migrad, strategy=1, tolerance=0.1
INFO: (function: improveOnce) CascadeMinimizer.cc: 211 -- Minimisation finished with status=1
DEBUG: (function: improveOnce) CascadeMinimizer.cc: 212 -- finished with status 1 (covariance forced positive definite), this could indicate a problem with the minimim.
INFO: (function: improveOnce) CascadeMinimizer.cc: 216 -- Minimization success! status=0
INFO: (function: findCrossing) FitterAlgoBase.cc: 426 -- r lvl-here lvl-there 	stepping 
INFO: (function: improveOnce) CascadeMinimizer.cc: 188 -- Minimisation configured with Type=Minuit2, Algo=Migrad, strategy=1, tolerance=0.1
INFO: (function: improveOnce) CascadeMinimizer.cc: 211 -- Minimisation finished with status=0
INFO: (function: improveOnce) CascadeMinimizer.cc: 216 -- Minimization success! status=0
INFO: (function: findCrossing) FitterAlgoBase.cc: 459 -- 1.726446    +0.29509  +0.49447    0.363728
INFO: (function: improveOnce) CascadeMinimizer.cc: 188 -- Minimisation configured with Type=Minuit2, Algo=Migrad, strategy=1, tolerance=0.1
INFO: (function: improveOnce) CascadeMinimizer.cc: 211 -- Minimisation finished with status=0
INFO: (function: improveOnce) CascadeMinimizer.cc: 216 -- Minimization success! status=0
INFO: (function: findCrossing) FitterAlgoBase.cc: 459 -- 2.090174    -0.25148  +0.29509    0.363728
INFO: (function: improveOnce) CascadeMinimizer.cc: 188 -- Minimisation configured with Type=Minuit2, Algo=Migrad, strategy=1, tolerance=0.1
INFO: (function: improveOnce) CascadeMinimizer.cc: 211 -- Minimisation finished with status=1
DEBUG: (function: improveOnce) CascadeMinimizer.cc: 212 -- finished with status 1 (covariance forced positive definite), this could indicate a problem with the minimim.
INFO: (function: improveOnce) CascadeMinimizer.cc: 216 -- Minimization success! status=0
INFO: (function: findCrossing) FitterAlgoBase.cc: 459 -- 1.835565    +0.16331  -0.25148    0.109118
INFO: (function: improveOnce) CascadeMinimizer.cc: 188 -- Minimisation configured with Type=Minuit2, Algo=Migrad, strategy=1, tolerance=0.1
INFO: (function: improveOnce) CascadeMinimizer.cc: 211 -- Minimisation finished with status=1
DEBUG: (function: improveOnce) CascadeMinimizer.cc: 212 -- finished with status 1 (covariance forced positive definite), this could indicate a problem with the minimim.
INFO: (function: improveOnce) CascadeMinimizer.cc: 216 -- Minimization success! status=0
INFO: (function: findCrossing) FitterAlgoBase.cc: 459 -- 1.944683    +0.00242  +0.16331    0.109118
INFO: (function: improveOnce) CascadeMinimizer.cc: 188 -- Minimisation configured with Type=Minuit2, Algo=Migrad, strategy=1, tolerance=0.1
INFO: (function: improveOnce) CascadeMinimizer.cc: 211 -- Minimisation finished with status=1
DEBUG: (function: improveOnce) CascadeMinimizer.cc: 212 -- finished with status 1 (covariance forced positive definite), this could indicate a problem with the minimim.
INFO: (function: improveOnce) CascadeMinimizer.cc: 216 -- Minimization success! status=0
INFO: (function: findCrossing) FitterAlgoBase.cc: 459 -- 2.053802    -0.18420  +0.00242    0.109118
INFO: (function: improveOnce) CascadeMinimizer.cc: 188 -- Minimisation configured with Type=Minuit2, Algo=Migrad, strategy=1, tolerance=0.1
INFO: (function: improveOnce) CascadeMinimizer.cc: 211 -- Minimisation finished with status=0
INFO: (function: improveOnce) CascadeMinimizer.cc: 216 -- Minimization success! status=0
INFO: (function: findCrossing) FitterAlgoBase.cc: 459 -- 1.977419    -0.05101  -0.18420    0.032736
INFO: (function: improveOnce) CascadeMinimizer.cc: 188 -- Minimisation configured with Type=Minuit2, Algo=Migrad, strategy=1, tolerance=0.1
INFO: (function: improveOnce) CascadeMinimizer.cc: 211 -- Minimisation finished with status=1
DEBUG: (function: improveOnce) CascadeMinimizer.cc: 212 -- finished with status 1 (covariance forced positive definite), this could indicate a problem with the minimim.
INFO: (function: improveOnce) CascadeMinimizer.cc: 216 -- Minimization success! status=0
INFO: (function: findCrossing) FitterAlgoBase.cc: 459 -- 1.954504    -0.01339  -0.05101    0.009821
INFO: (function: improveOnce) CascadeMinimizer.cc: 188 -- Minimisation configured with Type=Minuit2, Algo=Migrad, strategy=1, tolerance=0.1
INFO: (function: improveOnce) CascadeMinimizer.cc: 211 -- Minimisation finished with status=0
INFO: (function: improveOnce) CascadeMinimizer.cc: 216 -- Minimization success! status=0
INFO: (function: findCrossing) FitterAlgoBase.cc: 459 -- 1.947629    -0.00230  -0.01339    0.002946
INFO: (function: improveOnce) CascadeMinimizer.cc: 188 -- Minimisation configured with Type=Minuit2, Algo=Migrad, strategy=1, tolerance=0.1
INFO: (function: improveOnce) CascadeMinimizer.cc: 211 -- Minimisation finished with status=0
INFO: (function: improveOnce) CascadeMinimizer.cc: 216 -- Minimization success! status=0
INFO: (function: findCrossing) FitterAlgoBase.cc: 459 -- 1.945567    +0.00101  -0.00230    0.000884
INFO: (function: improveOnce) CascadeMinimizer.cc: 188 -- Minimisation configured with Type=Minuit2, Algo=Migrad, strategy=1, tolerance=0.1
INFO: (function: improveOnce) CascadeMinimizer.cc: 211 -- Minimisation finished with status=0
INFO: (function: improveOnce) CascadeMinimizer.cc: 216 -- Minimization success! status=0
INFO: (function: findCrossing) FitterAlgoBase.cc: 459 -- 1.946451    -0.00041  +0.00101    0.000884
INFO: (function: improveOnce) CascadeMinimizer.cc: 188 -- Minimisation configured with Type=Minuit2, Algo=Migrad, strategy=1, tolerance=0.1
INFO: (function: improveOnce) CascadeMinimizer.cc: 211 -- Minimisation finished with status=1
DEBUG: (function: improveOnce) CascadeMinimizer.cc: 212 -- finished with status 1 (covariance forced positive definite), this could indicate a problem with the minimim.
INFO: (function: improveOnce) CascadeMinimizer.cc: 216 -- Minimization success! status=0
INFO: (function: findCrossing) FitterAlgoBase.cc: 459 -- 1.945832    +0.00058  -0.00041    0.000265
INFO: (function: improveOnce) CascadeMinimizer.cc: 188 -- Minimisation configured with Type=Minuit2, Algo=Migrad, strategy=1, tolerance=0.1
INFO: (function: improveOnce) CascadeMinimizer.cc: 211 -- Minimisation finished with status=1
DEBUG: (function: improveOnce) CascadeMinimizer.cc: 212 -- finished with status 1 (covariance forced positive definite), this could indicate a problem with the minimim.
INFO: (function: improveOnce) CascadeMinimizer.cc: 216 -- Minimization success! status=0
INFO: (function: findCrossing) FitterAlgoBase.cc: 459 -- 1.946097    +0.00016  +0.00058    0.000265
INFO: (function: findCrossing) FitterAlgoBase.cc: 405 -- Searching for crossing at nll = -8861.59, in the interval 1.36272 < r < -1
INFO: (function: improveOnce) CascadeMinimizer.cc: 188 -- Minimisation configured with Type=Minuit2, Algo=Migrad, strategy=1, tolerance=0.1
INFO: (function: improveOnce) CascadeMinimizer.cc: 211 -- Minimisation finished with status=1
DEBUG: (function: improveOnce) CascadeMinimizer.cc: 212 -- finished with status 1 (covariance forced positive definite), this could indicate a problem with the minimim.
INFO: (function: improveOnce) CascadeMinimizer.cc: 216 -- Minimization success! status=0
INFO: (function: findCrossing) FitterAlgoBase.cc: 426 -- r lvl-here lvl-there 	stepping 
INFO: (function: improveOnce) CascadeMinimizer.cc: 188 -- Minimisation configured with Type=Minuit2, Algo=Migrad, strategy=1, tolerance=0.1
INFO: (function: improveOnce) CascadeMinimizer.cc: 211 -- Minimisation finished with status=1
DEBUG: (function: improveOnce) CascadeMinimizer.cc: 212 -- finished with status 1 (covariance forced positive definite), this could indicate a problem with the minimim.
INFO: (function: improveOnce) CascadeMinimizer.cc: 216 -- Minimization success! status=0
INFO: (function: findCrossing) FitterAlgoBase.cc: 459 -- 1.126446    +0.40375  +0.49447    -0.236272
INFO: (function: improveOnce) CascadeMinimizer.cc: 188 -- Minimisation configured with Type=Minuit2, Algo=Migrad, strategy=1, tolerance=0.1
INFO: (function: improveOnce) CascadeMinimizer.cc: 211 -- Minimisation finished with status=0
INFO: (function: improveOnce) CascadeMinimizer.cc: 216 -- Minimization success! status=0
INFO: (function: findCrossing) FitterAlgoBase.cc: 459 -- 0.890174    +0.13136  +0.40375    -0.236272
INFO: (function: improveOnce) CascadeMinimizer.cc: 188 -- Minimisation configured with Type=Minuit2, Algo=Migrad, strategy=1, tolerance=0.1
INFO: (function: improveOnce) CascadeMinimizer.cc: 211 -- Minimisation finished with status=0
INFO: (function: improveOnce) CascadeMinimizer.cc: 216 -- Minimization success! status=0
INFO: (function: findCrossing) FitterAlgoBase.cc: 459 -- 0.653903    -0.34341  +0.13136    -0.236272
INFO: (function: improveOnce) CascadeMinimizer.cc: 188 -- Minimisation configured with Type=Minuit2, Algo=Migrad, strategy=1, tolerance=0.1
INFO: (function: improveOnce) CascadeMinimizer.cc: 211 -- Minimisation finished with status=0
INFO: (function: improveOnce) CascadeMinimizer.cc: 216 -- Minimization success! status=0
INFO: (function: findCrossing) FitterAlgoBase.cc: 459 -- 0.819293    +0.01038  -0.34341    -0.070882
INFO: (function: improveOnce) CascadeMinimizer.cc: 188 -- Minimisation configured with Type=Minuit2, Algo=Migrad, strategy=1, tolerance=0.1
INFO: (function: improveOnce) CascadeMinimizer.cc: 211 -- Minimisation finished with status=1
DEBUG: (function: improveOnce) CascadeMinimizer.cc: 212 -- finished with status 1 (covariance forced positive definite), this could indicate a problem with the minimim.
INFO: (function: improveOnce) CascadeMinimizer.cc: 216 -- Minimization success! status=0
INFO: (function: findCrossing) FitterAlgoBase.cc: 459 -- 0.748411    -0.12874  +0.01038    -0.070882
INFO: (function: improveOnce) CascadeMinimizer.cc: 188 -- Minimisation configured with Type=Minuit2, Algo=Migrad, strategy=1, tolerance=0.1
INFO: (function: improveOnce) CascadeMinimizer.cc: 211 -- Minimisation finished with status=0
INFO: (function: improveOnce) CascadeMinimizer.cc: 216 -- Minimization success! status=0
INFO: (function: findCrossing) FitterAlgoBase.cc: 459 -- 0.798028    -0.02943  -0.12874    -0.021264
INFO: (function: improveOnce) CascadeMinimizer.cc: 188 -- Minimisation configured with Type=Minuit2, Algo=Migrad, strategy=1, tolerance=0.1
INFO: (function: improveOnce) CascadeMinimizer.cc: 211 -- Minimisation finished with status=1
DEBUG: (function: improveOnce) CascadeMinimizer.cc: 212 -- finished with status 1 (covariance forced positive definite), this could indicate a problem with the minimim.
INFO: (function: improveOnce) CascadeMinimizer.cc: 216 -- Minimization success! status=0
INFO: (function: findCrossing) FitterAlgoBase.cc: 459 -- 0.812914    -0.00142  -0.02943    -0.006379
INFO: (function: improveOnce) CascadeMinimizer.cc: 188 -- Minimisation configured with Type=Minuit2, Algo=Migrad, strategy=1, tolerance=0.1
INFO: (function: improveOnce) CascadeMinimizer.cc: 211 -- Minimisation finished with status=1
DEBUG: (function: improveOnce) CascadeMinimizer.cc: 212 -- finished with status 1 (covariance forced positive definite), this could indicate a problem with the minimim.
INFO: (function: improveOnce) CascadeMinimizer.cc: 216 -- Minimization success! status=0
INFO: (function: findCrossing) FitterAlgoBase.cc: 459 -- 0.817379    +0.00686  -0.00142    -0.001914
INFO: (function: improveOnce) CascadeMinimizer.cc: 188 -- Minimisation configured with Type=Minuit2, Algo=Migrad, strategy=1, tolerance=0.1
INFO: (function: improveOnce) CascadeMinimizer.cc: 211 -- Minimisation finished with status=1
DEBUG: (function: improveOnce) CascadeMinimizer.cc: 212 -- finished with status 1 (covariance forced positive definite), this could indicate a problem with the minimim.
INFO: (function: improveOnce) CascadeMinimizer.cc: 216 -- Minimization success! status=0
INFO: (function: findCrossing) FitterAlgoBase.cc: 459 -- 0.815465    +0.00332  +0.00686    -0.001914
INFO: (function: improveOnce) CascadeMinimizer.cc: 188 -- Minimisation configured with Type=Minuit2, Algo=Migrad, strategy=1, tolerance=0.1
INFO: (function: improveOnce) CascadeMinimizer.cc: 211 -- Minimisation finished with status=0
INFO: (function: improveOnce) CascadeMinimizer.cc: 216 -- Minimization success! status=0
INFO: (function: findCrossing) FitterAlgoBase.cc: 459 -- 0.813551    -0.00023  +0.00332    -0.001914
ERROR: (function: runSpecific) [WARNING]: Unable to determine uncertainties on all fit parameters in s+b fit. Have a look at https://cms-analysis.github.io/HiggsAnalysis-CombinedLimit/part3/nonstandard/#fit-parameter-uncertainties for more information.
DEBUG: (function: runSpecific) FitDiagnostics.cc: 443 -- Fit S+B, status = 1, numBadNLL = 0, covariance quality = 2
