
>>> random number generator seed is 123456
   Options for Robust Minimizer :: 
        Tolerance  0.1
        Strategy   0
        Type,Algo  Minuit2,Migrad
>>> method used is FitDiagnostics
Set Default Value of Parameter r To : 1
>>> 0 out of 6 channels masked

>>> Channel masks:
  1) 0x6bb7250 RooRealVar::  mask_CR_loose_LOW = 0 C  L(-INF - +INF)  "mask_CR_loose_LOW"
  2) 0x6bb7d30 RooRealVar::  mask_CR_loose_SIG = 0 C  L(-INF - +INF)  "mask_CR_loose_SIG"
  3) 0x6bb8940 RooRealVar:: mask_CR_loose_HIGH = 0 C  L(-INF - +INF)  "mask_CR_loose_HIGH"
  4) 0x6bb9550 RooRealVar::   mask_CR_pass_LOW = 0 C  L(-INF - +INF)  "mask_CR_pass_LOW"
  5) 0x6bba160 RooRealVar::   mask_CR_pass_SIG = 0 C  L(-INF - +INF)  "mask_CR_pass_SIG"
  6) 0x6bbad70 RooRealVar::  mask_CR_pass_HIGH = 0 C  L(-INF - +INF)  "mask_CR_pass_HIGH"
SimNLL created with 0 channels, 0 generic constraints, 14 fast gaussian constraints, 0 fast poisson constraints, 0 fast group constraints, 
Minuit2Minimizer: Minimize with max-calls 7000 convergence for edm < 0.1 strategy 1
Minuit2Minimizer::Minuit  - Changing default options
             StorageLevel :               0
MnSeedGenerator: for initial parameters FCN = 0
MnSeedGenerator: Initial state:   - FCN =                0 Edm =            0 NCalls =     57
VariableMetric: start iterating until Edm is < 0.0001
VariableMetric: Initial state   - FCN =                0 Edm =            0 NCalls =     57
VariableMetric: Iteration #   0 - FCN =                0 Edm =            0 NCalls =     57
VariableMetric: After Hessian   - FCN =                0 Edm =            0 NCalls =    205
VariableMetric: Iteration #   1 - FCN =                0 Edm =            0 NCalls =    205
Minuit2Minimizer : Valid minimum - status = 0
FVAL  = 0
Edm   = 0
Nfcn  = 205
PNetTop	  = 0	 +/-  1
PNetXbb	  = 0	 +/-  1
Pileup	  = 0	 +/-  1
Prefire	  = 0	 +/-  1
TptReweight	  = 0	 +/-  1
jer	  = 0	 +/-  1
jes	  = 0	 +/-  1
jmr	  = 0	 +/-  1
jms	  = 0	 +/-  1
lumi	  = 0	 +/-  1
pdf	  = 0	 +/-  1
ttbar_xsec	  = 0	 +/-  1
w_xsec	  = 0	 +/-  1
z_xsec	  = 0	 +/-  1
SimNLL created with 6 channels, 0 generic constraints, 14 fast gaussian constraints, 0 fast poisson constraints, 0 fast group constraints, 

  RooFitResult: minimized FCN value: -4.49882e-06, estimated distance to minimum: 1.11331e-05
                covariance matrix quality: Full matrix, but forced positive-definite
                Status : MINIMIZE=1 HESSE=1 

    Constant Parameter    Value     
  --------------------  ------------
            PNetTop_In    0.0000e+00
            PNetXbb_In    0.0000e+00
             Pileup_In    0.0000e+00
            Prefire_In    0.0000e+00
        TptReweight_In    0.0000e+00
                jer_In    0.0000e+00
                jes_In    0.0000e+00
                jmr_In    0.0000e+00
                jms_In    0.0000e+00
               lumi_In    0.0000e+00
  n_exp_binCR_loose_HIGH_proc_Background    1.0000e+00
  n_exp_binCR_loose_LOW_proc_Background    1.0000e+00
  n_exp_binCR_loose_SIG_proc_Background    1.0000e+00
  n_exp_binCR_pass_HIGH_proc_Background_2x2    1.0000e+00
  n_exp_binCR_pass_LOW_proc_Background_2x2    1.0000e+00
  n_exp_binCR_pass_SIG_proc_Background_2x2    1.0000e+00
                pdf_In    0.0000e+00
                     r    0.0000e+00
         ttbar_xsec_In    0.0000e+00
             w_xsec_In    0.0000e+00
             z_xsec_In    0.0000e+00

    Floating Parameter  InitialValue    FinalValue +/-  Error     GblCorr.
  --------------------  ------------  --------------------------  --------
  Background_CR_loose_HIGH_bin_1-1    1.0632e+03    1.0632e+03 +/-  6.47e+01  <none>
  Background_CR_loose_HIGH_bin_1-10    6.7903e+01    6.7903e+01 +/-  8.13e+00  <none>
  Background_CR_loose_HIGH_bin_1-11    4.6075e+01    4.6075e+01 +/-  6.68e+00  <none>
  Background_CR_loose_HIGH_bin_1-12    4.0508e+01    4.0508e+01 +/-  6.24e+00  <none>
  Background_CR_loose_HIGH_bin_1-13    9.9967e+00    9.9968e+00 +/-  3.34e+00  <none>
  Background_CR_loose_HIGH_bin_1-2    1.4502e+03    1.4502e+03 +/-  6.39e+01  <none>
  Background_CR_loose_HIGH_bin_1-3    1.2926e+03    1.2926e+03 +/-  5.09e+01  <none>
  Background_CR_loose_HIGH_bin_1-4    9.7998e+02    9.7998e+02 +/-  3.86e+01  <none>
  Background_CR_loose_HIGH_bin_1-5    6.2746e+02    6.2746e+02 +/-  2.78e+01  <none>
  Background_CR_loose_HIGH_bin_1-6    3.4667e+02    3.4667e+02 +/-  2.00e+01  <none>
  Background_CR_loose_HIGH_bin_1-7    2.6366e+02    2.6366e+02 +/-  1.68e+01  <none>
  Background_CR_loose_HIGH_bin_1-8    1.3689e+02    1.3689e+02 +/-  1.20e+01  <none>
  Background_CR_loose_HIGH_bin_1-9    1.0449e+02    1.0449e+02 +/-  1.02e+01  <none>
  Background_CR_loose_HIGH_bin_2-1    6.3076e+02    6.3076e+02 +/-  7.05e+01  <none>
  Background_CR_loose_HIGH_bin_2-10    5.1889e+01    5.1889e+01 +/-  8.10e+00  <none>
  Background_CR_loose_HIGH_bin_2-11    4.8641e+01    4.8641e+01 +/-  7.45e+00  <none>
  Background_CR_loose_HIGH_bin_2-12    3.1611e+01    3.1612e+01 +/-  5.95e+00  <none>
  Background_CR_loose_HIGH_bin_2-13    1.5753e+01    1.5753e+01 +/-  4.32e+00  <none>
  Background_CR_loose_HIGH_bin_2-2    1.0454e+03    1.0454e+03 +/-  7.62e+01  <none>
  Background_CR_loose_HIGH_bin_2-3    1.0470e+03    1.0470e+03 +/-  6.05e+01  <none>
  Background_CR_loose_HIGH_bin_2-4    8.3093e+02    8.3093e+02 +/-  4.53e+01  <none>
  Background_CR_loose_HIGH_bin_2-5    6.0352e+02    6.0351e+02 +/-  3.41e+01  <none>
  Background_CR_loose_HIGH_bin_2-6    3.8823e+02    3.8823e+02 +/-  2.50e+01  <none>
  Background_CR_loose_HIGH_bin_2-7    2.1522e+02    2.1522e+02 +/-  1.79e+01  <none>
  Background_CR_loose_HIGH_bin_2-8    1.6574e+02    1.6574e+02 +/-  1.45e+01  <none>
  Background_CR_loose_HIGH_bin_2-9    1.1595e+02    1.1595e+02 +/-  1.18e+01  <none>
  Background_CR_loose_HIGH_bin_3-1    3.2898e+02    3.2898e+02 +/-  5.93e+01  <none>
  Background_CR_loose_HIGH_bin_3-10    9.2125e+01    9.2125e+01 +/-  1.01e+01  <none>
  Background_CR_loose_HIGH_bin_3-11    3.8945e+01    3.8944e+01 +/-  7.13e+00  <none>
  Background_CR_loose_HIGH_bin_3-12    4.0042e+01    4.0042e+01 +/-  6.59e+00  <none>
  Background_CR_loose_HIGH_bin_3-13    2.6374e+01    2.6374e+01 +/-  5.30e+00  <none>
  Background_CR_loose_HIGH_bin_3-2    6.9800e+02    6.9800e+02 +/-  6.77e+01  <none>
  Background_CR_loose_HIGH_bin_3-3    8.4515e+02    8.4515e+02 +/-  6.31e+01  <none>
  Background_CR_loose_HIGH_bin_3-4    6.4002e+02    6.4002e+02 +/-  4.74e+01  <none>
  Background_CR_loose_HIGH_bin_3-5    5.0560e+02    5.0560e+02 +/-  3.48e+01  <none>
  Background_CR_loose_HIGH_bin_3-6    3.5854e+02    3.5854e+02 +/-  2.62e+01  <none>
  Background_CR_loose_HIGH_bin_3-7    2.2470e+02    2.2470e+02 +/-  1.93e+01  <none>
  Background_CR_loose_HIGH_bin_3-8    1.2094e+02    1.2094e+02 +/-  1.38e+01  <none>
  Background_CR_loose_HIGH_bin_3-9    9.4830e+01    9.4829e+01 +/-  1.13e+01  <none>
  Background_CR_loose_HIGH_bin_4-1    1.8851e+02    1.8851e+02 +/-  3.12e+01  <none>
  Background_CR_loose_HIGH_bin_4-10    7.2846e+01    7.2846e+01 +/-  8.49e+00  <none>
  Background_CR_loose_HIGH_bin_4-11    3.5587e+01    3.5587e+01 +/-  6.10e+00  <none>
  Background_CR_loose_HIGH_bin_4-12    3.0798e+01    3.0798e+01 +/-  5.56e+00  <none>
  Background_CR_loose_HIGH_bin_4-13    1.1847e+01    1.1847e+01 +/-  3.69e+00  <none>
  Background_CR_loose_HIGH_bin_4-2    4.7965e+02    4.7965e+02 +/-  4.33e+01  <none>
  Background_CR_loose_HIGH_bin_4-3    5.4012e+02    5.4012e+02 +/-  3.88e+01  <none>
  Background_CR_loose_HIGH_bin_4-4    4.8014e+02    4.8014e+02 +/-  3.26e+01  <none>
  Background_CR_loose_HIGH_bin_4-5    4.3554e+02    4.3554e+02 +/-  2.65e+01  <none>
  Background_CR_loose_HIGH_bin_4-6    2.6237e+02    2.6237e+02 +/-  2.02e+01  <none>
  Background_CR_loose_HIGH_bin_4-7    2.1091e+02    2.1091e+02 +/-  1.63e+01  <none>
  Background_CR_loose_HIGH_bin_4-8    1.4276e+02    1.4276e+02 +/-  1.27e+01  <none>
  Background_CR_loose_HIGH_bin_4-9    9.0710e+01    9.0710e+01 +/-  9.88e+00  <none>
  Background_CR_loose_HIGH_bin_5-1    5.1557e+01    5.1558e+01 +/-  1.15e+01  <none>
  Background_CR_loose_HIGH_bin_5-10    5.6331e+01    5.6331e+01 +/-  7.31e+00  <none>
  Background_CR_loose_HIGH_bin_5-11    4.1313e+01    4.1313e+01 +/-  6.22e+00  <none>
  Background_CR_loose_HIGH_bin_5-12    1.9399e+01    1.9399e+01 +/-  4.34e+00  <none>
  Background_CR_loose_HIGH_bin_5-13    8.4938e+00    8.4937e+00 +/-  2.96e+00  <none>
  Background_CR_loose_HIGH_bin_5-2    2.0276e+02    2.0276e+02 +/-  1.92e+01  <none>
  Background_CR_loose_HIGH_bin_5-3    3.2074e+02    3.2074e+02 +/-  2.09e+01  <none>
  Background_CR_loose_HIGH_bin_5-4    3.1961e+02    3.1961e+02 +/-  1.99e+01  <none>
  Background_CR_loose_HIGH_bin_5-5    3.2174e+02    3.2174e+02 +/-  1.83e+01  <none>
  Background_CR_loose_HIGH_bin_5-6    2.3912e+02    2.3912e+02 +/-  1.57e+01  <none>
  Background_CR_loose_HIGH_bin_5-7    1.8365e+02    1.8365e+02 +/-  1.33e+01  <none>
  Background_CR_loose_HIGH_bin_5-8    1.3305e+02    1.3305e+02 +/-  1.14e+01  <none>
  Background_CR_loose_HIGH_bin_5-9    7.1780e+01    7.1780e+01 +/-  8.39e+00  <none>
  Background_CR_loose_HIGH_bin_6-1    3.1785e+01    3.1785e+01 +/-  6.05e+00  <none>
  Background_CR_loose_HIGH_bin_6-10    4.9388e+01    4.9388e+01 +/-  6.71e+00  <none>
  Background_CR_loose_HIGH_bin_6-11    3.6076e+01    3.6076e+01 +/-  5.78e+00  <none>
  Background_CR_loose_HIGH_bin_6-12    3.0895e+01    3.0895e+01 +/-  5.26e+00  <none>
  Background_CR_loose_HIGH_bin_6-13    2.3588e+01    2.3588e+01 +/-  4.60e+00  <none>
  Background_CR_loose_HIGH_bin_6-2    9.0197e+01    9.0197e+01 +/-  1.04e+01  <none>
  Background_CR_loose_HIGH_bin_6-3    1.8682e+02    1.8682e+02 +/-  1.46e+01  <none>
  Background_CR_loose_HIGH_bin_6-4    2.3553e+02    2.3553e+02 +/-  1.54e+01  <none>
  Background_CR_loose_HIGH_bin_6-5    2.0019e+02    2.0019e+02 +/-  1.41e+01  <none>
  Background_CR_loose_HIGH_bin_6-6    1.6388e+02    1.6388e+02 +/-  1.26e+01  <none>
  Background_CR_loose_HIGH_bin_6-7    1.6952e+02    1.6952e+02 +/-  1.26e+01  <none>
  Background_CR_loose_HIGH_bin_6-8    9.2831e+01    9.2831e+01 +/-  9.35e+00  <none>
  Background_CR_loose_HIGH_bin_6-9    7.2258e+01    7.2258e+01 +/-  8.29e+00  <none>
  Background_CR_loose_LOW_bin_1-1    2.5702e+03    2.5702e+03 +/-  5.19e+01  <none>
  Background_CR_loose_LOW_bin_1-10    9.7766e+01    9.7766e+01 +/-  9.56e+00  <none>
  Background_CR_loose_LOW_bin_1-11    3.9231e+01    3.9232e+01 +/-  6.33e+00  <none>
  Background_CR_loose_LOW_bin_1-12    4.6921e+01    4.6921e+01 +/-  6.60e+00  <none>
  Background_CR_loose_LOW_bin_1-13    4.2514e+01    4.2514e+01 +/-  6.31e+00  <none>
  Background_CR_loose_LOW_bin_1-2    2.5127e+03    2.5127e+03 +/-  5.06e+01  <none>
  Background_CR_loose_LOW_bin_1-3    1.9598e+03    1.9598e+03 +/-  4.33e+01  <none>
  Background_CR_loose_LOW_bin_1-4    1.2289e+03    1.2289e+03 +/-  3.42e+01  <none>
  Background_CR_loose_LOW_bin_1-5    7.5591e+02    7.5591e+02 +/-  2.67e+01  <none>
  Background_CR_loose_LOW_bin_1-6    4.2608e+02    4.2608e+02 +/-  2.00e+01  <none>
  Background_CR_loose_LOW_bin_1-7    2.8680e+02    2.8680e+02 +/-  1.64e+01  <none>
  Background_CR_loose_LOW_bin_1-8    2.1620e+02    2.1620e+02 +/-  1.43e+01  <none>
  Background_CR_loose_LOW_bin_1-9    1.5277e+02    1.5277e+02 +/-  1.20e+01  <none>
  Background_CR_loose_LOW_bin_2-1    2.3438e+03    2.3438e+03 +/-  5.66e+01  <none>
  Background_CR_loose_LOW_bin_2-10    8.2092e+01    8.2092e+01 +/-  9.47e+00  <none>
  Background_CR_loose_LOW_bin_2-11    7.3524e+01    7.3524e+01 +/-  8.89e+00  <none>
  Background_CR_loose_LOW_bin_2-12    4.0970e+01    4.0970e+01 +/-  6.74e+00  <none>
  Background_CR_loose_LOW_bin_2-13    2.5302e+01    2.5302e+01 +/-  5.40e+00  <none>
  Background_CR_loose_LOW_bin_2-2    2.3739e+03    2.3739e+03 +/-  5.44e+01  <none>
  Background_CR_loose_LOW_bin_2-3    1.9208e+03    1.9208e+03 +/-  4.60e+01  <none>
  Background_CR_loose_LOW_bin_2-4    1.1616e+03    1.1616e+03 +/-  3.50e+01  <none>
  Background_CR_loose_LOW_bin_2-5    7.0912e+02    7.0912e+02 +/-  2.75e+01  <none>
  Background_CR_loose_LOW_bin_2-6    4.3599e+02    4.3599e+02 +/-  2.16e+01  <none>
  Background_CR_loose_LOW_bin_2-7    2.7137e+02    2.7137e+02 +/-  1.70e+01  <none>
  Background_CR_loose_LOW_bin_2-8    1.8079e+02    1.8079e+02 +/-  1.42e+01  <none>
  Background_CR_loose_LOW_bin_2-9    1.4605e+02    1.4605e+02 +/-  1.23e+01  <none>
  Background_CR_loose_LOW_bin_3-1    2.3286e+03    2.3286e+03 +/-  6.07e+01  <none>
  Background_CR_loose_LOW_bin_3-10    8.4737e+01    8.4737e+01 +/-  9.50e+00  <none>
  Background_CR_loose_LOW_bin_3-11    5.0495e+01    5.0495e+01 +/-  7.35e+00  <none>
  Background_CR_loose_LOW_bin_3-12    4.4882e+01    4.4882e+01 +/-  6.82e+00  <none>
  Background_CR_loose_LOW_bin_3-13    2.7724e+01    2.7724e+01 +/-  5.40e+00  <none>
  Background_CR_loose_LOW_bin_3-2    2.3183e+03    2.3183e+03 +/-  5.60e+01  <none>
  Background_CR_loose_LOW_bin_3-3    1.7340e+03    1.7340e+03 +/-  4.47e+01  <none>
  Background_CR_loose_LOW_bin_3-4    1.2023e+03    1.2023e+03 +/-  3.59e+01  <none>
  Background_CR_loose_LOW_bin_3-5    7.0864e+02    7.0865e+02 +/-  2.73e+01  <none>
  Background_CR_loose_LOW_bin_3-6    3.9314e+02    3.9314e+02 +/-  2.04e+01  <none>
  Background_CR_loose_LOW_bin_3-7    2.4677e+02    2.4677e+02 +/-  1.60e+01  <none>
  Background_CR_loose_LOW_bin_3-8    1.4749e+02    1.4749e+02 +/-  1.26e+01  <none>
  Background_CR_loose_LOW_bin_3-9    1.1125e+02    1.1125e+02 +/-  1.08e+01  <none>
  Background_CR_loose_SIG_bin_1-1    2.0147e+03    2.0147e+03 +/-  6.03e+01  <none>
  Background_CR_loose_SIG_bin_1-10    8.3764e+01    8.3764e+01 +/-  8.89e+00  <none>
  Background_CR_loose_SIG_bin_1-11    5.3177e+01    5.3177e+01 +/-  7.00e+00  <none>
  Background_CR_loose_SIG_bin_1-12    3.3369e+01    3.3369e+01 +/-  5.61e+00  <none>
  Background_CR_loose_SIG_bin_1-13    1.8832e+01    1.8832e+01 +/-  4.33e+00  <none>
  Background_CR_loose_SIG_bin_1-2    2.1220e+03    2.1220e+03 +/-  5.60e+01  <none>
  Background_CR_loose_SIG_bin_1-3    1.7601e+03    1.7601e+03 +/-  4.50e+01  <none>
  Background_CR_loose_SIG_bin_1-4    1.1740e+03    1.1740e+03 +/-  3.52e+01  <none>
  Background_CR_loose_SIG_bin_1-5    6.2168e+02    6.2168e+02 +/-  2.53e+01  <none>
  Background_CR_loose_SIG_bin_1-6    4.3910e+02    4.3910e+02 +/-  2.06e+01  <none>
  Background_CR_loose_SIG_bin_1-7    2.4453e+02    2.4453e+02 +/-  1.52e+01  <none>
  Background_CR_loose_SIG_bin_1-8    1.6315e+02    1.6315e+02 +/-  1.25e+01  <none>
  Background_CR_loose_SIG_bin_1-9    9.2219e+01    9.2219e+01 +/-  9.56e+00  <none>
  Background_CR_loose_SIG_bin_2-1    1.6495e+03    1.6495e+03 +/-  6.47e+01  <none>
  Background_CR_loose_SIG_bin_2-10    6.4122e+01    6.4122e+01 +/-  7.81e+00  <none>
  Background_CR_loose_SIG_bin_2-11    4.3152e+01    4.3151e+01 +/-  6.44e+00  <none>
  Background_CR_loose_SIG_bin_2-12    4.3090e+01    4.3090e+01 +/-  6.31e+00  <none>
  Background_CR_loose_SIG_bin_2-13    1.3425e+01    1.3425e+01 +/-  3.67e+00  <none>
  Background_CR_loose_SIG_bin_2-2    2.0542e+03    2.0542e+03 +/-  6.05e+01  <none>
  Background_CR_loose_SIG_bin_2-3    1.6458e+03    1.6458e+03 +/-  4.63e+01  <none>
  Background_CR_loose_SIG_bin_2-4    1.0496e+03    1.0496e+03 +/-  3.48e+01  <none>
  Background_CR_loose_SIG_bin_2-5    6.0557e+02    6.0557e+02 +/-  2.49e+01  <none>
  Background_CR_loose_SIG_bin_2-6    4.1718e+02    4.1717e+02 +/-  2.05e+01  <none>
  Background_CR_loose_SIG_bin_2-7    2.6950e+02    2.6950e+02 +/-  1.62e+01  <none>
  Background_CR_loose_SIG_bin_2-8    1.5717e+02    1.5717e+02 +/-  1.23e+01  <none>
  Background_CR_loose_SIG_bin_2-9    1.0943e+02    1.0943e+02 +/-  1.02e+01  <none>
  Background_CR_loose_SIG_bin_3-1    1.5843e+03    1.5843e+03 +/-  6.40e+01  <none>
  Background_CR_loose_SIG_bin_3-10    4.3506e+01    4.3506e+01 +/-  6.70e+00  <none>
  Background_CR_loose_SIG_bin_3-11    4.5640e+01    4.5641e+01 +/-  6.59e+00  <none>
  Background_CR_loose_SIG_bin_3-12    3.8935e+01    3.8935e+01 +/-  6.14e+00  <none>
  Background_CR_loose_SIG_bin_3-13    2.0337e+01    2.0337e+01 +/-  4.45e+00  <none>
  Background_CR_loose_SIG_bin_3-2    1.6836e+03    1.6836e+03 +/-  5.65e+01  <none>
  Background_CR_loose_SIG_bin_3-3    1.5048e+03    1.5048e+03 +/-  4.64e+01  <none>
  Background_CR_loose_SIG_bin_3-4    9.8344e+02    9.8345e+02 +/-  3.47e+01  <none>
  Background_CR_loose_SIG_bin_3-5    6.4712e+02    6.4712e+02 +/-  2.68e+01  <none>
  Background_CR_loose_SIG_bin_3-6    4.0468e+02    4.0468e+02 +/-  2.03e+01  <none>
  Background_CR_loose_SIG_bin_3-7    2.0165e+02    2.0165e+02 +/-  1.43e+01  <none>
  Background_CR_loose_SIG_bin_3-8    1.4384e+02    1.4384e+02 +/-  1.19e+01  <none>
  Background_CR_loose_SIG_bin_3-9    1.0429e+02    1.0429e+02 +/-  1.01e+01  <none>
  Background_CR_rpf_2x2_par0    6.4076e-01    6.4076e-01 +/-  4.42e-02  <none>
  Background_CR_rpf_2x2_par1    7.0572e-01    7.0572e-01 +/-  9.50e-02  <none>
  Background_CR_rpf_2x2_par2   -4.7595e-01   -4.7596e-01 +/-  1.05e-01  <none>
  Background_CR_rpf_2x2_par3    1.9310e-01    1.9310e-01 +/-  1.23e-02  <none>
  Background_CR_rpf_2x2_par4   -8.7668e-01   -8.7917e-01 +/-  1.19e+02  <none>
  Background_CR_rpf_2x2_par5    1.3133e-03    1.3170e-03 +/-  1.79e-01  <none>
               PNetTop    8.6072e-12    1.6506e-12 +/-  9.93e-01  <none>
               PNetXbb    8.6072e-12    1.6506e-12 +/-  9.93e-01  <none>
                Pileup    1.8589e-01    1.8585e-01 +/-  1.06e+00  <none>
               Prefire   -4.1865e-03   -4.8035e-03 +/-  2.84e-01  <none>
           TptReweight    5.2799e-02    5.2693e-02 +/-  1.10e+00  <none>
                   jer   -6.1331e-01   -6.1338e-01 +/-  9.57e-01  <none>
                   jes    7.0030e-01    6.9992e-01 +/-  6.08e-01  <none>
                   jmr   -1.3941e-01   -1.3940e-01 +/-  6.81e-01  <none>
                   jms   -1.0149e-01   -1.0123e-01 +/-  7.48e-01  <none>
                  lumi   -1.9442e-02   -1.9701e-02 +/-  1.01e+00  <none>
                   pdf    5.9073e-02    5.8941e-02 +/-  8.06e-01  <none>
            ttbar_xsec    3.5993e-01    3.5991e-01 +/-  8.51e-01  <none>
                w_xsec   -1.5045e-01   -1.5055e-01 +/-  9.89e-01  <none>
                z_xsec   -4.3642e-01   -4.3654e-01 +/-  7.78e-01  <none>


  RooFitResult: minimized FCN value: -4.49882e-06, estimated distance to minimum: 1.11331e-05
                covariance matrix quality: Full matrix, but forced positive-definite
                Status : MINIMIZE=1 HESSE=1 

    Constant Parameter    Value     
  --------------------  ------------
            PNetTop_In    0.0000e+00
            PNetXbb_In    0.0000e+00
             Pileup_In    0.0000e+00
            Prefire_In    0.0000e+00
        TptReweight_In    0.0000e+00
                jer_In    0.0000e+00
                jes_In    0.0000e+00
                jmr_In    0.0000e+00
                jms_In    0.0000e+00
               lumi_In    0.0000e+00
  n_exp_binCR_loose_HIGH_proc_Background    1.0000e+00
  n_exp_binCR_loose_LOW_proc_Background    1.0000e+00
  n_exp_binCR_loose_SIG_proc_Background    1.0000e+00
  n_exp_binCR_pass_HIGH_proc_Background_2x2    1.0000e+00
  n_exp_binCR_pass_LOW_proc_Background_2x2    1.0000e+00
  n_exp_binCR_pass_SIG_proc_Background_2x2    1.0000e+00
                pdf_In    0.0000e+00
                     r    0.0000e+00
         ttbar_xsec_In    0.0000e+00
             w_xsec_In    0.0000e+00
             z_xsec_In    0.0000e+00

    Floating Parameter  InitialValue    FinalValue +/-  Error     GblCorr.
  --------------------  ------------  --------------------------  --------
  Background_CR_loose_HIGH_bin_1-1    1.0632e+03    1.0632e+03 +/-  6.47e+01  <none>
  Background_CR_loose_HIGH_bin_1-10    6.7903e+01    6.7903e+01 +/-  8.13e+00  <none>
  Background_CR_loose_HIGH_bin_1-11    4.6075e+01    4.6075e+01 +/-  6.68e+00  <none>
  Background_CR_loose_HIGH_bin_1-12    4.0508e+01    4.0508e+01 +/-  6.24e+00  <none>
  Background_CR_loose_HIGH_bin_1-13    9.9967e+00    9.9968e+00 +/-  3.34e+00  <none>
  Background_CR_loose_HIGH_bin_1-2    1.4502e+03    1.4502e+03 +/-  6.39e+01  <none>
  Background_CR_loose_HIGH_bin_1-3    1.2926e+03    1.2926e+03 +/-  5.09e+01  <none>
  Background_CR_loose_HIGH_bin_1-4    9.7998e+02    9.7998e+02 +/-  3.86e+01  <none>
  Background_CR_loose_HIGH_bin_1-5    6.2746e+02    6.2746e+02 +/-  2.78e+01  <none>
  Background_CR_loose_HIGH_bin_1-6    3.4667e+02    3.4667e+02 +/-  2.00e+01  <none>
  Background_CR_loose_HIGH_bin_1-7    2.6366e+02    2.6366e+02 +/-  1.68e+01  <none>
  Background_CR_loose_HIGH_bin_1-8    1.3689e+02    1.3689e+02 +/-  1.20e+01  <none>
  Background_CR_loose_HIGH_bin_1-9    1.0449e+02    1.0449e+02 +/-  1.02e+01  <none>
  Background_CR_loose_HIGH_bin_2-1    6.3076e+02    6.3076e+02 +/-  7.05e+01  <none>
  Background_CR_loose_HIGH_bin_2-10    5.1889e+01    5.1889e+01 +/-  8.10e+00  <none>
  Background_CR_loose_HIGH_bin_2-11    4.8641e+01    4.8641e+01 +/-  7.45e+00  <none>
  Background_CR_loose_HIGH_bin_2-12    3.1611e+01    3.1612e+01 +/-  5.95e+00  <none>
  Background_CR_loose_HIGH_bin_2-13    1.5753e+01    1.5753e+01 +/-  4.32e+00  <none>
  Background_CR_loose_HIGH_bin_2-2    1.0454e+03    1.0454e+03 +/-  7.62e+01  <none>
  Background_CR_loose_HIGH_bin_2-3    1.0470e+03    1.0470e+03 +/-  6.05e+01  <none>
  Background_CR_loose_HIGH_bin_2-4    8.3093e+02    8.3093e+02 +/-  4.53e+01  <none>
  Background_CR_loose_HIGH_bin_2-5    6.0352e+02    6.0351e+02 +/-  3.41e+01  <none>
  Background_CR_loose_HIGH_bin_2-6    3.8823e+02    3.8823e+02 +/-  2.50e+01  <none>
  Background_CR_loose_HIGH_bin_2-7    2.1522e+02    2.1522e+02 +/-  1.79e+01  <none>
  Background_CR_loose_HIGH_bin_2-8    1.6574e+02    1.6574e+02 +/-  1.45e+01  <none>
  Background_CR_loose_HIGH_bin_2-9    1.1595e+02    1.1595e+02 +/-  1.18e+01  <none>
  Background_CR_loose_HIGH_bin_3-1    3.2898e+02    3.2898e+02 +/-  5.93e+01  <none>
  Background_CR_loose_HIGH_bin_3-10    9.2125e+01    9.2125e+01 +/-  1.01e+01  <none>
  Background_CR_loose_HIGH_bin_3-11    3.8945e+01    3.8944e+01 +/-  7.13e+00  <none>
  Background_CR_loose_HIGH_bin_3-12    4.0042e+01    4.0042e+01 +/-  6.59e+00  <none>
  Background_CR_loose_HIGH_bin_3-13    2.6374e+01    2.6374e+01 +/-  5.30e+00  <none>
  Background_CR_loose_HIGH_bin_3-2    6.9800e+02    6.9800e+02 +/-  6.77e+01  <none>
  Background_CR_loose_HIGH_bin_3-3    8.4515e+02    8.4515e+02 +/-  6.31e+01  <none>
  Background_CR_loose_HIGH_bin_3-4    6.4002e+02    6.4002e+02 +/-  4.74e+01  <none>
  Background_CR_loose_HIGH_bin_3-5    5.0560e+02    5.0560e+02 +/-  3.48e+01  <none>
  Background_CR_loose_HIGH_bin_3-6    3.5854e+02    3.5854e+02 +/-  2.62e+01  <none>
  Background_CR_loose_HIGH_bin_3-7    2.2470e+02    2.2470e+02 +/-  1.93e+01  <none>
  Background_CR_loose_HIGH_bin_3-8    1.2094e+02    1.2094e+02 +/-  1.38e+01  <none>
  Background_CR_loose_HIGH_bin_3-9    9.4830e+01    9.4829e+01 +/-  1.13e+01  <none>
  Background_CR_loose_HIGH_bin_4-1    1.8851e+02    1.8851e+02 +/-  3.12e+01  <none>
  Background_CR_loose_HIGH_bin_4-10    7.2846e+01    7.2846e+01 +/-  8.49e+00  <none>
  Background_CR_loose_HIGH_bin_4-11    3.5587e+01    3.5587e+01 +/-  6.10e+00  <none>
  Background_CR_loose_HIGH_bin_4-12    3.0798e+01    3.0798e+01 +/-  5.56e+00  <none>
  Background_CR_loose_HIGH_bin_4-13    1.1847e+01    1.1847e+01 +/-  3.69e+00  <none>
  Background_CR_loose_HIGH_bin_4-2    4.7965e+02    4.7965e+02 +/-  4.33e+01  <none>
  Background_CR_loose_HIGH_bin_4-3    5.4012e+02    5.4012e+02 +/-  3.88e+01  <none>
  Background_CR_loose_HIGH_bin_4-4    4.8014e+02    4.8014e+02 +/-  3.26e+01  <none>
  Background_CR_loose_HIGH_bin_4-5    4.3554e+02    4.3554e+02 +/-  2.65e+01  <none>
  Background_CR_loose_HIGH_bin_4-6    2.6237e+02    2.6237e+02 +/-  2.02e+01  <none>
  Background_CR_loose_HIGH_bin_4-7    2.1091e+02    2.1091e+02 +/-  1.63e+01  <none>
  Background_CR_loose_HIGH_bin_4-8    1.4276e+02    1.4276e+02 +/-  1.27e+01  <none>
  Background_CR_loose_HIGH_bin_4-9    9.0710e+01    9.0710e+01 +/-  9.88e+00  <none>
  Background_CR_loose_HIGH_bin_5-1    5.1557e+01    5.1558e+01 +/-  1.15e+01  <none>
  Background_CR_loose_HIGH_bin_5-10    5.6331e+01    5.6331e+01 +/-  7.31e+00  <none>
  Background_CR_loose_HIGH_bin_5-11    4.1313e+01    4.1313e+01 +/-  6.22e+00  <none>
  Background_CR_loose_HIGH_bin_5-12    1.9399e+01    1.9399e+01 +/-  4.34e+00  <none>
  Background_CR_loose_HIGH_bin_5-13    8.4938e+00    8.4937e+00 +/-  2.96e+00  <none>
  Background_CR_loose_HIGH_bin_5-2    2.0276e+02    2.0276e+02 +/-  1.92e+01  <none>
  Background_CR_loose_HIGH_bin_5-3    3.2074e+02    3.2074e+02 +/-  2.09e+01  <none>
  Background_CR_loose_HIGH_bin_5-4    3.1961e+02    3.1961e+02 +/-  1.99e+01  <none>
  Background_CR_loose_HIGH_bin_5-5    3.2174e+02    3.2174e+02 +/-  1.83e+01  <none>
  Background_CR_loose_HIGH_bin_5-6    2.3912e+02    2.3912e+02 +/-  1.57e+01  <none>
  Background_CR_loose_HIGH_bin_5-7    1.8365e+02    1.8365e+02 +/-  1.33e+01  <none>
  Background_CR_loose_HIGH_bin_5-8    1.3305e+02    1.3305e+02 +/-  1.14e+01  <none>
  Background_CR_loose_HIGH_bin_5-9    7.1780e+01    7.1780e+01 +/-  8.39e+00  <none>
  Background_CR_loose_HIGH_bin_6-1    3.1785e+01    3.1785e+01 +/-  6.05e+00  <none>
  Background_CR_loose_HIGH_bin_6-10    4.9388e+01    4.9388e+01 +/-  6.71e+00  <none>
  Background_CR_loose_HIGH_bin_6-11    3.6076e+01    3.6076e+01 +/-  5.78e+00  <none>
  Background_CR_loose_HIGH_bin_6-12    3.0895e+01    3.0895e+01 +/-  5.26e+00  <none>
  Background_CR_loose_HIGH_bin_6-13    2.3588e+01    2.3588e+01 +/-  4.60e+00  <none>
  Background_CR_loose_HIGH_bin_6-2    9.0197e+01    9.0197e+01 +/-  1.04e+01  <none>
  Background_CR_loose_HIGH_bin_6-3    1.8682e+02    1.8682e+02 +/-  1.46e+01  <none>
  Background_CR_loose_HIGH_bin_6-4    2.3553e+02    2.3553e+02 +/-  1.54e+01  <none>
  Background_CR_loose_HIGH_bin_6-5    2.0019e+02    2.0019e+02 +/-  1.41e+01  <none>
  Background_CR_loose_HIGH_bin_6-6    1.6388e+02    1.6388e+02 +/-  1.26e+01  <none>
  Background_CR_loose_HIGH_bin_6-7    1.6952e+02    1.6952e+02 +/-  1.26e+01  <none>
  Background_CR_loose_HIGH_bin_6-8    9.2831e+01    9.2831e+01 +/-  9.35e+00  <none>
  Background_CR_loose_HIGH_bin_6-9    7.2258e+01    7.2258e+01 +/-  8.29e+00  <none>
  Background_CR_loose_LOW_bin_1-1    2.5702e+03    2.5702e+03 +/-  5.19e+01  <none>
  Background_CR_loose_LOW_bin_1-10    9.7766e+01    9.7766e+01 +/-  9.56e+00  <none>
  Background_CR_loose_LOW_bin_1-11    3.9231e+01    3.9232e+01 +/-  6.33e+00  <none>
  Background_CR_loose_LOW_bin_1-12    4.6921e+01    4.6921e+01 +/-  6.60e+00  <none>
  Background_CR_loose_LOW_bin_1-13    4.2514e+01    4.2514e+01 +/-  6.31e+00  <none>
  Background_CR_loose_LOW_bin_1-2    2.5127e+03    2.5127e+03 +/-  5.06e+01  <none>
  Background_CR_loose_LOW_bin_1-3    1.9598e+03    1.9598e+03 +/-  4.33e+01  <none>
  Background_CR_loose_LOW_bin_1-4    1.2289e+03    1.2289e+03 +/-  3.42e+01  <none>
  Background_CR_loose_LOW_bin_1-5    7.5591e+02    7.5591e+02 +/-  2.67e+01  <none>
  Background_CR_loose_LOW_bin_1-6    4.2608e+02    4.2608e+02 +/-  2.00e+01  <none>
  Background_CR_loose_LOW_bin_1-7    2.8680e+02    2.8680e+02 +/-  1.64e+01  <none>
  Background_CR_loose_LOW_bin_1-8    2.1620e+02    2.1620e+02 +/-  1.43e+01  <none>
  Background_CR_loose_LOW_bin_1-9    1.5277e+02    1.5277e+02 +/-  1.20e+01  <none>
  Background_CR_loose_LOW_bin_2-1    2.3438e+03    2.3438e+03 +/-  5.66e+01  <none>
  Background_CR_loose_LOW_bin_2-10    8.2092e+01    8.2092e+01 +/-  9.47e+00  <none>
  Background_CR_loose_LOW_bin_2-11    7.3524e+01    7.3524e+01 +/-  8.89e+00  <none>
  Background_CR_loose_LOW_bin_2-12    4.0970e+01    4.0970e+01 +/-  6.74e+00  <none>
  Background_CR_loose_LOW_bin_2-13    2.5302e+01    2.5302e+01 +/-  5.40e+00  <none>
  Background_CR_loose_LOW_bin_2-2    2.3739e+03    2.3739e+03 +/-  5.44e+01  <none>
  Background_CR_loose_LOW_bin_2-3    1.9208e+03    1.9208e+03 +/-  4.60e+01  <none>
  Background_CR_loose_LOW_bin_2-4    1.1616e+03    1.1616e+03 +/-  3.50e+01  <none>
  Background_CR_loose_LOW_bin_2-5    7.0912e+02    7.0912e+02 +/-  2.75e+01  <none>
  Background_CR_loose_LOW_bin_2-6    4.3599e+02    4.3599e+02 +/-  2.16e+01  <none>
  Background_CR_loose_LOW_bin_2-7    2.7137e+02    2.7137e+02 +/-  1.70e+01  <none>
  Background_CR_loose_LOW_bin_2-8    1.8079e+02    1.8079e+02 +/-  1.42e+01  <none>
  Background_CR_loose_LOW_bin_2-9    1.4605e+02    1.4605e+02 +/-  1.23e+01  <none>
  Background_CR_loose_LOW_bin_3-1    2.3286e+03    2.3286e+03 +/-  6.07e+01  <none>
  Background_CR_loose_LOW_bin_3-10    8.4737e+01    8.4737e+01 +/-  9.50e+00  <none>
  Background_CR_loose_LOW_bin_3-11    5.0495e+01    5.0495e+01 +/-  7.35e+00  <none>
  Background_CR_loose_LOW_bin_3-12    4.4882e+01    4.4882e+01 +/-  6.82e+00  <none>
  Background_CR_loose_LOW_bin_3-13    2.7724e+01    2.7724e+01 +/-  5.40e+00  <none>
  Background_CR_loose_LOW_bin_3-2    2.3183e+03    2.3183e+03 +/-  5.60e+01  <none>
  Background_CR_loose_LOW_bin_3-3    1.7340e+03    1.7340e+03 +/-  4.47e+01  <none>
  Background_CR_loose_LOW_bin_3-4    1.2023e+03    1.2023e+03 +/-  3.59e+01  <none>
  Background_CR_loose_LOW_bin_3-5    7.0864e+02    7.0865e+02 +/-  2.73e+01  <none>
  Background_CR_loose_LOW_bin_3-6    3.9314e+02    3.9314e+02 +/-  2.04e+01  <none>
  Background_CR_loose_LOW_bin_3-7    2.4677e+02    2.4677e+02 +/-  1.60e+01  <none>
  Background_CR_loose_LOW_bin_3-8    1.4749e+02    1.4749e+02 +/-  1.26e+01  <none>
  Background_CR_loose_LOW_bin_3-9    1.1125e+02    1.1125e+02 +/-  1.08e+01  <none>
  Background_CR_loose_SIG_bin_1-1    2.0147e+03    2.0147e+03 +/-  6.03e+01  <none>
  Background_CR_loose_SIG_bin_1-10    8.3764e+01    8.3764e+01 +/-  8.89e+00  <none>
  Background_CR_loose_SIG_bin_1-11    5.3177e+01    5.3177e+01 +/-  7.00e+00  <none>
  Background_CR_loose_SIG_bin_1-12    3.3369e+01    3.3369e+01 +/-  5.61e+00  <none>
  Background_CR_loose_SIG_bin_1-13    1.8832e+01    1.8832e+01 +/-  4.33e+00  <none>
  Background_CR_loose_SIG_bin_1-2    2.1220e+03    2.1220e+03 +/-  5.60e+01  <none>
  Background_CR_loose_SIG_bin_1-3    1.7601e+03    1.7601e+03 +/-  4.50e+01  <none>
  Background_CR_loose_SIG_bin_1-4    1.1740e+03    1.1740e+03 +/-  3.52e+01  <none>
  Background_CR_loose_SIG_bin_1-5    6.2168e+02    6.2168e+02 +/-  2.53e+01  <none>
  Background_CR_loose_SIG_bin_1-6    4.3910e+02    4.3910e+02 +/-  2.06e+01  <none>
  Background_CR_loose_SIG_bin_1-7    2.4453e+02    2.4453e+02 +/-  1.52e+01  <none>
  Background_CR_loose_SIG_bin_1-8    1.6315e+02    1.6315e+02 +/-  1.25e+01  <none>
  Background_CR_loose_SIG_bin_1-9    9.2219e+01    9.2219e+01 +/-  9.56e+00  <none>
  Background_CR_loose_SIG_bin_2-1    1.6495e+03    1.6495e+03 +/-  6.47e+01  <none>
  Background_CR_loose_SIG_bin_2-10    6.4122e+01    6.4122e+01 +/-  7.81e+00  <none>
  Background_CR_loose_SIG_bin_2-11    4.3152e+01    4.3151e+01 +/-  6.44e+00  <none>
  Background_CR_loose_SIG_bin_2-12    4.3090e+01    4.3090e+01 +/-  6.31e+00  <none>
  Background_CR_loose_SIG_bin_2-13    1.3425e+01    1.3425e+01 +/-  3.67e+00  <none>
  Background_CR_loose_SIG_bin_2-2    2.0542e+03    2.0542e+03 +/-  6.05e+01  <none>
  Background_CR_loose_SIG_bin_2-3    1.6458e+03    1.6458e+03 +/-  4.63e+01  <none>
  Background_CR_loose_SIG_bin_2-4    1.0496e+03    1.0496e+03 +/-  3.48e+01  <none>
  Background_CR_loose_SIG_bin_2-5    6.0557e+02    6.0557e+02 +/-  2.49e+01  <none>
  Background_CR_loose_SIG_bin_2-6    4.1718e+02    4.1717e+02 +/-  2.05e+01  <none>
  Background_CR_loose_SIG_bin_2-7    2.6950e+02    2.6950e+02 +/-  1.62e+01  <none>
  Background_CR_loose_SIG_bin_2-8    1.5717e+02    1.5717e+02 +/-  1.23e+01  <none>
  Background_CR_loose_SIG_bin_2-9    1.0943e+02    1.0943e+02 +/-  1.02e+01  <none>
  Background_CR_loose_SIG_bin_3-1    1.5843e+03    1.5843e+03 +/-  6.40e+01  <none>
  Background_CR_loose_SIG_bin_3-10    4.3506e+01    4.3506e+01 +/-  6.70e+00  <none>
  Background_CR_loose_SIG_bin_3-11    4.5640e+01    4.5641e+01 +/-  6.59e+00  <none>
  Background_CR_loose_SIG_bin_3-12    3.8935e+01    3.8935e+01 +/-  6.14e+00  <none>
  Background_CR_loose_SIG_bin_3-13    2.0337e+01    2.0337e+01 +/-  4.45e+00  <none>
  Background_CR_loose_SIG_bin_3-2    1.6836e+03    1.6836e+03 +/-  5.65e+01  <none>
  Background_CR_loose_SIG_bin_3-3    1.5048e+03    1.5048e+03 +/-  4.64e+01  <none>
  Background_CR_loose_SIG_bin_3-4    9.8344e+02    9.8345e+02 +/-  3.47e+01  <none>
  Background_CR_loose_SIG_bin_3-5    6.4712e+02    6.4712e+02 +/-  2.68e+01  <none>
  Background_CR_loose_SIG_bin_3-6    4.0468e+02    4.0468e+02 +/-  2.03e+01  <none>
  Background_CR_loose_SIG_bin_3-7    2.0165e+02    2.0165e+02 +/-  1.43e+01  <none>
  Background_CR_loose_SIG_bin_3-8    1.4384e+02    1.4384e+02 +/-  1.19e+01  <none>
  Background_CR_loose_SIG_bin_3-9    1.0429e+02    1.0429e+02 +/-  1.01e+01  <none>
  Background_CR_rpf_2x2_par0    6.4076e-01    6.4076e-01 +/-  4.42e-02  <none>
  Background_CR_rpf_2x2_par1    7.0572e-01    7.0572e-01 +/-  9.50e-02  <none>
  Background_CR_rpf_2x2_par2   -4.7595e-01   -4.7596e-01 +/-  1.05e-01  <none>
  Background_CR_rpf_2x2_par3    1.9310e-01    1.9310e-01 +/-  1.23e-02  <none>
  Background_CR_rpf_2x2_par4   -8.7668e-01   -8.7917e-01 +/-  1.19e+02  <none>
  Background_CR_rpf_2x2_par5    1.3133e-03    1.3170e-03 +/-  1.79e-01  <none>
               PNetTop    8.6072e-12    1.6506e-12 +/-  9.93e-01  <none>
               PNetXbb    8.6072e-12    1.6506e-12 +/-  9.93e-01  <none>
                Pileup    1.8589e-01    1.8585e-01 +/-  1.06e+00  <none>
               Prefire   -4.1865e-03   -4.8035e-03 +/-  2.84e-01  <none>
           TptReweight    5.2799e-02    5.2693e-02 +/-  1.10e+00  <none>
                   jer   -6.1331e-01   -6.1338e-01 +/-  9.57e-01  <none>
                   jes    7.0030e-01    6.9992e-01 +/-  6.08e-01  <none>
                   jmr   -1.3941e-01   -1.3940e-01 +/-  6.81e-01  <none>
                   jms   -1.0149e-01   -1.0123e-01 +/-  7.48e-01  <none>
                  lumi   -1.9442e-02   -1.9701e-02 +/-  1.01e+00  <none>
                   pdf    5.9073e-02    5.8941e-02 +/-  8.06e-01  <none>
            ttbar_xsec    3.5993e-01    3.5991e-01 +/-  8.51e-01  <none>
                w_xsec   -1.5045e-01   -1.5055e-01 +/-  9.89e-01  <none>
                z_xsec   -4.3642e-01   -4.3654e-01 +/-  7.78e-01  <none>


  RooFitResult: minimized FCN value: -0.000530952, estimated distance to minimum: 1.72454e-06
                covariance matrix quality: Full matrix, but forced positive-definite
                Status : MINIMIZE=0 HESSE=0 

    Constant Parameter    Value     
  --------------------  ------------
            PNetTop_In    0.0000e+00
            PNetXbb_In    0.0000e+00
             Pileup_In    0.0000e+00
            Prefire_In    0.0000e+00
        TptReweight_In    0.0000e+00
                jer_In    0.0000e+00
                jes_In    0.0000e+00
                jmr_In    0.0000e+00
                jms_In    0.0000e+00
               lumi_In    0.0000e+00
  n_exp_binCR_loose_HIGH_proc_Background    1.0000e+00
  n_exp_binCR_loose_LOW_proc_Background    1.0000e+00
  n_exp_binCR_loose_SIG_proc_Background    1.0000e+00
  n_exp_binCR_pass_HIGH_proc_Background_2x2    1.0000e+00
  n_exp_binCR_pass_LOW_proc_Background_2x2    1.0000e+00
  n_exp_binCR_pass_SIG_proc_Background_2x2    1.0000e+00
                pdf_In    0.0000e+00
         ttbar_xsec_In    0.0000e+00
             w_xsec_In    0.0000e+00
             z_xsec_In    0.0000e+00

    Floating Parameter  InitialValue    FinalValue +/-  Error     GblCorr.
  --------------------  ------------  --------------------------  --------
  Background_CR_loose_HIGH_bin_1-1    1.0536e+03    1.0534e+03 +/-  5.51e+01  <none>
  Background_CR_loose_HIGH_bin_1-10    6.7371e+01    6.7359e+01 +/-  8.20e+00  <none>
  Background_CR_loose_HIGH_bin_1-11    4.6119e+01    4.6116e+01 +/-  6.75e+00  <none>
  Background_CR_loose_HIGH_bin_1-12    4.0743e+01    4.0736e+01 +/-  6.30e+00  <none>
  Background_CR_loose_HIGH_bin_1-13    1.0124e+01    1.0117e+01 +/-  3.37e+00  <none>
  Background_CR_loose_HIGH_bin_1-2    1.4395e+03    1.4393e+03 +/-  5.53e+01  <none>
  Background_CR_loose_HIGH_bin_1-3    1.2841e+03    1.2840e+03 +/-  4.52e+01  <none>
  Background_CR_loose_HIGH_bin_1-4    9.7575e+02    9.7563e+02 +/-  3.58e+01  <none>
  Background_CR_loose_HIGH_bin_1-5    6.2410e+02    6.2404e+02 +/-  2.70e+01  <none>
  Background_CR_loose_HIGH_bin_1-6    3.4541e+02    3.4536e+02 +/-  1.94e+01  <none>
  Background_CR_loose_HIGH_bin_1-7    2.6214e+02    2.6212e+02 +/-  1.65e+01  <none>
  Background_CR_loose_HIGH_bin_1-8    1.3712e+02    1.3710e+02 +/-  1.20e+01  <none>
  Background_CR_loose_HIGH_bin_1-9    1.0382e+02    1.0382e+02 +/-  1.02e+01  <none>
  Background_CR_loose_HIGH_bin_2-1    6.1557e+02    6.1531e+02 +/-  6.03e+01  <none>
  Background_CR_loose_HIGH_bin_2-10    5.1539e+01    5.1527e+01 +/-  8.02e+00  <none>
  Background_CR_loose_HIGH_bin_2-11    4.8620e+01    4.8606e+01 +/-  7.46e+00  <none>
  Background_CR_loose_HIGH_bin_2-12    3.1024e+01    3.1012e+01 +/-  6.05e+00  <none>
  Background_CR_loose_HIGH_bin_2-13    1.5455e+01    1.5455e+01 +/-  4.39e+00  <none>
  Background_CR_loose_HIGH_bin_2-2    1.0304e+03    1.0302e+03 +/-  6.52e+01  <none>
  Background_CR_loose_HIGH_bin_2-3    1.0358e+03    1.0356e+03 +/-  5.41e+01  <none>
  Background_CR_loose_HIGH_bin_2-4    8.2296e+02    8.2282e+02 +/-  4.17e+01  <none>
  Background_CR_loose_HIGH_bin_2-5    5.9793e+02    5.9784e+02 +/-  3.15e+01  <none>
  Background_CR_loose_HIGH_bin_2-6    3.8457e+02    3.8451e+02 +/-  2.41e+01  <none>
  Background_CR_loose_HIGH_bin_2-7    2.1421e+02    2.1417e+02 +/-  1.70e+01  <none>
  Background_CR_loose_HIGH_bin_2-8    1.6379e+02    1.6376e+02 +/-  1.44e+01  <none>
  Background_CR_loose_HIGH_bin_2-9    1.1542e+02    1.1539e+02 +/-  1.17e+01  <none>
  Background_CR_loose_HIGH_bin_3-1    3.1087e+02    3.1055e+02 +/-  5.16e+01  <none>
  Background_CR_loose_HIGH_bin_3-10    9.0817e+01    9.0796e+01 +/-  1.01e+01  <none>
  Background_CR_loose_HIGH_bin_3-11    3.7701e+01    3.7679e+01 +/-  7.21e+00  <none>
  Background_CR_loose_HIGH_bin_3-12    3.9584e+01    3.9582e+01 +/-  6.68e+00  <none>
  Background_CR_loose_HIGH_bin_3-13    2.6604e+01    2.6592e+01 +/-  5.37e+00  <none>
  Background_CR_loose_HIGH_bin_3-2    6.7303e+02    6.7269e+02 +/-  6.25e+01  <none>
  Background_CR_loose_HIGH_bin_3-3    8.2332e+02    8.2300e+02 +/-  5.80e+01  <none>
  Background_CR_loose_HIGH_bin_3-4    6.2318e+02    6.2296e+02 +/-  4.47e+01  <none>
  Background_CR_loose_HIGH_bin_3-5    4.9226e+02    4.9215e+02 +/-  3.42e+01  <none>
  Background_CR_loose_HIGH_bin_3-6    3.5075e+02    3.5066e+02 +/-  2.56e+01  <none>
  Background_CR_loose_HIGH_bin_3-7    2.2008e+02    2.2001e+02 +/-  1.89e+01  <none>
  Background_CR_loose_HIGH_bin_3-8    1.1784e+02    1.1779e+02 +/-  1.38e+01  <none>
  Background_CR_loose_HIGH_bin_3-9    9.2274e+01    9.2240e+01 +/-  1.14e+01  <none>
  Background_CR_loose_HIGH_bin_4-1    1.7976e+02    1.7964e+02 +/-  2.80e+01  <none>
  Background_CR_loose_HIGH_bin_4-10    7.2379e+01    7.2372e+01 +/-  8.55e+00  <none>
  Background_CR_loose_HIGH_bin_4-11    3.4584e+01    3.4578e+01 +/-  6.22e+00  <none>
  Background_CR_loose_HIGH_bin_4-12    3.0916e+01    3.0911e+01 +/-  5.60e+00  <none>
  Background_CR_loose_HIGH_bin_4-13    1.1456e+01    1.1458e+01 +/-  3.75e+00  <none>
  Background_CR_loose_HIGH_bin_4-2    4.6322e+02    4.6307e+02 +/-  3.99e+01  <none>
  Background_CR_loose_HIGH_bin_4-3    5.2700e+02    5.2690e+02 +/-  3.61e+01  <none>
  Background_CR_loose_HIGH_bin_4-4    4.6748e+02    4.6738e+02 +/-  3.20e+01  <none>
  Background_CR_loose_HIGH_bin_4-5    4.2732e+02    4.2725e+02 +/-  2.62e+01  <none>
  Background_CR_loose_HIGH_bin_4-6    2.5584e+02    2.5579e+02 +/-  2.02e+01  <none>
  Background_CR_loose_HIGH_bin_4-7    2.0740e+02    2.0736e+02 +/-  1.63e+01  <none>
  Background_CR_loose_HIGH_bin_4-8    1.4083e+02    1.4080e+02 +/-  1.27e+01  <none>
  Background_CR_loose_HIGH_bin_4-9    8.9682e+01    8.9670e+01 +/-  9.83e+00  <none>
  Background_CR_loose_HIGH_bin_5-1    4.9054e+01    4.9031e+01 +/-  1.03e+01  <none>
  Background_CR_loose_HIGH_bin_5-10    5.6040e+01    5.6033e+01 +/-  7.37e+00  <none>
  Background_CR_loose_HIGH_bin_5-11    4.0826e+01    4.0824e+01 +/-  6.29e+00  <none>
  Background_CR_loose_HIGH_bin_5-12    1.9298e+01    1.9302e+01 +/-  4.39e+00  <none>
  Background_CR_loose_HIGH_bin_5-13    8.2420e+00    8.2432e+00 +/-  3.02e+00  <none>
  Background_CR_loose_HIGH_bin_5-2    1.9744e+02    1.9740e+02 +/-  1.86e+01  <none>
  Background_CR_loose_HIGH_bin_5-3    3.1661e+02    3.1656e+02 +/-  2.01e+01  <none>
  Background_CR_loose_HIGH_bin_5-4    3.1438e+02    3.1433e+02 +/-  1.98e+01  <none>
  Background_CR_loose_HIGH_bin_5-5    3.1810e+02    3.1809e+02 +/-  1.84e+01  <none>
  Background_CR_loose_HIGH_bin_5-6    2.3662e+02    2.3659e+02 +/-  1.57e+01  <none>
  Background_CR_loose_HIGH_bin_5-7    1.8201e+02    1.8200e+02 +/-  1.34e+01  <none>
  Background_CR_loose_HIGH_bin_5-8    1.3231e+02    1.3230e+02 +/-  1.13e+01  <none>
  Background_CR_loose_HIGH_bin_5-9    7.1760e+01    7.1756e+01 +/-  8.37e+00  <none>
  Background_CR_loose_HIGH_bin_6-1    3.1527e+01    3.1519e+01 +/-  5.91e+00  <none>
  Background_CR_loose_HIGH_bin_6-10    4.9305e+01    4.9307e+01 +/-  6.75e+00  <none>
  Background_CR_loose_HIGH_bin_6-11    3.6100e+01    3.6105e+01 +/-  5.83e+00  <none>
  Background_CR_loose_HIGH_bin_6-12    3.1046e+01    3.1042e+01 +/-  5.31e+00  <none>
  Background_CR_loose_HIGH_bin_6-13    2.3962e+01    2.3963e+01 +/-  4.66e+00  <none>
  Background_CR_loose_HIGH_bin_6-2    8.8597e+01    8.8585e+01 +/-  1.02e+01  <none>
  Background_CR_loose_HIGH_bin_6-3    1.8402e+02    1.8399e+02 +/-  1.44e+01  <none>
  Background_CR_loose_HIGH_bin_6-4    2.3371e+02    2.3370e+02 +/-  1.54e+01  <none>
  Background_CR_loose_HIGH_bin_6-5    1.9820e+02    1.9820e+02 +/-  1.41e+01  <none>
  Background_CR_loose_HIGH_bin_6-6    1.6328e+02    1.6326e+02 +/-  1.26e+01  <none>
  Background_CR_loose_HIGH_bin_6-7    1.6806e+02    1.6806e+02 +/-  1.27e+01  <none>
  Background_CR_loose_HIGH_bin_6-8    9.1850e+01    9.1847e+01 +/-  9.39e+00  <none>
  Background_CR_loose_HIGH_bin_6-9    7.1512e+01    7.1507e+01 +/-  8.35e+00  <none>
  Background_CR_loose_LOW_bin_1-1    2.5661e+03    2.5660e+03 +/-  5.13e+01  <none>
  Background_CR_loose_LOW_bin_1-10    9.8048e+01    9.8049e+01 +/-  9.63e+00  <none>
  Background_CR_loose_LOW_bin_1-11    3.9149e+01    3.9152e+01 +/-  6.39e+00  <none>
  Background_CR_loose_LOW_bin_1-12    4.7282e+01    4.7281e+01 +/-  6.68e+00  <none>
  Background_CR_loose_LOW_bin_1-13    4.2759e+01    4.2764e+01 +/-  6.39e+00  <none>
  Background_CR_loose_LOW_bin_1-2    2.5109e+03    2.5109e+03 +/-  4.99e+01  <none>
  Background_CR_loose_LOW_bin_1-3    1.9579e+03    1.9579e+03 +/-  4.33e+01  <none>
  Background_CR_loose_LOW_bin_1-4    1.2275e+03    1.2275e+03 +/-  3.42e+01  <none>
  Background_CR_loose_LOW_bin_1-5    7.5496e+02    7.5496e+02 +/-  2.67e+01  <none>
  Background_CR_loose_LOW_bin_1-6    4.2648e+02    4.2649e+02 +/-  2.00e+01  <none>
  Background_CR_loose_LOW_bin_1-7    2.8669e+02    2.8669e+02 +/-  1.65e+01  <none>
  Background_CR_loose_LOW_bin_1-8    2.1679e+02    2.1678e+02 +/-  1.44e+01  <none>
  Background_CR_loose_LOW_bin_1-9    1.5264e+02    1.5264e+02 +/-  1.21e+01  <none>
  Background_CR_loose_LOW_bin_2-1    2.3390e+03    2.3390e+03 +/-  5.51e+01  <none>
  Background_CR_loose_LOW_bin_2-10    8.2290e+01    8.2279e+01 +/-  9.55e+00  <none>
  Background_CR_loose_LOW_bin_2-11    7.4502e+01    7.4508e+01 +/-  8.97e+00  <none>
  Background_CR_loose_LOW_bin_2-12    4.1069e+01    4.1066e+01 +/-  6.83e+00  <none>
  Background_CR_loose_LOW_bin_2-13    2.5432e+01    2.5433e+01 +/-  5.46e+00  <none>
  Background_CR_loose_LOW_bin_2-2    2.3654e+03    2.3655e+03 +/-  5.39e+01  <none>
  Background_CR_loose_LOW_bin_2-3    1.9184e+03    1.9184e+03 +/-  4.57e+01  <none>
  Background_CR_loose_LOW_bin_2-4    1.1589e+03    1.1589e+03 +/-  3.52e+01  <none>
  Background_CR_loose_LOW_bin_2-5    7.0847e+02    7.0847e+02 +/-  2.75e+01  <none>
  Background_CR_loose_LOW_bin_2-6    4.3385e+02    4.3385e+02 +/-  2.18e+01  <none>
  Background_CR_loose_LOW_bin_2-7    2.7194e+02    2.7193e+02 +/-  1.71e+01  <none>
  Background_CR_loose_LOW_bin_2-8    1.8087e+02    1.8089e+02 +/-  1.42e+01  <none>
  Background_CR_loose_LOW_bin_2-9    1.4506e+02    1.4505e+02 +/-  1.24e+01  <none>
  Background_CR_loose_LOW_bin_3-1    2.3168e+03    2.3166e+03 +/-  5.87e+01  <none>
  Background_CR_loose_LOW_bin_3-10    8.3900e+01    8.3890e+01 +/-  9.58e+00  <none>
  Background_CR_loose_LOW_bin_3-11    4.9587e+01    4.9581e+01 +/-  7.43e+00  <none>
  Background_CR_loose_LOW_bin_3-12    4.4914e+01    4.4903e+01 +/-  6.88e+00  <none>
  Background_CR_loose_LOW_bin_3-13    2.7528e+01    2.7540e+01 +/-  5.47e+00  <none>
  Background_CR_loose_LOW_bin_3-2    2.3117e+03    2.3115e+03 +/-  5.48e+01  <none>
  Background_CR_loose_LOW_bin_3-3    1.7261e+03    1.7261e+03 +/-  4.47e+01  <none>
  Background_CR_loose_LOW_bin_3-4    1.1978e+03    1.1977e+03 +/-  3.60e+01  <none>
  Background_CR_loose_LOW_bin_3-5    7.0520e+02    7.0514e+02 +/-  2.74e+01  <none>
  Background_CR_loose_LOW_bin_3-6    3.9172e+02    3.9168e+02 +/-  2.05e+01  <none>
  Background_CR_loose_LOW_bin_3-7    2.4561e+02    2.4559e+02 +/-  1.60e+01  <none>
  Background_CR_loose_LOW_bin_3-8    1.4619e+02    1.4619e+02 +/-  1.27e+01  <none>
  Background_CR_loose_LOW_bin_3-9    1.1000e+02    1.0999e+02 +/-  1.09e+01  <none>
  Background_CR_loose_SIG_bin_1-1    2.0025e+03    2.0023e+03 +/-  5.64e+01  <none>
  Background_CR_loose_SIG_bin_1-10    8.2299e+01    8.2293e+01 +/-  8.99e+00  <none>
  Background_CR_loose_SIG_bin_1-11    5.3093e+01    5.3091e+01 +/-  7.08e+00  <none>
  Background_CR_loose_SIG_bin_1-12    3.3047e+01    3.3050e+01 +/-  5.67e+00  <none>
  Background_CR_loose_SIG_bin_1-13    1.8995e+01    1.8992e+01 +/-  4.38e+00  <none>
  Background_CR_loose_SIG_bin_1-2    2.1094e+03    2.1093e+03 +/-  5.37e+01  <none>
  Background_CR_loose_SIG_bin_1-3    1.7514e+03    1.7513e+03 +/-  4.46e+01  <none>
  Background_CR_loose_SIG_bin_1-4    1.1712e+03    1.1711e+03 +/-  3.47e+01  <none>
  Background_CR_loose_SIG_bin_1-5    6.1879e+02    6.1876e+02 +/-  2.53e+01  <none>
  Background_CR_loose_SIG_bin_1-6    4.3717e+02    4.3715e+02 +/-  2.06e+01  <none>
  Background_CR_loose_SIG_bin_1-7    2.4305e+02    2.4304e+02 +/-  1.53e+01  <none>
  Background_CR_loose_SIG_bin_1-8    1.6080e+02    1.6078e+02 +/-  1.26e+01  <none>
  Background_CR_loose_SIG_bin_1-9    8.8720e+01    8.8718e+01 +/-  9.72e+00  <none>
  Background_CR_loose_SIG_bin_2-1    1.6387e+03    1.6385e+03 +/-  5.61e+01  <none>
  Background_CR_loose_SIG_bin_2-10    5.7162e+01    5.7147e+01 +/-  8.36e+00  <none>
  Background_CR_loose_SIG_bin_2-11    4.1926e+01    4.1924e+01 +/-  6.51e+00  <none>
  Background_CR_loose_SIG_bin_2-12    4.3258e+01    4.3256e+01 +/-  6.39e+00  <none>
  Background_CR_loose_SIG_bin_2-13    1.3653e+01    1.3652e+01 +/-  3.72e+00  <none>
  Background_CR_loose_SIG_bin_2-2    2.0424e+03    2.0422e+03 +/-  5.52e+01  <none>
  Background_CR_loose_SIG_bin_2-3    1.6386e+03    1.6385e+03 +/-  4.44e+01  <none>
  Background_CR_loose_SIG_bin_2-4    1.0437e+03    1.0436e+03 +/-  3.41e+01  <none>
  Background_CR_loose_SIG_bin_2-5    6.0309e+02    6.0306e+02 +/-  2.47e+01  <none>
  Background_CR_loose_SIG_bin_2-6    4.1545e+02    4.1542e+02 +/-  2.03e+01  <none>
  Background_CR_loose_SIG_bin_2-7    2.6648e+02    2.6647e+02 +/-  1.63e+01  <none>
  Background_CR_loose_SIG_bin_2-8    1.5480e+02    1.5478e+02 +/-  1.23e+01  <none>
  Background_CR_loose_SIG_bin_2-9    1.0355e+02    1.0353e+02 +/-  1.06e+01  <none>
  Background_CR_loose_SIG_bin_3-1    1.5692e+03    1.5690e+03 +/-  5.73e+01  <none>
  Background_CR_loose_SIG_bin_3-10    3.8502e+01    3.8496e+01 +/-  7.18e+00  <none>
  Background_CR_loose_SIG_bin_3-11    4.4844e+01    4.4836e+01 +/-  6.66e+00  <none>
  Background_CR_loose_SIG_bin_3-12    3.8575e+01    3.8576e+01 +/-  6.23e+00  <none>
  Background_CR_loose_SIG_bin_3-13    2.0542e+01    2.0538e+01 +/-  4.52e+00  <none>
  Background_CR_loose_SIG_bin_3-2    1.6723e+03    1.6721e+03 +/-  5.26e+01  <none>
  Background_CR_loose_SIG_bin_3-3    1.4961e+03    1.4960e+03 +/-  4.44e+01  <none>
  Background_CR_loose_SIG_bin_3-4    9.7727e+02    9.7720e+02 +/-  3.39e+01  <none>
  Background_CR_loose_SIG_bin_3-5    6.4411e+02    6.4405e+02 +/-  2.63e+01  <none>
  Background_CR_loose_SIG_bin_3-6    4.0286e+02    4.0284e+02 +/-  2.02e+01  <none>
  Background_CR_loose_SIG_bin_3-7    2.0009e+02    2.0007e+02 +/-  1.44e+01  <none>
  Background_CR_loose_SIG_bin_3-8    1.4239e+02    1.4238e+02 +/-  1.20e+01  <none>
  Background_CR_loose_SIG_bin_3-9    1.0169e+02    1.0168e+02 +/-  1.02e+01  <none>
  Background_CR_rpf_2x2_par0    6.6686e-01    6.6668e-01 +/-  6.26e-02  <none>
  Background_CR_rpf_2x2_par1    6.8893e-01    6.8977e-01 +/-  1.20e-01  <none>
  Background_CR_rpf_2x2_par2   -4.3399e-01   -4.3473e-01 +/-  1.30e-01  <none>
  Background_CR_rpf_2x2_par3    1.8681e-01    1.8681e-01 +/-  1.67e-02  <none>
  Background_CR_rpf_2x2_par4   -5.6008e-01   -5.5964e-01 +/-  4.61e+00  <none>
  Background_CR_rpf_2x2_par5    3.3583e-02    3.3591e-02 +/-  2.77e-01  <none>
               PNetTop   -6.0767e-02   -6.1015e-02 +/-  8.81e-01  <none>
               PNetXbb    5.9015e-02    4.2010e-02 +/-  8.78e-01  <none>
                Pileup    1.5257e-01    1.5334e-01 +/-  1.05e+00  <none>
               Prefire   -3.1749e-03   -3.9798e-03 +/-  2.47e-01  <none>
           TptReweight    8.7235e-02    8.6746e-02 +/-  1.00e+00  <none>
                   jer   -5.8975e-01   -5.9013e-01 +/-  8.81e-01  <none>
                   jes    1.1896e+00    1.1859e+00 +/-  7.15e-01  <none>
                   jmr   -1.4777e-01   -1.4870e-01 +/-  5.14e-01  <none>
                   jms   -1.1228e-01   -1.0587e-01 +/-  6.64e-01  <none>
                  lumi    8.5795e-04   -7.1901e-04 +/-  9.91e-01  <none>
                   pdf    6.4353e-02    8.1975e-02 +/-  9.01e-01  <none>
                     r    1.0744e+00    1.0751e+00 +/-  5.66e-01  <none>
            ttbar_xsec    5.7462e-01    5.7301e-01 +/-  5.81e-01  <none>
                w_xsec   -1.5805e-01   -1.6141e-01 +/-  9.66e-01  <none>
                z_xsec   -4.2338e-01   -4.1941e-01 +/-  7.57e-01  <none>

Robus Fit for POI 
Set default minimizer to Minuit2, algorithm Migrad, tolerance 0.1
Searching for crossing at nll = -9711.12 in the interval 1.07514, 5
      r      lvl-here  lvl-there   stepping
1.467622    +0.26784  +0.49447    0.392486
1.860108    -0.34487  +0.26784    0.392486
1.585368    +0.11709  -0.34487    0.117746
1.703114    -0.06721  +0.11709    0.117746
1.620691    +0.06517  -0.06721    0.035324
1.656015    +0.01032  +0.06517    0.035324
1.691339    -0.04692  +0.01032    0.035324
1.666612    -0.00668  -0.04692    0.010597
1.659194    +0.00543  -0.00668    0.003179
1.662374    +0.00034  +0.00543    0.003179
Set default minimizer to Minuit2, algorithm Migrad, tolerance 0.1
Searching for crossing at nll = -9711.12 in the interval 1.07514, -1
      r      lvl-here  lvl-there   stepping
0.867622    +0.42699  +0.49447    -0.207514
0.660108    +0.22102  +0.42699    -0.207514
0.452595    -0.12784  +0.22102    -0.207514
0.597854    +0.13164  -0.12784    -0.062254
0.535600    +0.02923  +0.13164    -0.062254
0.473346    -0.08637  +0.02923    -0.062254
0.516924    -0.00414  -0.08637    -0.018676
0.529997    +0.01934  -0.00414    -0.005603
0.524394    +0.00935  +0.01934    -0.005603
0.518791    -0.00073  +0.00935    -0.005603
0.522713    +0.00634  -0.00073    -0.001681
0.521033    +0.00332  +0.00634    -0.001681
0.519352    +0.00028  +0.00332    -0.001681

  RooFitResult: minimized FCN value: -0.000530952, estimated distance to minimum: 1.72454e-06
                covariance matrix quality: Full matrix, but forced positive-definite
                Status : MINIMIZE=0 HESSE=0 

    Constant Parameter    Value     
  --------------------  ------------
            PNetTop_In    0.0000e+00
            PNetXbb_In    0.0000e+00
             Pileup_In    0.0000e+00
            Prefire_In    0.0000e+00
        TptReweight_In    0.0000e+00
                jer_In    0.0000e+00
                jes_In    0.0000e+00
                jmr_In    0.0000e+00
                jms_In    0.0000e+00
               lumi_In    0.0000e+00
  n_exp_binCR_loose_HIGH_proc_Background    1.0000e+00
  n_exp_binCR_loose_LOW_proc_Background    1.0000e+00
  n_exp_binCR_loose_SIG_proc_Background    1.0000e+00
  n_exp_binCR_pass_HIGH_proc_Background_2x2    1.0000e+00
  n_exp_binCR_pass_LOW_proc_Background_2x2    1.0000e+00
  n_exp_binCR_pass_SIG_proc_Background_2x2    1.0000e+00
                pdf_In    0.0000e+00
         ttbar_xsec_In    0.0000e+00
             w_xsec_In    0.0000e+00
             z_xsec_In    0.0000e+00

    Floating Parameter  InitialValue    FinalValue (+HiError,-LoError)    GblCorr.
  --------------------  ------------  ----------------------------------  --------
  Background_CR_loose_HIGH_bin_1-1    1.0536e+03    1.0534e+03         +/-  5.51e+01  <none>
  Background_CR_loose_HIGH_bin_1-10    6.7371e+01    6.7359e+01         +/-  8.20e+00  <none>
  Background_CR_loose_HIGH_bin_1-11    4.6119e+01    4.6116e+01         +/-  6.75e+00  <none>
  Background_CR_loose_HIGH_bin_1-12    4.0743e+01    4.0736e+01         +/-  6.30e+00  <none>
  Background_CR_loose_HIGH_bin_1-13    1.0124e+01    1.0117e+01         +/-  3.37e+00  <none>
  Background_CR_loose_HIGH_bin_1-2    1.4395e+03    1.4393e+03         +/-  5.53e+01  <none>
  Background_CR_loose_HIGH_bin_1-3    1.2841e+03    1.2840e+03         +/-  4.52e+01  <none>
  Background_CR_loose_HIGH_bin_1-4    9.7575e+02    9.7563e+02         +/-  3.58e+01  <none>
  Background_CR_loose_HIGH_bin_1-5    6.2410e+02    6.2404e+02         +/-  2.70e+01  <none>
  Background_CR_loose_HIGH_bin_1-6    3.4541e+02    3.4536e+02         +/-  1.94e+01  <none>
  Background_CR_loose_HIGH_bin_1-7    2.6214e+02    2.6212e+02         +/-  1.65e+01  <none>
  Background_CR_loose_HIGH_bin_1-8    1.3712e+02    1.3710e+02         +/-  1.20e+01  <none>
  Background_CR_loose_HIGH_bin_1-9    1.0382e+02    1.0382e+02         +/-  1.02e+01  <none>
  Background_CR_loose_HIGH_bin_2-1    6.1557e+02    6.1531e+02         +/-  6.03e+01  <none>
  Background_CR_loose_HIGH_bin_2-10    5.1539e+01    5.1527e+01         +/-  8.02e+00  <none>
  Background_CR_loose_HIGH_bin_2-11    4.8620e+01    4.8606e+01         +/-  7.46e+00  <none>
  Background_CR_loose_HIGH_bin_2-12    3.1024e+01    3.1012e+01         +/-  6.05e+00  <none>
  Background_CR_loose_HIGH_bin_2-13    1.5455e+01    1.5455e+01         +/-  4.39e+00  <none>
  Background_CR_loose_HIGH_bin_2-2    1.0304e+03    1.0302e+03         +/-  6.52e+01  <none>
  Background_CR_loose_HIGH_bin_2-3    1.0358e+03    1.0356e+03         +/-  5.41e+01  <none>
  Background_CR_loose_HIGH_bin_2-4    8.2296e+02    8.2282e+02         +/-  4.17e+01  <none>
  Background_CR_loose_HIGH_bin_2-5    5.9793e+02    5.9784e+02         +/-  3.15e+01  <none>
  Background_CR_loose_HIGH_bin_2-6    3.8457e+02    3.8451e+02         +/-  2.41e+01  <none>
  Background_CR_loose_HIGH_bin_2-7    2.1421e+02    2.1417e+02         +/-  1.70e+01  <none>
  Background_CR_loose_HIGH_bin_2-8    1.6379e+02    1.6376e+02         +/-  1.44e+01  <none>
  Background_CR_loose_HIGH_bin_2-9    1.1542e+02    1.1539e+02         +/-  1.17e+01  <none>
  Background_CR_loose_HIGH_bin_3-1    3.1087e+02    3.1055e+02         +/-  5.16e+01  <none>
  Background_CR_loose_HIGH_bin_3-10    9.0817e+01    9.0796e+01         +/-  1.01e+01  <none>
  Background_CR_loose_HIGH_bin_3-11    3.7701e+01    3.7679e+01         +/-  7.21e+00  <none>
  Background_CR_loose_HIGH_bin_3-12    3.9584e+01    3.9582e+01         +/-  6.68e+00  <none>
  Background_CR_loose_HIGH_bin_3-13    2.6604e+01    2.6592e+01         +/-  5.37e+00  <none>
  Background_CR_loose_HIGH_bin_3-2    6.7303e+02    6.7269e+02         +/-  6.25e+01  <none>
  Background_CR_loose_HIGH_bin_3-3    8.2332e+02    8.2300e+02         +/-  5.80e+01  <none>
  Background_CR_loose_HIGH_bin_3-4    6.2318e+02    6.2296e+02         +/-  4.47e+01  <none>
  Background_CR_loose_HIGH_bin_3-5    4.9226e+02    4.9215e+02         +/-  3.42e+01  <none>
  Background_CR_loose_HIGH_bin_3-6    3.5075e+02    3.5066e+02         +/-  2.56e+01  <none>
  Background_CR_loose_HIGH_bin_3-7    2.2008e+02    2.2001e+02         +/-  1.89e+01  <none>
  Background_CR_loose_HIGH_bin_3-8    1.1784e+02    1.1779e+02         +/-  1.38e+01  <none>
  Background_CR_loose_HIGH_bin_3-9    9.2274e+01    9.2240e+01         +/-  1.14e+01  <none>
  Background_CR_loose_HIGH_bin_4-1    1.7976e+02    1.7964e+02         +/-  2.80e+01  <none>
  Background_CR_loose_HIGH_bin_4-10    7.2379e+01    7.2372e+01         +/-  8.55e+00  <none>
  Background_CR_loose_HIGH_bin_4-11    3.4584e+01    3.4578e+01         +/-  6.22e+00  <none>
  Background_CR_loose_HIGH_bin_4-12    3.0916e+01    3.0911e+01         +/-  5.60e+00  <none>
  Background_CR_loose_HIGH_bin_4-13    1.1456e+01    1.1458e+01         +/-  3.75e+00  <none>
  Background_CR_loose_HIGH_bin_4-2    4.6322e+02    4.6307e+02         +/-  3.99e+01  <none>
  Background_CR_loose_HIGH_bin_4-3    5.2700e+02    5.2690e+02         +/-  3.61e+01  <none>
  Background_CR_loose_HIGH_bin_4-4    4.6748e+02    4.6738e+02         +/-  3.20e+01  <none>
  Background_CR_loose_HIGH_bin_4-5    4.2732e+02    4.2725e+02         +/-  2.62e+01  <none>
  Background_CR_loose_HIGH_bin_4-6    2.5584e+02    2.5579e+02         +/-  2.02e+01  <none>
  Background_CR_loose_HIGH_bin_4-7    2.0740e+02    2.0736e+02         +/-  1.63e+01  <none>
  Background_CR_loose_HIGH_bin_4-8    1.4083e+02    1.4080e+02         +/-  1.27e+01  <none>
  Background_CR_loose_HIGH_bin_4-9    8.9682e+01    8.9670e+01         +/-  9.83e+00  <none>
  Background_CR_loose_HIGH_bin_5-1    4.9054e+01    4.9031e+01         +/-  1.03e+01  <none>
  Background_CR_loose_HIGH_bin_5-10    5.6040e+01    5.6033e+01         +/-  7.37e+00  <none>
  Background_CR_loose_HIGH_bin_5-11    4.0826e+01    4.0824e+01         +/-  6.29e+00  <none>
  Background_CR_loose_HIGH_bin_5-12    1.9298e+01    1.9302e+01         +/-  4.39e+00  <none>
  Background_CR_loose_HIGH_bin_5-13    8.2420e+00    8.2432e+00         +/-  3.02e+00  <none>
  Background_CR_loose_HIGH_bin_5-2    1.9744e+02    1.9740e+02         +/-  1.86e+01  <none>
  Background_CR_loose_HIGH_bin_5-3    3.1661e+02    3.1656e+02         +/-  2.01e+01  <none>
  Background_CR_loose_HIGH_bin_5-4    3.1438e+02    3.1433e+02         +/-  1.98e+01  <none>
  Background_CR_loose_HIGH_bin_5-5    3.1810e+02    3.1809e+02         +/-  1.84e+01  <none>
  Background_CR_loose_HIGH_bin_5-6    2.3662e+02    2.3659e+02         +/-  1.57e+01  <none>
  Background_CR_loose_HIGH_bin_5-7    1.8201e+02    1.8200e+02         +/-  1.34e+01  <none>
  Background_CR_loose_HIGH_bin_5-8    1.3231e+02    1.3230e+02         +/-  1.13e+01  <none>
  Background_CR_loose_HIGH_bin_5-9    7.1760e+01    7.1756e+01         +/-  8.37e+00  <none>
  Background_CR_loose_HIGH_bin_6-1    3.1527e+01    3.1519e+01         +/-  5.91e+00  <none>
  Background_CR_loose_HIGH_bin_6-10    4.9305e+01    4.9307e+01         +/-  6.75e+00  <none>
  Background_CR_loose_HIGH_bin_6-11    3.6100e+01    3.6105e+01         +/-  5.83e+00  <none>
  Background_CR_loose_HIGH_bin_6-12    3.1046e+01    3.1042e+01         +/-  5.31e+00  <none>
  Background_CR_loose_HIGH_bin_6-13    2.3962e+01    2.3963e+01         +/-  4.66e+00  <none>
  Background_CR_loose_HIGH_bin_6-2    8.8597e+01    8.8585e+01         +/-  1.02e+01  <none>
  Background_CR_loose_HIGH_bin_6-3    1.8402e+02    1.8399e+02         +/-  1.44e+01  <none>
  Background_CR_loose_HIGH_bin_6-4    2.3371e+02    2.3370e+02         +/-  1.54e+01  <none>
  Background_CR_loose_HIGH_bin_6-5    1.9820e+02    1.9820e+02         +/-  1.41e+01  <none>
  Background_CR_loose_HIGH_bin_6-6    1.6328e+02    1.6326e+02         +/-  1.26e+01  <none>
  Background_CR_loose_HIGH_bin_6-7    1.6806e+02    1.6806e+02         +/-  1.27e+01  <none>
  Background_CR_loose_HIGH_bin_6-8    9.1850e+01    9.1847e+01         +/-  9.39e+00  <none>
  Background_CR_loose_HIGH_bin_6-9    7.1512e+01    7.1507e+01         +/-  8.35e+00  <none>
  Background_CR_loose_LOW_bin_1-1    2.5661e+03    2.5660e+03         +/-  5.13e+01  <none>
  Background_CR_loose_LOW_bin_1-10    9.8048e+01    9.8049e+01         +/-  9.63e+00  <none>
  Background_CR_loose_LOW_bin_1-11    3.9149e+01    3.9152e+01         +/-  6.39e+00  <none>
  Background_CR_loose_LOW_bin_1-12    4.7282e+01    4.7281e+01         +/-  6.68e+00  <none>
  Background_CR_loose_LOW_bin_1-13    4.2759e+01    4.2764e+01         +/-  6.39e+00  <none>
  Background_CR_loose_LOW_bin_1-2    2.5109e+03    2.5109e+03         +/-  4.99e+01  <none>
  Background_CR_loose_LOW_bin_1-3    1.9579e+03    1.9579e+03         +/-  4.33e+01  <none>
  Background_CR_loose_LOW_bin_1-4    1.2275e+03    1.2275e+03         +/-  3.42e+01  <none>
  Background_CR_loose_LOW_bin_1-5    7.5496e+02    7.5496e+02         +/-  2.67e+01  <none>
  Background_CR_loose_LOW_bin_1-6    4.2648e+02    4.2649e+02         +/-  2.00e+01  <none>
  Background_CR_loose_LOW_bin_1-7    2.8669e+02    2.8669e+02         +/-  1.65e+01  <none>
  Background_CR_loose_LOW_bin_1-8    2.1679e+02    2.1678e+02         +/-  1.44e+01  <none>
  Background_CR_loose_LOW_bin_1-9    1.5264e+02    1.5264e+02         +/-  1.21e+01  <none>
  Background_CR_loose_LOW_bin_2-1    2.3390e+03    2.3390e+03         +/-  5.51e+01  <none>
  Background_CR_loose_LOW_bin_2-10    8.2290e+01    8.2279e+01         +/-  9.55e+00  <none>
  Background_CR_loose_LOW_bin_2-11    7.4502e+01    7.4508e+01         +/-  8.97e+00  <none>
  Background_CR_loose_LOW_bin_2-12    4.1069e+01    4.1066e+01         +/-  6.83e+00  <none>
  Background_CR_loose_LOW_bin_2-13    2.5432e+01    2.5433e+01         +/-  5.46e+00  <none>
  Background_CR_loose_LOW_bin_2-2    2.3654e+03    2.3655e+03         +/-  5.39e+01  <none>
  Background_CR_loose_LOW_bin_2-3    1.9184e+03    1.9184e+03         +/-  4.57e+01  <none>
  Background_CR_loose_LOW_bin_2-4    1.1589e+03    1.1589e+03         +/-  3.52e+01  <none>
  Background_CR_loose_LOW_bin_2-5    7.0847e+02    7.0847e+02         +/-  2.75e+01  <none>
  Background_CR_loose_LOW_bin_2-6    4.3385e+02    4.3385e+02         +/-  2.18e+01  <none>
  Background_CR_loose_LOW_bin_2-7    2.7194e+02    2.7193e+02         +/-  1.71e+01  <none>
  Background_CR_loose_LOW_bin_2-8    1.8087e+02    1.8089e+02         +/-  1.42e+01  <none>
  Background_CR_loose_LOW_bin_2-9    1.4506e+02    1.4505e+02         +/-  1.24e+01  <none>
  Background_CR_loose_LOW_bin_3-1    2.3168e+03    2.3166e+03         +/-  5.87e+01  <none>
  Background_CR_loose_LOW_bin_3-10    8.3900e+01    8.3890e+01         +/-  9.58e+00  <none>
  Background_CR_loose_LOW_bin_3-11    4.9587e+01    4.9581e+01         +/-  7.43e+00  <none>
  Background_CR_loose_LOW_bin_3-12    4.4914e+01    4.4903e+01         +/-  6.88e+00  <none>
  Background_CR_loose_LOW_bin_3-13    2.7528e+01    2.7540e+01         +/-  5.47e+00  <none>
  Background_CR_loose_LOW_bin_3-2    2.3117e+03    2.3115e+03         +/-  5.48e+01  <none>
  Background_CR_loose_LOW_bin_3-3    1.7261e+03    1.7261e+03         +/-  4.47e+01  <none>
  Background_CR_loose_LOW_bin_3-4    1.1978e+03    1.1977e+03         +/-  3.60e+01  <none>
  Background_CR_loose_LOW_bin_3-5    7.0520e+02    7.0514e+02         +/-  2.74e+01  <none>
  Background_CR_loose_LOW_bin_3-6    3.9172e+02    3.9168e+02         +/-  2.05e+01  <none>
  Background_CR_loose_LOW_bin_3-7    2.4561e+02    2.4559e+02         +/-  1.60e+01  <none>
  Background_CR_loose_LOW_bin_3-8    1.4619e+02    1.4619e+02         +/-  1.27e+01  <none>
  Background_CR_loose_LOW_bin_3-9    1.1000e+02    1.0999e+02         +/-  1.09e+01  <none>
  Background_CR_loose_SIG_bin_1-1    2.0025e+03    2.0023e+03         +/-  5.64e+01  <none>
  Background_CR_loose_SIG_bin_1-10    8.2299e+01    8.2293e+01         +/-  8.99e+00  <none>
  Background_CR_loose_SIG_bin_1-11    5.3093e+01    5.3091e+01         +/-  7.08e+00  <none>
  Background_CR_loose_SIG_bin_1-12    3.3047e+01    3.3050e+01         +/-  5.67e+00  <none>
  Background_CR_loose_SIG_bin_1-13    1.8995e+01    1.8992e+01         +/-  4.38e+00  <none>
  Background_CR_loose_SIG_bin_1-2    2.1094e+03    2.1093e+03         +/-  5.37e+01  <none>
  Background_CR_loose_SIG_bin_1-3    1.7514e+03    1.7513e+03         +/-  4.46e+01  <none>
  Background_CR_loose_SIG_bin_1-4    1.1712e+03    1.1711e+03         +/-  3.47e+01  <none>
  Background_CR_loose_SIG_bin_1-5    6.1879e+02    6.1876e+02         +/-  2.53e+01  <none>
  Background_CR_loose_SIG_bin_1-6    4.3717e+02    4.3715e+02         +/-  2.06e+01  <none>
  Background_CR_loose_SIG_bin_1-7    2.4305e+02    2.4304e+02         +/-  1.53e+01  <none>
  Background_CR_loose_SIG_bin_1-8    1.6080e+02    1.6078e+02         +/-  1.26e+01  <none>
  Background_CR_loose_SIG_bin_1-9    8.8720e+01    8.8718e+01         +/-  9.72e+00  <none>
  Background_CR_loose_SIG_bin_2-1    1.6387e+03    1.6385e+03         +/-  5.61e+01  <none>
  Background_CR_loose_SIG_bin_2-10    5.7162e+01    5.7147e+01         +/-  8.36e+00  <none>
  Background_CR_loose_SIG_bin_2-11    4.1926e+01    4.1924e+01         +/-  6.51e+00  <none>
  Background_CR_loose_SIG_bin_2-12    4.3258e+01    4.3256e+01         +/-  6.39e+00  <none>
  Background_CR_loose_SIG_bin_2-13    1.3653e+01    1.3652e+01         +/-  3.72e+00  <none>
  Background_CR_loose_SIG_bin_2-2    2.0424e+03    2.0422e+03         +/-  5.52e+01  <none>
  Background_CR_loose_SIG_bin_2-3    1.6386e+03    1.6385e+03         +/-  4.44e+01  <none>
  Background_CR_loose_SIG_bin_2-4    1.0437e+03    1.0436e+03         +/-  3.41e+01  <none>
  Background_CR_loose_SIG_bin_2-5    6.0309e+02    6.0306e+02         +/-  2.47e+01  <none>
  Background_CR_loose_SIG_bin_2-6    4.1545e+02    4.1542e+02         +/-  2.03e+01  <none>
  Background_CR_loose_SIG_bin_2-7    2.6648e+02    2.6647e+02         +/-  1.63e+01  <none>
  Background_CR_loose_SIG_bin_2-8    1.5480e+02    1.5478e+02         +/-  1.23e+01  <none>
  Background_CR_loose_SIG_bin_2-9    1.0355e+02    1.0353e+02         +/-  1.06e+01  <none>
  Background_CR_loose_SIG_bin_3-1    1.5692e+03    1.5690e+03         +/-  5.73e+01  <none>
  Background_CR_loose_SIG_bin_3-10    3.8502e+01    3.8496e+01         +/-  7.18e+00  <none>
  Background_CR_loose_SIG_bin_3-11    4.4844e+01    4.4836e+01         +/-  6.66e+00  <none>
  Background_CR_loose_SIG_bin_3-12    3.8575e+01    3.8576e+01         +/-  6.23e+00  <none>
  Background_CR_loose_SIG_bin_3-13    2.0542e+01    2.0538e+01         +/-  4.52e+00  <none>
  Background_CR_loose_SIG_bin_3-2    1.6723e+03    1.6721e+03         +/-  5.26e+01  <none>
  Background_CR_loose_SIG_bin_3-3    1.4961e+03    1.4960e+03         +/-  4.44e+01  <none>
  Background_CR_loose_SIG_bin_3-4    9.7727e+02    9.7720e+02         +/-  3.39e+01  <none>
  Background_CR_loose_SIG_bin_3-5    6.4411e+02    6.4405e+02         +/-  2.63e+01  <none>
  Background_CR_loose_SIG_bin_3-6    4.0286e+02    4.0284e+02         +/-  2.02e+01  <none>
  Background_CR_loose_SIG_bin_3-7    2.0009e+02    2.0007e+02         +/-  1.44e+01  <none>
  Background_CR_loose_SIG_bin_3-8    1.4239e+02    1.4238e+02         +/-  1.20e+01  <none>
  Background_CR_loose_SIG_bin_3-9    1.0169e+02    1.0168e+02         +/-  1.02e+01  <none>
  Background_CR_rpf_2x2_par0    6.6686e-01    6.6668e-01         +/-  6.26e-02  <none>
  Background_CR_rpf_2x2_par1    6.8893e-01    6.8977e-01         +/-  1.20e-01  <none>
  Background_CR_rpf_2x2_par2   -4.3399e-01   -4.3473e-01         +/-  1.30e-01  <none>
  Background_CR_rpf_2x2_par3    1.8681e-01    1.8681e-01         +/-  1.67e-02  <none>
  Background_CR_rpf_2x2_par4   -5.6008e-01   -5.5964e-01         +/-  4.61e+00  <none>
  Background_CR_rpf_2x2_par5    3.3583e-02    3.3591e-02         +/-  2.77e-01  <none>
               PNetTop   -6.0767e-02   -6.1015e-02         +/-  8.81e-01  <none>
               PNetXbb    5.9015e-02    4.2010e-02         +/-  8.78e-01  <none>
                Pileup    1.5257e-01    1.5334e-01         +/-  1.05e+00  <none>
               Prefire   -3.1749e-03   -3.9798e-03         +/-  2.47e-01  <none>
           TptReweight    8.7235e-02    8.6746e-02         +/-  1.00e+00  <none>
                   jer   -5.8975e-01   -5.9013e-01         +/-  8.81e-01  <none>
                   jes    1.1896e+00    1.1859e+00         +/-  7.15e-01  <none>
                   jmr   -1.4777e-01   -1.4870e-01         +/-  5.14e-01  <none>
                   jms   -1.1228e-01   -1.0587e-01         +/-  6.64e-01  <none>
                  lumi    8.5795e-04   -7.1901e-04         +/-  9.91e-01  <none>
                   pdf    6.4353e-02    8.1975e-02         +/-  9.01e-01  <none>
                     r    1.0744e+00    1.0751e+00 (+5.88e-01,-5.55e-01)  <none>
            ttbar_xsec    5.7462e-01    5.7301e-01         +/-  5.81e-01  <none>
                w_xsec   -1.5805e-01   -1.6141e-01         +/-  9.66e-01  <none>
                z_xsec   -4.2338e-01   -4.1941e-01         +/-  7.57e-01  <none>


 --- FitDiagnostics ---
Best fit r: 1.07514  -0.55548/+0.587603  (68% CL)
Done in 1.16 min (cpu), 1.17 min (real)
Printing Message Summary From ... combine_logger.out
----------------------------------------------
Messages of type INFO : 122
Messages of type DEBUG : 22
Messages of type ERROR : 2
----------------------------------------------
INFO: (function: applyOptionsBase) FitterAlgoBase.cc: 113 -- Setting robust fit options to Tolerance=0.1 / Strategy=0 / Type,Algo=Minuit2,Migrad (note that defaults of CascadeMinimizer were taken where option not specified)
INFO: (function: improveOnce) CascadeMinimizer.cc: 188 -- Minimisation configured with Type=Minuit2, Algo=Migrad, strategy=1, tolerance=0.1
INFO: (function: improveOnce) CascadeMinimizer.cc: 211 -- Minimisation finished with status=0
INFO: (function: improveOnce) CascadeMinimizer.cc: 216 -- Minimization success! status=0
INFO: (function: improveOnce) CascadeMinimizer.cc: 188 -- Minimisation configured with Type=Minuit2, Algo=Migrad, strategy=1, tolerance=0.1
INFO: (function: improveOnce) CascadeMinimizer.cc: 211 -- Minimisation finished with status=0
INFO: (function: improveOnce) CascadeMinimizer.cc: 216 -- Minimization success! status=0
INFO: (function: improveOnce) CascadeMinimizer.cc: 188 -- Minimisation configured with Type=Minuit2, Algo=Migrad, strategy=1, tolerance=0.1
INFO: (function: improveOnce) CascadeMinimizer.cc: 211 -- Minimisation finished with status=1
DEBUG: (function: improveOnce) CascadeMinimizer.cc: 212 -- finished with status 1 (covariance forced positive definite), this could indicate a problem with the minimim.
INFO: (function: improveOnce) CascadeMinimizer.cc: 216 -- Minimization success! status=0
INFO: (function: improveOnce) CascadeMinimizer.cc: 188 -- Minimisation configured with Type=Minuit2, Algo=Migrad, strategy=1, tolerance=0.1
INFO: (function: improveOnce) CascadeMinimizer.cc: 211 -- Minimisation finished with status=1
DEBUG: (function: improveOnce) CascadeMinimizer.cc: 212 -- finished with status 1 (covariance forced positive definite), this could indicate a problem with the minimim.
INFO: (function: improveOnce) CascadeMinimizer.cc: 216 -- Minimization success! status=0
ERROR: (function: runSpecific) [WARNING]: Unable to determine uncertainties on all fit parameters in b-only fit. Have a look at https://cms-analysis.github.io/HiggsAnalysis-CombinedLimit/part3/nonstandard/#fit-parameter-uncertainties for more information.
DEBUG: (function: runSpecific) FitDiagnostics.cc: 318 -- Fit B-only, status = 1, numBadNLL = 0, covariance quality = 2
INFO: (function: improveOnce) CascadeMinimizer.cc: 188 -- Minimisation configured with Type=Minuit2, Algo=Migrad, strategy=1, tolerance=0.1
INFO: (function: improveOnce) CascadeMinimizer.cc: 211 -- Minimisation finished with status=1
DEBUG: (function: improveOnce) CascadeMinimizer.cc: 212 -- finished with status 1 (covariance forced positive definite), this could indicate a problem with the minimim.
INFO: (function: improveOnce) CascadeMinimizer.cc: 216 -- Minimization success! status=0
INFO: (function: improveOnce) CascadeMinimizer.cc: 188 -- Minimisation configured with Type=Minuit2, Algo=Migrad, strategy=1, tolerance=0.1
INFO: (function: improveOnce) CascadeMinimizer.cc: 211 -- Minimisation finished with status=0
INFO: (function: improveOnce) CascadeMinimizer.cc: 216 -- Minimization success! status=0
INFO: (function: doFit) FitterAlgoBase.cc: 359 -- Running RobustFit for POI r. Configured with strategy 0  
INFO: (function: findCrossing) FitterAlgoBase.cc: 405 -- Searching for crossing at nll = -9711.12, in the interval 1.07514 < r < 5
INFO: (function: improveOnce) CascadeMinimizer.cc: 188 -- Minimisation configured with Type=Minuit2, Algo=Migrad, strategy=1, tolerance=0.1
INFO: (function: improveOnce) CascadeMinimizer.cc: 211 -- Minimisation finished with status=1
DEBUG: (function: improveOnce) CascadeMinimizer.cc: 212 -- finished with status 1 (covariance forced positive definite), this could indicate a problem with the minimim.
INFO: (function: improveOnce) CascadeMinimizer.cc: 216 -- Minimization success! status=0
INFO: (function: findCrossing) FitterAlgoBase.cc: 426 -- r lvl-here lvl-there 	stepping 
INFO: (function: improveOnce) CascadeMinimizer.cc: 188 -- Minimisation configured with Type=Minuit2, Algo=Migrad, strategy=1, tolerance=0.1
INFO: (function: improveOnce) CascadeMinimizer.cc: 211 -- Minimisation finished with status=1
DEBUG: (function: improveOnce) CascadeMinimizer.cc: 212 -- finished with status 1 (covariance forced positive definite), this could indicate a problem with the minimim.
INFO: (function: improveOnce) CascadeMinimizer.cc: 216 -- Minimization success! status=0
INFO: (function: findCrossing) FitterAlgoBase.cc: 459 -- 1.467622    +0.26784  +0.49447    0.392486
INFO: (function: improveOnce) CascadeMinimizer.cc: 188 -- Minimisation configured with Type=Minuit2, Algo=Migrad, strategy=1, tolerance=0.1
INFO: (function: improveOnce) CascadeMinimizer.cc: 211 -- Minimisation finished with status=0
INFO: (function: improveOnce) CascadeMinimizer.cc: 216 -- Minimization success! status=0
INFO: (function: findCrossing) FitterAlgoBase.cc: 459 -- 1.860108    -0.34487  +0.26784    0.392486
INFO: (function: improveOnce) CascadeMinimizer.cc: 188 -- Minimisation configured with Type=Minuit2, Algo=Migrad, strategy=1, tolerance=0.1
INFO: (function: improveOnce) CascadeMinimizer.cc: 211 -- Minimisation finished with status=1
DEBUG: (function: improveOnce) CascadeMinimizer.cc: 212 -- finished with status 1 (covariance forced positive definite), this could indicate a problem with the minimim.
INFO: (function: improveOnce) CascadeMinimizer.cc: 216 -- Minimization success! status=0
INFO: (function: findCrossing) FitterAlgoBase.cc: 459 -- 1.585368    +0.11709  -0.34487    0.117746
INFO: (function: improveOnce) CascadeMinimizer.cc: 188 -- Minimisation configured with Type=Minuit2, Algo=Migrad, strategy=1, tolerance=0.1
INFO: (function: improveOnce) CascadeMinimizer.cc: 211 -- Minimisation finished with status=1
DEBUG: (function: improveOnce) CascadeMinimizer.cc: 212 -- finished with status 1 (covariance forced positive definite), this could indicate a problem with the minimim.
INFO: (function: improveOnce) CascadeMinimizer.cc: 216 -- Minimization success! status=0
INFO: (function: findCrossing) FitterAlgoBase.cc: 459 -- 1.703114    -0.06721  +0.11709    0.117746
INFO: (function: improveOnce) CascadeMinimizer.cc: 188 -- Minimisation configured with Type=Minuit2, Algo=Migrad, strategy=1, tolerance=0.1
INFO: (function: improveOnce) CascadeMinimizer.cc: 211 -- Minimisation finished with status=1
DEBUG: (function: improveOnce) CascadeMinimizer.cc: 212 -- finished with status 1 (covariance forced positive definite), this could indicate a problem with the minimim.
INFO: (function: improveOnce) CascadeMinimizer.cc: 216 -- Minimization success! status=0
INFO: (function: findCrossing) FitterAlgoBase.cc: 459 -- 1.620691    +0.06517  -0.06721    0.035324
INFO: (function: improveOnce) CascadeMinimizer.cc: 188 -- Minimisation configured with Type=Minuit2, Algo=Migrad, strategy=1, tolerance=0.1
INFO: (function: improveOnce) CascadeMinimizer.cc: 211 -- Minimisation finished with status=1
DEBUG: (function: improveOnce) CascadeMinimizer.cc: 212 -- finished with status 1 (covariance forced positive definite), this could indicate a problem with the minimim.
INFO: (function: improveOnce) CascadeMinimizer.cc: 216 -- Minimization success! status=0
INFO: (function: findCrossing) FitterAlgoBase.cc: 459 -- 1.656015    +0.01032  +0.06517    0.035324
INFO: (function: improveOnce) CascadeMinimizer.cc: 188 -- Minimisation configured with Type=Minuit2, Algo=Migrad, strategy=1, tolerance=0.1
INFO: (function: improveOnce) CascadeMinimizer.cc: 211 -- Minimisation finished with status=1
DEBUG: (function: improveOnce) CascadeMinimizer.cc: 212 -- finished with status 1 (covariance forced positive definite), this could indicate a problem with the minimim.
INFO: (function: improveOnce) CascadeMinimizer.cc: 216 -- Minimization success! status=0
INFO: (function: findCrossing) FitterAlgoBase.cc: 459 -- 1.691339    -0.04692  +0.01032    0.035324
INFO: (function: improveOnce) CascadeMinimizer.cc: 188 -- Minimisation configured with Type=Minuit2, Algo=Migrad, strategy=1, tolerance=0.1
INFO: (function: improveOnce) CascadeMinimizer.cc: 211 -- Minimisation finished with status=1
DEBUG: (function: improveOnce) CascadeMinimizer.cc: 212 -- finished with status 1 (covariance forced positive definite), this could indicate a problem with the minimim.
INFO: (function: improveOnce) CascadeMinimizer.cc: 216 -- Minimization success! status=0
INFO: (function: findCrossing) FitterAlgoBase.cc: 459 -- 1.666612    -0.00668  -0.04692    0.010597
INFO: (function: improveOnce) CascadeMinimizer.cc: 188 -- Minimisation configured with Type=Minuit2, Algo=Migrad, strategy=1, tolerance=0.1
INFO: (function: improveOnce) CascadeMinimizer.cc: 211 -- Minimisation finished with status=1
DEBUG: (function: improveOnce) CascadeMinimizer.cc: 212 -- finished with status 1 (covariance forced positive definite), this could indicate a problem with the minimim.
INFO: (function: improveOnce) CascadeMinimizer.cc: 216 -- Minimization success! status=0
INFO: (function: findCrossing) FitterAlgoBase.cc: 459 -- 1.659194    +0.00543  -0.00668    0.003179
INFO: (function: improveOnce) CascadeMinimizer.cc: 188 -- Minimisation configured with Type=Minuit2, Algo=Migrad, strategy=1, tolerance=0.1
INFO: (function: improveOnce) CascadeMinimizer.cc: 211 -- Minimisation finished with status=1
DEBUG: (function: improveOnce) CascadeMinimizer.cc: 212 -- finished with status 1 (covariance forced positive definite), this could indicate a problem with the minimim.
INFO: (function: improveOnce) CascadeMinimizer.cc: 216 -- Minimization success! status=0
INFO: (function: findCrossing) FitterAlgoBase.cc: 459 -- 1.662374    +0.00034  +0.00543    0.003179
INFO: (function: findCrossing) FitterAlgoBase.cc: 405 -- Searching for crossing at nll = -9711.12, in the interval 1.07514 < r < -1
INFO: (function: improveOnce) CascadeMinimizer.cc: 188 -- Minimisation configured with Type=Minuit2, Algo=Migrad, strategy=1, tolerance=0.1
INFO: (function: improveOnce) CascadeMinimizer.cc: 211 -- Minimisation finished with status=1
DEBUG: (function: improveOnce) CascadeMinimizer.cc: 212 -- finished with status 1 (covariance forced positive definite), this could indicate a problem with the minimim.
INFO: (function: improveOnce) CascadeMinimizer.cc: 216 -- Minimization success! status=0
INFO: (function: findCrossing) FitterAlgoBase.cc: 426 -- r lvl-here lvl-there 	stepping 
INFO: (function: improveOnce) CascadeMinimizer.cc: 188 -- Minimisation configured with Type=Minuit2, Algo=Migrad, strategy=1, tolerance=0.1
INFO: (function: improveOnce) CascadeMinimizer.cc: 211 -- Minimisation finished with status=1
DEBUG: (function: improveOnce) CascadeMinimizer.cc: 212 -- finished with status 1 (covariance forced positive definite), this could indicate a problem with the minimim.
INFO: (function: improveOnce) CascadeMinimizer.cc: 216 -- Minimization success! status=0
INFO: (function: findCrossing) FitterAlgoBase.cc: 459 -- 0.867622    +0.42699  +0.49447    -0.207514
INFO: (function: improveOnce) CascadeMinimizer.cc: 188 -- Minimisation configured with Type=Minuit2, Algo=Migrad, strategy=1, tolerance=0.1
INFO: (function: improveOnce) CascadeMinimizer.cc: 211 -- Minimisation finished with status=0
INFO: (function: improveOnce) CascadeMinimizer.cc: 216 -- Minimization success! status=0
INFO: (function: findCrossing) FitterAlgoBase.cc: 459 -- 0.660108    +0.22102  +0.42699    -0.207514
INFO: (function: improveOnce) CascadeMinimizer.cc: 188 -- Minimisation configured with Type=Minuit2, Algo=Migrad, strategy=1, tolerance=0.1
INFO: (function: improveOnce) CascadeMinimizer.cc: 211 -- Minimisation finished with status=1
DEBUG: (function: improveOnce) CascadeMinimizer.cc: 212 -- finished with status 1 (covariance forced positive definite), this could indicate a problem with the minimim.
INFO: (function: improveOnce) CascadeMinimizer.cc: 216 -- Minimization success! status=0
INFO: (function: findCrossing) FitterAlgoBase.cc: 459 -- 0.452595    -0.12784  +0.22102    -0.207514
INFO: (function: improveOnce) CascadeMinimizer.cc: 188 -- Minimisation configured with Type=Minuit2, Algo=Migrad, strategy=1, tolerance=0.1
INFO: (function: improveOnce) CascadeMinimizer.cc: 211 -- Minimisation finished with status=0
INFO: (function: improveOnce) CascadeMinimizer.cc: 216 -- Minimization success! status=0
INFO: (function: findCrossing) FitterAlgoBase.cc: 459 -- 0.597854    +0.13164  -0.12784    -0.062254
INFO: (function: improveOnce) CascadeMinimizer.cc: 188 -- Minimisation configured with Type=Minuit2, Algo=Migrad, strategy=1, tolerance=0.1
INFO: (function: improveOnce) CascadeMinimizer.cc: 211 -- Minimisation finished with status=0
INFO: (function: improveOnce) CascadeMinimizer.cc: 216 -- Minimization success! status=0
INFO: (function: findCrossing) FitterAlgoBase.cc: 459 -- 0.535600    +0.02923  +0.13164    -0.062254
INFO: (function: improveOnce) CascadeMinimizer.cc: 188 -- Minimisation configured with Type=Minuit2, Algo=Migrad, strategy=1, tolerance=0.1
INFO: (function: improveOnce) CascadeMinimizer.cc: 211 -- Minimisation finished with status=0
INFO: (function: improveOnce) CascadeMinimizer.cc: 216 -- Minimization success! status=0
INFO: (function: findCrossing) FitterAlgoBase.cc: 459 -- 0.473346    -0.08637  +0.02923    -0.062254
INFO: (function: improveOnce) CascadeMinimizer.cc: 188 -- Minimisation configured with Type=Minuit2, Algo=Migrad, strategy=1, tolerance=0.1
INFO: (function: improveOnce) CascadeMinimizer.cc: 211 -- Minimisation finished with status=1
DEBUG: (function: improveOnce) CascadeMinimizer.cc: 212 -- finished with status 1 (covariance forced positive definite), this could indicate a problem with the minimim.
INFO: (function: improveOnce) CascadeMinimizer.cc: 216 -- Minimization success! status=0
INFO: (function: findCrossing) FitterAlgoBase.cc: 459 -- 0.516924    -0.00414  -0.08637    -0.018676
INFO: (function: improveOnce) CascadeMinimizer.cc: 188 -- Minimisation configured with Type=Minuit2, Algo=Migrad, strategy=1, tolerance=0.1
INFO: (function: improveOnce) CascadeMinimizer.cc: 211 -- Minimisation finished with status=0
INFO: (function: improveOnce) CascadeMinimizer.cc: 216 -- Minimization success! status=0
INFO: (function: findCrossing) FitterAlgoBase.cc: 459 -- 0.529997    +0.01934  -0.00414    -0.005603
INFO: (function: improveOnce) CascadeMinimizer.cc: 188 -- Minimisation configured with Type=Minuit2, Algo=Migrad, strategy=1, tolerance=0.1
INFO: (function: improveOnce) CascadeMinimizer.cc: 211 -- Minimisation finished with status=0
INFO: (function: improveOnce) CascadeMinimizer.cc: 216 -- Minimization success! status=0
INFO: (function: findCrossing) FitterAlgoBase.cc: 459 -- 0.524394    +0.00935  +0.01934    -0.005603
INFO: (function: improveOnce) CascadeMinimizer.cc: 188 -- Minimisation configured with Type=Minuit2, Algo=Migrad, strategy=1, tolerance=0.1
INFO: (function: improveOnce) CascadeMinimizer.cc: 211 -- Minimisation finished with status=1
DEBUG: (function: improveOnce) CascadeMinimizer.cc: 212 -- finished with status 1 (covariance forced positive definite), this could indicate a problem with the minimim.
INFO: (function: improveOnce) CascadeMinimizer.cc: 216 -- Minimization success! status=0
INFO: (function: findCrossing) FitterAlgoBase.cc: 459 -- 0.518791    -0.00073  +0.00935    -0.005603
INFO: (function: improveOnce) CascadeMinimizer.cc: 188 -- Minimisation configured with Type=Minuit2, Algo=Migrad, strategy=1, tolerance=0.1
INFO: (function: improveOnce) CascadeMinimizer.cc: 211 -- Minimisation finished with status=0
INFO: (function: improveOnce) CascadeMinimizer.cc: 216 -- Minimization success! status=0
INFO: (function: findCrossing) FitterAlgoBase.cc: 459 -- 0.522713    +0.00634  -0.00073    -0.001681
INFO: (function: improveOnce) CascadeMinimizer.cc: 188 -- Minimisation configured with Type=Minuit2, Algo=Migrad, strategy=1, tolerance=0.1
INFO: (function: improveOnce) CascadeMinimizer.cc: 211 -- Minimisation finished with status=1
DEBUG: (function: improveOnce) CascadeMinimizer.cc: 212 -- finished with status 1 (covariance forced positive definite), this could indicate a problem with the minimim.
INFO: (function: improveOnce) CascadeMinimizer.cc: 216 -- Minimization success! status=0
INFO: (function: findCrossing) FitterAlgoBase.cc: 459 -- 0.521033    +0.00332  +0.00634    -0.001681
INFO: (function: improveOnce) CascadeMinimizer.cc: 188 -- Minimisation configured with Type=Minuit2, Algo=Migrad, strategy=1, tolerance=0.1
INFO: (function: improveOnce) CascadeMinimizer.cc: 211 -- Minimisation finished with status=1
DEBUG: (function: improveOnce) CascadeMinimizer.cc: 212 -- finished with status 1 (covariance forced positive definite), this could indicate a problem with the minimim.
INFO: (function: improveOnce) CascadeMinimizer.cc: 216 -- Minimization success! status=0
INFO: (function: findCrossing) FitterAlgoBase.cc: 459 -- 0.519352    +0.00028  +0.00332    -0.001681
ERROR: (function: runSpecific) [WARNING]: Unable to determine uncertainties on all fit parameters in s+b fit. Have a look at https://cms-analysis.github.io/HiggsAnalysis-CombinedLimit/part3/nonstandard/#fit-parameter-uncertainties for more information.
DEBUG: (function: runSpecific) FitDiagnostics.cc: 443 -- Fit S+B, status = 0, numBadNLL = 0, covariance quality = 2
