
>>> random number generator seed is 123456
   Options for Robust Minimizer :: 
        Tolerance  0.1
        Strategy   0
        Type,Algo  Minuit2,Migrad
>>> method used is FitDiagnostics
Set Default Value of Parameter r To : 1
>>> 0 out of 6 channels masked

>>> Channel masks:
  1) 0x4ed81f0 RooRealVar::  mask_CR_loose_LOW = 0 C  L(-INF - +INF)  "mask_CR_loose_LOW"
  2) 0x4ed8cd0 RooRealVar::  mask_CR_loose_SIG = 0 C  L(-INF - +INF)  "mask_CR_loose_SIG"
  3) 0x4ed98e0 RooRealVar:: mask_CR_loose_HIGH = 0 C  L(-INF - +INF)  "mask_CR_loose_HIGH"
  4) 0x4eda4f0 RooRealVar::   mask_CR_pass_LOW = 0 C  L(-INF - +INF)  "mask_CR_pass_LOW"
  5) 0x4edb100 RooRealVar::   mask_CR_pass_SIG = 0 C  L(-INF - +INF)  "mask_CR_pass_SIG"
  6) 0x4edbd10 RooRealVar::  mask_CR_pass_HIGH = 0 C  L(-INF - +INF)  "mask_CR_pass_HIGH"
SimNLL created with 0 channels, 0 generic constraints, 14 fast gaussian constraints, 0 fast poisson constraints, 0 fast group constraints, 
Minuit2Minimizer: Minimize with max-calls 7000 convergence for edm < 0.1 strategy 1
Minuit2Minimizer::Minuit  - Changing default options
             StorageLevel :               0
MnSeedGenerator: for initial parameters FCN = 0
MnSeedGenerator: Initial state:   - FCN =                0 Edm =            0 NCalls =     57
VariableMetric: start iterating until Edm is < 0.0001
VariableMetric: Initial state   - FCN =                0 Edm =            0 NCalls =     57
VariableMetric: Iteration #   0 - FCN =                0 Edm =            0 NCalls =     57
VariableMetric: After Hessian   - FCN =                0 Edm =            0 NCalls =    205
VariableMetric: Iteration #   1 - FCN =                0 Edm =            0 NCalls =    205
Minuit2Minimizer : Valid minimum - status = 0
FVAL  = 0
Edm   = 0
Nfcn  = 205
PNetTop	  = 0	 +/-  1
PNetXbb	  = 0	 +/-  1
Pileup	  = 0	 +/-  1
Prefire	  = 0	 +/-  1
TptReweight	  = 0	 +/-  1
jer	  = 0	 +/-  1
jes	  = 0	 +/-  1
jmr	  = 0	 +/-  1
jms	  = 0	 +/-  1
lumi	  = 0	 +/-  1
pdf	  = 0	 +/-  1
ttbar_xsec	  = 0	 +/-  1
w_xsec	  = 0	 +/-  1
z_xsec	  = 0	 +/-  1
SimNLL created with 6 channels, 0 generic constraints, 14 fast gaussian constraints, 0 fast poisson constraints, 0 fast group constraints, 

  RooFitResult: minimized FCN value: -0.000547432, estimated distance to minimum: 3.98665e-05
                covariance matrix quality: Full matrix, but forced positive-definite
                Status : MINIMIZE=1 HESSE=1 

    Constant Parameter    Value     
  --------------------  ------------
            PNetTop_In    0.0000e+00
            PNetXbb_In    0.0000e+00
             Pileup_In    0.0000e+00
            Prefire_In    0.0000e+00
        TptReweight_In    0.0000e+00
                jer_In    0.0000e+00
                jes_In    0.0000e+00
                jmr_In    0.0000e+00
                jms_In    0.0000e+00
               lumi_In    0.0000e+00
  n_exp_binCR_loose_HIGH_proc_Background    1.0000e+00
  n_exp_binCR_loose_LOW_proc_Background    1.0000e+00
  n_exp_binCR_loose_SIG_proc_Background    1.0000e+00
  n_exp_binCR_pass_HIGH_proc_Background_3x2    1.0000e+00
  n_exp_binCR_pass_LOW_proc_Background_3x2    1.0000e+00
  n_exp_binCR_pass_SIG_proc_Background_3x2    1.0000e+00
                pdf_In    0.0000e+00
                     r    0.0000e+00
         ttbar_xsec_In    0.0000e+00
             w_xsec_In    0.0000e+00
             z_xsec_In    0.0000e+00

    Floating Parameter  InitialValue    FinalValue +/-  Error     GblCorr.
  --------------------  ------------  --------------------------  --------
  Background_CR_loose_HIGH_bin_1-1    1.0438e+03    1.0440e+03 +/-  7.36e+01  <none>
  Background_CR_loose_HIGH_bin_1-10    6.8007e+01    6.8007e+01 +/-  8.19e+00  <none>
  Background_CR_loose_HIGH_bin_1-11    4.6205e+01    4.6217e+01 +/-  6.76e+00  <none>
  Background_CR_loose_HIGH_bin_1-12    4.0693e+01    4.0689e+01 +/-  6.27e+00  <none>
  Background_CR_loose_HIGH_bin_1-13    9.9693e+00    9.9725e+00 +/-  3.35e+00  <none>
  Background_CR_loose_HIGH_bin_1-2    1.4332e+03    1.4335e+03 +/-  6.99e+01  <none>
  Background_CR_loose_HIGH_bin_1-3    1.2820e+03    1.2822e+03 +/-  5.38e+01  <none>
  Background_CR_loose_HIGH_bin_1-4    9.7439e+02    9.7455e+02 +/-  3.98e+01  <none>
  Background_CR_loose_HIGH_bin_1-5    6.2480e+02    6.2492e+02 +/-  2.88e+01  <none>
  Background_CR_loose_HIGH_bin_1-6    3.4549e+02    3.4553e+02 +/-  2.03e+01  <none>
  Background_CR_loose_HIGH_bin_1-7    2.6315e+02    2.6320e+02 +/-  1.71e+01  <none>
  Background_CR_loose_HIGH_bin_1-8    1.3670e+02    1.3673e+02 +/-  1.22e+01  <none>
  Background_CR_loose_HIGH_bin_1-9    1.0460e+02    1.0462e+02 +/-  1.02e+01  <none>
  Background_CR_loose_HIGH_bin_2-1    6.0798e+02    6.0815e+02 +/-  8.80e+01  <none>
  Background_CR_loose_HIGH_bin_2-10    5.1391e+01    5.1420e+01 +/-  8.36e+00  <none>
  Background_CR_loose_HIGH_bin_2-11    4.8445e+01    4.8464e+01 +/-  7.64e+00  <none>
  Background_CR_loose_HIGH_bin_2-12    3.1437e+01    3.1436e+01 +/-  6.06e+00  <none>
  Background_CR_loose_HIGH_bin_2-13    1.5658e+01    1.5666e+01 +/-  4.41e+00  <none>
  Background_CR_loose_HIGH_bin_2-2    1.0223e+03    1.0226e+03 +/-  9.54e+01  <none>
  Background_CR_loose_HIGH_bin_2-3    1.0304e+03    1.0307e+03 +/-  7.57e+01  <none>
  Background_CR_loose_HIGH_bin_2-4    8.2048e+02    8.2069e+02 +/-  5.43e+01  <none>
  Background_CR_loose_HIGH_bin_2-5    5.9734e+02    5.9749e+02 +/-  3.90e+01  <none>
  Background_CR_loose_HIGH_bin_2-6    3.8448e+02    3.8459e+02 +/-  2.84e+01  <none>
  Background_CR_loose_HIGH_bin_2-7    2.1327e+02    2.1333e+02 +/-  1.93e+01  <none>
  Background_CR_loose_HIGH_bin_2-8    1.6445e+02    1.6450e+02 +/-  1.54e+01  <none>
  Background_CR_loose_HIGH_bin_2-9    1.1539e+02    1.1542e+02 +/-  1.25e+01  <none>
  Background_CR_loose_HIGH_bin_3-1    3.1128e+02    3.1094e+02 +/-  6.34e+01  <none>
  Background_CR_loose_HIGH_bin_3-10    9.1760e+01    9.1764e+01 +/-  1.03e+01  <none>
  Background_CR_loose_HIGH_bin_3-11    3.8591e+01    3.8581e+01 +/-  7.24e+00  <none>
  Background_CR_loose_HIGH_bin_3-12    3.9886e+01    3.9896e+01 +/-  6.76e+00  <none>
  Background_CR_loose_HIGH_bin_3-13    2.6440e+01    2.6438e+01 +/-  5.34e+00  <none>
  Background_CR_loose_HIGH_bin_3-2    6.7744e+02    6.7709e+02 +/-  7.64e+01  <none>
  Background_CR_loose_HIGH_bin_3-3    8.2736e+02    8.2710e+02 +/-  7.16e+01  <none>
  Background_CR_loose_HIGH_bin_3-4    6.2777e+02    6.2768e+02 +/-  5.35e+01  <none>
  Background_CR_loose_HIGH_bin_3-5    4.9802e+02    4.9802e+02 +/-  3.99e+01  <none>
  Background_CR_loose_HIGH_bin_3-6    3.5395e+02    3.5392e+02 +/-  2.86e+01  <none>
  Background_CR_loose_HIGH_bin_3-7    2.2203e+02    2.2201e+02 +/-  2.13e+01  <none>
  Background_CR_loose_HIGH_bin_3-8    1.1917e+02    1.1917e+02 +/-  1.45e+01  <none>
  Background_CR_loose_HIGH_bin_3-9    9.3893e+01    9.3877e+01 +/-  1.16e+01  <none>
  Background_CR_loose_HIGH_bin_4-1    1.8219e+02    1.8196e+02 +/-  2.58e+01  <none>
  Background_CR_loose_HIGH_bin_4-10    7.2902e+01    7.2892e+01 +/-  8.50e+00  <none>
  Background_CR_loose_HIGH_bin_4-11    3.5548e+01    3.5545e+01 +/-  6.12e+00  <none>
  Background_CR_loose_HIGH_bin_4-12    3.0871e+01    3.0863e+01 +/-  5.56e+00  <none>
  Background_CR_loose_HIGH_bin_4-13    1.1837e+01    1.1836e+01 +/-  3.69e+00  <none>
  Background_CR_loose_HIGH_bin_4-2    4.6995e+02    4.6971e+02 +/-  3.78e+01  <none>
  Background_CR_loose_HIGH_bin_4-3    5.3195e+02    5.3178e+02 +/-  3.50e+01  <none>
  Background_CR_loose_HIGH_bin_4-4    4.7402e+02    4.7387e+02 +/-  3.07e+01  <none>
  Background_CR_loose_HIGH_bin_4-5    4.3184e+02    4.3174e+02 +/-  2.53e+01  <none>
  Background_CR_loose_HIGH_bin_4-6    2.5988e+02    2.5984e+02 +/-  1.96e+01  <none>
  Background_CR_loose_HIGH_bin_4-7    2.0972e+02    2.0970e+02 +/-  1.57e+01  <none>
  Background_CR_loose_HIGH_bin_4-8    1.4219e+02    1.4218e+02 +/-  1.25e+01  <none>
  Background_CR_loose_HIGH_bin_4-9    9.0453e+01    9.0437e+01 +/-  9.89e+00  <none>
  Background_CR_loose_HIGH_bin_5-1    4.9761e+01    4.9715e+01 +/-  1.00e+01  <none>
  Background_CR_loose_HIGH_bin_5-10    5.6351e+01    5.6346e+01 +/-  7.31e+00  <none>
  Background_CR_loose_HIGH_bin_5-11    4.1348e+01    4.1348e+01 +/-  6.24e+00  <none>
  Background_CR_loose_HIGH_bin_5-12    1.9416e+01    1.9416e+01 +/-  4.36e+00  <none>
  Background_CR_loose_HIGH_bin_5-13    8.4844e+00    8.4840e+00 +/-  2.97e+00  <none>
  Background_CR_loose_HIGH_bin_5-2    1.9927e+02    1.9919e+02 +/-  1.73e+01  <none>
  Background_CR_loose_HIGH_bin_5-3    3.1721e+02    3.1716e+02 +/-  1.96e+01  <none>
  Background_CR_loose_HIGH_bin_5-4    3.1650e+02    3.1646e+02 +/-  1.95e+01  <none>
  Background_CR_loose_HIGH_bin_5-5    3.1976e+02    3.1976e+02 +/-  1.82e+01  <none>
  Background_CR_loose_HIGH_bin_5-6    2.3786e+02    2.3785e+02 +/-  1.56e+01  <none>
  Background_CR_loose_HIGH_bin_5-7    1.8303e+02    1.8303e+02 +/-  1.33e+01  <none>
  Background_CR_loose_HIGH_bin_5-8    1.3277e+02    1.3276e+02 +/-  1.13e+01  <none>
  Background_CR_loose_HIGH_bin_5-9    7.1653e+01    7.1668e+01 +/-  8.38e+00  <none>
  Background_CR_loose_HIGH_bin_6-1    3.1149e+01    3.1142e+01 +/-  5.81e+00  <none>
  Background_CR_loose_HIGH_bin_6-10    4.9284e+01    4.9281e+01 +/-  6.71e+00  <none>
  Background_CR_loose_HIGH_bin_6-11    3.6005e+01    3.6013e+01 +/-  5.79e+00  <none>
  Background_CR_loose_HIGH_bin_6-12    3.0888e+01    3.0884e+01 +/-  5.25e+00  <none>
  Background_CR_loose_HIGH_bin_6-13    2.3629e+01    2.3632e+01 +/-  4.60e+00  <none>
  Background_CR_loose_HIGH_bin_6-2    8.8397e+01    8.8386e+01 +/-  1.02e+01  <none>
  Background_CR_loose_HIGH_bin_6-3    1.8423e+02    1.8419e+02 +/-  1.42e+01  <none>
  Background_CR_loose_HIGH_bin_6-4    2.3306e+02    2.3305e+02 +/-  1.53e+01  <none>
  Background_CR_loose_HIGH_bin_6-5    1.9830e+02    1.9829e+02 +/-  1.40e+01  <none>
  Background_CR_loose_HIGH_bin_6-6    1.6260e+02    1.6261e+02 +/-  1.26e+01  <none>
  Background_CR_loose_HIGH_bin_6-7    1.6850e+02    1.6849e+02 +/-  1.26e+01  <none>
  Background_CR_loose_HIGH_bin_6-8    9.2289e+01    9.2296e+01 +/-  9.36e+00  <none>
  Background_CR_loose_HIGH_bin_6-9    7.1938e+01    7.1923e+01 +/-  8.27e+00  <none>
  Background_CR_loose_LOW_bin_1-1    2.5638e+03    2.5639e+03 +/-  5.24e+01  <none>
  Background_CR_loose_LOW_bin_1-10    9.8280e+01    9.8288e+01 +/-  9.60e+00  <none>
  Background_CR_loose_LOW_bin_1-11    3.9347e+01    3.9345e+01 +/-  6.37e+00  <none>
  Background_CR_loose_LOW_bin_1-12    4.7237e+01    4.7236e+01 +/-  6.63e+00  <none>
  Background_CR_loose_LOW_bin_1-13    4.2834e+01    4.2837e+01 +/-  6.34e+00  <none>
  Background_CR_loose_LOW_bin_1-2    2.5096e+03    2.5096e+03 +/-  5.04e+01  <none>
  Background_CR_loose_LOW_bin_1-3    1.9594e+03    1.9595e+03 +/-  4.33e+01  <none>
  Background_CR_loose_LOW_bin_1-4    1.2294e+03    1.2295e+03 +/-  3.42e+01  <none>
  Background_CR_loose_LOW_bin_1-5    7.5696e+02    7.5697e+02 +/-  2.67e+01  <none>
  Background_CR_loose_LOW_bin_1-6    4.2696e+02    4.2699e+02 +/-  2.00e+01  <none>
  Background_CR_loose_LOW_bin_1-7    2.8761e+02    2.8763e+02 +/-  1.64e+01  <none>
  Background_CR_loose_LOW_bin_1-8    2.1692e+02    2.1693e+02 +/-  1.43e+01  <none>
  Background_CR_loose_LOW_bin_1-9    1.5333e+02    1.5335e+02 +/-  1.21e+01  <none>
  Background_CR_loose_LOW_bin_2-1    2.3303e+03    2.3305e+03 +/-  5.95e+01  <none>
  Background_CR_loose_LOW_bin_2-10    8.2267e+01    8.2265e+01 +/-  9.51e+00  <none>
  Background_CR_loose_LOW_bin_2-11    7.3749e+01    7.3750e+01 +/-  8.90e+00  <none>
  Background_CR_loose_LOW_bin_2-12    4.1085e+01    4.1083e+01 +/-  6.76e+00  <none>
  Background_CR_loose_LOW_bin_2-13    2.5355e+01    2.5365e+01 +/-  5.42e+00  <none>
  Background_CR_loose_LOW_bin_2-2    2.3636e+03    2.3636e+03 +/-  5.58e+01  <none>
  Background_CR_loose_LOW_bin_2-3    1.9156e+03    1.9157e+03 +/-  4.63e+01  <none>
  Background_CR_loose_LOW_bin_2-4    1.1595e+03    1.1596e+03 +/-  3.51e+01  <none>
  Background_CR_loose_LOW_bin_2-5    7.0830e+02    7.0830e+02 +/-  2.76e+01  <none>
  Background_CR_loose_LOW_bin_2-6    4.3556e+02    4.3558e+02 +/-  2.17e+01  <none>
  Background_CR_loose_LOW_bin_2-7    2.7146e+02    2.7146e+02 +/-  1.71e+01  <none>
  Background_CR_loose_LOW_bin_2-8    1.8087e+02    1.8087e+02 +/-  1.42e+01  <none>
  Background_CR_loose_LOW_bin_2-9    1.4615e+02    1.4615e+02 +/-  1.24e+01  <none>
  Background_CR_loose_LOW_bin_3-1    2.3119e+03    2.3120e+03 +/-  6.30e+01  <none>
  Background_CR_loose_LOW_bin_3-10    8.4863e+01    8.4849e+01 +/-  9.51e+00  <none>
  Background_CR_loose_LOW_bin_3-11    5.0524e+01    5.0526e+01 +/-  7.35e+00  <none>
  Background_CR_loose_LOW_bin_3-12    4.4992e+01    4.4987e+01 +/-  6.83e+00  <none>
  Background_CR_loose_LOW_bin_3-13    2.7848e+01    2.7852e+01 +/-  5.41e+00  <none>
  Background_CR_loose_LOW_bin_3-2    2.3057e+03    2.3058e+03 +/-  5.77e+01  <none>
  Background_CR_loose_LOW_bin_3-3    1.7272e+03    1.7272e+03 +/-  4.52e+01  <none>
  Background_CR_loose_LOW_bin_3-4    1.1992e+03    1.1992e+03 +/-  3.59e+01  <none>
  Background_CR_loose_LOW_bin_3-5    7.0734e+02    7.0733e+02 +/-  2.73e+01  <none>
  Background_CR_loose_LOW_bin_3-6    3.9283e+02    3.9283e+02 +/-  2.03e+01  <none>
  Background_CR_loose_LOW_bin_3-7    2.4672e+02    2.4670e+02 +/-  1.59e+01  <none>
  Background_CR_loose_LOW_bin_3-8    1.4756e+02    1.4757e+02 +/-  1.26e+01  <none>
  Background_CR_loose_LOW_bin_3-9    1.1136e+02    1.1135e+02 +/-  1.08e+01  <none>
  Background_CR_loose_SIG_bin_1-1    1.9959e+03    1.9960e+03 +/-  6.28e+01  <none>
  Background_CR_loose_SIG_bin_1-10    8.3949e+01    8.3952e+01 +/-  8.92e+00  <none>
  Background_CR_loose_SIG_bin_1-11    5.3356e+01    5.3362e+01 +/-  7.04e+00  <none>
  Background_CR_loose_SIG_bin_1-12    3.3449e+01    3.3451e+01 +/-  5.64e+00  <none>
  Background_CR_loose_SIG_bin_1-13    1.8925e+01    1.8928e+01 +/-  4.34e+00  <none>
  Background_CR_loose_SIG_bin_1-2    2.1072e+03    2.1072e+03 +/-  5.75e+01  <none>
  Background_CR_loose_SIG_bin_1-3    1.7516e+03    1.7517e+03 +/-  4.61e+01  <none>
  Background_CR_loose_SIG_bin_1-4    1.1702e+03    1.1703e+03 +/-  3.53e+01  <none>
  Background_CR_loose_SIG_bin_1-5    6.1987e+02    6.1990e+02 +/-  2.54e+01  <none>
  Background_CR_loose_SIG_bin_1-6    4.3859e+02    4.3860e+02 +/-  2.06e+01  <none>
  Background_CR_loose_SIG_bin_1-7    2.4447e+02    2.4449e+02 +/-  1.53e+01  <none>
  Background_CR_loose_SIG_bin_1-8    1.6320e+02    1.6320e+02 +/-  1.25e+01  <none>
  Background_CR_loose_SIG_bin_1-9    9.2284e+01    9.2286e+01 +/-  9.57e+00  <none>
  Background_CR_loose_SIG_bin_2-1    1.6294e+03    1.6295e+03 +/-  7.00e+01  <none>
  Background_CR_loose_SIG_bin_2-10    6.4208e+01    6.4210e+01 +/-  7.84e+00  <none>
  Background_CR_loose_SIG_bin_2-11    4.3243e+01    4.3243e+01 +/-  6.46e+00  <none>
  Background_CR_loose_SIG_bin_2-12    4.3315e+01    4.3314e+01 +/-  6.34e+00  <none>
  Background_CR_loose_SIG_bin_2-13    1.3497e+01    1.3485e+01 +/-  3.68e+00  <none>
  Background_CR_loose_SIG_bin_2-2    2.0376e+03    2.0378e+03 +/-  6.52e+01  <none>
  Background_CR_loose_SIG_bin_2-3    1.6365e+03    1.6366e+03 +/-  4.85e+01  <none>
  Background_CR_loose_SIG_bin_2-4    1.0450e+03    1.0451e+03 +/-  3.60e+01  <none>
  Background_CR_loose_SIG_bin_2-5    6.0379e+02    6.0384e+02 +/-  2.55e+01  <none>
  Background_CR_loose_SIG_bin_2-6    4.1640e+02    4.1640e+02 +/-  2.07e+01  <none>
  Background_CR_loose_SIG_bin_2-7    2.6922e+02    2.6924e+02 +/-  1.63e+01  <none>
  Background_CR_loose_SIG_bin_2-8    1.5722e+02    1.5722e+02 +/-  1.24e+01  <none>
  Background_CR_loose_SIG_bin_2-9    1.0948e+02    1.0949e+02 +/-  1.03e+01  <none>
  Background_CR_loose_SIG_bin_3-1    1.5644e+03    1.5646e+03 +/-  7.23e+01  <none>
  Background_CR_loose_SIG_bin_3-10    4.3375e+01    4.3381e+01 +/-  6.76e+00  <none>
  Background_CR_loose_SIG_bin_3-11    4.5807e+01    4.5805e+01 +/-  6.62e+00  <none>
  Background_CR_loose_SIG_bin_3-12    3.9028e+01    3.9036e+01 +/-  6.21e+00  <none>
  Background_CR_loose_SIG_bin_3-13    2.0429e+01    2.0431e+01 +/-  4.48e+00  <none>
  Background_CR_loose_SIG_bin_3-2    1.6683e+03    1.6684e+03 +/-  6.32e+01  <none>
  Background_CR_loose_SIG_bin_3-3    1.4954e+03    1.4955e+03 +/-  5.06e+01  <none>
  Background_CR_loose_SIG_bin_3-4    9.7873e+02    9.7881e+02 +/-  3.62e+01  <none>
  Background_CR_loose_SIG_bin_3-5    6.4503e+02    6.4504e+02 +/-  2.73e+01  <none>
  Background_CR_loose_SIG_bin_3-6    4.0397e+02    4.0399e+02 +/-  2.06e+01  <none>
  Background_CR_loose_SIG_bin_3-7    2.0126e+02    2.0127e+02 +/-  1.45e+01  <none>
  Background_CR_loose_SIG_bin_3-8    1.4376e+02    1.4377e+02 +/-  1.21e+01  <none>
  Background_CR_loose_SIG_bin_3-9    1.0431e+02    1.0433e+02 +/-  1.03e+01  <none>
  Background_CR_rpf_3x2_par0    4.2300e-01    4.2298e-01 +/-  3.13e-02  <none>
  Background_CR_rpf_3x2_par1    6.1191e-01    6.1202e-01 +/-  6.25e-02  <none>
  Background_CR_rpf_3x2_par2   -7.1241e-01   -7.1238e-01 +/-  1.38e-01  <none>
  Background_CR_rpf_3x2_par3    3.0383e-01    3.0369e-01 +/-  1.21e-01  <none>
  Background_CR_rpf_3x2_par4    2.9162e-01    2.9162e-01 +/-  1.95e-02  <none>
  Background_CR_rpf_3x2_par5   -2.5747e-02   -2.5754e-02 +/-  1.69e-02  <none>
               PNetTop    0.0000e+00    0.0000e+00 +/-  9.92e-01  <none>
               PNetXbb    0.0000e+00    0.0000e+00 +/-  9.92e-01  <none>
                Pileup    1.9444e-01    1.9603e-01 +/-  1.03e+00  <none>
               Prefire   -1.8012e-03   -4.5547e-03 +/-  2.50e-01  <none>
           TptReweight    9.1741e-02    9.0409e-02 +/-  9.77e-01  <none>
                   jer   -6.1595e-01   -6.2046e-01 +/-  8.88e-01  <none>
                   jes    7.4378e-01    7.4082e-01 +/-  5.63e-01  <none>
                   jmr   -1.3738e-01   -1.3913e-01 +/-  5.28e-01  <none>
                   jms   -1.4127e-01   -1.2000e-01 +/-  7.58e-01  <none>
                  lumi   -2.8622e-03   -2.5303e-03 +/-  1.00e+00  <none>
                   pdf    1.2230e-01    1.1960e-01 +/-  8.24e-01  <none>
            ttbar_xsec    5.9928e-01    5.9926e-01 +/-  1.02e+00  <none>
                w_xsec   -1.1145e-01   -1.1010e-01 +/-  9.46e-01  <none>
                z_xsec   -5.2157e-01   -5.2103e-01 +/-  7.67e-01  <none>


  RooFitResult: minimized FCN value: -0.000547432, estimated distance to minimum: 3.98665e-05
                covariance matrix quality: Full matrix, but forced positive-definite
                Status : MINIMIZE=1 HESSE=1 

    Constant Parameter    Value     
  --------------------  ------------
            PNetTop_In    0.0000e+00
            PNetXbb_In    0.0000e+00
             Pileup_In    0.0000e+00
            Prefire_In    0.0000e+00
        TptReweight_In    0.0000e+00
                jer_In    0.0000e+00
                jes_In    0.0000e+00
                jmr_In    0.0000e+00
                jms_In    0.0000e+00
               lumi_In    0.0000e+00
  n_exp_binCR_loose_HIGH_proc_Background    1.0000e+00
  n_exp_binCR_loose_LOW_proc_Background    1.0000e+00
  n_exp_binCR_loose_SIG_proc_Background    1.0000e+00
  n_exp_binCR_pass_HIGH_proc_Background_3x2    1.0000e+00
  n_exp_binCR_pass_LOW_proc_Background_3x2    1.0000e+00
  n_exp_binCR_pass_SIG_proc_Background_3x2    1.0000e+00
                pdf_In    0.0000e+00
                     r    0.0000e+00
         ttbar_xsec_In    0.0000e+00
             w_xsec_In    0.0000e+00
             z_xsec_In    0.0000e+00

    Floating Parameter  InitialValue    FinalValue +/-  Error     GblCorr.
  --------------------  ------------  --------------------------  --------
  Background_CR_loose_HIGH_bin_1-1    1.0438e+03    1.0440e+03 +/-  7.36e+01  <none>
  Background_CR_loose_HIGH_bin_1-10    6.8007e+01    6.8007e+01 +/-  8.19e+00  <none>
  Background_CR_loose_HIGH_bin_1-11    4.6205e+01    4.6217e+01 +/-  6.76e+00  <none>
  Background_CR_loose_HIGH_bin_1-12    4.0693e+01    4.0689e+01 +/-  6.27e+00  <none>
  Background_CR_loose_HIGH_bin_1-13    9.9693e+00    9.9725e+00 +/-  3.35e+00  <none>
  Background_CR_loose_HIGH_bin_1-2    1.4332e+03    1.4335e+03 +/-  6.99e+01  <none>
  Background_CR_loose_HIGH_bin_1-3    1.2820e+03    1.2822e+03 +/-  5.38e+01  <none>
  Background_CR_loose_HIGH_bin_1-4    9.7439e+02    9.7455e+02 +/-  3.98e+01  <none>
  Background_CR_loose_HIGH_bin_1-5    6.2480e+02    6.2492e+02 +/-  2.88e+01  <none>
  Background_CR_loose_HIGH_bin_1-6    3.4549e+02    3.4553e+02 +/-  2.03e+01  <none>
  Background_CR_loose_HIGH_bin_1-7    2.6315e+02    2.6320e+02 +/-  1.71e+01  <none>
  Background_CR_loose_HIGH_bin_1-8    1.3670e+02    1.3673e+02 +/-  1.22e+01  <none>
  Background_CR_loose_HIGH_bin_1-9    1.0460e+02    1.0462e+02 +/-  1.02e+01  <none>
  Background_CR_loose_HIGH_bin_2-1    6.0798e+02    6.0815e+02 +/-  8.80e+01  <none>
  Background_CR_loose_HIGH_bin_2-10    5.1391e+01    5.1420e+01 +/-  8.36e+00  <none>
  Background_CR_loose_HIGH_bin_2-11    4.8445e+01    4.8464e+01 +/-  7.64e+00  <none>
  Background_CR_loose_HIGH_bin_2-12    3.1437e+01    3.1436e+01 +/-  6.06e+00  <none>
  Background_CR_loose_HIGH_bin_2-13    1.5658e+01    1.5666e+01 +/-  4.41e+00  <none>
  Background_CR_loose_HIGH_bin_2-2    1.0223e+03    1.0226e+03 +/-  9.54e+01  <none>
  Background_CR_loose_HIGH_bin_2-3    1.0304e+03    1.0307e+03 +/-  7.57e+01  <none>
  Background_CR_loose_HIGH_bin_2-4    8.2048e+02    8.2069e+02 +/-  5.43e+01  <none>
  Background_CR_loose_HIGH_bin_2-5    5.9734e+02    5.9749e+02 +/-  3.90e+01  <none>
  Background_CR_loose_HIGH_bin_2-6    3.8448e+02    3.8459e+02 +/-  2.84e+01  <none>
  Background_CR_loose_HIGH_bin_2-7    2.1327e+02    2.1333e+02 +/-  1.93e+01  <none>
  Background_CR_loose_HIGH_bin_2-8    1.6445e+02    1.6450e+02 +/-  1.54e+01  <none>
  Background_CR_loose_HIGH_bin_2-9    1.1539e+02    1.1542e+02 +/-  1.25e+01  <none>
  Background_CR_loose_HIGH_bin_3-1    3.1128e+02    3.1094e+02 +/-  6.34e+01  <none>
  Background_CR_loose_HIGH_bin_3-10    9.1760e+01    9.1764e+01 +/-  1.03e+01  <none>
  Background_CR_loose_HIGH_bin_3-11    3.8591e+01    3.8581e+01 +/-  7.24e+00  <none>
  Background_CR_loose_HIGH_bin_3-12    3.9886e+01    3.9896e+01 +/-  6.76e+00  <none>
  Background_CR_loose_HIGH_bin_3-13    2.6440e+01    2.6438e+01 +/-  5.34e+00  <none>
  Background_CR_loose_HIGH_bin_3-2    6.7744e+02    6.7709e+02 +/-  7.64e+01  <none>
  Background_CR_loose_HIGH_bin_3-3    8.2736e+02    8.2710e+02 +/-  7.16e+01  <none>
  Background_CR_loose_HIGH_bin_3-4    6.2777e+02    6.2768e+02 +/-  5.35e+01  <none>
  Background_CR_loose_HIGH_bin_3-5    4.9802e+02    4.9802e+02 +/-  3.99e+01  <none>
  Background_CR_loose_HIGH_bin_3-6    3.5395e+02    3.5392e+02 +/-  2.86e+01  <none>
  Background_CR_loose_HIGH_bin_3-7    2.2203e+02    2.2201e+02 +/-  2.13e+01  <none>
  Background_CR_loose_HIGH_bin_3-8    1.1917e+02    1.1917e+02 +/-  1.45e+01  <none>
  Background_CR_loose_HIGH_bin_3-9    9.3893e+01    9.3877e+01 +/-  1.16e+01  <none>
  Background_CR_loose_HIGH_bin_4-1    1.8219e+02    1.8196e+02 +/-  2.58e+01  <none>
  Background_CR_loose_HIGH_bin_4-10    7.2902e+01    7.2892e+01 +/-  8.50e+00  <none>
  Background_CR_loose_HIGH_bin_4-11    3.5548e+01    3.5545e+01 +/-  6.12e+00  <none>
  Background_CR_loose_HIGH_bin_4-12    3.0871e+01    3.0863e+01 +/-  5.56e+00  <none>
  Background_CR_loose_HIGH_bin_4-13    1.1837e+01    1.1836e+01 +/-  3.69e+00  <none>
  Background_CR_loose_HIGH_bin_4-2    4.6995e+02    4.6971e+02 +/-  3.78e+01  <none>
  Background_CR_loose_HIGH_bin_4-3    5.3195e+02    5.3178e+02 +/-  3.50e+01  <none>
  Background_CR_loose_HIGH_bin_4-4    4.7402e+02    4.7387e+02 +/-  3.07e+01  <none>
  Background_CR_loose_HIGH_bin_4-5    4.3184e+02    4.3174e+02 +/-  2.53e+01  <none>
  Background_CR_loose_HIGH_bin_4-6    2.5988e+02    2.5984e+02 +/-  1.96e+01  <none>
  Background_CR_loose_HIGH_bin_4-7    2.0972e+02    2.0970e+02 +/-  1.57e+01  <none>
  Background_CR_loose_HIGH_bin_4-8    1.4219e+02    1.4218e+02 +/-  1.25e+01  <none>
  Background_CR_loose_HIGH_bin_4-9    9.0453e+01    9.0437e+01 +/-  9.89e+00  <none>
  Background_CR_loose_HIGH_bin_5-1    4.9761e+01    4.9715e+01 +/-  1.00e+01  <none>
  Background_CR_loose_HIGH_bin_5-10    5.6351e+01    5.6346e+01 +/-  7.31e+00  <none>
  Background_CR_loose_HIGH_bin_5-11    4.1348e+01    4.1348e+01 +/-  6.24e+00  <none>
  Background_CR_loose_HIGH_bin_5-12    1.9416e+01    1.9416e+01 +/-  4.36e+00  <none>
  Background_CR_loose_HIGH_bin_5-13    8.4844e+00    8.4840e+00 +/-  2.97e+00  <none>
  Background_CR_loose_HIGH_bin_5-2    1.9927e+02    1.9919e+02 +/-  1.73e+01  <none>
  Background_CR_loose_HIGH_bin_5-3    3.1721e+02    3.1716e+02 +/-  1.96e+01  <none>
  Background_CR_loose_HIGH_bin_5-4    3.1650e+02    3.1646e+02 +/-  1.95e+01  <none>
  Background_CR_loose_HIGH_bin_5-5    3.1976e+02    3.1976e+02 +/-  1.82e+01  <none>
  Background_CR_loose_HIGH_bin_5-6    2.3786e+02    2.3785e+02 +/-  1.56e+01  <none>
  Background_CR_loose_HIGH_bin_5-7    1.8303e+02    1.8303e+02 +/-  1.33e+01  <none>
  Background_CR_loose_HIGH_bin_5-8    1.3277e+02    1.3276e+02 +/-  1.13e+01  <none>
  Background_CR_loose_HIGH_bin_5-9    7.1653e+01    7.1668e+01 +/-  8.38e+00  <none>
  Background_CR_loose_HIGH_bin_6-1    3.1149e+01    3.1142e+01 +/-  5.81e+00  <none>
  Background_CR_loose_HIGH_bin_6-10    4.9284e+01    4.9281e+01 +/-  6.71e+00  <none>
  Background_CR_loose_HIGH_bin_6-11    3.6005e+01    3.6013e+01 +/-  5.79e+00  <none>
  Background_CR_loose_HIGH_bin_6-12    3.0888e+01    3.0884e+01 +/-  5.25e+00  <none>
  Background_CR_loose_HIGH_bin_6-13    2.3629e+01    2.3632e+01 +/-  4.60e+00  <none>
  Background_CR_loose_HIGH_bin_6-2    8.8397e+01    8.8386e+01 +/-  1.02e+01  <none>
  Background_CR_loose_HIGH_bin_6-3    1.8423e+02    1.8419e+02 +/-  1.42e+01  <none>
  Background_CR_loose_HIGH_bin_6-4    2.3306e+02    2.3305e+02 +/-  1.53e+01  <none>
  Background_CR_loose_HIGH_bin_6-5    1.9830e+02    1.9829e+02 +/-  1.40e+01  <none>
  Background_CR_loose_HIGH_bin_6-6    1.6260e+02    1.6261e+02 +/-  1.26e+01  <none>
  Background_CR_loose_HIGH_bin_6-7    1.6850e+02    1.6849e+02 +/-  1.26e+01  <none>
  Background_CR_loose_HIGH_bin_6-8    9.2289e+01    9.2296e+01 +/-  9.36e+00  <none>
  Background_CR_loose_HIGH_bin_6-9    7.1938e+01    7.1923e+01 +/-  8.27e+00  <none>
  Background_CR_loose_LOW_bin_1-1    2.5638e+03    2.5639e+03 +/-  5.24e+01  <none>
  Background_CR_loose_LOW_bin_1-10    9.8280e+01    9.8288e+01 +/-  9.60e+00  <none>
  Background_CR_loose_LOW_bin_1-11    3.9347e+01    3.9345e+01 +/-  6.37e+00  <none>
  Background_CR_loose_LOW_bin_1-12    4.7237e+01    4.7236e+01 +/-  6.63e+00  <none>
  Background_CR_loose_LOW_bin_1-13    4.2834e+01    4.2837e+01 +/-  6.34e+00  <none>
  Background_CR_loose_LOW_bin_1-2    2.5096e+03    2.5096e+03 +/-  5.04e+01  <none>
  Background_CR_loose_LOW_bin_1-3    1.9594e+03    1.9595e+03 +/-  4.33e+01  <none>
  Background_CR_loose_LOW_bin_1-4    1.2294e+03    1.2295e+03 +/-  3.42e+01  <none>
  Background_CR_loose_LOW_bin_1-5    7.5696e+02    7.5697e+02 +/-  2.67e+01  <none>
  Background_CR_loose_LOW_bin_1-6    4.2696e+02    4.2699e+02 +/-  2.00e+01  <none>
  Background_CR_loose_LOW_bin_1-7    2.8761e+02    2.8763e+02 +/-  1.64e+01  <none>
  Background_CR_loose_LOW_bin_1-8    2.1692e+02    2.1693e+02 +/-  1.43e+01  <none>
  Background_CR_loose_LOW_bin_1-9    1.5333e+02    1.5335e+02 +/-  1.21e+01  <none>
  Background_CR_loose_LOW_bin_2-1    2.3303e+03    2.3305e+03 +/-  5.95e+01  <none>
  Background_CR_loose_LOW_bin_2-10    8.2267e+01    8.2265e+01 +/-  9.51e+00  <none>
  Background_CR_loose_LOW_bin_2-11    7.3749e+01    7.3750e+01 +/-  8.90e+00  <none>
  Background_CR_loose_LOW_bin_2-12    4.1085e+01    4.1083e+01 +/-  6.76e+00  <none>
  Background_CR_loose_LOW_bin_2-13    2.5355e+01    2.5365e+01 +/-  5.42e+00  <none>
  Background_CR_loose_LOW_bin_2-2    2.3636e+03    2.3636e+03 +/-  5.58e+01  <none>
  Background_CR_loose_LOW_bin_2-3    1.9156e+03    1.9157e+03 +/-  4.63e+01  <none>
  Background_CR_loose_LOW_bin_2-4    1.1595e+03    1.1596e+03 +/-  3.51e+01  <none>
  Background_CR_loose_LOW_bin_2-5    7.0830e+02    7.0830e+02 +/-  2.76e+01  <none>
  Background_CR_loose_LOW_bin_2-6    4.3556e+02    4.3558e+02 +/-  2.17e+01  <none>
  Background_CR_loose_LOW_bin_2-7    2.7146e+02    2.7146e+02 +/-  1.71e+01  <none>
  Background_CR_loose_LOW_bin_2-8    1.8087e+02    1.8087e+02 +/-  1.42e+01  <none>
  Background_CR_loose_LOW_bin_2-9    1.4615e+02    1.4615e+02 +/-  1.24e+01  <none>
  Background_CR_loose_LOW_bin_3-1    2.3119e+03    2.3120e+03 +/-  6.30e+01  <none>
  Background_CR_loose_LOW_bin_3-10    8.4863e+01    8.4849e+01 +/-  9.51e+00  <none>
  Background_CR_loose_LOW_bin_3-11    5.0524e+01    5.0526e+01 +/-  7.35e+00  <none>
  Background_CR_loose_LOW_bin_3-12    4.4992e+01    4.4987e+01 +/-  6.83e+00  <none>
  Background_CR_loose_LOW_bin_3-13    2.7848e+01    2.7852e+01 +/-  5.41e+00  <none>
  Background_CR_loose_LOW_bin_3-2    2.3057e+03    2.3058e+03 +/-  5.77e+01  <none>
  Background_CR_loose_LOW_bin_3-3    1.7272e+03    1.7272e+03 +/-  4.52e+01  <none>
  Background_CR_loose_LOW_bin_3-4    1.1992e+03    1.1992e+03 +/-  3.59e+01  <none>
  Background_CR_loose_LOW_bin_3-5    7.0734e+02    7.0733e+02 +/-  2.73e+01  <none>
  Background_CR_loose_LOW_bin_3-6    3.9283e+02    3.9283e+02 +/-  2.03e+01  <none>
  Background_CR_loose_LOW_bin_3-7    2.4672e+02    2.4670e+02 +/-  1.59e+01  <none>
  Background_CR_loose_LOW_bin_3-8    1.4756e+02    1.4757e+02 +/-  1.26e+01  <none>
  Background_CR_loose_LOW_bin_3-9    1.1136e+02    1.1135e+02 +/-  1.08e+01  <none>
  Background_CR_loose_SIG_bin_1-1    1.9959e+03    1.9960e+03 +/-  6.28e+01  <none>
  Background_CR_loose_SIG_bin_1-10    8.3949e+01    8.3952e+01 +/-  8.92e+00  <none>
  Background_CR_loose_SIG_bin_1-11    5.3356e+01    5.3362e+01 +/-  7.04e+00  <none>
  Background_CR_loose_SIG_bin_1-12    3.3449e+01    3.3451e+01 +/-  5.64e+00  <none>
  Background_CR_loose_SIG_bin_1-13    1.8925e+01    1.8928e+01 +/-  4.34e+00  <none>
  Background_CR_loose_SIG_bin_1-2    2.1072e+03    2.1072e+03 +/-  5.75e+01  <none>
  Background_CR_loose_SIG_bin_1-3    1.7516e+03    1.7517e+03 +/-  4.61e+01  <none>
  Background_CR_loose_SIG_bin_1-4    1.1702e+03    1.1703e+03 +/-  3.53e+01  <none>
  Background_CR_loose_SIG_bin_1-5    6.1987e+02    6.1990e+02 +/-  2.54e+01  <none>
  Background_CR_loose_SIG_bin_1-6    4.3859e+02    4.3860e+02 +/-  2.06e+01  <none>
  Background_CR_loose_SIG_bin_1-7    2.4447e+02    2.4449e+02 +/-  1.53e+01  <none>
  Background_CR_loose_SIG_bin_1-8    1.6320e+02    1.6320e+02 +/-  1.25e+01  <none>
  Background_CR_loose_SIG_bin_1-9    9.2284e+01    9.2286e+01 +/-  9.57e+00  <none>
  Background_CR_loose_SIG_bin_2-1    1.6294e+03    1.6295e+03 +/-  7.00e+01  <none>
  Background_CR_loose_SIG_bin_2-10    6.4208e+01    6.4210e+01 +/-  7.84e+00  <none>
  Background_CR_loose_SIG_bin_2-11    4.3243e+01    4.3243e+01 +/-  6.46e+00  <none>
  Background_CR_loose_SIG_bin_2-12    4.3315e+01    4.3314e+01 +/-  6.34e+00  <none>
  Background_CR_loose_SIG_bin_2-13    1.3497e+01    1.3485e+01 +/-  3.68e+00  <none>
  Background_CR_loose_SIG_bin_2-2    2.0376e+03    2.0378e+03 +/-  6.52e+01  <none>
  Background_CR_loose_SIG_bin_2-3    1.6365e+03    1.6366e+03 +/-  4.85e+01  <none>
  Background_CR_loose_SIG_bin_2-4    1.0450e+03    1.0451e+03 +/-  3.60e+01  <none>
  Background_CR_loose_SIG_bin_2-5    6.0379e+02    6.0384e+02 +/-  2.55e+01  <none>
  Background_CR_loose_SIG_bin_2-6    4.1640e+02    4.1640e+02 +/-  2.07e+01  <none>
  Background_CR_loose_SIG_bin_2-7    2.6922e+02    2.6924e+02 +/-  1.63e+01  <none>
  Background_CR_loose_SIG_bin_2-8    1.5722e+02    1.5722e+02 +/-  1.24e+01  <none>
  Background_CR_loose_SIG_bin_2-9    1.0948e+02    1.0949e+02 +/-  1.03e+01  <none>
  Background_CR_loose_SIG_bin_3-1    1.5644e+03    1.5646e+03 +/-  7.23e+01  <none>
  Background_CR_loose_SIG_bin_3-10    4.3375e+01    4.3381e+01 +/-  6.76e+00  <none>
  Background_CR_loose_SIG_bin_3-11    4.5807e+01    4.5805e+01 +/-  6.62e+00  <none>
  Background_CR_loose_SIG_bin_3-12    3.9028e+01    3.9036e+01 +/-  6.21e+00  <none>
  Background_CR_loose_SIG_bin_3-13    2.0429e+01    2.0431e+01 +/-  4.48e+00  <none>
  Background_CR_loose_SIG_bin_3-2    1.6683e+03    1.6684e+03 +/-  6.32e+01  <none>
  Background_CR_loose_SIG_bin_3-3    1.4954e+03    1.4955e+03 +/-  5.06e+01  <none>
  Background_CR_loose_SIG_bin_3-4    9.7873e+02    9.7881e+02 +/-  3.62e+01  <none>
  Background_CR_loose_SIG_bin_3-5    6.4503e+02    6.4504e+02 +/-  2.73e+01  <none>
  Background_CR_loose_SIG_bin_3-6    4.0397e+02    4.0399e+02 +/-  2.06e+01  <none>
  Background_CR_loose_SIG_bin_3-7    2.0126e+02    2.0127e+02 +/-  1.45e+01  <none>
  Background_CR_loose_SIG_bin_3-8    1.4376e+02    1.4377e+02 +/-  1.21e+01  <none>
  Background_CR_loose_SIG_bin_3-9    1.0431e+02    1.0433e+02 +/-  1.03e+01  <none>
  Background_CR_rpf_3x2_par0    4.2300e-01    4.2298e-01 +/-  3.13e-02  <none>
  Background_CR_rpf_3x2_par1    6.1191e-01    6.1202e-01 +/-  6.25e-02  <none>
  Background_CR_rpf_3x2_par2   -7.1241e-01   -7.1238e-01 +/-  1.38e-01  <none>
  Background_CR_rpf_3x2_par3    3.0383e-01    3.0369e-01 +/-  1.21e-01  <none>
  Background_CR_rpf_3x2_par4    2.9162e-01    2.9162e-01 +/-  1.95e-02  <none>
  Background_CR_rpf_3x2_par5   -2.5747e-02   -2.5754e-02 +/-  1.69e-02  <none>
               PNetTop    0.0000e+00    0.0000e+00 +/-  9.92e-01  <none>
               PNetXbb    0.0000e+00    0.0000e+00 +/-  9.92e-01  <none>
                Pileup    1.9444e-01    1.9603e-01 +/-  1.03e+00  <none>
               Prefire   -1.8012e-03   -4.5547e-03 +/-  2.50e-01  <none>
           TptReweight    9.1741e-02    9.0409e-02 +/-  9.77e-01  <none>
                   jer   -6.1595e-01   -6.2046e-01 +/-  8.88e-01  <none>
                   jes    7.4378e-01    7.4082e-01 +/-  5.63e-01  <none>
                   jmr   -1.3738e-01   -1.3913e-01 +/-  5.28e-01  <none>
                   jms   -1.4127e-01   -1.2000e-01 +/-  7.58e-01  <none>
                  lumi   -2.8622e-03   -2.5303e-03 +/-  1.00e+00  <none>
                   pdf    1.2230e-01    1.1960e-01 +/-  8.24e-01  <none>
            ttbar_xsec    5.9928e-01    5.9926e-01 +/-  1.02e+00  <none>
                w_xsec   -1.1145e-01   -1.1010e-01 +/-  9.46e-01  <none>
                z_xsec   -5.2157e-01   -5.2103e-01 +/-  7.67e-01  <none>


  RooFitResult: minimized FCN value: -0.000285545, estimated distance to minimum: 1.37937e-05
                covariance matrix quality: Full matrix, but forced positive-definite
                Status : MINIMIZE=1 HESSE=1 

    Constant Parameter    Value     
  --------------------  ------------
            PNetTop_In    0.0000e+00
            PNetXbb_In    0.0000e+00
             Pileup_In    0.0000e+00
            Prefire_In    0.0000e+00
        TptReweight_In    0.0000e+00
                jer_In    0.0000e+00
                jes_In    0.0000e+00
                jmr_In    0.0000e+00
                jms_In    0.0000e+00
               lumi_In    0.0000e+00
  n_exp_binCR_loose_HIGH_proc_Background    1.0000e+00
  n_exp_binCR_loose_LOW_proc_Background    1.0000e+00
  n_exp_binCR_loose_SIG_proc_Background    1.0000e+00
  n_exp_binCR_pass_HIGH_proc_Background_3x2    1.0000e+00
  n_exp_binCR_pass_LOW_proc_Background_3x2    1.0000e+00
  n_exp_binCR_pass_SIG_proc_Background_3x2    1.0000e+00
                pdf_In    0.0000e+00
         ttbar_xsec_In    0.0000e+00
             w_xsec_In    0.0000e+00
             z_xsec_In    0.0000e+00

    Floating Parameter  InitialValue    FinalValue +/-  Error     GblCorr.
  --------------------  ------------  --------------------------  --------
  Background_CR_loose_HIGH_bin_1-1    1.0203e+03    1.0203e+03 +/-  6.08e+01  <none>
  Background_CR_loose_HIGH_bin_1-10    6.6947e+01    6.6948e+01 +/-  8.28e+00  <none>
  Background_CR_loose_HIGH_bin_1-11    4.5964e+01    4.5963e+01 +/-  6.79e+00  <none>
  Background_CR_loose_HIGH_bin_1-12    4.0667e+01    4.0667e+01 +/-  6.33e+00  <none>
  Background_CR_loose_HIGH_bin_1-13    9.9987e+00    9.9935e+00 +/-  3.38e+00  <none>
  Background_CR_loose_HIGH_bin_1-2    1.4092e+03    1.4092e+03 +/-  6.03e+01  <none>
  Background_CR_loose_HIGH_bin_1-3    1.2648e+03    1.2648e+03 +/-  4.81e+01  <none>
  Background_CR_loose_HIGH_bin_1-4    9.6541e+02    9.6541e+02 +/-  3.72e+01  <none>
  Background_CR_loose_HIGH_bin_1-5    6.1858e+02    6.1858e+02 +/-  2.77e+01  <none>
  Background_CR_loose_HIGH_bin_1-6    3.4290e+02    3.4289e+02 +/-  1.98e+01  <none>
  Background_CR_loose_HIGH_bin_1-7    2.6061e+02    2.6062e+02 +/-  1.67e+01  <none>
  Background_CR_loose_HIGH_bin_1-8    1.3651e+02    1.3651e+02 +/-  1.21e+01  <none>
  Background_CR_loose_HIGH_bin_1-9    1.0336e+02    1.0336e+02 +/-  1.03e+01  <none>
  Background_CR_loose_HIGH_bin_2-1    5.7586e+02    5.7588e+02 +/-  6.81e+01  <none>
  Background_CR_loose_HIGH_bin_2-10    5.0495e+01    5.0495e+01 +/-  8.16e+00  <none>
  Background_CR_loose_HIGH_bin_2-11    4.8000e+01    4.8000e+01 +/-  7.56e+00  <none>
  Background_CR_loose_HIGH_bin_2-12    3.0225e+01    3.0223e+01 +/-  6.11e+00  <none>
  Background_CR_loose_HIGH_bin_2-13    1.5008e+01    1.5009e+01 +/-  4.43e+00  <none>
  Background_CR_loose_HIGH_bin_2-2    9.9058e+02    9.9059e+02 +/-  7.33e+01  <none>
  Background_CR_loose_HIGH_bin_2-3    1.0071e+03    1.0071e+03 +/-  5.99e+01  <none>
  Background_CR_loose_HIGH_bin_2-4    8.0431e+02    8.0432e+02 +/-  4.53e+01  <none>
  Background_CR_loose_HIGH_bin_2-5    5.8665e+02    5.8665e+02 +/-  3.35e+01  <none>
  Background_CR_loose_HIGH_bin_2-6    3.7747e+02    3.7747e+02 +/-  2.53e+01  <none>
  Background_CR_loose_HIGH_bin_2-7    2.1074e+02    2.1074e+02 +/-  1.77e+01  <none>
  Background_CR_loose_HIGH_bin_2-8    1.6092e+02    1.6092e+02 +/-  1.48e+01  <none>
  Background_CR_loose_HIGH_bin_2-9    1.1412e+02    1.1412e+02 +/-  1.19e+01  <none>
  Background_CR_loose_HIGH_bin_3-1    2.7600e+02    2.7600e+02 +/-  5.80e+01  <none>
  Background_CR_loose_HIGH_bin_3-10    8.9290e+01    8.9291e+01 +/-  1.03e+01  <none>
  Background_CR_loose_HIGH_bin_3-11    3.6342e+01    3.6340e+01 +/-  7.30e+00  <none>
  Background_CR_loose_HIGH_bin_3-12    3.8877e+01    3.8880e+01 +/-  6.75e+00  <none>
  Background_CR_loose_HIGH_bin_3-13    2.6274e+01    2.6271e+01 +/-  5.39e+00  <none>
  Background_CR_loose_HIGH_bin_3-2    6.3155e+02    6.3154e+02 +/-  7.06e+01  <none>
  Background_CR_loose_HIGH_bin_3-3    7.8692e+02    7.8693e+02 +/-  6.49e+01  <none>
  Background_CR_loose_HIGH_bin_3-4    5.9814e+02    5.9814e+02 +/-  4.90e+01  <none>
  Background_CR_loose_HIGH_bin_3-5    4.7584e+02    4.7584e+02 +/-  3.68e+01  <none>
  Background_CR_loose_HIGH_bin_3-6    3.4065e+02    3.4066e+02 +/-  2.70e+01  <none>
  Background_CR_loose_HIGH_bin_3-7    2.1392e+02    2.1393e+02 +/-  1.98e+01  <none>
  Background_CR_loose_HIGH_bin_3-8    1.1357e+02    1.1358e+02 +/-  1.44e+01  <none>
  Background_CR_loose_HIGH_bin_3-9    8.9493e+01    8.9493e+01 +/-  1.18e+01  <none>
  Background_CR_loose_HIGH_bin_4-1    1.6568e+02    1.6567e+02 +/-  2.90e+01  <none>
  Background_CR_loose_HIGH_bin_4-10    7.1887e+01    7.1889e+01 +/-  8.63e+00  <none>
  Background_CR_loose_HIGH_bin_4-11    3.3862e+01    3.3863e+01 +/-  6.27e+00  <none>
  Background_CR_loose_HIGH_bin_4-12    3.0695e+01    3.0695e+01 +/-  5.62e+00  <none>
  Background_CR_loose_HIGH_bin_4-13    1.1068e+01    1.1068e+01 +/-  3.73e+00  <none>
  Background_CR_loose_HIGH_bin_4-2    4.4125e+02    4.4126e+02 +/-  4.10e+01  <none>
  Background_CR_loose_HIGH_bin_4-3    5.0900e+02    5.0899e+02 +/-  3.71e+01  <none>
  Background_CR_loose_HIGH_bin_4-4    4.5306e+02    4.5305e+02 +/-  3.29e+01  <none>
  Background_CR_loose_HIGH_bin_4-5    4.1814e+02    4.1814e+02 +/-  2.67e+01  <none>
  Background_CR_loose_HIGH_bin_4-6    2.4941e+02    2.4940e+02 +/-  2.06e+01  <none>
  Background_CR_loose_HIGH_bin_4-7    2.0396e+02    2.0396e+02 +/-  1.65e+01  <none>
  Background_CR_loose_HIGH_bin_4-8    1.3884e+02    1.3884e+02 +/-  1.29e+01  <none>
  Background_CR_loose_HIGH_bin_4-9    8.8515e+01    8.8513e+01 +/-  9.89e+00  <none>
  Background_CR_loose_HIGH_bin_5-1    4.5351e+01    4.5352e+01 +/-  1.04e+01  <none>
  Background_CR_loose_HIGH_bin_5-10    5.5717e+01    5.5717e+01 +/-  7.39e+00  <none>
  Background_CR_loose_HIGH_bin_5-11    4.0483e+01    4.0483e+01 +/-  6.30e+00  <none>
  Background_CR_loose_HIGH_bin_5-12    1.9172e+01    1.9171e+01 +/-  4.39e+00  <none>
  Background_CR_loose_HIGH_bin_5-13    8.0560e+00    8.0569e+00 +/-  3.02e+00  <none>
  Background_CR_loose_HIGH_bin_5-2    1.9013e+02    1.9014e+02 +/-  1.86e+01  <none>
  Background_CR_loose_HIGH_bin_5-3    3.1001e+02    3.1001e+02 +/-  2.02e+01  <none>
  Background_CR_loose_HIGH_bin_5-4    3.0815e+02    3.0815e+02 +/-  1.99e+01  <none>
  Background_CR_loose_HIGH_bin_5-5    3.1429e+02    3.1428e+02 +/-  1.84e+01  <none>
  Background_CR_loose_HIGH_bin_5-6    2.3413e+02    2.3413e+02 +/-  1.57e+01  <none>
  Background_CR_loose_HIGH_bin_5-7    1.8058e+02    1.8058e+02 +/-  1.34e+01  <none>
  Background_CR_loose_HIGH_bin_5-8    1.3152e+02    1.3153e+02 +/-  1.13e+01  <none>
  Background_CR_loose_HIGH_bin_5-9    7.1386e+01    7.1385e+01 +/-  8.42e+00  <none>
  Background_CR_loose_HIGH_bin_6-1    3.0512e+01    3.0512e+01 +/-  5.88e+00  <none>
  Background_CR_loose_HIGH_bin_6-10    4.9066e+01    4.9065e+01 +/-  6.75e+00  <none>
  Background_CR_loose_HIGH_bin_6-11    3.5914e+01    3.5912e+01 +/-  5.82e+00  <none>
  Background_CR_loose_HIGH_bin_6-12    3.0903e+01    3.0903e+01 +/-  5.29e+00  <none>
  Background_CR_loose_HIGH_bin_6-13    2.3916e+01    2.3916e+01 +/-  4.63e+00  <none>
  Background_CR_loose_HIGH_bin_6-2    8.5754e+01    8.5753e+01 +/-  1.02e+01  <none>
  Background_CR_loose_HIGH_bin_6-3    1.7968e+02    1.7967e+02 +/-  1.44e+01  <none>
  Background_CR_loose_HIGH_bin_6-4    2.3013e+02    2.3013e+02 +/-  1.54e+01  <none>
  Background_CR_loose_HIGH_bin_6-5    1.9539e+02    1.9538e+02 +/-  1.41e+01  <none>
  Background_CR_loose_HIGH_bin_6-6    1.6164e+02    1.6164e+02 +/-  1.25e+01  <none>
  Background_CR_loose_HIGH_bin_6-7    1.6648e+02    1.6648e+02 +/-  1.27e+01  <none>
  Background_CR_loose_HIGH_bin_6-8    9.0982e+01    9.0983e+01 +/-  9.35e+00  <none>
  Background_CR_loose_HIGH_bin_6-9    7.0875e+01    7.0877e+01 +/-  8.34e+00  <none>
  Background_CR_loose_LOW_bin_1-1    2.5529e+03    2.5529e+03 +/-  5.19e+01  <none>
  Background_CR_loose_LOW_bin_1-10    9.8502e+01    9.8501e+01 +/-  9.67e+00  <none>
  Background_CR_loose_LOW_bin_1-11    3.9078e+01    3.9092e+01 +/-  6.41e+00  <none>
  Background_CR_loose_LOW_bin_1-12    4.7487e+01    4.7487e+01 +/-  6.70e+00  <none>
  Background_CR_loose_LOW_bin_1-13    4.2853e+01    4.2853e+01 +/-  6.41e+00  <none>
  Background_CR_loose_LOW_bin_1-2    2.5038e+03    2.5038e+03 +/-  5.03e+01  <none>
  Background_CR_loose_LOW_bin_1-3    1.9559e+03    1.9559e+03 +/-  4.34e+01  <none>
  Background_CR_loose_LOW_bin_1-4    1.2274e+03    1.2274e+03 +/-  3.43e+01  <none>
  Background_CR_loose_LOW_bin_1-5    7.5592e+02    7.5592e+02 +/-  2.68e+01  <none>
  Background_CR_loose_LOW_bin_1-6    4.2764e+02    4.2764e+02 +/-  2.01e+01  <none>
  Background_CR_loose_LOW_bin_1-7    2.8759e+02    2.8759e+02 +/-  1.66e+01  <none>
  Background_CR_loose_LOW_bin_1-8    2.1767e+02    2.1766e+02 +/-  1.44e+01  <none>
  Background_CR_loose_LOW_bin_1-9    1.5312e+02    1.5312e+02 +/-  1.21e+01  <none>
  Background_CR_loose_LOW_bin_2-1    2.3177e+03    2.3177e+03 +/-  5.66e+01  <none>
  Background_CR_loose_LOW_bin_2-10    8.2279e+01    8.2307e+01 +/-  9.60e+00  <none>
  Background_CR_loose_LOW_bin_2-11    7.4742e+01    7.4745e+01 +/-  8.95e+00  <none>
  Background_CR_loose_LOW_bin_2-12    4.0970e+01    4.0974e+01 +/-  6.86e+00  <none>
  Background_CR_loose_LOW_bin_2-13    2.5317e+01    2.5306e+01 +/-  5.48e+00  <none>
  Background_CR_loose_LOW_bin_2-2    2.3488e+03    2.3487e+03 +/-  5.46e+01  <none>
  Background_CR_loose_LOW_bin_2-3    1.9110e+03    1.9110e+03 +/-  4.61e+01  <none>
  Background_CR_loose_LOW_bin_2-4    1.1557e+03    1.1557e+03 +/-  3.53e+01  <none>
  Background_CR_loose_LOW_bin_2-5    7.0741e+02    7.0742e+02 +/-  2.77e+01  <none>
  Background_CR_loose_LOW_bin_2-6    4.3269e+02    4.3269e+02 +/-  2.18e+01  <none>
  Background_CR_loose_LOW_bin_2-7    2.7206e+02    2.7204e+02 +/-  1.71e+01  <none>
  Background_CR_loose_LOW_bin_2-8    1.8086e+02    1.8086e+02 +/-  1.43e+01  <none>
  Background_CR_loose_LOW_bin_2-9    1.4470e+02    1.4470e+02 +/-  1.25e+01  <none>
  Background_CR_loose_LOW_bin_3-1    2.2887e+03    2.2887e+03 +/-  5.99e+01  <none>
  Background_CR_loose_LOW_bin_3-10    8.3511e+01    8.3513e+01 +/-  9.64e+00  <none>
  Background_CR_loose_LOW_bin_3-11    4.9171e+01    4.9173e+01 +/-  7.41e+00  <none>
  Background_CR_loose_LOW_bin_3-12    4.4806e+01    4.4807e+01 +/-  6.90e+00  <none>
  Background_CR_loose_LOW_bin_3-13    2.7406e+01    2.7402e+01 +/-  5.51e+00  <none>
  Background_CR_loose_LOW_bin_3-2    2.2918e+03    2.2918e+03 +/-  5.60e+01  <none>
  Background_CR_loose_LOW_bin_3-3    1.7149e+03    1.7149e+03 +/-  4.47e+01  <none>
  Background_CR_loose_LOW_bin_3-4    1.1925e+03    1.1925e+03 +/-  3.60e+01  <none>
  Background_CR_loose_LOW_bin_3-5    7.0256e+02    7.0257e+02 +/-  2.75e+01  <none>
  Background_CR_loose_LOW_bin_3-6    3.9058e+02    3.9058e+02 +/-  2.06e+01  <none>
  Background_CR_loose_LOW_bin_3-7    2.4499e+02    2.4499e+02 +/-  1.61e+01  <none>
  Background_CR_loose_LOW_bin_3-8    1.4565e+02    1.4564e+02 +/-  1.27e+01  <none>
  Background_CR_loose_LOW_bin_3-9    1.0948e+02    1.0948e+02 +/-  1.09e+01  <none>
  Background_CR_loose_SIG_bin_1-1    1.9708e+03    1.9708e+03 +/-  5.86e+01  <none>
  Background_CR_loose_SIG_bin_1-10    8.1858e+01    8.1859e+01 +/-  9.03e+00  <none>
  Background_CR_loose_SIG_bin_1-11    5.3059e+01    5.3057e+01 +/-  7.11e+00  <none>
  Background_CR_loose_SIG_bin_1-12    3.2879e+01    3.2880e+01 +/-  5.68e+00  <none>
  Background_CR_loose_SIG_bin_1-13    1.8953e+01    1.8951e+01 +/-  4.39e+00  <none>
  Background_CR_loose_SIG_bin_1-2    2.0846e+03    2.0847e+03 +/-  5.47e+01  <none>
  Background_CR_loose_SIG_bin_1-3    1.7374e+03    1.7375e+03 +/-  4.51e+01  <none>
  Background_CR_loose_SIG_bin_1-4    1.1654e+03    1.1654e+03 +/-  3.49e+01  <none>
  Background_CR_loose_SIG_bin_1-5    6.1550e+02    6.1550e+02 +/-  2.54e+01  <none>
  Background_CR_loose_SIG_bin_1-6    4.3606e+02    4.3606e+02 +/-  2.06e+01  <none>
  Background_CR_loose_SIG_bin_1-7    2.4265e+02    2.4266e+02 +/-  1.53e+01  <none>
  Background_CR_loose_SIG_bin_1-8    1.6005e+02    1.6005e+02 +/-  1.27e+01  <none>
  Background_CR_loose_SIG_bin_1-9    8.7743e+01    8.7744e+01 +/-  9.72e+00  <none>
  Background_CR_loose_SIG_bin_2-1    1.6050e+03    1.6050e+03 +/-  6.05e+01  <none>
  Background_CR_loose_SIG_bin_2-10    5.5375e+01    5.5377e+01 +/-  8.22e+00  <none>
  Background_CR_loose_SIG_bin_2-11    4.1443e+01    4.1444e+01 +/-  6.53e+00  <none>
  Background_CR_loose_SIG_bin_2-12    4.3247e+01    4.3246e+01 +/-  6.41e+00  <none>
  Background_CR_loose_SIG_bin_2-13    1.3633e+01    1.3633e+01 +/-  3.71e+00  <none>
  Background_CR_loose_SIG_bin_2-2    2.0150e+03    2.0150e+03 +/-  5.79e+01  <none>
  Background_CR_loose_SIG_bin_2-3    1.6235e+03    1.6235e+03 +/-  4.57e+01  <none>
  Background_CR_loose_SIG_bin_2-4    1.0356e+03    1.0356e+03 +/-  3.45e+01  <none>
  Background_CR_loose_SIG_bin_2-5    5.9998e+02    5.9998e+02 +/-  2.50e+01  <none>
  Background_CR_loose_SIG_bin_2-6    4.1382e+02    4.1382e+02 +/-  2.05e+01  <none>
  Background_CR_loose_SIG_bin_2-7    2.6511e+02    2.6511e+02 +/-  1.63e+01  <none>
  Background_CR_loose_SIG_bin_2-8    1.5405e+02    1.5405e+02 +/-  1.24e+01  <none>
  Background_CR_loose_SIG_bin_2-9    1.0191e+02    1.0191e+02 +/-  1.06e+01  <none>
  Background_CR_loose_SIG_bin_3-1    1.5342e+03    1.5342e+03 +/-  6.17e+01  <none>
  Background_CR_loose_SIG_bin_3-10    3.6709e+01    3.6708e+01 +/-  7.14e+00  <none>
  Background_CR_loose_SIG_bin_3-11    4.4527e+01    4.4527e+01 +/-  6.69e+00  <none>
  Background_CR_loose_SIG_bin_3-12    3.8286e+01    3.8288e+01 +/-  6.24e+00  <none>
  Background_CR_loose_SIG_bin_3-13    2.0446e+01    2.0446e+01 +/-  4.53e+00  <none>
  Background_CR_loose_SIG_bin_3-2    1.6453e+03    1.6453e+03 +/-  5.60e+01  <none>
  Background_CR_loose_SIG_bin_3-3    1.4794e+03    1.4794e+03 +/-  4.64e+01  <none>
  Background_CR_loose_SIG_bin_3-4    9.6826e+02    9.6827e+02 +/-  3.47e+01  <none>
  Background_CR_loose_SIG_bin_3-5    6.3991e+02    6.3991e+02 +/-  2.67e+01  <none>
  Background_CR_loose_SIG_bin_3-6    4.0118e+02    4.0118e+02 +/-  2.04e+01  <none>
  Background_CR_loose_SIG_bin_3-7    1.9866e+02    1.9866e+02 +/-  1.46e+01  <none>
  Background_CR_loose_SIG_bin_3-8    1.4155e+02    1.4155e+02 +/-  1.21e+01  <none>
  Background_CR_loose_SIG_bin_3-9    1.0069e+02    1.0069e+02 +/-  1.03e+01  <none>
  Background_CR_rpf_3x2_par0    4.3573e-01    4.3573e-01 +/-  4.14e-02  <none>
  Background_CR_rpf_3x2_par1    5.4837e-01    5.4837e-01 +/-  9.01e-02  <none>
  Background_CR_rpf_3x2_par2   -5.5656e-01   -5.5655e-01 +/-  1.90e-01  <none>
  Background_CR_rpf_3x2_par3    2.2632e-01    2.2634e-01 +/-  1.50e-01  <none>
  Background_CR_rpf_3x2_par4    2.8994e-01    2.8994e-01 +/-  2.62e-02  <none>
  Background_CR_rpf_3x2_par5   -4.5198e-02   -4.5198e-02 +/-  1.87e-02  <none>
               PNetTop   -5.9404e-02   -5.9123e-02 +/-  8.76e-01  <none>
               PNetXbb    6.8937e-02    8.3123e-02 +/-  8.39e-01  <none>
                Pileup    4.1181e-02    4.0660e-02 +/-  1.04e+00  <none>
               Prefire   -1.4351e-03   -3.2348e-03 +/-  2.07e-01  <none>
           TptReweight    1.5175e-01    1.5166e-01 +/-  1.03e+00  <none>
                   jer   -5.7064e-01   -5.7350e-01 +/-  6.99e-01  <none>
                   jes    1.3485e+00    1.3487e+00 +/-  5.48e-01  <none>
                   jmr   -1.3992e-01   -1.3984e-01 +/-  6.22e-01  <none>
                   jms   -9.7378e-02   -9.7296e-02 +/-  7.03e-01  <none>
                  lumi    3.7602e-02    3.7727e-02 +/-  9.97e-01  <none>
                   pdf    1.7028e-01    1.7027e-01 +/-  9.80e-01  <none>
                     r    1.3437e+00    1.3434e+00 +/-  5.47e-01  <none>
            ttbar_xsec    9.8298e-01    9.8296e-01 +/-  6.32e-01  <none>
                w_xsec   -9.9356e-02   -9.9660e-02 +/-  9.87e-01  <none>
                z_xsec   -4.4450e-01   -4.4458e-01 +/-  7.90e-01  <none>

Robus Fit for POI 
Set default minimizer to Minuit2, algorithm Migrad, tolerance 0.1
Searching for crossing at nll = -8591.27 in the interval 1.34337, 5
      r      lvl-here  lvl-there   stepping
1.709035    +0.29247  +0.49448    0.365663
2.074698    -0.26022  +0.29247    0.365663
1.818734    +0.15889  -0.26022    0.109699
1.928433    -0.00330  +0.15889    0.109699
1.851644    +0.11350  -0.00330    0.032910
1.884553    +0.06508  +0.11350    0.032910
1.917463    +0.01420  +0.06508    0.032910
1.950373    -0.03918  +0.01420    0.032910
1.927336    -0.00155  -0.03918    0.009873
1.920425    +0.00950  -0.00155    0.002962
1.923387    +0.00478  +0.00950    0.002962
1.926349    +0.00004  +0.00478    0.002962
Set default minimizer to Minuit2, algorithm Migrad, tolerance 0.1
Searching for crossing at nll = -8591.27 in the interval 1.34337, -1
      r      lvl-here  lvl-there   stepping
1.109035    +0.40685  +0.49448    -0.234337
0.874698    +0.14413  +0.40685    -0.234337
0.640361    -0.31710  +0.14413    -0.234337
0.804397    +0.02671  -0.31710    -0.070301
0.734096    -0.10868  +0.02671    -0.070301
0.783306    -0.01206  -0.10868    -0.021090
0.798070    +0.01527  -0.01206    -0.006327
0.791743    +0.00367  +0.01527    -0.006327
0.785415    -0.00808  +0.00367    -0.006327
0.789844    +0.00016  -0.00808    -0.001898

  RooFitResult: minimized FCN value: -0.000285545, estimated distance to minimum: 1.37937e-05
                covariance matrix quality: Full matrix, but forced positive-definite
                Status : MINIMIZE=1 HESSE=1 

    Constant Parameter    Value     
  --------------------  ------------
            PNetTop_In    0.0000e+00
            PNetXbb_In    0.0000e+00
             Pileup_In    0.0000e+00
            Prefire_In    0.0000e+00
        TptReweight_In    0.0000e+00
                jer_In    0.0000e+00
                jes_In    0.0000e+00
                jmr_In    0.0000e+00
                jms_In    0.0000e+00
               lumi_In    0.0000e+00
  n_exp_binCR_loose_HIGH_proc_Background    1.0000e+00
  n_exp_binCR_loose_LOW_proc_Background    1.0000e+00
  n_exp_binCR_loose_SIG_proc_Background    1.0000e+00
  n_exp_binCR_pass_HIGH_proc_Background_3x2    1.0000e+00
  n_exp_binCR_pass_LOW_proc_Background_3x2    1.0000e+00
  n_exp_binCR_pass_SIG_proc_Background_3x2    1.0000e+00
                pdf_In    0.0000e+00
         ttbar_xsec_In    0.0000e+00
             w_xsec_In    0.0000e+00
             z_xsec_In    0.0000e+00

    Floating Parameter  InitialValue    FinalValue (+HiError,-LoError)    GblCorr.
  --------------------  ------------  ----------------------------------  --------
  Background_CR_loose_HIGH_bin_1-1    1.0203e+03    1.0203e+03         +/-  6.08e+01  <none>
  Background_CR_loose_HIGH_bin_1-10    6.6947e+01    6.6948e+01         +/-  8.28e+00  <none>
  Background_CR_loose_HIGH_bin_1-11    4.5964e+01    4.5963e+01         +/-  6.79e+00  <none>
  Background_CR_loose_HIGH_bin_1-12    4.0667e+01    4.0667e+01         +/-  6.33e+00  <none>
  Background_CR_loose_HIGH_bin_1-13    9.9987e+00    9.9935e+00         +/-  3.38e+00  <none>
  Background_CR_loose_HIGH_bin_1-2    1.4092e+03    1.4092e+03         +/-  6.03e+01  <none>
  Background_CR_loose_HIGH_bin_1-3    1.2648e+03    1.2648e+03         +/-  4.81e+01  <none>
  Background_CR_loose_HIGH_bin_1-4    9.6541e+02    9.6541e+02         +/-  3.72e+01  <none>
  Background_CR_loose_HIGH_bin_1-5    6.1858e+02    6.1858e+02         +/-  2.77e+01  <none>
  Background_CR_loose_HIGH_bin_1-6    3.4290e+02    3.4289e+02         +/-  1.98e+01  <none>
  Background_CR_loose_HIGH_bin_1-7    2.6061e+02    2.6062e+02         +/-  1.67e+01  <none>
  Background_CR_loose_HIGH_bin_1-8    1.3651e+02    1.3651e+02         +/-  1.21e+01  <none>
  Background_CR_loose_HIGH_bin_1-9    1.0336e+02    1.0336e+02         +/-  1.03e+01  <none>
  Background_CR_loose_HIGH_bin_2-1    5.7586e+02    5.7588e+02         +/-  6.81e+01  <none>
  Background_CR_loose_HIGH_bin_2-10    5.0495e+01    5.0495e+01         +/-  8.16e+00  <none>
  Background_CR_loose_HIGH_bin_2-11    4.8000e+01    4.8000e+01         +/-  7.56e+00  <none>
  Background_CR_loose_HIGH_bin_2-12    3.0225e+01    3.0223e+01         +/-  6.11e+00  <none>
  Background_CR_loose_HIGH_bin_2-13    1.5008e+01    1.5009e+01         +/-  4.43e+00  <none>
  Background_CR_loose_HIGH_bin_2-2    9.9058e+02    9.9059e+02         +/-  7.33e+01  <none>
  Background_CR_loose_HIGH_bin_2-3    1.0071e+03    1.0071e+03         +/-  5.99e+01  <none>
  Background_CR_loose_HIGH_bin_2-4    8.0431e+02    8.0432e+02         +/-  4.53e+01  <none>
  Background_CR_loose_HIGH_bin_2-5    5.8665e+02    5.8665e+02         +/-  3.35e+01  <none>
  Background_CR_loose_HIGH_bin_2-6    3.7747e+02    3.7747e+02         +/-  2.53e+01  <none>
  Background_CR_loose_HIGH_bin_2-7    2.1074e+02    2.1074e+02         +/-  1.77e+01  <none>
  Background_CR_loose_HIGH_bin_2-8    1.6092e+02    1.6092e+02         +/-  1.48e+01  <none>
  Background_CR_loose_HIGH_bin_2-9    1.1412e+02    1.1412e+02         +/-  1.19e+01  <none>
  Background_CR_loose_HIGH_bin_3-1    2.7600e+02    2.7600e+02         +/-  5.80e+01  <none>
  Background_CR_loose_HIGH_bin_3-10    8.9290e+01    8.9291e+01         +/-  1.03e+01  <none>
  Background_CR_loose_HIGH_bin_3-11    3.6342e+01    3.6340e+01         +/-  7.30e+00  <none>
  Background_CR_loose_HIGH_bin_3-12    3.8877e+01    3.8880e+01         +/-  6.75e+00  <none>
  Background_CR_loose_HIGH_bin_3-13    2.6274e+01    2.6271e+01         +/-  5.39e+00  <none>
  Background_CR_loose_HIGH_bin_3-2    6.3155e+02    6.3154e+02         +/-  7.06e+01  <none>
  Background_CR_loose_HIGH_bin_3-3    7.8692e+02    7.8693e+02         +/-  6.49e+01  <none>
  Background_CR_loose_HIGH_bin_3-4    5.9814e+02    5.9814e+02         +/-  4.90e+01  <none>
  Background_CR_loose_HIGH_bin_3-5    4.7584e+02    4.7584e+02         +/-  3.68e+01  <none>
  Background_CR_loose_HIGH_bin_3-6    3.4065e+02    3.4066e+02         +/-  2.70e+01  <none>
  Background_CR_loose_HIGH_bin_3-7    2.1392e+02    2.1393e+02         +/-  1.98e+01  <none>
  Background_CR_loose_HIGH_bin_3-8    1.1357e+02    1.1358e+02         +/-  1.44e+01  <none>
  Background_CR_loose_HIGH_bin_3-9    8.9493e+01    8.9493e+01         +/-  1.18e+01  <none>
  Background_CR_loose_HIGH_bin_4-1    1.6568e+02    1.6567e+02         +/-  2.90e+01  <none>
  Background_CR_loose_HIGH_bin_4-10    7.1887e+01    7.1889e+01         +/-  8.63e+00  <none>
  Background_CR_loose_HIGH_bin_4-11    3.3862e+01    3.3863e+01         +/-  6.27e+00  <none>
  Background_CR_loose_HIGH_bin_4-12    3.0695e+01    3.0695e+01         +/-  5.62e+00  <none>
  Background_CR_loose_HIGH_bin_4-13    1.1068e+01    1.1068e+01         +/-  3.73e+00  <none>
  Background_CR_loose_HIGH_bin_4-2    4.4125e+02    4.4126e+02         +/-  4.10e+01  <none>
  Background_CR_loose_HIGH_bin_4-3    5.0900e+02    5.0899e+02         +/-  3.71e+01  <none>
  Background_CR_loose_HIGH_bin_4-4    4.5306e+02    4.5305e+02         +/-  3.29e+01  <none>
  Background_CR_loose_HIGH_bin_4-5    4.1814e+02    4.1814e+02         +/-  2.67e+01  <none>
  Background_CR_loose_HIGH_bin_4-6    2.4941e+02    2.4940e+02         +/-  2.06e+01  <none>
  Background_CR_loose_HIGH_bin_4-7    2.0396e+02    2.0396e+02         +/-  1.65e+01  <none>
  Background_CR_loose_HIGH_bin_4-8    1.3884e+02    1.3884e+02         +/-  1.29e+01  <none>
  Background_CR_loose_HIGH_bin_4-9    8.8515e+01    8.8513e+01         +/-  9.89e+00  <none>
  Background_CR_loose_HIGH_bin_5-1    4.5351e+01    4.5352e+01         +/-  1.04e+01  <none>
  Background_CR_loose_HIGH_bin_5-10    5.5717e+01    5.5717e+01         +/-  7.39e+00  <none>
  Background_CR_loose_HIGH_bin_5-11    4.0483e+01    4.0483e+01         +/-  6.30e+00  <none>
  Background_CR_loose_HIGH_bin_5-12    1.9172e+01    1.9171e+01         +/-  4.39e+00  <none>
  Background_CR_loose_HIGH_bin_5-13    8.0560e+00    8.0569e+00         +/-  3.02e+00  <none>
  Background_CR_loose_HIGH_bin_5-2    1.9013e+02    1.9014e+02         +/-  1.86e+01  <none>
  Background_CR_loose_HIGH_bin_5-3    3.1001e+02    3.1001e+02         +/-  2.02e+01  <none>
  Background_CR_loose_HIGH_bin_5-4    3.0815e+02    3.0815e+02         +/-  1.99e+01  <none>
  Background_CR_loose_HIGH_bin_5-5    3.1429e+02    3.1428e+02         +/-  1.84e+01  <none>
  Background_CR_loose_HIGH_bin_5-6    2.3413e+02    2.3413e+02         +/-  1.57e+01  <none>
  Background_CR_loose_HIGH_bin_5-7    1.8058e+02    1.8058e+02         +/-  1.34e+01  <none>
  Background_CR_loose_HIGH_bin_5-8    1.3152e+02    1.3153e+02         +/-  1.13e+01  <none>
  Background_CR_loose_HIGH_bin_5-9    7.1386e+01    7.1385e+01         +/-  8.42e+00  <none>
  Background_CR_loose_HIGH_bin_6-1    3.0512e+01    3.0512e+01         +/-  5.88e+00  <none>
  Background_CR_loose_HIGH_bin_6-10    4.9066e+01    4.9065e+01         +/-  6.75e+00  <none>
  Background_CR_loose_HIGH_bin_6-11    3.5914e+01    3.5912e+01         +/-  5.82e+00  <none>
  Background_CR_loose_HIGH_bin_6-12    3.0903e+01    3.0903e+01         +/-  5.29e+00  <none>
  Background_CR_loose_HIGH_bin_6-13    2.3916e+01    2.3916e+01         +/-  4.63e+00  <none>
  Background_CR_loose_HIGH_bin_6-2    8.5754e+01    8.5753e+01         +/-  1.02e+01  <none>
  Background_CR_loose_HIGH_bin_6-3    1.7968e+02    1.7967e+02         +/-  1.44e+01  <none>
  Background_CR_loose_HIGH_bin_6-4    2.3013e+02    2.3013e+02         +/-  1.54e+01  <none>
  Background_CR_loose_HIGH_bin_6-5    1.9539e+02    1.9538e+02         +/-  1.41e+01  <none>
  Background_CR_loose_HIGH_bin_6-6    1.6164e+02    1.6164e+02         +/-  1.25e+01  <none>
  Background_CR_loose_HIGH_bin_6-7    1.6648e+02    1.6648e+02         +/-  1.27e+01  <none>
  Background_CR_loose_HIGH_bin_6-8    9.0982e+01    9.0983e+01         +/-  9.35e+00  <none>
  Background_CR_loose_HIGH_bin_6-9    7.0875e+01    7.0877e+01         +/-  8.34e+00  <none>
  Background_CR_loose_LOW_bin_1-1    2.5529e+03    2.5529e+03         +/-  5.19e+01  <none>
  Background_CR_loose_LOW_bin_1-10    9.8502e+01    9.8501e+01         +/-  9.67e+00  <none>
  Background_CR_loose_LOW_bin_1-11    3.9078e+01    3.9092e+01         +/-  6.41e+00  <none>
  Background_CR_loose_LOW_bin_1-12    4.7487e+01    4.7487e+01         +/-  6.70e+00  <none>
  Background_CR_loose_LOW_bin_1-13    4.2853e+01    4.2853e+01         +/-  6.41e+00  <none>
  Background_CR_loose_LOW_bin_1-2    2.5038e+03    2.5038e+03         +/-  5.03e+01  <none>
  Background_CR_loose_LOW_bin_1-3    1.9559e+03    1.9559e+03         +/-  4.34e+01  <none>
  Background_CR_loose_LOW_bin_1-4    1.2274e+03    1.2274e+03         +/-  3.43e+01  <none>
  Background_CR_loose_LOW_bin_1-5    7.5592e+02    7.5592e+02         +/-  2.68e+01  <none>
  Background_CR_loose_LOW_bin_1-6    4.2764e+02    4.2764e+02         +/-  2.01e+01  <none>
  Background_CR_loose_LOW_bin_1-7    2.8759e+02    2.8759e+02         +/-  1.66e+01  <none>
  Background_CR_loose_LOW_bin_1-8    2.1767e+02    2.1766e+02         +/-  1.44e+01  <none>
  Background_CR_loose_LOW_bin_1-9    1.5312e+02    1.5312e+02         +/-  1.21e+01  <none>
  Background_CR_loose_LOW_bin_2-1    2.3177e+03    2.3177e+03         +/-  5.66e+01  <none>
  Background_CR_loose_LOW_bin_2-10    8.2279e+01    8.2307e+01         +/-  9.60e+00  <none>
  Background_CR_loose_LOW_bin_2-11    7.4742e+01    7.4745e+01         +/-  8.95e+00  <none>
  Background_CR_loose_LOW_bin_2-12    4.0970e+01    4.0974e+01         +/-  6.86e+00  <none>
  Background_CR_loose_LOW_bin_2-13    2.5317e+01    2.5306e+01         +/-  5.48e+00  <none>
  Background_CR_loose_LOW_bin_2-2    2.3488e+03    2.3487e+03         +/-  5.46e+01  <none>
  Background_CR_loose_LOW_bin_2-3    1.9110e+03    1.9110e+03         +/-  4.61e+01  <none>
  Background_CR_loose_LOW_bin_2-4    1.1557e+03    1.1557e+03         +/-  3.53e+01  <none>
  Background_CR_loose_LOW_bin_2-5    7.0741e+02    7.0742e+02         +/-  2.77e+01  <none>
  Background_CR_loose_LOW_bin_2-6    4.3269e+02    4.3269e+02         +/-  2.18e+01  <none>
  Background_CR_loose_LOW_bin_2-7    2.7206e+02    2.7204e+02         +/-  1.71e+01  <none>
  Background_CR_loose_LOW_bin_2-8    1.8086e+02    1.8086e+02         +/-  1.43e+01  <none>
  Background_CR_loose_LOW_bin_2-9    1.4470e+02    1.4470e+02         +/-  1.25e+01  <none>
  Background_CR_loose_LOW_bin_3-1    2.2887e+03    2.2887e+03         +/-  5.99e+01  <none>
  Background_CR_loose_LOW_bin_3-10    8.3511e+01    8.3513e+01         +/-  9.64e+00  <none>
  Background_CR_loose_LOW_bin_3-11    4.9171e+01    4.9173e+01         +/-  7.41e+00  <none>
  Background_CR_loose_LOW_bin_3-12    4.4806e+01    4.4807e+01         +/-  6.90e+00  <none>
  Background_CR_loose_LOW_bin_3-13    2.7406e+01    2.7402e+01         +/-  5.51e+00  <none>
  Background_CR_loose_LOW_bin_3-2    2.2918e+03    2.2918e+03         +/-  5.60e+01  <none>
  Background_CR_loose_LOW_bin_3-3    1.7149e+03    1.7149e+03         +/-  4.47e+01  <none>
  Background_CR_loose_LOW_bin_3-4    1.1925e+03    1.1925e+03         +/-  3.60e+01  <none>
  Background_CR_loose_LOW_bin_3-5    7.0256e+02    7.0257e+02         +/-  2.75e+01  <none>
  Background_CR_loose_LOW_bin_3-6    3.9058e+02    3.9058e+02         +/-  2.06e+01  <none>
  Background_CR_loose_LOW_bin_3-7    2.4499e+02    2.4499e+02         +/-  1.61e+01  <none>
  Background_CR_loose_LOW_bin_3-8    1.4565e+02    1.4564e+02         +/-  1.27e+01  <none>
  Background_CR_loose_LOW_bin_3-9    1.0948e+02    1.0948e+02         +/-  1.09e+01  <none>
  Background_CR_loose_SIG_bin_1-1    1.9708e+03    1.9708e+03         +/-  5.86e+01  <none>
  Background_CR_loose_SIG_bin_1-10    8.1858e+01    8.1859e+01         +/-  9.03e+00  <none>
  Background_CR_loose_SIG_bin_1-11    5.3059e+01    5.3057e+01         +/-  7.11e+00  <none>
  Background_CR_loose_SIG_bin_1-12    3.2879e+01    3.2880e+01         +/-  5.68e+00  <none>
  Background_CR_loose_SIG_bin_1-13    1.8953e+01    1.8951e+01         +/-  4.39e+00  <none>
  Background_CR_loose_SIG_bin_1-2    2.0846e+03    2.0847e+03         +/-  5.47e+01  <none>
  Background_CR_loose_SIG_bin_1-3    1.7374e+03    1.7375e+03         +/-  4.51e+01  <none>
  Background_CR_loose_SIG_bin_1-4    1.1654e+03    1.1654e+03         +/-  3.49e+01  <none>
  Background_CR_loose_SIG_bin_1-5    6.1550e+02    6.1550e+02         +/-  2.54e+01  <none>
  Background_CR_loose_SIG_bin_1-6    4.3606e+02    4.3606e+02         +/-  2.06e+01  <none>
  Background_CR_loose_SIG_bin_1-7    2.4265e+02    2.4266e+02         +/-  1.53e+01  <none>
  Background_CR_loose_SIG_bin_1-8    1.6005e+02    1.6005e+02         +/-  1.27e+01  <none>
  Background_CR_loose_SIG_bin_1-9    8.7743e+01    8.7744e+01         +/-  9.72e+00  <none>
  Background_CR_loose_SIG_bin_2-1    1.6050e+03    1.6050e+03         +/-  6.05e+01  <none>
  Background_CR_loose_SIG_bin_2-10    5.5375e+01    5.5377e+01         +/-  8.22e+00  <none>
  Background_CR_loose_SIG_bin_2-11    4.1443e+01    4.1444e+01         +/-  6.53e+00  <none>
  Background_CR_loose_SIG_bin_2-12    4.3247e+01    4.3246e+01         +/-  6.41e+00  <none>
  Background_CR_loose_SIG_bin_2-13    1.3633e+01    1.3633e+01         +/-  3.71e+00  <none>
  Background_CR_loose_SIG_bin_2-2    2.0150e+03    2.0150e+03         +/-  5.79e+01  <none>
  Background_CR_loose_SIG_bin_2-3    1.6235e+03    1.6235e+03         +/-  4.57e+01  <none>
  Background_CR_loose_SIG_bin_2-4    1.0356e+03    1.0356e+03         +/-  3.45e+01  <none>
  Background_CR_loose_SIG_bin_2-5    5.9998e+02    5.9998e+02         +/-  2.50e+01  <none>
  Background_CR_loose_SIG_bin_2-6    4.1382e+02    4.1382e+02         +/-  2.05e+01  <none>
  Background_CR_loose_SIG_bin_2-7    2.6511e+02    2.6511e+02         +/-  1.63e+01  <none>
  Background_CR_loose_SIG_bin_2-8    1.5405e+02    1.5405e+02         +/-  1.24e+01  <none>
  Background_CR_loose_SIG_bin_2-9    1.0191e+02    1.0191e+02         +/-  1.06e+01  <none>
  Background_CR_loose_SIG_bin_3-1    1.5342e+03    1.5342e+03         +/-  6.17e+01  <none>
  Background_CR_loose_SIG_bin_3-10    3.6709e+01    3.6708e+01         +/-  7.14e+00  <none>
  Background_CR_loose_SIG_bin_3-11    4.4527e+01    4.4527e+01         +/-  6.69e+00  <none>
  Background_CR_loose_SIG_bin_3-12    3.8286e+01    3.8288e+01         +/-  6.24e+00  <none>
  Background_CR_loose_SIG_bin_3-13    2.0446e+01    2.0446e+01         +/-  4.53e+00  <none>
  Background_CR_loose_SIG_bin_3-2    1.6453e+03    1.6453e+03         +/-  5.60e+01  <none>
  Background_CR_loose_SIG_bin_3-3    1.4794e+03    1.4794e+03         +/-  4.64e+01  <none>
  Background_CR_loose_SIG_bin_3-4    9.6826e+02    9.6827e+02         +/-  3.47e+01  <none>
  Background_CR_loose_SIG_bin_3-5    6.3991e+02    6.3991e+02         +/-  2.67e+01  <none>
  Background_CR_loose_SIG_bin_3-6    4.0118e+02    4.0118e+02         +/-  2.04e+01  <none>
  Background_CR_loose_SIG_bin_3-7    1.9866e+02    1.9866e+02         +/-  1.46e+01  <none>
  Background_CR_loose_SIG_bin_3-8    1.4155e+02    1.4155e+02         +/-  1.21e+01  <none>
  Background_CR_loose_SIG_bin_3-9    1.0069e+02    1.0069e+02         +/-  1.03e+01  <none>
  Background_CR_rpf_3x2_par0    4.3573e-01    4.3573e-01         +/-  4.14e-02  <none>
  Background_CR_rpf_3x2_par1    5.4837e-01    5.4837e-01         +/-  9.01e-02  <none>
  Background_CR_rpf_3x2_par2   -5.5656e-01   -5.5655e-01         +/-  1.90e-01  <none>
  Background_CR_rpf_3x2_par3    2.2632e-01    2.2634e-01         +/-  1.50e-01  <none>
  Background_CR_rpf_3x2_par4    2.8994e-01    2.8994e-01         +/-  2.62e-02  <none>
  Background_CR_rpf_3x2_par5   -4.5198e-02   -4.5198e-02         +/-  1.87e-02  <none>
               PNetTop   -5.9404e-02   -5.9123e-02         +/-  8.76e-01  <none>
               PNetXbb    6.8937e-02    8.3123e-02         +/-  8.39e-01  <none>
                Pileup    4.1181e-02    4.0660e-02         +/-  1.04e+00  <none>
               Prefire   -1.4351e-03   -3.2348e-03         +/-  2.07e-01  <none>
           TptReweight    1.5175e-01    1.5166e-01         +/-  1.03e+00  <none>
                   jer   -5.7064e-01   -5.7350e-01         +/-  6.99e-01  <none>
                   jes    1.3485e+00    1.3487e+00         +/-  5.48e-01  <none>
                   jmr   -1.3992e-01   -1.3984e-01         +/-  6.22e-01  <none>
                   jms   -9.7378e-02   -9.7296e-02         +/-  7.03e-01  <none>
                  lumi    3.7602e-02    3.7727e-02         +/-  9.97e-01  <none>
                   pdf    1.7028e-01    1.7027e-01         +/-  9.80e-01  <none>
                     r    1.3437e+00    1.3434e+00 (+5.83e-01,-5.53e-01)  <none>
            ttbar_xsec    9.8298e-01    9.8296e-01         +/-  6.32e-01  <none>
                w_xsec   -9.9356e-02   -9.9660e-02         +/-  9.87e-01  <none>
                z_xsec   -4.4450e-01   -4.4458e-01         +/-  7.90e-01  <none>


 --- FitDiagnostics ---
Best fit r: 1.34337  -0.553372/+0.583013  (68% CL)
Done in 1.11 min (cpu), 1.11 min (real)
Printing Message Summary From ... combine_logger.out
----------------------------------------------
Messages of type INFO : 118
Messages of type DEBUG : 19
Messages of type ERROR : 2
----------------------------------------------
INFO: (function: applyOptionsBase) FitterAlgoBase.cc: 113 -- Setting robust fit options to Tolerance=0.1 / Strategy=0 / Type,Algo=Minuit2,Migrad (note that defaults of CascadeMinimizer were taken where option not specified)
INFO: (function: improveOnce) CascadeMinimizer.cc: 188 -- Minimisation configured with Type=Minuit2, Algo=Migrad, strategy=1, tolerance=0.1
INFO: (function: improveOnce) CascadeMinimizer.cc: 211 -- Minimisation finished with status=0
INFO: (function: improveOnce) CascadeMinimizer.cc: 216 -- Minimization success! status=0
INFO: (function: improveOnce) CascadeMinimizer.cc: 188 -- Minimisation configured with Type=Minuit2, Algo=Migrad, strategy=1, tolerance=0.1
INFO: (function: improveOnce) CascadeMinimizer.cc: 211 -- Minimisation finished with status=0
INFO: (function: improveOnce) CascadeMinimizer.cc: 216 -- Minimization success! status=0
INFO: (function: improveOnce) CascadeMinimizer.cc: 188 -- Minimisation configured with Type=Minuit2, Algo=Migrad, strategy=1, tolerance=0.1
INFO: (function: improveOnce) CascadeMinimizer.cc: 211 -- Minimisation finished with status=0
INFO: (function: improveOnce) CascadeMinimizer.cc: 216 -- Minimization success! status=0
INFO: (function: improveOnce) CascadeMinimizer.cc: 188 -- Minimisation configured with Type=Minuit2, Algo=Migrad, strategy=1, tolerance=0.1
INFO: (function: improveOnce) CascadeMinimizer.cc: 211 -- Minimisation finished with status=1
DEBUG: (function: improveOnce) CascadeMinimizer.cc: 212 -- finished with status 1 (covariance forced positive definite), this could indicate a problem with the minimim.
INFO: (function: improveOnce) CascadeMinimizer.cc: 216 -- Minimization success! status=0
ERROR: (function: runSpecific) [WARNING]: Unable to determine uncertainties on all fit parameters in b-only fit. Have a look at https://cms-analysis.github.io/HiggsAnalysis-CombinedLimit/part3/nonstandard/#fit-parameter-uncertainties for more information.
DEBUG: (function: runSpecific) FitDiagnostics.cc: 318 -- Fit B-only, status = 1, numBadNLL = 0, covariance quality = 2
INFO: (function: improveOnce) CascadeMinimizer.cc: 188 -- Minimisation configured with Type=Minuit2, Algo=Migrad, strategy=1, tolerance=0.1
INFO: (function: improveOnce) CascadeMinimizer.cc: 211 -- Minimisation finished with status=1
DEBUG: (function: improveOnce) CascadeMinimizer.cc: 212 -- finished with status 1 (covariance forced positive definite), this could indicate a problem with the minimim.
INFO: (function: improveOnce) CascadeMinimizer.cc: 216 -- Minimization success! status=0
INFO: (function: improveOnce) CascadeMinimizer.cc: 188 -- Minimisation configured with Type=Minuit2, Algo=Migrad, strategy=1, tolerance=0.1
INFO: (function: improveOnce) CascadeMinimizer.cc: 211 -- Minimisation finished with status=1
DEBUG: (function: improveOnce) CascadeMinimizer.cc: 212 -- finished with status 1 (covariance forced positive definite), this could indicate a problem with the minimim.
INFO: (function: improveOnce) CascadeMinimizer.cc: 216 -- Minimization success! status=0
INFO: (function: doFit) FitterAlgoBase.cc: 359 -- Running RobustFit for POI r. Configured with strategy 0  
INFO: (function: findCrossing) FitterAlgoBase.cc: 405 -- Searching for crossing at nll = -8591.27, in the interval 1.34337 < r < 5
INFO: (function: improveOnce) CascadeMinimizer.cc: 188 -- Minimisation configured with Type=Minuit2, Algo=Migrad, strategy=1, tolerance=0.1
INFO: (function: improveOnce) CascadeMinimizer.cc: 211 -- Minimisation finished with status=1
DEBUG: (function: improveOnce) CascadeMinimizer.cc: 212 -- finished with status 1 (covariance forced positive definite), this could indicate a problem with the minimim.
INFO: (function: improveOnce) CascadeMinimizer.cc: 216 -- Minimization success! status=0
INFO: (function: findCrossing) FitterAlgoBase.cc: 426 -- r lvl-here lvl-there 	stepping 
INFO: (function: improveOnce) CascadeMinimizer.cc: 188 -- Minimisation configured with Type=Minuit2, Algo=Migrad, strategy=1, tolerance=0.1
INFO: (function: improveOnce) CascadeMinimizer.cc: 211 -- Minimisation finished with status=1
DEBUG: (function: improveOnce) CascadeMinimizer.cc: 212 -- finished with status 1 (covariance forced positive definite), this could indicate a problem with the minimim.
INFO: (function: improveOnce) CascadeMinimizer.cc: 216 -- Minimization success! status=0
INFO: (function: findCrossing) FitterAlgoBase.cc: 459 -- 1.709035    +0.29247  +0.49448    0.365663
INFO: (function: improveOnce) CascadeMinimizer.cc: 188 -- Minimisation configured with Type=Minuit2, Algo=Migrad, strategy=1, tolerance=0.1
INFO: (function: improveOnce) CascadeMinimizer.cc: 211 -- Minimisation finished with status=0
INFO: (function: improveOnce) CascadeMinimizer.cc: 216 -- Minimization success! status=0
INFO: (function: findCrossing) FitterAlgoBase.cc: 459 -- 2.074698    -0.26022  +0.29247    0.365663
INFO: (function: improveOnce) CascadeMinimizer.cc: 188 -- Minimisation configured with Type=Minuit2, Algo=Migrad, strategy=1, tolerance=0.1
INFO: (function: improveOnce) CascadeMinimizer.cc: 211 -- Minimisation finished with status=1
DEBUG: (function: improveOnce) CascadeMinimizer.cc: 212 -- finished with status 1 (covariance forced positive definite), this could indicate a problem with the minimim.
INFO: (function: improveOnce) CascadeMinimizer.cc: 216 -- Minimization success! status=0
INFO: (function: findCrossing) FitterAlgoBase.cc: 459 -- 1.818734    +0.15889  -0.26022    0.109699
INFO: (function: improveOnce) CascadeMinimizer.cc: 188 -- Minimisation configured with Type=Minuit2, Algo=Migrad, strategy=1, tolerance=0.1
INFO: (function: improveOnce) CascadeMinimizer.cc: 211 -- Minimisation finished with status=0
INFO: (function: improveOnce) CascadeMinimizer.cc: 216 -- Minimization success! status=0
INFO: (function: findCrossing) FitterAlgoBase.cc: 459 -- 1.928433    -0.00330  +0.15889    0.109699
INFO: (function: improveOnce) CascadeMinimizer.cc: 188 -- Minimisation configured with Type=Minuit2, Algo=Migrad, strategy=1, tolerance=0.1
INFO: (function: improveOnce) CascadeMinimizer.cc: 211 -- Minimisation finished with status=1
DEBUG: (function: improveOnce) CascadeMinimizer.cc: 212 -- finished with status 1 (covariance forced positive definite), this could indicate a problem with the minimim.
INFO: (function: improveOnce) CascadeMinimizer.cc: 216 -- Minimization success! status=0
INFO: (function: findCrossing) FitterAlgoBase.cc: 459 -- 1.851644    +0.11350  -0.00330    0.032910
INFO: (function: improveOnce) CascadeMinimizer.cc: 188 -- Minimisation configured with Type=Minuit2, Algo=Migrad, strategy=1, tolerance=0.1
INFO: (function: improveOnce) CascadeMinimizer.cc: 211 -- Minimisation finished with status=0
INFO: (function: improveOnce) CascadeMinimizer.cc: 216 -- Minimization success! status=0
INFO: (function: findCrossing) FitterAlgoBase.cc: 459 -- 1.884553    +0.06508  +0.11350    0.032910
INFO: (function: improveOnce) CascadeMinimizer.cc: 188 -- Minimisation configured with Type=Minuit2, Algo=Migrad, strategy=1, tolerance=0.1
INFO: (function: improveOnce) CascadeMinimizer.cc: 211 -- Minimisation finished with status=0
INFO: (function: improveOnce) CascadeMinimizer.cc: 216 -- Minimization success! status=0
INFO: (function: findCrossing) FitterAlgoBase.cc: 459 -- 1.917463    +0.01420  +0.06508    0.032910
INFO: (function: improveOnce) CascadeMinimizer.cc: 188 -- Minimisation configured with Type=Minuit2, Algo=Migrad, strategy=1, tolerance=0.1
INFO: (function: improveOnce) CascadeMinimizer.cc: 211 -- Minimisation finished with status=1
DEBUG: (function: improveOnce) CascadeMinimizer.cc: 212 -- finished with status 1 (covariance forced positive definite), this could indicate a problem with the minimim.
INFO: (function: improveOnce) CascadeMinimizer.cc: 216 -- Minimization success! status=0
INFO: (function: findCrossing) FitterAlgoBase.cc: 459 -- 1.950373    -0.03918  +0.01420    0.032910
INFO: (function: improveOnce) CascadeMinimizer.cc: 188 -- Minimisation configured with Type=Minuit2, Algo=Migrad, strategy=1, tolerance=0.1
INFO: (function: improveOnce) CascadeMinimizer.cc: 211 -- Minimisation finished with status=1
DEBUG: (function: improveOnce) CascadeMinimizer.cc: 212 -- finished with status 1 (covariance forced positive definite), this could indicate a problem with the minimim.
INFO: (function: improveOnce) CascadeMinimizer.cc: 216 -- Minimization success! status=0
INFO: (function: findCrossing) FitterAlgoBase.cc: 459 -- 1.927336    -0.00155  -0.03918    0.009873
INFO: (function: improveOnce) CascadeMinimizer.cc: 188 -- Minimisation configured with Type=Minuit2, Algo=Migrad, strategy=1, tolerance=0.1
INFO: (function: improveOnce) CascadeMinimizer.cc: 211 -- Minimisation finished with status=1
DEBUG: (function: improveOnce) CascadeMinimizer.cc: 212 -- finished with status 1 (covariance forced positive definite), this could indicate a problem with the minimim.
INFO: (function: improveOnce) CascadeMinimizer.cc: 216 -- Minimization success! status=0
INFO: (function: findCrossing) FitterAlgoBase.cc: 459 -- 1.920425    +0.00950  -0.00155    0.002962
INFO: (function: improveOnce) CascadeMinimizer.cc: 188 -- Minimisation configured with Type=Minuit2, Algo=Migrad, strategy=1, tolerance=0.1
INFO: (function: improveOnce) CascadeMinimizer.cc: 211 -- Minimisation finished with status=0
INFO: (function: improveOnce) CascadeMinimizer.cc: 216 -- Minimization success! status=0
INFO: (function: findCrossing) FitterAlgoBase.cc: 459 -- 1.923387    +0.00478  +0.00950    0.002962
INFO: (function: improveOnce) CascadeMinimizer.cc: 188 -- Minimisation configured with Type=Minuit2, Algo=Migrad, strategy=1, tolerance=0.1
INFO: (function: improveOnce) CascadeMinimizer.cc: 211 -- Minimisation finished with status=0
INFO: (function: improveOnce) CascadeMinimizer.cc: 216 -- Minimization success! status=0
INFO: (function: findCrossing) FitterAlgoBase.cc: 459 -- 1.926349    +0.00004  +0.00478    0.002962
INFO: (function: findCrossing) FitterAlgoBase.cc: 405 -- Searching for crossing at nll = -8591.27, in the interval 1.34337 < r < -1
INFO: (function: improveOnce) CascadeMinimizer.cc: 188 -- Minimisation configured with Type=Minuit2, Algo=Migrad, strategy=1, tolerance=0.1
INFO: (function: improveOnce) CascadeMinimizer.cc: 211 -- Minimisation finished with status=1
DEBUG: (function: improveOnce) CascadeMinimizer.cc: 212 -- finished with status 1 (covariance forced positive definite), this could indicate a problem with the minimim.
INFO: (function: improveOnce) CascadeMinimizer.cc: 216 -- Minimization success! status=0
INFO: (function: findCrossing) FitterAlgoBase.cc: 426 -- r lvl-here lvl-there 	stepping 
INFO: (function: improveOnce) CascadeMinimizer.cc: 188 -- Minimisation configured with Type=Minuit2, Algo=Migrad, strategy=1, tolerance=0.1
INFO: (function: improveOnce) CascadeMinimizer.cc: 211 -- Minimisation finished with status=1
DEBUG: (function: improveOnce) CascadeMinimizer.cc: 212 -- finished with status 1 (covariance forced positive definite), this could indicate a problem with the minimim.
INFO: (function: improveOnce) CascadeMinimizer.cc: 216 -- Minimization success! status=0
INFO: (function: findCrossing) FitterAlgoBase.cc: 459 -- 1.109035    +0.40685  +0.49448    -0.234337
INFO: (function: improveOnce) CascadeMinimizer.cc: 188 -- Minimisation configured with Type=Minuit2, Algo=Migrad, strategy=1, tolerance=0.1
INFO: (function: improveOnce) CascadeMinimizer.cc: 211 -- Minimisation finished with status=1
DEBUG: (function: improveOnce) CascadeMinimizer.cc: 212 -- finished with status 1 (covariance forced positive definite), this could indicate a problem with the minimim.
INFO: (function: improveOnce) CascadeMinimizer.cc: 216 -- Minimization success! status=0
INFO: (function: findCrossing) FitterAlgoBase.cc: 459 -- 0.874698    +0.14413  +0.40685    -0.234337
INFO: (function: improveOnce) CascadeMinimizer.cc: 188 -- Minimisation configured with Type=Minuit2, Algo=Migrad, strategy=1, tolerance=0.1
INFO: (function: improveOnce) CascadeMinimizer.cc: 211 -- Minimisation finished with status=0
INFO: (function: improveOnce) CascadeMinimizer.cc: 216 -- Minimization success! status=0
INFO: (function: findCrossing) FitterAlgoBase.cc: 459 -- 0.640361    -0.31710  +0.14413    -0.234337
INFO: (function: improveOnce) CascadeMinimizer.cc: 188 -- Minimisation configured with Type=Minuit2, Algo=Migrad, strategy=1, tolerance=0.1
INFO: (function: improveOnce) CascadeMinimizer.cc: 211 -- Minimisation finished with status=0
INFO: (function: improveOnce) CascadeMinimizer.cc: 216 -- Minimization success! status=0
INFO: (function: findCrossing) FitterAlgoBase.cc: 459 -- 0.804397    +0.02671  -0.31710    -0.070301
INFO: (function: improveOnce) CascadeMinimizer.cc: 188 -- Minimisation configured with Type=Minuit2, Algo=Migrad, strategy=1, tolerance=0.1
INFO: (function: improveOnce) CascadeMinimizer.cc: 211 -- Minimisation finished with status=1
DEBUG: (function: improveOnce) CascadeMinimizer.cc: 212 -- finished with status 1 (covariance forced positive definite), this could indicate a problem with the minimim.
INFO: (function: improveOnce) CascadeMinimizer.cc: 216 -- Minimization success! status=0
INFO: (function: findCrossing) FitterAlgoBase.cc: 459 -- 0.734096    -0.10868  +0.02671    -0.070301
INFO: (function: improveOnce) CascadeMinimizer.cc: 188 -- Minimisation configured with Type=Minuit2, Algo=Migrad, strategy=1, tolerance=0.1
INFO: (function: improveOnce) CascadeMinimizer.cc: 211 -- Minimisation finished with status=1
DEBUG: (function: improveOnce) CascadeMinimizer.cc: 212 -- finished with status 1 (covariance forced positive definite), this could indicate a problem with the minimim.
INFO: (function: improveOnce) CascadeMinimizer.cc: 216 -- Minimization success! status=0
INFO: (function: findCrossing) FitterAlgoBase.cc: 459 -- 0.783306    -0.01206  -0.10868    -0.021090
INFO: (function: improveOnce) CascadeMinimizer.cc: 188 -- Minimisation configured with Type=Minuit2, Algo=Migrad, strategy=1, tolerance=0.1
INFO: (function: improveOnce) CascadeMinimizer.cc: 211 -- Minimisation finished with status=1
DEBUG: (function: improveOnce) CascadeMinimizer.cc: 212 -- finished with status 1 (covariance forced positive definite), this could indicate a problem with the minimim.
INFO: (function: improveOnce) CascadeMinimizer.cc: 216 -- Minimization success! status=0
INFO: (function: findCrossing) FitterAlgoBase.cc: 459 -- 0.798070    +0.01527  -0.01206    -0.006327
INFO: (function: improveOnce) CascadeMinimizer.cc: 188 -- Minimisation configured with Type=Minuit2, Algo=Migrad, strategy=1, tolerance=0.1
INFO: (function: improveOnce) CascadeMinimizer.cc: 211 -- Minimisation finished with status=0
INFO: (function: improveOnce) CascadeMinimizer.cc: 216 -- Minimization success! status=0
INFO: (function: findCrossing) FitterAlgoBase.cc: 459 -- 0.791743    +0.00367  +0.01527    -0.006327
INFO: (function: improveOnce) CascadeMinimizer.cc: 188 -- Minimisation configured with Type=Minuit2, Algo=Migrad, strategy=1, tolerance=0.1
INFO: (function: improveOnce) CascadeMinimizer.cc: 211 -- Minimisation finished with status=1
DEBUG: (function: improveOnce) CascadeMinimizer.cc: 212 -- finished with status 1 (covariance forced positive definite), this could indicate a problem with the minimim.
INFO: (function: improveOnce) CascadeMinimizer.cc: 216 -- Minimization success! status=0
INFO: (function: findCrossing) FitterAlgoBase.cc: 459 -- 0.785415    -0.00808  +0.00367    -0.006327
INFO: (function: improveOnce) CascadeMinimizer.cc: 188 -- Minimisation configured with Type=Minuit2, Algo=Migrad, strategy=1, tolerance=0.1
INFO: (function: improveOnce) CascadeMinimizer.cc: 211 -- Minimisation finished with status=0
INFO: (function: improveOnce) CascadeMinimizer.cc: 216 -- Minimization success! status=0
INFO: (function: findCrossing) FitterAlgoBase.cc: 459 -- 0.789844    +0.00016  -0.00808    -0.001898
ERROR: (function: runSpecific) [WARNING]: Unable to determine uncertainties on all fit parameters in s+b fit. Have a look at https://cms-analysis.github.io/HiggsAnalysis-CombinedLimit/part3/nonstandard/#fit-parameter-uncertainties for more information.
DEBUG: (function: runSpecific) FitDiagnostics.cc: 443 -- Fit S+B, status = 1, numBadNLL = 0, covariance quality = 2
