
>>> random number generator seed is 123456
   Options for Robust Minimizer :: 
        Tolerance  0.1
        Strategy   0
        Type,Algo  Minuit2,Migrad
>>> method used is FitDiagnostics
Set Default Value of Parameter r To : 1
>>> 0 out of 6 channels masked

>>> Channel masks:
  1) 0x5e96af0 RooRealVar::  mask_CR_loose_LOW = 0 C  L(-INF - +INF)  "mask_CR_loose_LOW"
  2) 0x5e975d0 RooRealVar::  mask_CR_loose_SIG = 0 C  L(-INF - +INF)  "mask_CR_loose_SIG"
  3) 0x5e981e0 RooRealVar:: mask_CR_loose_HIGH = 0 C  L(-INF - +INF)  "mask_CR_loose_HIGH"
  4) 0x5e98df0 RooRealVar::   mask_CR_pass_LOW = 0 C  L(-INF - +INF)  "mask_CR_pass_LOW"
  5) 0x5e99a00 RooRealVar::   mask_CR_pass_SIG = 0 C  L(-INF - +INF)  "mask_CR_pass_SIG"
  6) 0x5e9a610 RooRealVar::  mask_CR_pass_HIGH = 0 C  L(-INF - +INF)  "mask_CR_pass_HIGH"
SimNLL created with 0 channels, 0 generic constraints, 14 fast gaussian constraints, 0 fast poisson constraints, 0 fast group constraints, 
Minuit2Minimizer: Minimize with max-calls 7000 convergence for edm < 0.1 strategy 1
Minuit2Minimizer::Minuit  - Changing default options
             StorageLevel :               0
MnSeedGenerator: for initial parameters FCN = 0
MnSeedGenerator: Initial state:   - FCN =                0 Edm =            0 NCalls =     57
VariableMetric: start iterating until Edm is < 0.0001
VariableMetric: Initial state   - FCN =                0 Edm =            0 NCalls =     57
VariableMetric: Iteration #   0 - FCN =                0 Edm =            0 NCalls =     57
VariableMetric: After Hessian   - FCN =                0 Edm =            0 NCalls =    205
VariableMetric: Iteration #   1 - FCN =                0 Edm =            0 NCalls =    205
Minuit2Minimizer : Valid minimum - status = 0
FVAL  = 0
Edm   = 0
Nfcn  = 205
PNetTop	  = 0	 +/-  1
PNetXbb	  = 0	 +/-  1
Pileup	  = 0	 +/-  1
Prefire	  = 0	 +/-  1
TptReweight	  = 0	 +/-  1
jer	  = 0	 +/-  1
jes	  = 0	 +/-  1
jmr	  = 0	 +/-  1
jms	  = 0	 +/-  1
lumi	  = 0	 +/-  1
pdf	  = 0	 +/-  1
ttbar_xsec	  = 0	 +/-  1
w_xsec	  = 0	 +/-  1
z_xsec	  = 0	 +/-  1
SimNLL created with 6 channels, 0 generic constraints, 14 fast gaussian constraints, 0 fast poisson constraints, 0 fast group constraints, 

  RooFitResult: minimized FCN value: -1.60104e-06, estimated distance to minimum: 1.0193e-05
                covariance matrix quality: Full matrix, but forced positive-definite
                Status : MINIMIZE=1 HESSE=1 

    Constant Parameter    Value     
  --------------------  ------------
            PNetTop_In    0.0000e+00
            PNetXbb_In    0.0000e+00
             Pileup_In    0.0000e+00
            Prefire_In    0.0000e+00
        TptReweight_In    0.0000e+00
                jer_In    0.0000e+00
                jes_In    0.0000e+00
                jmr_In    0.0000e+00
                jms_In    0.0000e+00
               lumi_In    0.0000e+00
  n_exp_binCR_loose_HIGH_proc_Background    1.0000e+00
  n_exp_binCR_loose_LOW_proc_Background    1.0000e+00
  n_exp_binCR_loose_SIG_proc_Background    1.0000e+00
  n_exp_binCR_pass_HIGH_proc_Background_1x1    1.0000e+00
  n_exp_binCR_pass_LOW_proc_Background_1x1    1.0000e+00
  n_exp_binCR_pass_SIG_proc_Background_1x1    1.0000e+00
                pdf_In    0.0000e+00
                     r    0.0000e+00
         ttbar_xsec_In    0.0000e+00
             w_xsec_In    0.0000e+00
             z_xsec_In    0.0000e+00

    Floating Parameter  InitialValue    FinalValue +/-  Error     GblCorr.
  --------------------  ------------  --------------------------  --------
  Background_CR_loose_HIGH_bin_1-1    9.5492e+02    9.5492e+02 +/-  7.81e+01  <none>
  Background_CR_loose_HIGH_bin_1-10    6.6287e+01    6.6287e+01 +/-  8.31e+00  <none>
  Background_CR_loose_HIGH_bin_1-11    4.5368e+01    4.5368e+01 +/-  6.82e+00  <none>
  Background_CR_loose_HIGH_bin_1-12    3.9901e+01    3.9901e+01 +/-  6.35e+00  <none>
  Background_CR_loose_HIGH_bin_1-13    9.4849e+00    9.4849e+00 +/-  3.39e+00  <none>
  Background_CR_loose_HIGH_bin_1-2    1.3526e+03    1.3526e+03 +/-  7.52e+01  <none>
  Background_CR_loose_HIGH_bin_1-3    1.2277e+03    1.2277e+03 +/-  5.70e+01  <none>
  Background_CR_loose_HIGH_bin_1-4    9.4044e+02    9.4044e+02 +/-  4.20e+01  <none>
  Background_CR_loose_HIGH_bin_1-5    6.0492e+02    6.0492e+02 +/-  3.00e+01  <none>
  Background_CR_loose_HIGH_bin_1-6    3.3431e+02    3.3431e+02 +/-  2.09e+01  <none>
  Background_CR_loose_HIGH_bin_1-7    2.5601e+02    2.5601e+02 +/-  1.73e+01  <none>
  Background_CR_loose_HIGH_bin_1-8    1.3278e+02    1.3278e+02 +/-  1.24e+01  <none>
  Background_CR_loose_HIGH_bin_1-9    1.0172e+02    1.0172e+02 +/-  1.04e+01  <none>
  Background_CR_loose_HIGH_bin_2-1    4.9777e+02    4.9777e+02 +/-  9.07e+01  <none>
  Background_CR_loose_HIGH_bin_2-10    4.7759e+01    4.7759e+01 +/-  8.51e+00  <none>
  Background_CR_loose_HIGH_bin_2-11    4.5710e+01    4.5710e+01 +/-  7.76e+00  <none>
  Background_CR_loose_HIGH_bin_2-12    2.9182e+01    2.9183e+01 +/-  6.14e+00  <none>
  Background_CR_loose_HIGH_bin_2-13    1.4267e+01    1.4267e+01 +/-  4.43e+00  <none>
  Background_CR_loose_HIGH_bin_2-2    9.1040e+02    9.1040e+02 +/-  9.76e+01  <none>
  Background_CR_loose_HIGH_bin_2-3    9.4637e+02    9.4637e+02 +/-  7.72e+01  <none>
  Background_CR_loose_HIGH_bin_2-4    7.6208e+02    7.6208e+02 +/-  5.63e+01  <none>
  Background_CR_loose_HIGH_bin_2-5    5.6012e+02    5.6012e+02 +/-  4.00e+01  <none>
  Background_CR_loose_HIGH_bin_2-6    3.5999e+02    3.6000e+02 +/-  2.89e+01  <none>
  Background_CR_loose_HIGH_bin_2-7    1.9982e+02    1.9982e+02 +/-  1.97e+01  <none>
  Background_CR_loose_HIGH_bin_2-8    1.5400e+02    1.5400e+02 +/-  1.58e+01  <none>
  Background_CR_loose_HIGH_bin_2-9    1.0936e+02    1.0936e+02 +/-  1.26e+01  <none>
  Background_CR_loose_HIGH_bin_3-1    2.1208e+02    2.1208e+02 +/-  7.08e+01  <none>
  Background_CR_loose_HIGH_bin_3-10    8.6261e+01    8.6261e+01 +/-  1.04e+01  <none>
  Background_CR_loose_HIGH_bin_3-11    3.4189e+01    3.4189e+01 +/-  7.34e+00  <none>
  Background_CR_loose_HIGH_bin_3-12    3.7424e+01    3.7424e+01 +/-  6.76e+00  <none>
  Background_CR_loose_HIGH_bin_3-13    2.4943e+01    2.4943e+01 +/-  5.40e+00  <none>
  Background_CR_loose_HIGH_bin_3-2    5.5943e+02    5.5944e+02 +/-  8.33e+01  <none>
  Background_CR_loose_HIGH_bin_3-3    7.2154e+02    7.2154e+02 +/-  7.73e+01  <none>
  Background_CR_loose_HIGH_bin_3-4    5.5266e+02    5.5267e+02 +/-  5.70e+01  <none>
  Background_CR_loose_HIGH_bin_3-5    4.4807e+02    4.4807e+02 +/-  4.08e+01  <none>
  Background_CR_loose_HIGH_bin_3-6    3.2085e+02    3.2085e+02 +/-  2.98e+01  <none>
  Background_CR_loose_HIGH_bin_3-7    2.0147e+02    2.0147e+02 +/-  2.16e+01  <none>
  Background_CR_loose_HIGH_bin_3-8    1.0549e+02    1.0549e+02 +/-  1.52e+01  <none>
  Background_CR_loose_HIGH_bin_3-9    8.4653e+01    8.4653e+01 +/-  1.19e+01  <none>
  Background_CR_loose_HIGH_bin_4-1    1.4155e+02    1.4155e+02 +/-  3.16e+01  <none>
  Background_CR_loose_HIGH_bin_4-10    6.9798e+01    6.9798e+01 +/-  8.56e+00  <none>
  Background_CR_loose_HIGH_bin_4-11    3.3164e+01    3.3164e+01 +/-  6.11e+00  <none>
  Background_CR_loose_HIGH_bin_4-12    2.9633e+01    2.9633e+01 +/-  5.59e+00  <none>
  Background_CR_loose_HIGH_bin_4-13    1.0832e+01    1.0832e+01 +/-  3.69e+00  <none>
  Background_CR_loose_HIGH_bin_4-2    4.0884e+02    4.0884e+02 +/-  4.41e+01  <none>
  Background_CR_loose_HIGH_bin_4-3    4.7845e+02    4.7845e+02 +/-  4.00e+01  <none>
  Background_CR_loose_HIGH_bin_4-4    4.2991e+02    4.2991e+02 +/-  3.37e+01  <none>
  Background_CR_loose_HIGH_bin_4-5    4.0096e+02    4.0096e+02 +/-  2.72e+01  <none>
  Background_CR_loose_HIGH_bin_4-6    2.3798e+02    2.3798e+02 +/-  2.06e+01  <none>
  Background_CR_loose_HIGH_bin_4-7    1.9613e+02    1.9613e+02 +/-  1.65e+01  <none>
  Background_CR_loose_HIGH_bin_4-8    1.3382e+02    1.3382e+02 +/-  1.28e+01  <none>
  Background_CR_loose_HIGH_bin_4-9    8.5669e+01    8.5669e+01 +/-  9.96e+00  <none>
  Background_CR_loose_HIGH_bin_5-1    3.9565e+01    3.9565e+01 +/-  1.10e+01  <none>
  Background_CR_loose_HIGH_bin_5-10    5.4423e+01    5.4423e+01 +/-  7.28e+00  <none>
  Background_CR_loose_HIGH_bin_5-11    3.9988e+01    3.9988e+01 +/-  6.19e+00  <none>
  Background_CR_loose_HIGH_bin_5-12    1.8744e+01    1.8743e+01 +/-  4.34e+00  <none>
  Background_CR_loose_HIGH_bin_5-13    7.9202e+00    7.9202e+00 +/-  2.95e+00  <none>
  Background_CR_loose_HIGH_bin_5-2    1.7859e+02    1.7859e+02 +/-  1.89e+01  <none>
  Background_CR_loose_HIGH_bin_5-3    2.9749e+02    2.9749e+02 +/-  2.07e+01  <none>
  Background_CR_loose_HIGH_bin_5-4    2.9736e+02    2.9736e+02 +/-  2.00e+01  <none>
  Background_CR_loose_HIGH_bin_5-5    3.0619e+02    3.0620e+02 +/-  1.83e+01  <none>
  Background_CR_loose_HIGH_bin_5-6    2.2780e+02    2.2780e+02 +/-  1.56e+01  <none>
  Background_CR_loose_HIGH_bin_5-7    1.7629e+02    1.7629e+02 +/-  1.33e+01  <none>
  Background_CR_loose_HIGH_bin_5-8    1.2827e+02    1.2827e+02 +/-  1.12e+01  <none>
  Background_CR_loose_HIGH_bin_5-9    6.9515e+01    6.9515e+01 +/-  8.34e+00  <none>
  Background_CR_loose_HIGH_bin_6-1    2.8492e+01    2.8492e+01 +/-  5.89e+00  <none>
  Background_CR_loose_HIGH_bin_6-10    4.8070e+01    4.8070e+01 +/-  6.65e+00  <none>
  Background_CR_loose_HIGH_bin_6-11    3.5155e+01    3.5155e+01 +/-  5.74e+00  <none>
  Background_CR_loose_HIGH_bin_6-12    3.0217e+01    3.0217e+01 +/-  5.22e+00  <none>
  Background_CR_loose_HIGH_bin_6-13    2.3408e+01    2.3408e+01 +/-  4.57e+00  <none>
  Background_CR_loose_HIGH_bin_6-2    8.0737e+01    8.0737e+01 +/-  1.03e+01  <none>
  Background_CR_loose_HIGH_bin_6-3    1.7293e+02    1.7293e+02 +/-  1.43e+01  <none>
  Background_CR_loose_HIGH_bin_6-4    2.2278e+02    2.2278e+02 +/-  1.53e+01  <none>
  Background_CR_loose_HIGH_bin_6-5    1.8988e+02    1.8988e+02 +/-  1.39e+01  <none>
  Background_CR_loose_HIGH_bin_6-6    1.5681e+02    1.5681e+02 +/-  1.24e+01  <none>
  Background_CR_loose_HIGH_bin_6-7    1.6283e+02    1.6283e+02 +/-  1.24e+01  <none>
  Background_CR_loose_HIGH_bin_6-8    8.8961e+01    8.8961e+01 +/-  9.21e+00  <none>
  Background_CR_loose_HIGH_bin_6-9    6.9246e+01    6.9246e+01 +/-  8.17e+00  <none>
  Background_CR_loose_LOW_bin_1-1    2.5230e+03    2.5230e+03 +/-  5.28e+01  <none>
  Background_CR_loose_LOW_bin_1-10    9.7638e+01    9.7638e+01 +/-  9.62e+00  <none>
  Background_CR_loose_LOW_bin_1-11    3.8814e+01    3.8814e+01 +/-  6.38e+00  <none>
  Background_CR_loose_LOW_bin_1-12    4.6995e+01    4.6995e+01 +/-  6.65e+00  <none>
  Background_CR_loose_LOW_bin_1-13    4.2532e+01    4.2532e+01 +/-  6.36e+00  <none>
  Background_CR_loose_LOW_bin_1-2    2.4761e+03    2.4761e+03 +/-  5.07e+01  <none>
  Background_CR_loose_LOW_bin_1-3    1.9377e+03    1.9377e+03 +/-  4.34e+01  <none>
  Background_CR_loose_LOW_bin_1-4    1.2157e+03    1.2157e+03 +/-  3.43e+01  <none>
  Background_CR_loose_LOW_bin_1-5    7.4938e+02    7.4938e+02 +/-  2.67e+01  <none>
  Background_CR_loose_LOW_bin_1-6    4.2333e+02    4.2333e+02 +/-  2.00e+01  <none>
  Background_CR_loose_LOW_bin_1-7    2.8494e+02    2.8494e+02 +/-  1.65e+01  <none>
  Background_CR_loose_LOW_bin_1-8    2.1503e+02    2.1503e+02 +/-  1.44e+01  <none>
  Background_CR_loose_LOW_bin_1-9    1.5234e+02    1.5234e+02 +/-  1.21e+01  <none>
  Background_CR_loose_LOW_bin_2-1    2.2836e+03    2.2836e+03 +/-  6.08e+01  <none>
  Background_CR_loose_LOW_bin_2-10    8.1446e+01    8.1446e+01 +/-  9.59e+00  <none>
  Background_CR_loose_LOW_bin_2-11    7.3400e+01    7.3400e+01 +/-  8.93e+00  <none>
  Background_CR_loose_LOW_bin_2-12    4.0550e+01    4.0550e+01 +/-  6.84e+00  <none>
  Background_CR_loose_LOW_bin_2-13    2.5056e+01    2.5056e+01 +/-  5.49e+00  <none>
  Background_CR_loose_LOW_bin_2-2    2.3238e+03    2.3238e+03 +/-  5.68e+01  <none>
  Background_CR_loose_LOW_bin_2-3    1.8940e+03    1.8940e+03 +/-  4.71e+01  <none>
  Background_CR_loose_LOW_bin_2-4    1.1459e+03    1.1459e+03 +/-  3.56e+01  <none>
  Background_CR_loose_LOW_bin_2-5    7.0051e+02    7.0051e+02 +/-  2.80e+01  <none>
  Background_CR_loose_LOW_bin_2-6    4.2922e+02    4.2922e+02 +/-  2.19e+01  <none>
  Background_CR_loose_LOW_bin_2-7    2.6860e+02    2.6860e+02 +/-  1.72e+01  <none>
  Background_CR_loose_LOW_bin_2-8    1.7831e+02    1.7831e+02 +/-  1.43e+01  <none>
  Background_CR_loose_LOW_bin_2-9    1.4411e+02    1.4411e+02 +/-  1.25e+01  <none>
  Background_CR_loose_LOW_bin_3-1    2.2509e+03    2.2509e+03 +/-  6.60e+01  <none>
  Background_CR_loose_LOW_bin_3-10    8.2560e+01    8.2561e+01 +/-  9.61e+00  <none>
  Background_CR_loose_LOW_bin_3-11    4.8983e+01    4.8983e+01 +/-  7.37e+00  <none>
  Background_CR_loose_LOW_bin_3-12    4.4111e+01    4.4111e+01 +/-  6.90e+00  <none>
  Background_CR_loose_LOW_bin_3-13    2.7287e+01    2.7287e+01 +/-  5.46e+00  <none>
  Background_CR_loose_LOW_bin_3-2    2.2604e+03    2.2604e+03 +/-  6.02e+01  <none>
  Background_CR_loose_LOW_bin_3-3    1.6997e+03    1.6997e+03 +/-  4.61e+01  <none>
  Background_CR_loose_LOW_bin_3-4    1.1825e+03    1.1825e+03 +/-  3.67e+01  <none>
  Background_CR_loose_LOW_bin_3-5    6.9661e+02    6.9661e+02 +/-  2.77e+01  <none>
  Background_CR_loose_LOW_bin_3-6    3.8626e+02    3.8626e+02 +/-  2.07e+01  <none>
  Background_CR_loose_LOW_bin_3-7    2.4307e+02    2.4308e+02 +/-  1.62e+01  <none>
  Background_CR_loose_LOW_bin_3-8    1.4472e+02    1.4472e+02 +/-  1.27e+01  <none>
  Background_CR_loose_LOW_bin_3-9    1.0918e+02    1.0918e+02 +/-  1.10e+01  <none>
  Background_CR_loose_SIG_bin_1-1    1.9300e+03    1.9300e+03 +/-  6.77e+01  <none>
  Background_CR_loose_SIG_bin_1-10    8.3172e+01    8.3172e+01 +/-  9.03e+00  <none>
  Background_CR_loose_SIG_bin_1-11    5.3114e+01    5.3114e+01 +/-  7.11e+00  <none>
  Background_CR_loose_SIG_bin_1-12    3.3020e+01    3.3020e+01 +/-  5.69e+00  <none>
  Background_CR_loose_SIG_bin_1-13    1.8756e+01    1.8756e+01 +/-  4.40e+00  <none>
  Background_CR_loose_SIG_bin_1-2    2.0568e+03    2.0568e+03 +/-  6.03e+01  <none>
  Background_CR_loose_SIG_bin_1-3    1.7232e+03    1.7232e+03 +/-  4.76e+01  <none>
  Background_CR_loose_SIG_bin_1-4    1.1554e+03    1.1554e+03 +/-  3.63e+01  <none>
  Background_CR_loose_SIG_bin_1-5    6.0994e+02    6.0994e+02 +/-  2.60e+01  <none>
  Background_CR_loose_SIG_bin_1-6    4.3436e+02    4.3436e+02 +/-  2.09e+01  <none>
  Background_CR_loose_SIG_bin_1-7    2.4227e+02    2.4227e+02 +/-  1.55e+01  <none>
  Background_CR_loose_SIG_bin_1-8    1.6091e+02    1.6091e+02 +/-  1.27e+01  <none>
  Background_CR_loose_SIG_bin_1-9    9.0910e+01    9.0910e+01 +/-  9.70e+00  <none>
  Background_CR_loose_SIG_bin_2-1    1.5547e+03    1.5547e+03 +/-  7.40e+01  <none>
  Background_CR_loose_SIG_bin_2-10    6.3339e+01    6.3339e+01 +/-  7.97e+00  <none>
  Background_CR_loose_SIG_bin_2-11    4.2491e+01    4.2491e+01 +/-  6.54e+00  <none>
  Background_CR_loose_SIG_bin_2-12    4.3031e+01    4.3031e+01 +/-  6.42e+00  <none>
  Background_CR_loose_SIG_bin_2-13    1.3222e+01    1.3222e+01 +/-  3.72e+00  <none>
  Background_CR_loose_SIG_bin_2-2    1.9797e+03    1.9797e+03 +/-  6.77e+01  <none>
  Background_CR_loose_SIG_bin_2-3    1.6017e+03    1.6017e+03 +/-  5.05e+01  <none>
  Background_CR_loose_SIG_bin_2-4    1.0247e+03    1.0247e+03 +/-  3.67e+01  <none>
  Background_CR_loose_SIG_bin_2-5    5.9444e+02    5.9444e+02 +/-  2.59e+01  <none>
  Background_CR_loose_SIG_bin_2-6    4.0988e+02    4.0988e+02 +/-  2.10e+01  <none>
  Background_CR_loose_SIG_bin_2-7    2.6508e+02    2.6508e+02 +/-  1.65e+01  <none>
  Background_CR_loose_SIG_bin_2-8    1.5535e+02    1.5535e+02 +/-  1.25e+01  <none>
  Background_CR_loose_SIG_bin_2-9    1.0749e+02    1.0749e+02 +/-  1.04e+01  <none>
  Background_CR_loose_SIG_bin_3-1    1.4822e+03    1.4822e+03 +/-  7.57e+01  <none>
  Background_CR_loose_SIG_bin_3-10    4.1605e+01    4.1605e+01 +/-  6.89e+00  <none>
  Background_CR_loose_SIG_bin_3-11    4.5181e+01    4.5181e+01 +/-  6.70e+00  <none>
  Background_CR_loose_SIG_bin_3-12    3.8239e+01    3.8239e+01 +/-  6.26e+00  <none>
  Background_CR_loose_SIG_bin_3-13    2.0002e+01    2.0002e+01 +/-  4.55e+00  <none>
  Background_CR_loose_SIG_bin_3-2    1.6032e+03    1.6032e+03 +/-  6.63e+01  <none>
  Background_CR_loose_SIG_bin_3-3    1.4535e+03    1.4535e+03 +/-  5.25e+01  <none>
  Background_CR_loose_SIG_bin_3-4    9.5289e+02    9.5289e+02 +/-  3.74e+01  <none>
  Background_CR_loose_SIG_bin_3-5    6.3030e+02    6.3030e+02 +/-  2.81e+01  <none>
  Background_CR_loose_SIG_bin_3-6    3.9614e+02    3.9614e+02 +/-  2.09e+01  <none>
  Background_CR_loose_SIG_bin_3-7    1.9566e+02    1.9566e+02 +/-  1.48e+01  <none>
  Background_CR_loose_SIG_bin_3-8    1.4035e+02    1.4035e+02 +/-  1.22e+01  <none>
  Background_CR_loose_SIG_bin_3-9    1.0234e+02    1.0234e+02 +/-  1.03e+01  <none>
  Background_CR_rpf_1x1_par0    3.8434e-01    3.8435e-01 +/-  3.95e-02  <none>
  Background_CR_rpf_1x1_par1    2.0749e-01    2.0749e-01 +/-  3.43e-02  <none>
  Background_CR_rpf_1x1_par2    3.5049e-01    3.5050e-01 +/-  3.60e-02  <none>
  Background_CR_rpf_1x1_par3   -4.8000e-02   -4.8000e-02 +/-  2.14e-02  <none>
               PNetTop   -5.4589e-12   -4.1643e-12 +/-  9.95e-01  <none>
               PNetXbb   -5.4589e-12   -4.1643e-12 +/-  9.95e-01  <none>
                Pileup    2.8095e-01    2.8131e-01 +/-  1.01e+00  <none>
               Prefire   -3.5821e-03   -3.5581e-03 +/-  1.72e-01  <none>
           TptReweight    2.5981e-01    2.5987e-01 +/-  1.12e+00  <none>
                   jer   -4.8125e-01   -4.8112e-01 +/-  8.92e-01  <none>
                   jes    9.8501e-01    9.8508e-01 +/-  1.87e-01  <none>
                   jmr   -1.1304e-01   -1.1305e-01 +/-  5.18e-01  <none>
                   jms    7.1247e-02    7.1326e-02 +/-  7.12e-01  <none>
                  lumi    1.2936e-01    1.2944e-01 +/-  1.01e+00  <none>
                   pdf    4.2057e-01    4.2064e-01 +/-  1.01e+00  <none>
            ttbar_xsec    1.6711e+00    1.6711e+00 +/-  8.37e-01  <none>
                w_xsec   -1.3235e-01   -1.3235e-01 +/-  9.85e-01  <none>
                z_xsec   -5.1864e-02   -5.1840e-02 +/-  7.62e-01  <none>


  RooFitResult: minimized FCN value: -1.60104e-06, estimated distance to minimum: 1.0193e-05
                covariance matrix quality: Full matrix, but forced positive-definite
                Status : MINIMIZE=1 HESSE=1 

    Constant Parameter    Value     
  --------------------  ------------
            PNetTop_In    0.0000e+00
            PNetXbb_In    0.0000e+00
             Pileup_In    0.0000e+00
            Prefire_In    0.0000e+00
        TptReweight_In    0.0000e+00
                jer_In    0.0000e+00
                jes_In    0.0000e+00
                jmr_In    0.0000e+00
                jms_In    0.0000e+00
               lumi_In    0.0000e+00
  n_exp_binCR_loose_HIGH_proc_Background    1.0000e+00
  n_exp_binCR_loose_LOW_proc_Background    1.0000e+00
  n_exp_binCR_loose_SIG_proc_Background    1.0000e+00
  n_exp_binCR_pass_HIGH_proc_Background_1x1    1.0000e+00
  n_exp_binCR_pass_LOW_proc_Background_1x1    1.0000e+00
  n_exp_binCR_pass_SIG_proc_Background_1x1    1.0000e+00
                pdf_In    0.0000e+00
                     r    0.0000e+00
         ttbar_xsec_In    0.0000e+00
             w_xsec_In    0.0000e+00
             z_xsec_In    0.0000e+00

    Floating Parameter  InitialValue    FinalValue +/-  Error     GblCorr.
  --------------------  ------------  --------------------------  --------
  Background_CR_loose_HIGH_bin_1-1    9.5492e+02    9.5492e+02 +/-  7.81e+01  <none>
  Background_CR_loose_HIGH_bin_1-10    6.6287e+01    6.6287e+01 +/-  8.31e+00  <none>
  Background_CR_loose_HIGH_bin_1-11    4.5368e+01    4.5368e+01 +/-  6.82e+00  <none>
  Background_CR_loose_HIGH_bin_1-12    3.9901e+01    3.9901e+01 +/-  6.35e+00  <none>
  Background_CR_loose_HIGH_bin_1-13    9.4849e+00    9.4849e+00 +/-  3.39e+00  <none>
  Background_CR_loose_HIGH_bin_1-2    1.3526e+03    1.3526e+03 +/-  7.52e+01  <none>
  Background_CR_loose_HIGH_bin_1-3    1.2277e+03    1.2277e+03 +/-  5.70e+01  <none>
  Background_CR_loose_HIGH_bin_1-4    9.4044e+02    9.4044e+02 +/-  4.20e+01  <none>
  Background_CR_loose_HIGH_bin_1-5    6.0492e+02    6.0492e+02 +/-  3.00e+01  <none>
  Background_CR_loose_HIGH_bin_1-6    3.3431e+02    3.3431e+02 +/-  2.09e+01  <none>
  Background_CR_loose_HIGH_bin_1-7    2.5601e+02    2.5601e+02 +/-  1.73e+01  <none>
  Background_CR_loose_HIGH_bin_1-8    1.3278e+02    1.3278e+02 +/-  1.24e+01  <none>
  Background_CR_loose_HIGH_bin_1-9    1.0172e+02    1.0172e+02 +/-  1.04e+01  <none>
  Background_CR_loose_HIGH_bin_2-1    4.9777e+02    4.9777e+02 +/-  9.07e+01  <none>
  Background_CR_loose_HIGH_bin_2-10    4.7759e+01    4.7759e+01 +/-  8.51e+00  <none>
  Background_CR_loose_HIGH_bin_2-11    4.5710e+01    4.5710e+01 +/-  7.76e+00  <none>
  Background_CR_loose_HIGH_bin_2-12    2.9182e+01    2.9183e+01 +/-  6.14e+00  <none>
  Background_CR_loose_HIGH_bin_2-13    1.4267e+01    1.4267e+01 +/-  4.43e+00  <none>
  Background_CR_loose_HIGH_bin_2-2    9.1040e+02    9.1040e+02 +/-  9.76e+01  <none>
  Background_CR_loose_HIGH_bin_2-3    9.4637e+02    9.4637e+02 +/-  7.72e+01  <none>
  Background_CR_loose_HIGH_bin_2-4    7.6208e+02    7.6208e+02 +/-  5.63e+01  <none>
  Background_CR_loose_HIGH_bin_2-5    5.6012e+02    5.6012e+02 +/-  4.00e+01  <none>
  Background_CR_loose_HIGH_bin_2-6    3.5999e+02    3.6000e+02 +/-  2.89e+01  <none>
  Background_CR_loose_HIGH_bin_2-7    1.9982e+02    1.9982e+02 +/-  1.97e+01  <none>
  Background_CR_loose_HIGH_bin_2-8    1.5400e+02    1.5400e+02 +/-  1.58e+01  <none>
  Background_CR_loose_HIGH_bin_2-9    1.0936e+02    1.0936e+02 +/-  1.26e+01  <none>
  Background_CR_loose_HIGH_bin_3-1    2.1208e+02    2.1208e+02 +/-  7.08e+01  <none>
  Background_CR_loose_HIGH_bin_3-10    8.6261e+01    8.6261e+01 +/-  1.04e+01  <none>
  Background_CR_loose_HIGH_bin_3-11    3.4189e+01    3.4189e+01 +/-  7.34e+00  <none>
  Background_CR_loose_HIGH_bin_3-12    3.7424e+01    3.7424e+01 +/-  6.76e+00  <none>
  Background_CR_loose_HIGH_bin_3-13    2.4943e+01    2.4943e+01 +/-  5.40e+00  <none>
  Background_CR_loose_HIGH_bin_3-2    5.5943e+02    5.5944e+02 +/-  8.33e+01  <none>
  Background_CR_loose_HIGH_bin_3-3    7.2154e+02    7.2154e+02 +/-  7.73e+01  <none>
  Background_CR_loose_HIGH_bin_3-4    5.5266e+02    5.5267e+02 +/-  5.70e+01  <none>
  Background_CR_loose_HIGH_bin_3-5    4.4807e+02    4.4807e+02 +/-  4.08e+01  <none>
  Background_CR_loose_HIGH_bin_3-6    3.2085e+02    3.2085e+02 +/-  2.98e+01  <none>
  Background_CR_loose_HIGH_bin_3-7    2.0147e+02    2.0147e+02 +/-  2.16e+01  <none>
  Background_CR_loose_HIGH_bin_3-8    1.0549e+02    1.0549e+02 +/-  1.52e+01  <none>
  Background_CR_loose_HIGH_bin_3-9    8.4653e+01    8.4653e+01 +/-  1.19e+01  <none>
  Background_CR_loose_HIGH_bin_4-1    1.4155e+02    1.4155e+02 +/-  3.16e+01  <none>
  Background_CR_loose_HIGH_bin_4-10    6.9798e+01    6.9798e+01 +/-  8.56e+00  <none>
  Background_CR_loose_HIGH_bin_4-11    3.3164e+01    3.3164e+01 +/-  6.11e+00  <none>
  Background_CR_loose_HIGH_bin_4-12    2.9633e+01    2.9633e+01 +/-  5.59e+00  <none>
  Background_CR_loose_HIGH_bin_4-13    1.0832e+01    1.0832e+01 +/-  3.69e+00  <none>
  Background_CR_loose_HIGH_bin_4-2    4.0884e+02    4.0884e+02 +/-  4.41e+01  <none>
  Background_CR_loose_HIGH_bin_4-3    4.7845e+02    4.7845e+02 +/-  4.00e+01  <none>
  Background_CR_loose_HIGH_bin_4-4    4.2991e+02    4.2991e+02 +/-  3.37e+01  <none>
  Background_CR_loose_HIGH_bin_4-5    4.0096e+02    4.0096e+02 +/-  2.72e+01  <none>
  Background_CR_loose_HIGH_bin_4-6    2.3798e+02    2.3798e+02 +/-  2.06e+01  <none>
  Background_CR_loose_HIGH_bin_4-7    1.9613e+02    1.9613e+02 +/-  1.65e+01  <none>
  Background_CR_loose_HIGH_bin_4-8    1.3382e+02    1.3382e+02 +/-  1.28e+01  <none>
  Background_CR_loose_HIGH_bin_4-9    8.5669e+01    8.5669e+01 +/-  9.96e+00  <none>
  Background_CR_loose_HIGH_bin_5-1    3.9565e+01    3.9565e+01 +/-  1.10e+01  <none>
  Background_CR_loose_HIGH_bin_5-10    5.4423e+01    5.4423e+01 +/-  7.28e+00  <none>
  Background_CR_loose_HIGH_bin_5-11    3.9988e+01    3.9988e+01 +/-  6.19e+00  <none>
  Background_CR_loose_HIGH_bin_5-12    1.8744e+01    1.8743e+01 +/-  4.34e+00  <none>
  Background_CR_loose_HIGH_bin_5-13    7.9202e+00    7.9202e+00 +/-  2.95e+00  <none>
  Background_CR_loose_HIGH_bin_5-2    1.7859e+02    1.7859e+02 +/-  1.89e+01  <none>
  Background_CR_loose_HIGH_bin_5-3    2.9749e+02    2.9749e+02 +/-  2.07e+01  <none>
  Background_CR_loose_HIGH_bin_5-4    2.9736e+02    2.9736e+02 +/-  2.00e+01  <none>
  Background_CR_loose_HIGH_bin_5-5    3.0619e+02    3.0620e+02 +/-  1.83e+01  <none>
  Background_CR_loose_HIGH_bin_5-6    2.2780e+02    2.2780e+02 +/-  1.56e+01  <none>
  Background_CR_loose_HIGH_bin_5-7    1.7629e+02    1.7629e+02 +/-  1.33e+01  <none>
  Background_CR_loose_HIGH_bin_5-8    1.2827e+02    1.2827e+02 +/-  1.12e+01  <none>
  Background_CR_loose_HIGH_bin_5-9    6.9515e+01    6.9515e+01 +/-  8.34e+00  <none>
  Background_CR_loose_HIGH_bin_6-1    2.8492e+01    2.8492e+01 +/-  5.89e+00  <none>
  Background_CR_loose_HIGH_bin_6-10    4.8070e+01    4.8070e+01 +/-  6.65e+00  <none>
  Background_CR_loose_HIGH_bin_6-11    3.5155e+01    3.5155e+01 +/-  5.74e+00  <none>
  Background_CR_loose_HIGH_bin_6-12    3.0217e+01    3.0217e+01 +/-  5.22e+00  <none>
  Background_CR_loose_HIGH_bin_6-13    2.3408e+01    2.3408e+01 +/-  4.57e+00  <none>
  Background_CR_loose_HIGH_bin_6-2    8.0737e+01    8.0737e+01 +/-  1.03e+01  <none>
  Background_CR_loose_HIGH_bin_6-3    1.7293e+02    1.7293e+02 +/-  1.43e+01  <none>
  Background_CR_loose_HIGH_bin_6-4    2.2278e+02    2.2278e+02 +/-  1.53e+01  <none>
  Background_CR_loose_HIGH_bin_6-5    1.8988e+02    1.8988e+02 +/-  1.39e+01  <none>
  Background_CR_loose_HIGH_bin_6-6    1.5681e+02    1.5681e+02 +/-  1.24e+01  <none>
  Background_CR_loose_HIGH_bin_6-7    1.6283e+02    1.6283e+02 +/-  1.24e+01  <none>
  Background_CR_loose_HIGH_bin_6-8    8.8961e+01    8.8961e+01 +/-  9.21e+00  <none>
  Background_CR_loose_HIGH_bin_6-9    6.9246e+01    6.9246e+01 +/-  8.17e+00  <none>
  Background_CR_loose_LOW_bin_1-1    2.5230e+03    2.5230e+03 +/-  5.28e+01  <none>
  Background_CR_loose_LOW_bin_1-10    9.7638e+01    9.7638e+01 +/-  9.62e+00  <none>
  Background_CR_loose_LOW_bin_1-11    3.8814e+01    3.8814e+01 +/-  6.38e+00  <none>
  Background_CR_loose_LOW_bin_1-12    4.6995e+01    4.6995e+01 +/-  6.65e+00  <none>
  Background_CR_loose_LOW_bin_1-13    4.2532e+01    4.2532e+01 +/-  6.36e+00  <none>
  Background_CR_loose_LOW_bin_1-2    2.4761e+03    2.4761e+03 +/-  5.07e+01  <none>
  Background_CR_loose_LOW_bin_1-3    1.9377e+03    1.9377e+03 +/-  4.34e+01  <none>
  Background_CR_loose_LOW_bin_1-4    1.2157e+03    1.2157e+03 +/-  3.43e+01  <none>
  Background_CR_loose_LOW_bin_1-5    7.4938e+02    7.4938e+02 +/-  2.67e+01  <none>
  Background_CR_loose_LOW_bin_1-6    4.2333e+02    4.2333e+02 +/-  2.00e+01  <none>
  Background_CR_loose_LOW_bin_1-7    2.8494e+02    2.8494e+02 +/-  1.65e+01  <none>
  Background_CR_loose_LOW_bin_1-8    2.1503e+02    2.1503e+02 +/-  1.44e+01  <none>
  Background_CR_loose_LOW_bin_1-9    1.5234e+02    1.5234e+02 +/-  1.21e+01  <none>
  Background_CR_loose_LOW_bin_2-1    2.2836e+03    2.2836e+03 +/-  6.08e+01  <none>
  Background_CR_loose_LOW_bin_2-10    8.1446e+01    8.1446e+01 +/-  9.59e+00  <none>
  Background_CR_loose_LOW_bin_2-11    7.3400e+01    7.3400e+01 +/-  8.93e+00  <none>
  Background_CR_loose_LOW_bin_2-12    4.0550e+01    4.0550e+01 +/-  6.84e+00  <none>
  Background_CR_loose_LOW_bin_2-13    2.5056e+01    2.5056e+01 +/-  5.49e+00  <none>
  Background_CR_loose_LOW_bin_2-2    2.3238e+03    2.3238e+03 +/-  5.68e+01  <none>
  Background_CR_loose_LOW_bin_2-3    1.8940e+03    1.8940e+03 +/-  4.71e+01  <none>
  Background_CR_loose_LOW_bin_2-4    1.1459e+03    1.1459e+03 +/-  3.56e+01  <none>
  Background_CR_loose_LOW_bin_2-5    7.0051e+02    7.0051e+02 +/-  2.80e+01  <none>
  Background_CR_loose_LOW_bin_2-6    4.2922e+02    4.2922e+02 +/-  2.19e+01  <none>
  Background_CR_loose_LOW_bin_2-7    2.6860e+02    2.6860e+02 +/-  1.72e+01  <none>
  Background_CR_loose_LOW_bin_2-8    1.7831e+02    1.7831e+02 +/-  1.43e+01  <none>
  Background_CR_loose_LOW_bin_2-9    1.4411e+02    1.4411e+02 +/-  1.25e+01  <none>
  Background_CR_loose_LOW_bin_3-1    2.2509e+03    2.2509e+03 +/-  6.60e+01  <none>
  Background_CR_loose_LOW_bin_3-10    8.2560e+01    8.2561e+01 +/-  9.61e+00  <none>
  Background_CR_loose_LOW_bin_3-11    4.8983e+01    4.8983e+01 +/-  7.37e+00  <none>
  Background_CR_loose_LOW_bin_3-12    4.4111e+01    4.4111e+01 +/-  6.90e+00  <none>
  Background_CR_loose_LOW_bin_3-13    2.7287e+01    2.7287e+01 +/-  5.46e+00  <none>
  Background_CR_loose_LOW_bin_3-2    2.2604e+03    2.2604e+03 +/-  6.02e+01  <none>
  Background_CR_loose_LOW_bin_3-3    1.6997e+03    1.6997e+03 +/-  4.61e+01  <none>
  Background_CR_loose_LOW_bin_3-4    1.1825e+03    1.1825e+03 +/-  3.67e+01  <none>
  Background_CR_loose_LOW_bin_3-5    6.9661e+02    6.9661e+02 +/-  2.77e+01  <none>
  Background_CR_loose_LOW_bin_3-6    3.8626e+02    3.8626e+02 +/-  2.07e+01  <none>
  Background_CR_loose_LOW_bin_3-7    2.4307e+02    2.4308e+02 +/-  1.62e+01  <none>
  Background_CR_loose_LOW_bin_3-8    1.4472e+02    1.4472e+02 +/-  1.27e+01  <none>
  Background_CR_loose_LOW_bin_3-9    1.0918e+02    1.0918e+02 +/-  1.10e+01  <none>
  Background_CR_loose_SIG_bin_1-1    1.9300e+03    1.9300e+03 +/-  6.77e+01  <none>
  Background_CR_loose_SIG_bin_1-10    8.3172e+01    8.3172e+01 +/-  9.03e+00  <none>
  Background_CR_loose_SIG_bin_1-11    5.3114e+01    5.3114e+01 +/-  7.11e+00  <none>
  Background_CR_loose_SIG_bin_1-12    3.3020e+01    3.3020e+01 +/-  5.69e+00  <none>
  Background_CR_loose_SIG_bin_1-13    1.8756e+01    1.8756e+01 +/-  4.40e+00  <none>
  Background_CR_loose_SIG_bin_1-2    2.0568e+03    2.0568e+03 +/-  6.03e+01  <none>
  Background_CR_loose_SIG_bin_1-3    1.7232e+03    1.7232e+03 +/-  4.76e+01  <none>
  Background_CR_loose_SIG_bin_1-4    1.1554e+03    1.1554e+03 +/-  3.63e+01  <none>
  Background_CR_loose_SIG_bin_1-5    6.0994e+02    6.0994e+02 +/-  2.60e+01  <none>
  Background_CR_loose_SIG_bin_1-6    4.3436e+02    4.3436e+02 +/-  2.09e+01  <none>
  Background_CR_loose_SIG_bin_1-7    2.4227e+02    2.4227e+02 +/-  1.55e+01  <none>
  Background_CR_loose_SIG_bin_1-8    1.6091e+02    1.6091e+02 +/-  1.27e+01  <none>
  Background_CR_loose_SIG_bin_1-9    9.0910e+01    9.0910e+01 +/-  9.70e+00  <none>
  Background_CR_loose_SIG_bin_2-1    1.5547e+03    1.5547e+03 +/-  7.40e+01  <none>
  Background_CR_loose_SIG_bin_2-10    6.3339e+01    6.3339e+01 +/-  7.97e+00  <none>
  Background_CR_loose_SIG_bin_2-11    4.2491e+01    4.2491e+01 +/-  6.54e+00  <none>
  Background_CR_loose_SIG_bin_2-12    4.3031e+01    4.3031e+01 +/-  6.42e+00  <none>
  Background_CR_loose_SIG_bin_2-13    1.3222e+01    1.3222e+01 +/-  3.72e+00  <none>
  Background_CR_loose_SIG_bin_2-2    1.9797e+03    1.9797e+03 +/-  6.77e+01  <none>
  Background_CR_loose_SIG_bin_2-3    1.6017e+03    1.6017e+03 +/-  5.05e+01  <none>
  Background_CR_loose_SIG_bin_2-4    1.0247e+03    1.0247e+03 +/-  3.67e+01  <none>
  Background_CR_loose_SIG_bin_2-5    5.9444e+02    5.9444e+02 +/-  2.59e+01  <none>
  Background_CR_loose_SIG_bin_2-6    4.0988e+02    4.0988e+02 +/-  2.10e+01  <none>
  Background_CR_loose_SIG_bin_2-7    2.6508e+02    2.6508e+02 +/-  1.65e+01  <none>
  Background_CR_loose_SIG_bin_2-8    1.5535e+02    1.5535e+02 +/-  1.25e+01  <none>
  Background_CR_loose_SIG_bin_2-9    1.0749e+02    1.0749e+02 +/-  1.04e+01  <none>
  Background_CR_loose_SIG_bin_3-1    1.4822e+03    1.4822e+03 +/-  7.57e+01  <none>
  Background_CR_loose_SIG_bin_3-10    4.1605e+01    4.1605e+01 +/-  6.89e+00  <none>
  Background_CR_loose_SIG_bin_3-11    4.5181e+01    4.5181e+01 +/-  6.70e+00  <none>
  Background_CR_loose_SIG_bin_3-12    3.8239e+01    3.8239e+01 +/-  6.26e+00  <none>
  Background_CR_loose_SIG_bin_3-13    2.0002e+01    2.0002e+01 +/-  4.55e+00  <none>
  Background_CR_loose_SIG_bin_3-2    1.6032e+03    1.6032e+03 +/-  6.63e+01  <none>
  Background_CR_loose_SIG_bin_3-3    1.4535e+03    1.4535e+03 +/-  5.25e+01  <none>
  Background_CR_loose_SIG_bin_3-4    9.5289e+02    9.5289e+02 +/-  3.74e+01  <none>
  Background_CR_loose_SIG_bin_3-5    6.3030e+02    6.3030e+02 +/-  2.81e+01  <none>
  Background_CR_loose_SIG_bin_3-6    3.9614e+02    3.9614e+02 +/-  2.09e+01  <none>
  Background_CR_loose_SIG_bin_3-7    1.9566e+02    1.9566e+02 +/-  1.48e+01  <none>
  Background_CR_loose_SIG_bin_3-8    1.4035e+02    1.4035e+02 +/-  1.22e+01  <none>
  Background_CR_loose_SIG_bin_3-9    1.0234e+02    1.0234e+02 +/-  1.03e+01  <none>
  Background_CR_rpf_1x1_par0    3.8434e-01    3.8435e-01 +/-  3.95e-02  <none>
  Background_CR_rpf_1x1_par1    2.0749e-01    2.0749e-01 +/-  3.43e-02  <none>
  Background_CR_rpf_1x1_par2    3.5049e-01    3.5050e-01 +/-  3.60e-02  <none>
  Background_CR_rpf_1x1_par3   -4.8000e-02   -4.8000e-02 +/-  2.14e-02  <none>
               PNetTop   -5.4589e-12   -4.1643e-12 +/-  9.95e-01  <none>
               PNetXbb   -5.4589e-12   -4.1643e-12 +/-  9.95e-01  <none>
                Pileup    2.8095e-01    2.8131e-01 +/-  1.01e+00  <none>
               Prefire   -3.5821e-03   -3.5581e-03 +/-  1.72e-01  <none>
           TptReweight    2.5981e-01    2.5987e-01 +/-  1.12e+00  <none>
                   jer   -4.8125e-01   -4.8112e-01 +/-  8.92e-01  <none>
                   jes    9.8501e-01    9.8508e-01 +/-  1.87e-01  <none>
                   jmr   -1.1304e-01   -1.1305e-01 +/-  5.18e-01  <none>
                   jms    7.1247e-02    7.1326e-02 +/-  7.12e-01  <none>
                  lumi    1.2936e-01    1.2944e-01 +/-  1.01e+00  <none>
                   pdf    4.2057e-01    4.2064e-01 +/-  1.01e+00  <none>
            ttbar_xsec    1.6711e+00    1.6711e+00 +/-  8.37e-01  <none>
                w_xsec   -1.3235e-01   -1.3235e-01 +/-  9.85e-01  <none>
                z_xsec   -5.1864e-02   -5.1840e-02 +/-  7.62e-01  <none>


  RooFitResult: minimized FCN value: -0.000112871, estimated distance to minimum: 0.000123621
                covariance matrix quality: Full matrix, but forced positive-definite
                Status : MINIMIZE=1 HESSE=1 

    Constant Parameter    Value     
  --------------------  ------------
            PNetTop_In    0.0000e+00
            PNetXbb_In    0.0000e+00
             Pileup_In    0.0000e+00
            Prefire_In    0.0000e+00
        TptReweight_In    0.0000e+00
                jer_In    0.0000e+00
                jes_In    0.0000e+00
                jmr_In    0.0000e+00
                jms_In    0.0000e+00
               lumi_In    0.0000e+00
  n_exp_binCR_loose_HIGH_proc_Background    1.0000e+00
  n_exp_binCR_loose_LOW_proc_Background    1.0000e+00
  n_exp_binCR_loose_SIG_proc_Background    1.0000e+00
  n_exp_binCR_pass_HIGH_proc_Background_1x1    1.0000e+00
  n_exp_binCR_pass_LOW_proc_Background_1x1    1.0000e+00
  n_exp_binCR_pass_SIG_proc_Background_1x1    1.0000e+00
                pdf_In    0.0000e+00
         ttbar_xsec_In    0.0000e+00
             w_xsec_In    0.0000e+00
             z_xsec_In    0.0000e+00

    Floating Parameter  InitialValue    FinalValue +/-  Error     GblCorr.
  --------------------  ------------  --------------------------  --------
  Background_CR_loose_HIGH_bin_1-1    9.3911e+02    9.3911e+02 +/-  6.79e+01  <none>
  Background_CR_loose_HIGH_bin_1-10    6.5162e+01    6.5162e+01 +/-  8.31e+00  <none>
  Background_CR_loose_HIGH_bin_1-11    4.5147e+01    4.5147e+01 +/-  6.84e+00  <none>
  Background_CR_loose_HIGH_bin_1-12    4.0029e+01    4.0029e+01 +/-  6.38e+00  <none>
  Background_CR_loose_HIGH_bin_1-13    9.5759e+00    9.5785e+00 +/-  3.40e+00  <none>
  Background_CR_loose_HIGH_bin_1-2    1.3340e+03    1.3340e+03 +/-  6.56e+01  <none>
  Background_CR_loose_HIGH_bin_1-3    1.2141e+03    1.2141e+03 +/-  5.07e+01  <none>
  Background_CR_loose_HIGH_bin_1-4    9.3384e+02    9.3384e+02 +/-  3.87e+01  <none>
  Background_CR_loose_HIGH_bin_1-5    5.9951e+02    5.9952e+02 +/-  2.83e+01  <none>
  Background_CR_loose_HIGH_bin_1-6    3.3257e+02    3.3257e+02 +/-  2.02e+01  <none>
  Background_CR_loose_HIGH_bin_1-7    2.5391e+02    2.5391e+02 +/-  1.69e+01  <none>
  Background_CR_loose_HIGH_bin_1-8    1.3312e+02    1.3313e+02 +/-  1.22e+01  <none>
  Background_CR_loose_HIGH_bin_1-9    1.0042e+02    1.0043e+02 +/-  1.04e+01  <none>
  Background_CR_loose_HIGH_bin_2-1    4.7453e+02    4.7455e+02 +/-  7.89e+01  <none>
  Background_CR_loose_HIGH_bin_2-10    4.7272e+01    4.7272e+01 +/-  8.33e+00  <none>
  Background_CR_loose_HIGH_bin_2-11    4.5586e+01    4.5585e+01 +/-  7.65e+00  <none>
  Background_CR_loose_HIGH_bin_2-12    2.7830e+01    2.7828e+01 +/-  6.18e+00  <none>
  Background_CR_loose_HIGH_bin_2-13    1.3640e+01    1.3640e+01 +/-  4.46e+00  <none>
  Background_CR_loose_HIGH_bin_2-2    8.8784e+02    8.8785e+02 +/-  8.51e+01  <none>
  Background_CR_loose_HIGH_bin_2-3    9.2980e+02    9.2980e+02 +/-  6.81e+01  <none>
  Background_CR_loose_HIGH_bin_2-4    7.5041e+02    7.5040e+02 +/-  4.99e+01  <none>
  Background_CR_loose_HIGH_bin_2-5    5.5239e+02    5.5239e+02 +/-  3.61e+01  <none>
  Background_CR_loose_HIGH_bin_2-6    3.5467e+02    3.5467e+02 +/-  2.68e+01  <none>
  Background_CR_loose_HIGH_bin_2-7    1.9881e+02    1.9882e+02 +/-  1.85e+01  <none>
  Background_CR_loose_HIGH_bin_2-8    1.5095e+02    1.5095e+02 +/-  1.52e+01  <none>
  Background_CR_loose_HIGH_bin_2-9    1.0879e+02    1.0879e+02 +/-  1.22e+01  <none>
  Background_CR_loose_HIGH_bin_3-1    1.8261e+02    1.8262e+02 +/-  6.33e+01  <none>
  Background_CR_loose_HIGH_bin_3-10    8.3885e+01    8.3884e+01 +/-  1.04e+01  <none>
  Background_CR_loose_HIGH_bin_3-11    3.1825e+01    3.1823e+01 +/-  7.46e+00  <none>
  Background_CR_loose_HIGH_bin_3-12    3.6468e+01    3.6468e+01 +/-  6.79e+00  <none>
  Background_CR_loose_HIGH_bin_3-13    2.4915e+01    2.4911e+01 +/-  5.42e+00  <none>
  Background_CR_loose_HIGH_bin_3-2    5.1858e+02    5.1861e+02 +/-  7.64e+01  <none>
  Background_CR_loose_HIGH_bin_3-3    6.8549e+02    6.8550e+02 +/-  7.07e+01  <none>
  Background_CR_loose_HIGH_bin_3-4    5.2574e+02    5.2574e+02 +/-  5.27e+01  <none>
  Background_CR_loose_HIGH_bin_3-5    4.2665e+02    4.2667e+02 +/-  3.93e+01  <none>
  Background_CR_loose_HIGH_bin_3-6    3.0869e+02    3.0870e+02 +/-  2.83e+01  <none>
  Background_CR_loose_HIGH_bin_3-7    1.9400e+02    1.9401e+02 +/-  2.08e+01  <none>
  Background_CR_loose_HIGH_bin_3-8    1.0011e+02    1.0011e+02 +/-  1.47e+01  <none>
  Background_CR_loose_HIGH_bin_3-9    8.0263e+01    8.0264e+01 +/-  1.19e+01  <none>
  Background_CR_loose_HIGH_bin_4-1    1.2672e+02    1.2676e+02 +/-  3.04e+01  <none>
  Background_CR_loose_HIGH_bin_4-10    6.9049e+01    6.9048e+01 +/-  8.58e+00  <none>
  Background_CR_loose_HIGH_bin_4-11    3.1255e+01    3.1256e+01 +/-  6.31e+00  <none>
  Background_CR_loose_HIGH_bin_4-12    2.9641e+01    2.9641e+01 +/-  5.62e+00  <none>
  Background_CR_loose_HIGH_bin_4-13    9.9639e+00    9.9634e+00 +/-  3.78e+00  <none>
  Background_CR_loose_HIGH_bin_4-2    3.8125e+02    3.8128e+02 +/-  4.32e+01  <none>
  Background_CR_loose_HIGH_bin_4-3    4.5727e+02    4.5728e+02 +/-  3.84e+01  <none>
  Background_CR_loose_HIGH_bin_4-4    4.0950e+02    4.0951e+02 +/-  3.38e+01  <none>
  Background_CR_loose_HIGH_bin_4-5    3.8791e+02    3.8791e+02 +/-  2.70e+01  <none>
  Background_CR_loose_HIGH_bin_4-6    2.2759e+02    2.2760e+02 +/-  2.09e+01  <none>
  Background_CR_loose_HIGH_bin_4-7    1.9073e+02    1.9073e+02 +/-  1.65e+01  <none>
  Background_CR_loose_HIGH_bin_4-8    1.3083e+02    1.3083e+02 +/-  1.28e+01  <none>
  Background_CR_loose_HIGH_bin_4-9    8.3886e+01    8.3887e+01 +/-  9.96e+00  <none>
  Background_CR_loose_HIGH_bin_5-1    3.5674e+01    3.5679e+01 +/-  1.07e+01  <none>
  Background_CR_loose_HIGH_bin_5-10    5.3779e+01    5.3776e+01 +/-  7.34e+00  <none>
  Background_CR_loose_HIGH_bin_5-11    3.9157e+01    3.9156e+01 +/-  6.27e+00  <none>
  Background_CR_loose_HIGH_bin_5-12    1.8609e+01    1.8608e+01 +/-  4.38e+00  <none>
  Background_CR_loose_HIGH_bin_5-13    7.4547e+00    7.4532e+00 +/-  3.01e+00  <none>
  Background_CR_loose_HIGH_bin_5-2    1.7005e+02    1.7005e+02 +/-  1.89e+01  <none>
  Background_CR_loose_HIGH_bin_5-3    2.9150e+02    2.9150e+02 +/-  2.03e+01  <none>
  Background_CR_loose_HIGH_bin_5-4    2.8966e+02    2.8966e+02 +/-  2.00e+01  <none>
  Background_CR_loose_HIGH_bin_5-5    3.0116e+02    3.0116e+02 +/-  1.83e+01  <none>
  Background_CR_loose_HIGH_bin_5-6    2.2470e+02    2.2470e+02 +/-  1.56e+01  <none>
  Background_CR_loose_HIGH_bin_5-7    1.7421e+02    1.7421e+02 +/-  1.33e+01  <none>
  Background_CR_loose_HIGH_bin_5-8    1.2747e+02    1.2747e+02 +/-  1.13e+01  <none>
  Background_CR_loose_HIGH_bin_5-9    6.9463e+01    6.9458e+01 +/-  8.35e+00  <none>
  Background_CR_loose_HIGH_bin_6-1    2.8092e+01    2.8094e+01 +/-  5.85e+00  <none>
  Background_CR_loose_HIGH_bin_6-10    4.7986e+01    4.7985e+01 +/-  6.68e+00  <none>
  Background_CR_loose_HIGH_bin_6-11    3.5173e+01    3.5174e+01 +/-  5.78e+00  <none>
  Background_CR_loose_HIGH_bin_6-12    3.0357e+01    3.0355e+01 +/-  5.26e+00  <none>
  Background_CR_loose_HIGH_bin_6-13    2.3804e+01    2.3803e+01 +/-  4.61e+00  <none>
  Background_CR_loose_HIGH_bin_6-2    7.8605e+01    7.8603e+01 +/-  1.02e+01  <none>
  Background_CR_loose_HIGH_bin_6-3    1.6889e+02    1.6889e+02 +/-  1.42e+01  <none>
  Background_CR_loose_HIGH_bin_6-4    2.2058e+02    2.2058e+02 +/-  1.51e+01  <none>
  Background_CR_loose_HIGH_bin_6-5    1.8750e+02    1.8750e+02 +/-  1.38e+01  <none>
  Background_CR_loose_HIGH_bin_6-6    1.5643e+02    1.5643e+02 +/-  1.24e+01  <none>
  Background_CR_loose_HIGH_bin_6-7    1.6118e+02    1.6118e+02 +/-  1.25e+01  <none>
  Background_CR_loose_HIGH_bin_6-8    8.7833e+01    8.7831e+01 +/-  9.29e+00  <none>
  Background_CR_loose_HIGH_bin_6-9    6.8420e+01    6.8417e+01 +/-  8.24e+00  <none>
  Background_CR_loose_LOW_bin_1-1    2.5171e+03    2.5170e+03 +/-  5.16e+01  <none>
  Background_CR_loose_LOW_bin_1-10    9.8021e+01    9.8022e+01 +/-  9.68e+00  <none>
  Background_CR_loose_LOW_bin_1-11    3.8635e+01    3.8635e+01 +/-  6.42e+00  <none>
  Background_CR_loose_LOW_bin_1-12    4.7407e+01    4.7410e+01 +/-  6.71e+00  <none>
  Background_CR_loose_LOW_bin_1-13    4.2618e+01    4.2617e+01 +/-  6.42e+00  <none>
  Background_CR_loose_LOW_bin_1-2    2.4755e+03    2.4755e+03 +/-  5.00e+01  <none>
  Background_CR_loose_LOW_bin_1-3    1.9380e+03    1.9380e+03 +/-  4.31e+01  <none>
  Background_CR_loose_LOW_bin_1-4    1.2161e+03    1.2161e+03 +/-  3.41e+01  <none>
  Background_CR_loose_LOW_bin_1-5    7.4984e+02    7.4984e+02 +/-  2.67e+01  <none>
  Background_CR_loose_LOW_bin_1-6    4.2491e+02    4.2490e+02 +/-  2.01e+01  <none>
  Background_CR_loose_LOW_bin_1-7    2.8556e+02    2.8556e+02 +/-  1.65e+01  <none>
  Background_CR_loose_LOW_bin_1-8    2.1630e+02    2.1630e+02 +/-  1.44e+01  <none>
  Background_CR_loose_LOW_bin_1-9    1.5237e+02    1.5237e+02 +/-  1.21e+01  <none>
  Background_CR_loose_LOW_bin_2-1    2.2747e+03    2.2746e+03 +/-  5.77e+01  <none>
  Background_CR_loose_LOW_bin_2-10    8.1661e+01    8.1663e+01 +/-  9.64e+00  <none>
  Background_CR_loose_LOW_bin_2-11    7.4541e+01    7.4538e+01 +/-  9.03e+00  <none>
  Background_CR_loose_LOW_bin_2-12    4.0532e+01    4.0532e+01 +/-  6.90e+00  <none>
  Background_CR_loose_LOW_bin_2-13    2.5004e+01    2.5003e+01 +/-  5.51e+00  <none>
  Background_CR_loose_LOW_bin_2-2    2.3115e+03    2.3114e+03 +/-  5.51e+01  <none>
  Background_CR_loose_LOW_bin_2-3    1.8912e+03    1.8912e+03 +/-  4.63e+01  <none>
  Background_CR_loose_LOW_bin_2-4    1.1431e+03    1.1431e+03 +/-  3.53e+01  <none>
  Background_CR_loose_LOW_bin_2-5    7.0056e+02    7.0055e+02 +/-  2.77e+01  <none>
  Background_CR_loose_LOW_bin_2-6    4.2667e+02    4.2667e+02 +/-  2.18e+01  <none>
  Background_CR_loose_LOW_bin_2-7    2.6961e+02    2.6961e+02 +/-  1.72e+01  <none>
  Background_CR_loose_LOW_bin_2-8    1.7873e+02    1.7871e+02 +/-  1.44e+01  <none>
  Background_CR_loose_LOW_bin_2-9    1.4259e+02    1.4259e+02 +/-  1.25e+01  <none>
  Background_CR_loose_LOW_bin_3-1    2.2308e+03    2.2308e+03 +/-  6.28e+01  <none>
  Background_CR_loose_LOW_bin_3-10    8.1285e+01    8.1282e+01 +/-  9.66e+00  <none>
  Background_CR_loose_LOW_bin_3-11    4.7677e+01    4.7673e+01 +/-  7.45e+00  <none>
  Background_CR_loose_LOW_bin_3-12    4.4024e+01    4.4025e+01 +/-  6.94e+00  <none>
  Background_CR_loose_LOW_bin_3-13    2.6843e+01    2.6846e+01 +/-  5.53e+00  <none>
  Background_CR_loose_LOW_bin_3-2    2.2490e+03    2.2490e+03 +/-  5.78e+01  <none>
  Background_CR_loose_LOW_bin_3-3    1.6883e+03    1.6883e+03 +/-  4.55e+01  <none>
  Background_CR_loose_LOW_bin_3-4    1.1765e+03    1.1765e+03 +/-  3.64e+01  <none>
  Background_CR_loose_LOW_bin_3-5    6.9230e+02    6.9229e+02 +/-  2.76e+01  <none>
  Background_CR_loose_LOW_bin_3-6    3.8435e+02    3.8435e+02 +/-  2.07e+01  <none>
  Background_CR_loose_LOW_bin_3-7    2.4155e+02    2.4154e+02 +/-  1.62e+01  <none>
  Background_CR_loose_LOW_bin_3-8    1.4280e+02    1.4280e+02 +/-  1.28e+01  <none>
  Background_CR_loose_LOW_bin_3-9    1.0726e+02    1.0725e+02 +/-  1.10e+01  <none>
  Background_CR_loose_SIG_bin_1-1    1.9073e+03    1.9073e+03 +/-  6.22e+01  <none>
  Background_CR_loose_SIG_bin_1-10    8.0635e+01    8.0635e+01 +/-  9.09e+00  <none>
  Background_CR_loose_SIG_bin_1-11    5.2645e+01    5.2644e+01 +/-  7.16e+00  <none>
  Background_CR_loose_SIG_bin_1-12    3.2375e+01    3.2373e+01 +/-  5.74e+00  <none>
  Background_CR_loose_SIG_bin_1-13    1.8740e+01    1.8739e+01 +/-  4.44e+00  <none>
  Background_CR_loose_SIG_bin_1-2    2.0346e+03    2.0346e+03 +/-  5.72e+01  <none>
  Background_CR_loose_SIG_bin_1-3    1.7084e+03    1.7084e+03 +/-  4.62e+01  <none>
  Background_CR_loose_SIG_bin_1-4    1.1508e+03    1.1508e+03 +/-  3.55e+01  <none>
  Background_CR_loose_SIG_bin_1-5    6.0537e+02    6.0537e+02 +/-  2.57e+01  <none>
  Background_CR_loose_SIG_bin_1-6    4.3161e+02    4.3161e+02 +/-  2.08e+01  <none>
  Background_CR_loose_SIG_bin_1-7    2.4031e+02    2.4031e+02 +/-  1.55e+01  <none>
  Background_CR_loose_SIG_bin_1-8    1.5734e+02    1.5734e+02 +/-  1.28e+01  <none>
  Background_CR_loose_SIG_bin_1-9    8.5651e+01    8.5651e+01 +/-  9.79e+00  <none>
  Background_CR_loose_SIG_bin_2-1    1.5343e+03    1.5343e+03 +/-  6.61e+01  <none>
  Background_CR_loose_SIG_bin_2-10    5.2820e+01    5.2823e+01 +/-  8.16e+00  <none>
  Background_CR_loose_SIG_bin_2-11    4.0322e+01    4.0324e+01 +/-  6.58e+00  <none>
  Background_CR_loose_SIG_bin_2-12    4.2923e+01    4.2922e+01 +/-  6.47e+00  <none>
  Background_CR_loose_SIG_bin_2-13    1.3455e+01    1.3454e+01 +/-  3.76e+00  <none>
  Background_CR_loose_SIG_bin_2-2    1.9587e+03    1.9587e+03 +/-  6.19e+01  <none>
  Background_CR_loose_SIG_bin_2-3    1.5891e+03    1.5891e+03 +/-  4.76e+01  <none>
  Background_CR_loose_SIG_bin_2-4    1.0150e+03    1.0150e+03 +/-  3.56e+01  <none>
  Background_CR_loose_SIG_bin_2-5    5.9050e+02    5.9050e+02 +/-  2.54e+01  <none>
  Background_CR_loose_SIG_bin_2-6    4.0727e+02    4.0727e+02 +/-  2.08e+01  <none>
  Background_CR_loose_SIG_bin_2-7    2.6036e+02    2.6036e+02 +/-  1.65e+01  <none>
  Background_CR_loose_SIG_bin_2-8    1.5160e+02    1.5160e+02 +/-  1.26e+01  <none>
  Background_CR_loose_SIG_bin_2-9    9.8633e+01    9.8635e+01 +/-  1.06e+01  <none>
  Background_CR_loose_SIG_bin_3-1    1.4556e+03    1.4556e+03 +/-  6.80e+01  <none>
  Background_CR_loose_SIG_bin_3-10    3.3414e+01    3.3413e+01 +/-  7.11e+00  <none>
  Background_CR_loose_SIG_bin_3-11    4.3587e+01    4.3585e+01 +/-  6.74e+00  <none>
  Background_CR_loose_SIG_bin_3-12    3.7291e+01    3.7290e+01 +/-  6.32e+00  <none>
  Background_CR_loose_SIG_bin_3-13    2.0067e+01    2.0067e+01 +/-  4.57e+00  <none>
  Background_CR_loose_SIG_bin_3-2    1.5828e+03    1.5828e+03 +/-  6.03e+01  <none>
  Background_CR_loose_SIG_bin_3-3    1.4382e+03    1.4382e+03 +/-  4.90e+01  <none>
  Background_CR_loose_SIG_bin_3-4    9.4284e+02    9.4284e+02 +/-  3.56e+01  <none>
  Background_CR_loose_SIG_bin_3-5    6.2552e+02    6.2552e+02 +/-  2.73e+01  <none>
  Background_CR_loose_SIG_bin_3-6    3.9356e+02    3.9356e+02 +/-  2.06e+01  <none>
  Background_CR_loose_SIG_bin_3-7    1.9288e+02    1.9288e+02 +/-  1.47e+01  <none>
  Background_CR_loose_SIG_bin_3-8    1.3786e+02    1.3786e+02 +/-  1.22e+01  <none>
  Background_CR_loose_SIG_bin_3-9    9.8085e+01    9.8084e+01 +/-  1.04e+01  <none>
  Background_CR_rpf_1x1_par0    3.8220e-01    3.8219e-01 +/-  3.86e-02  <none>
  Background_CR_rpf_1x1_par1    2.1795e-01    2.1793e-01 +/-  3.52e-02  <none>
  Background_CR_rpf_1x1_par2    3.5444e-01    3.5444e-01 +/-  3.55e-02  <none>
  Background_CR_rpf_1x1_par3   -7.5390e-02   -7.5393e-02 +/-  2.35e-02  <none>
               PNetTop   -4.9232e-02   -4.9213e-02 +/-  8.12e-01  <none>
               PNetXbb    9.9627e-02    9.2671e-02 +/-  8.06e-01  <none>
                Pileup    8.3885e-02    9.1836e-02 +/-  1.02e+00  <none>
               Prefire   -3.1037e-03   -3.0682e-03 +/-  1.58e-01  <none>
           TptReweight    3.0145e-01    3.0243e-01 +/-  1.00e+00  <none>
                   jer   -4.1349e-01   -4.1419e-01 +/-  8.04e-01  <none>
                   jes    1.6260e+00    1.6261e+00 +/-  6.02e-01  <none>
                   jmr   -1.3649e-01   -1.3743e-01 +/-  5.07e-01  <none>
                   jms    6.1513e-02    6.1060e-02 +/-  6.36e-01  <none>
                  lumi    1.5355e-01    1.5419e-01 +/-  9.97e-01  <none>
                   pdf    4.1528e-01    4.1524e-01 +/-  9.03e-01  <none>
                     r    1.6213e+00    1.6215e+00 +/-  5.36e-01  <none>
            ttbar_xsec    1.9317e+00    1.9319e+00 +/-  7.10e-01  <none>
                w_xsec   -1.1217e-01   -1.1377e-01 +/-  9.88e-01  <none>
                z_xsec   -5.9488e-02   -5.9340e-02 +/-  7.23e-01  <none>

Robus Fit for POI 
Set default minimizer to Minuit2, algorithm Migrad, tolerance 0.1
Searching for crossing at nll = -9368.65 in the interval 1.62146, 5
      r      lvl-here  lvl-there   stepping
1.959315    +0.31610  +0.49449    0.337854
2.297169    -0.16354  +0.31610    0.337854
2.060671    +0.19843  -0.16354    0.101356
2.162027    +0.05798  +0.19843    0.101356
2.263383    -0.10485  +0.05798    0.101356
2.192434    +0.01137  -0.10485    0.030407
2.222841    -0.03721  +0.01137    0.030407
2.201556    -0.00299  -0.03721    0.009122
2.195170    +0.00708  -0.00299    0.002737
2.197907    +0.00275  +0.00708    0.002737
2.200644    -0.00158  +0.00275    0.002737
2.198728    +0.00146  -0.00158    0.000821
2.199549    +0.00016  +0.00146    0.000821
Set default minimizer to Minuit2, algorithm Migrad, tolerance 0.1
Searching for crossing at nll = -9368.65 in the interval 1.62146, -1
      r      lvl-here  lvl-there   stepping
1.359315    +0.38183  +0.49449    -0.262146
1.097169    +0.01804  +0.38183    -0.262146
0.835022    -0.61921  +0.01804    -0.262146
1.018525    -0.14366  -0.61921    -0.078644
1.073575    -0.02780  -0.14366    -0.023593
1.090091    +0.00451  -0.02780    -0.007078
1.083013    -0.00923  +0.00451    -0.007078
1.087967    +0.00040  -0.00923    -0.002123
1.085844    -0.00372  +0.00040    -0.002123
1.087330    -0.00083  -0.00372    -0.000637
1.087776    +0.00004  -0.00083    -0.000191

  RooFitResult: minimized FCN value: -0.000112871, estimated distance to minimum: 0.000123621
                covariance matrix quality: Full matrix, but forced positive-definite
                Status : MINIMIZE=1 HESSE=1 

    Constant Parameter    Value     
  --------------------  ------------
            PNetTop_In    0.0000e+00
            PNetXbb_In    0.0000e+00
             Pileup_In    0.0000e+00
            Prefire_In    0.0000e+00
        TptReweight_In    0.0000e+00
                jer_In    0.0000e+00
                jes_In    0.0000e+00
                jmr_In    0.0000e+00
                jms_In    0.0000e+00
               lumi_In    0.0000e+00
  n_exp_binCR_loose_HIGH_proc_Background    1.0000e+00
  n_exp_binCR_loose_LOW_proc_Background    1.0000e+00
  n_exp_binCR_loose_SIG_proc_Background    1.0000e+00
  n_exp_binCR_pass_HIGH_proc_Background_1x1    1.0000e+00
  n_exp_binCR_pass_LOW_proc_Background_1x1    1.0000e+00
  n_exp_binCR_pass_SIG_proc_Background_1x1    1.0000e+00
                pdf_In    0.0000e+00
         ttbar_xsec_In    0.0000e+00
             w_xsec_In    0.0000e+00
             z_xsec_In    0.0000e+00

    Floating Parameter  InitialValue    FinalValue (+HiError,-LoError)    GblCorr.
  --------------------  ------------  ----------------------------------  --------
  Background_CR_loose_HIGH_bin_1-1    9.3911e+02    9.3911e+02         +/-  6.79e+01  <none>
  Background_CR_loose_HIGH_bin_1-10    6.5162e+01    6.5162e+01         +/-  8.31e+00  <none>
  Background_CR_loose_HIGH_bin_1-11    4.5147e+01    4.5147e+01         +/-  6.84e+00  <none>
  Background_CR_loose_HIGH_bin_1-12    4.0029e+01    4.0029e+01         +/-  6.38e+00  <none>
  Background_CR_loose_HIGH_bin_1-13    9.5759e+00    9.5785e+00         +/-  3.40e+00  <none>
  Background_CR_loose_HIGH_bin_1-2    1.3340e+03    1.3340e+03         +/-  6.56e+01  <none>
  Background_CR_loose_HIGH_bin_1-3    1.2141e+03    1.2141e+03         +/-  5.07e+01  <none>
  Background_CR_loose_HIGH_bin_1-4    9.3384e+02    9.3384e+02         +/-  3.87e+01  <none>
  Background_CR_loose_HIGH_bin_1-5    5.9951e+02    5.9952e+02         +/-  2.83e+01  <none>
  Background_CR_loose_HIGH_bin_1-6    3.3257e+02    3.3257e+02         +/-  2.02e+01  <none>
  Background_CR_loose_HIGH_bin_1-7    2.5391e+02    2.5391e+02         +/-  1.69e+01  <none>
  Background_CR_loose_HIGH_bin_1-8    1.3312e+02    1.3313e+02         +/-  1.22e+01  <none>
  Background_CR_loose_HIGH_bin_1-9    1.0042e+02    1.0043e+02         +/-  1.04e+01  <none>
  Background_CR_loose_HIGH_bin_2-1    4.7453e+02    4.7455e+02         +/-  7.89e+01  <none>
  Background_CR_loose_HIGH_bin_2-10    4.7272e+01    4.7272e+01         +/-  8.33e+00  <none>
  Background_CR_loose_HIGH_bin_2-11    4.5586e+01    4.5585e+01         +/-  7.65e+00  <none>
  Background_CR_loose_HIGH_bin_2-12    2.7830e+01    2.7828e+01         +/-  6.18e+00  <none>
  Background_CR_loose_HIGH_bin_2-13    1.3640e+01    1.3640e+01         +/-  4.46e+00  <none>
  Background_CR_loose_HIGH_bin_2-2    8.8784e+02    8.8785e+02         +/-  8.51e+01  <none>
  Background_CR_loose_HIGH_bin_2-3    9.2980e+02    9.2980e+02         +/-  6.81e+01  <none>
  Background_CR_loose_HIGH_bin_2-4    7.5041e+02    7.5040e+02         +/-  4.99e+01  <none>
  Background_CR_loose_HIGH_bin_2-5    5.5239e+02    5.5239e+02         +/-  3.61e+01  <none>
  Background_CR_loose_HIGH_bin_2-6    3.5467e+02    3.5467e+02         +/-  2.68e+01  <none>
  Background_CR_loose_HIGH_bin_2-7    1.9881e+02    1.9882e+02         +/-  1.85e+01  <none>
  Background_CR_loose_HIGH_bin_2-8    1.5095e+02    1.5095e+02         +/-  1.52e+01  <none>
  Background_CR_loose_HIGH_bin_2-9    1.0879e+02    1.0879e+02         +/-  1.22e+01  <none>
  Background_CR_loose_HIGH_bin_3-1    1.8261e+02    1.8262e+02         +/-  6.33e+01  <none>
  Background_CR_loose_HIGH_bin_3-10    8.3885e+01    8.3884e+01         +/-  1.04e+01  <none>
  Background_CR_loose_HIGH_bin_3-11    3.1825e+01    3.1823e+01         +/-  7.46e+00  <none>
  Background_CR_loose_HIGH_bin_3-12    3.6468e+01    3.6468e+01         +/-  6.79e+00  <none>
  Background_CR_loose_HIGH_bin_3-13    2.4915e+01    2.4911e+01         +/-  5.42e+00  <none>
  Background_CR_loose_HIGH_bin_3-2    5.1858e+02    5.1861e+02         +/-  7.64e+01  <none>
  Background_CR_loose_HIGH_bin_3-3    6.8549e+02    6.8550e+02         +/-  7.07e+01  <none>
  Background_CR_loose_HIGH_bin_3-4    5.2574e+02    5.2574e+02         +/-  5.27e+01  <none>
  Background_CR_loose_HIGH_bin_3-5    4.2665e+02    4.2667e+02         +/-  3.93e+01  <none>
  Background_CR_loose_HIGH_bin_3-6    3.0869e+02    3.0870e+02         +/-  2.83e+01  <none>
  Background_CR_loose_HIGH_bin_3-7    1.9400e+02    1.9401e+02         +/-  2.08e+01  <none>
  Background_CR_loose_HIGH_bin_3-8    1.0011e+02    1.0011e+02         +/-  1.47e+01  <none>
  Background_CR_loose_HIGH_bin_3-9    8.0263e+01    8.0264e+01         +/-  1.19e+01  <none>
  Background_CR_loose_HIGH_bin_4-1    1.2672e+02    1.2676e+02         +/-  3.04e+01  <none>
  Background_CR_loose_HIGH_bin_4-10    6.9049e+01    6.9048e+01         +/-  8.58e+00  <none>
  Background_CR_loose_HIGH_bin_4-11    3.1255e+01    3.1256e+01         +/-  6.31e+00  <none>
  Background_CR_loose_HIGH_bin_4-12    2.9641e+01    2.9641e+01         +/-  5.62e+00  <none>
  Background_CR_loose_HIGH_bin_4-13    9.9639e+00    9.9634e+00         +/-  3.78e+00  <none>
  Background_CR_loose_HIGH_bin_4-2    3.8125e+02    3.8128e+02         +/-  4.32e+01  <none>
  Background_CR_loose_HIGH_bin_4-3    4.5727e+02    4.5728e+02         +/-  3.84e+01  <none>
  Background_CR_loose_HIGH_bin_4-4    4.0950e+02    4.0951e+02         +/-  3.38e+01  <none>
  Background_CR_loose_HIGH_bin_4-5    3.8791e+02    3.8791e+02         +/-  2.70e+01  <none>
  Background_CR_loose_HIGH_bin_4-6    2.2759e+02    2.2760e+02         +/-  2.09e+01  <none>
  Background_CR_loose_HIGH_bin_4-7    1.9073e+02    1.9073e+02         +/-  1.65e+01  <none>
  Background_CR_loose_HIGH_bin_4-8    1.3083e+02    1.3083e+02         +/-  1.28e+01  <none>
  Background_CR_loose_HIGH_bin_4-9    8.3886e+01    8.3887e+01         +/-  9.96e+00  <none>
  Background_CR_loose_HIGH_bin_5-1    3.5674e+01    3.5679e+01         +/-  1.07e+01  <none>
  Background_CR_loose_HIGH_bin_5-10    5.3779e+01    5.3776e+01         +/-  7.34e+00  <none>
  Background_CR_loose_HIGH_bin_5-11    3.9157e+01    3.9156e+01         +/-  6.27e+00  <none>
  Background_CR_loose_HIGH_bin_5-12    1.8609e+01    1.8608e+01         +/-  4.38e+00  <none>
  Background_CR_loose_HIGH_bin_5-13    7.4547e+00    7.4532e+00         +/-  3.01e+00  <none>
  Background_CR_loose_HIGH_bin_5-2    1.7005e+02    1.7005e+02         +/-  1.89e+01  <none>
  Background_CR_loose_HIGH_bin_5-3    2.9150e+02    2.9150e+02         +/-  2.03e+01  <none>
  Background_CR_loose_HIGH_bin_5-4    2.8966e+02    2.8966e+02         +/-  2.00e+01  <none>
  Background_CR_loose_HIGH_bin_5-5    3.0116e+02    3.0116e+02         +/-  1.83e+01  <none>
  Background_CR_loose_HIGH_bin_5-6    2.2470e+02    2.2470e+02         +/-  1.56e+01  <none>
  Background_CR_loose_HIGH_bin_5-7    1.7421e+02    1.7421e+02         +/-  1.33e+01  <none>
  Background_CR_loose_HIGH_bin_5-8    1.2747e+02    1.2747e+02         +/-  1.13e+01  <none>
  Background_CR_loose_HIGH_bin_5-9    6.9463e+01    6.9458e+01         +/-  8.35e+00  <none>
  Background_CR_loose_HIGH_bin_6-1    2.8092e+01    2.8094e+01         +/-  5.85e+00  <none>
  Background_CR_loose_HIGH_bin_6-10    4.7986e+01    4.7985e+01         +/-  6.68e+00  <none>
  Background_CR_loose_HIGH_bin_6-11    3.5173e+01    3.5174e+01         +/-  5.78e+00  <none>
  Background_CR_loose_HIGH_bin_6-12    3.0357e+01    3.0355e+01         +/-  5.26e+00  <none>
  Background_CR_loose_HIGH_bin_6-13    2.3804e+01    2.3803e+01         +/-  4.61e+00  <none>
  Background_CR_loose_HIGH_bin_6-2    7.8605e+01    7.8603e+01         +/-  1.02e+01  <none>
  Background_CR_loose_HIGH_bin_6-3    1.6889e+02    1.6889e+02         +/-  1.42e+01  <none>
  Background_CR_loose_HIGH_bin_6-4    2.2058e+02    2.2058e+02         +/-  1.51e+01  <none>
  Background_CR_loose_HIGH_bin_6-5    1.8750e+02    1.8750e+02         +/-  1.38e+01  <none>
  Background_CR_loose_HIGH_bin_6-6    1.5643e+02    1.5643e+02         +/-  1.24e+01  <none>
  Background_CR_loose_HIGH_bin_6-7    1.6118e+02    1.6118e+02         +/-  1.25e+01  <none>
  Background_CR_loose_HIGH_bin_6-8    8.7833e+01    8.7831e+01         +/-  9.29e+00  <none>
  Background_CR_loose_HIGH_bin_6-9    6.8420e+01    6.8417e+01         +/-  8.24e+00  <none>
  Background_CR_loose_LOW_bin_1-1    2.5171e+03    2.5170e+03         +/-  5.16e+01  <none>
  Background_CR_loose_LOW_bin_1-10    9.8021e+01    9.8022e+01         +/-  9.68e+00  <none>
  Background_CR_loose_LOW_bin_1-11    3.8635e+01    3.8635e+01         +/-  6.42e+00  <none>
  Background_CR_loose_LOW_bin_1-12    4.7407e+01    4.7410e+01         +/-  6.71e+00  <none>
  Background_CR_loose_LOW_bin_1-13    4.2618e+01    4.2617e+01         +/-  6.42e+00  <none>
  Background_CR_loose_LOW_bin_1-2    2.4755e+03    2.4755e+03         +/-  5.00e+01  <none>
  Background_CR_loose_LOW_bin_1-3    1.9380e+03    1.9380e+03         +/-  4.31e+01  <none>
  Background_CR_loose_LOW_bin_1-4    1.2161e+03    1.2161e+03         +/-  3.41e+01  <none>
  Background_CR_loose_LOW_bin_1-5    7.4984e+02    7.4984e+02         +/-  2.67e+01  <none>
  Background_CR_loose_LOW_bin_1-6    4.2491e+02    4.2490e+02         +/-  2.01e+01  <none>
  Background_CR_loose_LOW_bin_1-7    2.8556e+02    2.8556e+02         +/-  1.65e+01  <none>
  Background_CR_loose_LOW_bin_1-8    2.1630e+02    2.1630e+02         +/-  1.44e+01  <none>
  Background_CR_loose_LOW_bin_1-9    1.5237e+02    1.5237e+02         +/-  1.21e+01  <none>
  Background_CR_loose_LOW_bin_2-1    2.2747e+03    2.2746e+03         +/-  5.77e+01  <none>
  Background_CR_loose_LOW_bin_2-10    8.1661e+01    8.1663e+01         +/-  9.64e+00  <none>
  Background_CR_loose_LOW_bin_2-11    7.4541e+01    7.4538e+01         +/-  9.03e+00  <none>
  Background_CR_loose_LOW_bin_2-12    4.0532e+01    4.0532e+01         +/-  6.90e+00  <none>
  Background_CR_loose_LOW_bin_2-13    2.5004e+01    2.5003e+01         +/-  5.51e+00  <none>
  Background_CR_loose_LOW_bin_2-2    2.3115e+03    2.3114e+03         +/-  5.51e+01  <none>
  Background_CR_loose_LOW_bin_2-3    1.8912e+03    1.8912e+03         +/-  4.63e+01  <none>
  Background_CR_loose_LOW_bin_2-4    1.1431e+03    1.1431e+03         +/-  3.53e+01  <none>
  Background_CR_loose_LOW_bin_2-5    7.0056e+02    7.0055e+02         +/-  2.77e+01  <none>
  Background_CR_loose_LOW_bin_2-6    4.2667e+02    4.2667e+02         +/-  2.18e+01  <none>
  Background_CR_loose_LOW_bin_2-7    2.6961e+02    2.6961e+02         +/-  1.72e+01  <none>
  Background_CR_loose_LOW_bin_2-8    1.7873e+02    1.7871e+02         +/-  1.44e+01  <none>
  Background_CR_loose_LOW_bin_2-9    1.4259e+02    1.4259e+02         +/-  1.25e+01  <none>
  Background_CR_loose_LOW_bin_3-1    2.2308e+03    2.2308e+03         +/-  6.28e+01  <none>
  Background_CR_loose_LOW_bin_3-10    8.1285e+01    8.1282e+01         +/-  9.66e+00  <none>
  Background_CR_loose_LOW_bin_3-11    4.7677e+01    4.7673e+01         +/-  7.45e+00  <none>
  Background_CR_loose_LOW_bin_3-12    4.4024e+01    4.4025e+01         +/-  6.94e+00  <none>
  Background_CR_loose_LOW_bin_3-13    2.6843e+01    2.6846e+01         +/-  5.53e+00  <none>
  Background_CR_loose_LOW_bin_3-2    2.2490e+03    2.2490e+03         +/-  5.78e+01  <none>
  Background_CR_loose_LOW_bin_3-3    1.6883e+03    1.6883e+03         +/-  4.55e+01  <none>
  Background_CR_loose_LOW_bin_3-4    1.1765e+03    1.1765e+03         +/-  3.64e+01  <none>
  Background_CR_loose_LOW_bin_3-5    6.9230e+02    6.9229e+02         +/-  2.76e+01  <none>
  Background_CR_loose_LOW_bin_3-6    3.8435e+02    3.8435e+02         +/-  2.07e+01  <none>
  Background_CR_loose_LOW_bin_3-7    2.4155e+02    2.4154e+02         +/-  1.62e+01  <none>
  Background_CR_loose_LOW_bin_3-8    1.4280e+02    1.4280e+02         +/-  1.28e+01  <none>
  Background_CR_loose_LOW_bin_3-9    1.0726e+02    1.0725e+02         +/-  1.10e+01  <none>
  Background_CR_loose_SIG_bin_1-1    1.9073e+03    1.9073e+03         +/-  6.22e+01  <none>
  Background_CR_loose_SIG_bin_1-10    8.0635e+01    8.0635e+01         +/-  9.09e+00  <none>
  Background_CR_loose_SIG_bin_1-11    5.2645e+01    5.2644e+01         +/-  7.16e+00  <none>
  Background_CR_loose_SIG_bin_1-12    3.2375e+01    3.2373e+01         +/-  5.74e+00  <none>
  Background_CR_loose_SIG_bin_1-13    1.8740e+01    1.8739e+01         +/-  4.44e+00  <none>
  Background_CR_loose_SIG_bin_1-2    2.0346e+03    2.0346e+03         +/-  5.72e+01  <none>
  Background_CR_loose_SIG_bin_1-3    1.7084e+03    1.7084e+03         +/-  4.62e+01  <none>
  Background_CR_loose_SIG_bin_1-4    1.1508e+03    1.1508e+03         +/-  3.55e+01  <none>
  Background_CR_loose_SIG_bin_1-5    6.0537e+02    6.0537e+02         +/-  2.57e+01  <none>
  Background_CR_loose_SIG_bin_1-6    4.3161e+02    4.3161e+02         +/-  2.08e+01  <none>
  Background_CR_loose_SIG_bin_1-7    2.4031e+02    2.4031e+02         +/-  1.55e+01  <none>
  Background_CR_loose_SIG_bin_1-8    1.5734e+02    1.5734e+02         +/-  1.28e+01  <none>
  Background_CR_loose_SIG_bin_1-9    8.5651e+01    8.5651e+01         +/-  9.79e+00  <none>
  Background_CR_loose_SIG_bin_2-1    1.5343e+03    1.5343e+03         +/-  6.61e+01  <none>
  Background_CR_loose_SIG_bin_2-10    5.2820e+01    5.2823e+01         +/-  8.16e+00  <none>
  Background_CR_loose_SIG_bin_2-11    4.0322e+01    4.0324e+01         +/-  6.58e+00  <none>
  Background_CR_loose_SIG_bin_2-12    4.2923e+01    4.2922e+01         +/-  6.47e+00  <none>
  Background_CR_loose_SIG_bin_2-13    1.3455e+01    1.3454e+01         +/-  3.76e+00  <none>
  Background_CR_loose_SIG_bin_2-2    1.9587e+03    1.9587e+03         +/-  6.19e+01  <none>
  Background_CR_loose_SIG_bin_2-3    1.5891e+03    1.5891e+03         +/-  4.76e+01  <none>
  Background_CR_loose_SIG_bin_2-4    1.0150e+03    1.0150e+03         +/-  3.56e+01  <none>
  Background_CR_loose_SIG_bin_2-5    5.9050e+02    5.9050e+02         +/-  2.54e+01  <none>
  Background_CR_loose_SIG_bin_2-6    4.0727e+02    4.0727e+02         +/-  2.08e+01  <none>
  Background_CR_loose_SIG_bin_2-7    2.6036e+02    2.6036e+02         +/-  1.65e+01  <none>
  Background_CR_loose_SIG_bin_2-8    1.5160e+02    1.5160e+02         +/-  1.26e+01  <none>
  Background_CR_loose_SIG_bin_2-9    9.8633e+01    9.8635e+01         +/-  1.06e+01  <none>
  Background_CR_loose_SIG_bin_3-1    1.4556e+03    1.4556e+03         +/-  6.80e+01  <none>
  Background_CR_loose_SIG_bin_3-10    3.3414e+01    3.3413e+01         +/-  7.11e+00  <none>
  Background_CR_loose_SIG_bin_3-11    4.3587e+01    4.3585e+01         +/-  6.74e+00  <none>
  Background_CR_loose_SIG_bin_3-12    3.7291e+01    3.7290e+01         +/-  6.32e+00  <none>
  Background_CR_loose_SIG_bin_3-13    2.0067e+01    2.0067e+01         +/-  4.57e+00  <none>
  Background_CR_loose_SIG_bin_3-2    1.5828e+03    1.5828e+03         +/-  6.03e+01  <none>
  Background_CR_loose_SIG_bin_3-3    1.4382e+03    1.4382e+03         +/-  4.90e+01  <none>
  Background_CR_loose_SIG_bin_3-4    9.4284e+02    9.4284e+02         +/-  3.56e+01  <none>
  Background_CR_loose_SIG_bin_3-5    6.2552e+02    6.2552e+02         +/-  2.73e+01  <none>
  Background_CR_loose_SIG_bin_3-6    3.9356e+02    3.9356e+02         +/-  2.06e+01  <none>
  Background_CR_loose_SIG_bin_3-7    1.9288e+02    1.9288e+02         +/-  1.47e+01  <none>
  Background_CR_loose_SIG_bin_3-8    1.3786e+02    1.3786e+02         +/-  1.22e+01  <none>
  Background_CR_loose_SIG_bin_3-9    9.8085e+01    9.8084e+01         +/-  1.04e+01  <none>
  Background_CR_rpf_1x1_par0    3.8220e-01    3.8219e-01         +/-  3.86e-02  <none>
  Background_CR_rpf_1x1_par1    2.1795e-01    2.1793e-01         +/-  3.52e-02  <none>
  Background_CR_rpf_1x1_par2    3.5444e-01    3.5444e-01         +/-  3.55e-02  <none>
  Background_CR_rpf_1x1_par3   -7.5390e-02   -7.5393e-02         +/-  2.35e-02  <none>
               PNetTop   -4.9232e-02   -4.9213e-02         +/-  8.12e-01  <none>
               PNetXbb    9.9627e-02    9.2671e-02         +/-  8.06e-01  <none>
                Pileup    8.3885e-02    9.1836e-02         +/-  1.02e+00  <none>
               Prefire   -3.1037e-03   -3.0682e-03         +/-  1.58e-01  <none>
           TptReweight    3.0145e-01    3.0243e-01         +/-  1.00e+00  <none>
                   jer   -4.1349e-01   -4.1419e-01         +/-  8.04e-01  <none>
                   jes    1.6260e+00    1.6261e+00         +/-  6.02e-01  <none>
                   jmr   -1.3649e-01   -1.3743e-01         +/-  5.07e-01  <none>
                   jms    6.1513e-02    6.1060e-02         +/-  6.36e-01  <none>
                  lumi    1.5355e-01    1.5419e-01         +/-  9.97e-01  <none>
                   pdf    4.1528e-01    4.1524e-01         +/-  9.03e-01  <none>
                     r    1.6213e+00    1.6215e+00 (+5.78e-01,-5.34e-01)  <none>
            ttbar_xsec    1.9317e+00    1.9319e+00         +/-  7.10e-01  <none>
                w_xsec   -1.1217e-01   -1.1377e-01         +/-  9.88e-01  <none>
                z_xsec   -5.9488e-02   -5.9340e-02         +/-  7.23e-01  <none>


 --- FitDiagnostics ---
Best fit r: 1.62146  -0.53365/+0.578269  (68% CL)
Done in 0.88 min (cpu), 0.88 min (real)
Printing Message Summary From ... combine_logger.out
----------------------------------------------
Messages of type INFO : 126
Messages of type DEBUG : 21
Messages of type ERROR : 2
----------------------------------------------
INFO: (function: applyOptionsBase) FitterAlgoBase.cc: 113 -- Setting robust fit options to Tolerance=0.1 / Strategy=0 / Type,Algo=Minuit2,Migrad (note that defaults of CascadeMinimizer were taken where option not specified)
INFO: (function: improveOnce) CascadeMinimizer.cc: 188 -- Minimisation configured with Type=Minuit2, Algo=Migrad, strategy=1, tolerance=0.1
INFO: (function: improveOnce) CascadeMinimizer.cc: 211 -- Minimisation finished with status=0
INFO: (function: improveOnce) CascadeMinimizer.cc: 216 -- Minimization success! status=0
INFO: (function: improveOnce) CascadeMinimizer.cc: 188 -- Minimisation configured with Type=Minuit2, Algo=Migrad, strategy=1, tolerance=0.1
INFO: (function: improveOnce) CascadeMinimizer.cc: 211 -- Minimisation finished with status=0
INFO: (function: improveOnce) CascadeMinimizer.cc: 216 -- Minimization success! status=0
INFO: (function: improveOnce) CascadeMinimizer.cc: 188 -- Minimisation configured with Type=Minuit2, Algo=Migrad, strategy=1, tolerance=0.1
INFO: (function: improveOnce) CascadeMinimizer.cc: 211 -- Minimisation finished with status=1
DEBUG: (function: improveOnce) CascadeMinimizer.cc: 212 -- finished with status 1 (covariance forced positive definite), this could indicate a problem with the minimim.
INFO: (function: improveOnce) CascadeMinimizer.cc: 216 -- Minimization success! status=0
INFO: (function: improveOnce) CascadeMinimizer.cc: 188 -- Minimisation configured with Type=Minuit2, Algo=Migrad, strategy=1, tolerance=0.1
INFO: (function: improveOnce) CascadeMinimizer.cc: 211 -- Minimisation finished with status=1
DEBUG: (function: improveOnce) CascadeMinimizer.cc: 212 -- finished with status 1 (covariance forced positive definite), this could indicate a problem with the minimim.
INFO: (function: improveOnce) CascadeMinimizer.cc: 216 -- Minimization success! status=0
ERROR: (function: runSpecific) [WARNING]: Unable to determine uncertainties on all fit parameters in b-only fit. Have a look at https://cms-analysis.github.io/HiggsAnalysis-CombinedLimit/part3/nonstandard/#fit-parameter-uncertainties for more information.
DEBUG: (function: runSpecific) FitDiagnostics.cc: 318 -- Fit B-only, status = 1, numBadNLL = 0, covariance quality = 2
INFO: (function: improveOnce) CascadeMinimizer.cc: 188 -- Minimisation configured with Type=Minuit2, Algo=Migrad, strategy=1, tolerance=0.1
INFO: (function: improveOnce) CascadeMinimizer.cc: 211 -- Minimisation finished with status=1
DEBUG: (function: improveOnce) CascadeMinimizer.cc: 212 -- finished with status 1 (covariance forced positive definite), this could indicate a problem with the minimim.
INFO: (function: improveOnce) CascadeMinimizer.cc: 216 -- Minimization success! status=0
INFO: (function: improveOnce) CascadeMinimizer.cc: 188 -- Minimisation configured with Type=Minuit2, Algo=Migrad, strategy=1, tolerance=0.1
INFO: (function: improveOnce) CascadeMinimizer.cc: 211 -- Minimisation finished with status=1
DEBUG: (function: improveOnce) CascadeMinimizer.cc: 212 -- finished with status 1 (covariance forced positive definite), this could indicate a problem with the minimim.
INFO: (function: improveOnce) CascadeMinimizer.cc: 216 -- Minimization success! status=0
INFO: (function: doFit) FitterAlgoBase.cc: 359 -- Running RobustFit for POI r. Configured with strategy 0  
INFO: (function: findCrossing) FitterAlgoBase.cc: 405 -- Searching for crossing at nll = -9368.65, in the interval 1.62146 < r < 5
INFO: (function: improveOnce) CascadeMinimizer.cc: 188 -- Minimisation configured with Type=Minuit2, Algo=Migrad, strategy=1, tolerance=0.1
INFO: (function: improveOnce) CascadeMinimizer.cc: 211 -- Minimisation finished with status=1
DEBUG: (function: improveOnce) CascadeMinimizer.cc: 212 -- finished with status 1 (covariance forced positive definite), this could indicate a problem with the minimim.
INFO: (function: improveOnce) CascadeMinimizer.cc: 216 -- Minimization success! status=0
INFO: (function: findCrossing) FitterAlgoBase.cc: 426 -- r lvl-here lvl-there 	stepping 
INFO: (function: improveOnce) CascadeMinimizer.cc: 188 -- Minimisation configured with Type=Minuit2, Algo=Migrad, strategy=1, tolerance=0.1
INFO: (function: improveOnce) CascadeMinimizer.cc: 211 -- Minimisation finished with status=1
DEBUG: (function: improveOnce) CascadeMinimizer.cc: 212 -- finished with status 1 (covariance forced positive definite), this could indicate a problem with the minimim.
INFO: (function: improveOnce) CascadeMinimizer.cc: 216 -- Minimization success! status=0
INFO: (function: findCrossing) FitterAlgoBase.cc: 459 -- 1.959315    +0.31610  +0.49449    0.337854
INFO: (function: improveOnce) CascadeMinimizer.cc: 188 -- Minimisation configured with Type=Minuit2, Algo=Migrad, strategy=1, tolerance=0.1
INFO: (function: improveOnce) CascadeMinimizer.cc: 211 -- Minimisation finished with status=0
INFO: (function: improveOnce) CascadeMinimizer.cc: 216 -- Minimization success! status=0
INFO: (function: findCrossing) FitterAlgoBase.cc: 459 -- 2.297169    -0.16354  +0.31610    0.337854
INFO: (function: improveOnce) CascadeMinimizer.cc: 188 -- Minimisation configured with Type=Minuit2, Algo=Migrad, strategy=1, tolerance=0.1
INFO: (function: improveOnce) CascadeMinimizer.cc: 211 -- Minimisation finished with status=0
INFO: (function: improveOnce) CascadeMinimizer.cc: 216 -- Minimization success! status=0
INFO: (function: findCrossing) FitterAlgoBase.cc: 459 -- 2.060671    +0.19843  -0.16354    0.101356
INFO: (function: improveOnce) CascadeMinimizer.cc: 188 -- Minimisation configured with Type=Minuit2, Algo=Migrad, strategy=1, tolerance=0.1
INFO: (function: improveOnce) CascadeMinimizer.cc: 211 -- Minimisation finished with status=1
DEBUG: (function: improveOnce) CascadeMinimizer.cc: 212 -- finished with status 1 (covariance forced positive definite), this could indicate a problem with the minimim.
INFO: (function: improveOnce) CascadeMinimizer.cc: 216 -- Minimization success! status=0
INFO: (function: findCrossing) FitterAlgoBase.cc: 459 -- 2.162027    +0.05798  +0.19843    0.101356
INFO: (function: improveOnce) CascadeMinimizer.cc: 188 -- Minimisation configured with Type=Minuit2, Algo=Migrad, strategy=1, tolerance=0.1
INFO: (function: improveOnce) CascadeMinimizer.cc: 211 -- Minimisation finished with status=0
INFO: (function: improveOnce) CascadeMinimizer.cc: 216 -- Minimization success! status=0
INFO: (function: findCrossing) FitterAlgoBase.cc: 459 -- 2.263383    -0.10485  +0.05798    0.101356
INFO: (function: improveOnce) CascadeMinimizer.cc: 188 -- Minimisation configured with Type=Minuit2, Algo=Migrad, strategy=1, tolerance=0.1
INFO: (function: improveOnce) CascadeMinimizer.cc: 211 -- Minimisation finished with status=1
DEBUG: (function: improveOnce) CascadeMinimizer.cc: 212 -- finished with status 1 (covariance forced positive definite), this could indicate a problem with the minimim.
INFO: (function: improveOnce) CascadeMinimizer.cc: 216 -- Minimization success! status=0
INFO: (function: findCrossing) FitterAlgoBase.cc: 459 -- 2.192434    +0.01137  -0.10485    0.030407
INFO: (function: improveOnce) CascadeMinimizer.cc: 188 -- Minimisation configured with Type=Minuit2, Algo=Migrad, strategy=1, tolerance=0.1
INFO: (function: improveOnce) CascadeMinimizer.cc: 211 -- Minimisation finished with status=0
INFO: (function: improveOnce) CascadeMinimizer.cc: 216 -- Minimization success! status=0
INFO: (function: findCrossing) FitterAlgoBase.cc: 459 -- 2.222841    -0.03721  +0.01137    0.030407
INFO: (function: improveOnce) CascadeMinimizer.cc: 188 -- Minimisation configured with Type=Minuit2, Algo=Migrad, strategy=1, tolerance=0.1
INFO: (function: improveOnce) CascadeMinimizer.cc: 211 -- Minimisation finished with status=1
DEBUG: (function: improveOnce) CascadeMinimizer.cc: 212 -- finished with status 1 (covariance forced positive definite), this could indicate a problem with the minimim.
INFO: (function: improveOnce) CascadeMinimizer.cc: 216 -- Minimization success! status=0
INFO: (function: findCrossing) FitterAlgoBase.cc: 459 -- 2.201556    -0.00299  -0.03721    0.009122
INFO: (function: improveOnce) CascadeMinimizer.cc: 188 -- Minimisation configured with Type=Minuit2, Algo=Migrad, strategy=1, tolerance=0.1
INFO: (function: improveOnce) CascadeMinimizer.cc: 211 -- Minimisation finished with status=1
DEBUG: (function: improveOnce) CascadeMinimizer.cc: 212 -- finished with status 1 (covariance forced positive definite), this could indicate a problem with the minimim.
INFO: (function: improveOnce) CascadeMinimizer.cc: 216 -- Minimization success! status=0
INFO: (function: findCrossing) FitterAlgoBase.cc: 459 -- 2.195170    +0.00708  -0.00299    0.002737
INFO: (function: improveOnce) CascadeMinimizer.cc: 188 -- Minimisation configured with Type=Minuit2, Algo=Migrad, strategy=1, tolerance=0.1
INFO: (function: improveOnce) CascadeMinimizer.cc: 211 -- Minimisation finished with status=1
DEBUG: (function: improveOnce) CascadeMinimizer.cc: 212 -- finished with status 1 (covariance forced positive definite), this could indicate a problem with the minimim.
INFO: (function: improveOnce) CascadeMinimizer.cc: 216 -- Minimization success! status=0
INFO: (function: findCrossing) FitterAlgoBase.cc: 459 -- 2.197907    +0.00275  +0.00708    0.002737
INFO: (function: improveOnce) CascadeMinimizer.cc: 188 -- Minimisation configured with Type=Minuit2, Algo=Migrad, strategy=1, tolerance=0.1
INFO: (function: improveOnce) CascadeMinimizer.cc: 211 -- Minimisation finished with status=0
INFO: (function: improveOnce) CascadeMinimizer.cc: 216 -- Minimization success! status=0
INFO: (function: findCrossing) FitterAlgoBase.cc: 459 -- 2.200644    -0.00158  +0.00275    0.002737
INFO: (function: improveOnce) CascadeMinimizer.cc: 188 -- Minimisation configured with Type=Minuit2, Algo=Migrad, strategy=1, tolerance=0.1
INFO: (function: improveOnce) CascadeMinimizer.cc: 211 -- Minimisation finished with status=0
INFO: (function: improveOnce) CascadeMinimizer.cc: 216 -- Minimization success! status=0
INFO: (function: findCrossing) FitterAlgoBase.cc: 459 -- 2.198728    +0.00146  -0.00158    0.000821
INFO: (function: improveOnce) CascadeMinimizer.cc: 188 -- Minimisation configured with Type=Minuit2, Algo=Migrad, strategy=1, tolerance=0.1
INFO: (function: improveOnce) CascadeMinimizer.cc: 211 -- Minimisation finished with status=1
DEBUG: (function: improveOnce) CascadeMinimizer.cc: 212 -- finished with status 1 (covariance forced positive definite), this could indicate a problem with the minimim.
INFO: (function: improveOnce) CascadeMinimizer.cc: 216 -- Minimization success! status=0
INFO: (function: findCrossing) FitterAlgoBase.cc: 459 -- 2.199549    +0.00016  +0.00146    0.000821
INFO: (function: findCrossing) FitterAlgoBase.cc: 405 -- Searching for crossing at nll = -9368.65, in the interval 1.62146 < r < -1
INFO: (function: improveOnce) CascadeMinimizer.cc: 188 -- Minimisation configured with Type=Minuit2, Algo=Migrad, strategy=1, tolerance=0.1
INFO: (function: improveOnce) CascadeMinimizer.cc: 211 -- Minimisation finished with status=1
DEBUG: (function: improveOnce) CascadeMinimizer.cc: 212 -- finished with status 1 (covariance forced positive definite), this could indicate a problem with the minimim.
INFO: (function: improveOnce) CascadeMinimizer.cc: 216 -- Minimization success! status=0
INFO: (function: findCrossing) FitterAlgoBase.cc: 426 -- r lvl-here lvl-there 	stepping 
INFO: (function: improveOnce) CascadeMinimizer.cc: 188 -- Minimisation configured with Type=Minuit2, Algo=Migrad, strategy=1, tolerance=0.1
INFO: (function: improveOnce) CascadeMinimizer.cc: 211 -- Minimisation finished with status=1
DEBUG: (function: improveOnce) CascadeMinimizer.cc: 212 -- finished with status 1 (covariance forced positive definite), this could indicate a problem with the minimim.
INFO: (function: improveOnce) CascadeMinimizer.cc: 216 -- Minimization success! status=0
INFO: (function: findCrossing) FitterAlgoBase.cc: 459 -- 1.359315    +0.38183  +0.49449    -0.262146
INFO: (function: improveOnce) CascadeMinimizer.cc: 188 -- Minimisation configured with Type=Minuit2, Algo=Migrad, strategy=1, tolerance=0.1
INFO: (function: improveOnce) CascadeMinimizer.cc: 211 -- Minimisation finished with status=0
INFO: (function: improveOnce) CascadeMinimizer.cc: 216 -- Minimization success! status=0
INFO: (function: findCrossing) FitterAlgoBase.cc: 459 -- 1.097169    +0.01804  +0.38183    -0.262146
INFO: (function: improveOnce) CascadeMinimizer.cc: 188 -- Minimisation configured with Type=Minuit2, Algo=Migrad, strategy=1, tolerance=0.1
INFO: (function: improveOnce) CascadeMinimizer.cc: 211 -- Minimisation finished with status=0
INFO: (function: improveOnce) CascadeMinimizer.cc: 216 -- Minimization success! status=0
INFO: (function: findCrossing) FitterAlgoBase.cc: 459 -- 0.835022    -0.61921  +0.01804    -0.262146
INFO: (function: improveOnce) CascadeMinimizer.cc: 188 -- Minimisation configured with Type=Minuit2, Algo=Migrad, strategy=1, tolerance=0.1
INFO: (function: improveOnce) CascadeMinimizer.cc: 211 -- Minimisation finished with status=1
DEBUG: (function: improveOnce) CascadeMinimizer.cc: 212 -- finished with status 1 (covariance forced positive definite), this could indicate a problem with the minimim.
INFO: (function: improveOnce) CascadeMinimizer.cc: 216 -- Minimization success! status=0
INFO: (function: findCrossing) FitterAlgoBase.cc: 459 -- 1.018525    -0.14366  -0.61921    -0.078644
INFO: (function: improveOnce) CascadeMinimizer.cc: 188 -- Minimisation configured with Type=Minuit2, Algo=Migrad, strategy=1, tolerance=0.1
INFO: (function: improveOnce) CascadeMinimizer.cc: 211 -- Minimisation finished with status=0
INFO: (function: improveOnce) CascadeMinimizer.cc: 216 -- Minimization success! status=0
INFO: (function: findCrossing) FitterAlgoBase.cc: 459 -- 1.073575    -0.02780  -0.14366    -0.023593
INFO: (function: improveOnce) CascadeMinimizer.cc: 188 -- Minimisation configured with Type=Minuit2, Algo=Migrad, strategy=1, tolerance=0.1
INFO: (function: improveOnce) CascadeMinimizer.cc: 211 -- Minimisation finished with status=1
DEBUG: (function: improveOnce) CascadeMinimizer.cc: 212 -- finished with status 1 (covariance forced positive definite), this could indicate a problem with the minimim.
INFO: (function: improveOnce) CascadeMinimizer.cc: 216 -- Minimization success! status=0
INFO: (function: findCrossing) FitterAlgoBase.cc: 459 -- 1.090091    +0.00451  -0.02780    -0.007078
INFO: (function: improveOnce) CascadeMinimizer.cc: 188 -- Minimisation configured with Type=Minuit2, Algo=Migrad, strategy=1, tolerance=0.1
INFO: (function: improveOnce) CascadeMinimizer.cc: 211 -- Minimisation finished with status=1
DEBUG: (function: improveOnce) CascadeMinimizer.cc: 212 -- finished with status 1 (covariance forced positive definite), this could indicate a problem with the minimim.
INFO: (function: improveOnce) CascadeMinimizer.cc: 216 -- Minimization success! status=0
INFO: (function: findCrossing) FitterAlgoBase.cc: 459 -- 1.083013    -0.00923  +0.00451    -0.007078
INFO: (function: improveOnce) CascadeMinimizer.cc: 188 -- Minimisation configured with Type=Minuit2, Algo=Migrad, strategy=1, tolerance=0.1
INFO: (function: improveOnce) CascadeMinimizer.cc: 211 -- Minimisation finished with status=1
DEBUG: (function: improveOnce) CascadeMinimizer.cc: 212 -- finished with status 1 (covariance forced positive definite), this could indicate a problem with the minimim.
INFO: (function: improveOnce) CascadeMinimizer.cc: 216 -- Minimization success! status=0
INFO: (function: findCrossing) FitterAlgoBase.cc: 459 -- 1.087967    +0.00040  -0.00923    -0.002123
INFO: (function: improveOnce) CascadeMinimizer.cc: 188 -- Minimisation configured with Type=Minuit2, Algo=Migrad, strategy=1, tolerance=0.1
INFO: (function: improveOnce) CascadeMinimizer.cc: 211 -- Minimisation finished with status=0
INFO: (function: improveOnce) CascadeMinimizer.cc: 216 -- Minimization success! status=0
INFO: (function: findCrossing) FitterAlgoBase.cc: 459 -- 1.085844    -0.00372  +0.00040    -0.002123
INFO: (function: improveOnce) CascadeMinimizer.cc: 188 -- Minimisation configured with Type=Minuit2, Algo=Migrad, strategy=1, tolerance=0.1
INFO: (function: improveOnce) CascadeMinimizer.cc: 211 -- Minimisation finished with status=0
INFO: (function: improveOnce) CascadeMinimizer.cc: 216 -- Minimization success! status=0
INFO: (function: findCrossing) FitterAlgoBase.cc: 459 -- 1.087330    -0.00083  -0.00372    -0.000637
INFO: (function: improveOnce) CascadeMinimizer.cc: 188 -- Minimisation configured with Type=Minuit2, Algo=Migrad, strategy=1, tolerance=0.1
INFO: (function: improveOnce) CascadeMinimizer.cc: 211 -- Minimisation finished with status=1
DEBUG: (function: improveOnce) CascadeMinimizer.cc: 212 -- finished with status 1 (covariance forced positive definite), this could indicate a problem with the minimim.
INFO: (function: improveOnce) CascadeMinimizer.cc: 216 -- Minimization success! status=0
INFO: (function: findCrossing) FitterAlgoBase.cc: 459 -- 1.087776    +0.00004  -0.00083    -0.000191
ERROR: (function: runSpecific) [WARNING]: Unable to determine uncertainties on all fit parameters in s+b fit. Have a look at https://cms-analysis.github.io/HiggsAnalysis-CombinedLimit/part3/nonstandard/#fit-parameter-uncertainties for more information.
DEBUG: (function: runSpecific) FitDiagnostics.cc: 443 -- Fit S+B, status = 1, numBadNLL = 0, covariance quality = 2
