
>>> random number generator seed is 123456
   Options for Robust Minimizer :: 
        Tolerance  0.1
        Strategy   0
        Type,Algo  Minuit2,Migrad
>>> method used is FitDiagnostics
Set Default Value of Parameter r To : 1
>>> 0 out of 6 channels masked

>>> Channel masks:
  1) 0x5cc1390 RooRealVar::  mask_CR_loose_LOW = 0 C  L(-INF - +INF)  "mask_CR_loose_LOW"
  2) 0x5cc1e70 RooRealVar::  mask_CR_loose_SIG = 0 C  L(-INF - +INF)  "mask_CR_loose_SIG"
  3) 0x5cc2a80 RooRealVar:: mask_CR_loose_HIGH = 0 C  L(-INF - +INF)  "mask_CR_loose_HIGH"
  4) 0x5cc3690 RooRealVar::   mask_CR_pass_LOW = 0 C  L(-INF - +INF)  "mask_CR_pass_LOW"
  5) 0x5cc42a0 RooRealVar::   mask_CR_pass_SIG = 0 C  L(-INF - +INF)  "mask_CR_pass_SIG"
  6) 0x5cc4eb0 RooRealVar::  mask_CR_pass_HIGH = 0 C  L(-INF - +INF)  "mask_CR_pass_HIGH"
SimNLL created with 0 channels, 0 generic constraints, 14 fast gaussian constraints, 0 fast poisson constraints, 0 fast group constraints, 
Minuit2Minimizer: Minimize with max-calls 7000 convergence for edm < 0.1 strategy 1
Minuit2Minimizer::Minuit  - Changing default options
             StorageLevel :               0
MnSeedGenerator: for initial parameters FCN = 0
MnSeedGenerator: Initial state:   - FCN =                0 Edm =            0 NCalls =     57
VariableMetric: start iterating until Edm is < 0.0001
VariableMetric: Initial state   - FCN =                0 Edm =            0 NCalls =     57
VariableMetric: Iteration #   0 - FCN =                0 Edm =            0 NCalls =     57
VariableMetric: After Hessian   - FCN =                0 Edm =            0 NCalls =    205
VariableMetric: Iteration #   1 - FCN =                0 Edm =            0 NCalls =    205
Minuit2Minimizer : Valid minimum - status = 0
FVAL  = 0
Edm   = 0
Nfcn  = 205
PNetTop	  = 0	 +/-  1
PNetXbb	  = 0	 +/-  1
Pileup	  = 0	 +/-  1
Prefire	  = 0	 +/-  1
TptReweight	  = 0	 +/-  1
jer	  = 0	 +/-  1
jes	  = 0	 +/-  1
jmr	  = 0	 +/-  1
jms	  = 0	 +/-  1
lumi	  = 0	 +/-  1
pdf	  = 0	 +/-  1
ttbar_xsec	  = 0	 +/-  1
w_xsec	  = 0	 +/-  1
z_xsec	  = 0	 +/-  1
SimNLL created with 6 channels, 0 generic constraints, 14 fast gaussian constraints, 0 fast poisson constraints, 0 fast group constraints, 

  RooFitResult: minimized FCN value: -4.04407e-06, estimated distance to minimum: 1.98032e-06
                covariance matrix quality: Full matrix, but forced positive-definite
                Status : MINIMIZE=0 HESSE=0 

    Constant Parameter    Value     
  --------------------  ------------
            PNetTop_In    0.0000e+00
            PNetXbb_In    0.0000e+00
             Pileup_In    0.0000e+00
            Prefire_In    0.0000e+00
        TptReweight_In    0.0000e+00
                jer_In    0.0000e+00
                jes_In    0.0000e+00
                jmr_In    0.0000e+00
                jms_In    0.0000e+00
               lumi_In    0.0000e+00
  n_exp_binCR_loose_HIGH_proc_Background    1.0000e+00
  n_exp_binCR_loose_LOW_proc_Background    1.0000e+00
  n_exp_binCR_loose_SIG_proc_Background    1.0000e+00
  n_exp_binCR_pass_HIGH_proc_Background_0x0    1.0000e+00
  n_exp_binCR_pass_LOW_proc_Background_0x0    1.0000e+00
  n_exp_binCR_pass_SIG_proc_Background_0x0    1.0000e+00
                pdf_In    0.0000e+00
                     r    0.0000e+00
         ttbar_xsec_In    0.0000e+00
             w_xsec_In    0.0000e+00
             z_xsec_In    0.0000e+00

    Floating Parameter  InitialValue    FinalValue +/-  Error     GblCorr.
  --------------------  ------------  --------------------------  --------
  Background_CR_loose_HIGH_bin_1-1    1.0981e+03    1.0981e+03 +/-  8.11e+01  <none>
  Background_CR_loose_HIGH_bin_1-10    6.9201e+01    6.9202e+01 +/-  8.28e+00  <none>
  Background_CR_loose_HIGH_bin_1-11    4.7105e+01    4.7105e+01 +/-  6.80e+00  <none>
  Background_CR_loose_HIGH_bin_1-12    4.1393e+01    4.1393e+01 +/-  6.32e+00  <none>
  Background_CR_loose_HIGH_bin_1-13    1.0328e+01    1.0328e+01 +/-  3.36e+00  <none>
  Background_CR_loose_HIGH_bin_1-2    1.4883e+03    1.4883e+03 +/-  7.61e+01  <none>
  Background_CR_loose_HIGH_bin_1-3    1.3222e+03    1.3222e+03 +/-  5.70e+01  <none>
  Background_CR_loose_HIGH_bin_1-4    1.0020e+03    1.0020e+03 +/-  4.18e+01  <none>
  Background_CR_loose_HIGH_bin_1-5    6.4053e+02    6.4053e+02 +/-  2.96e+01  <none>
  Background_CR_loose_HIGH_bin_1-6    3.5465e+02    3.5465e+02 +/-  2.08e+01  <none>
  Background_CR_loose_HIGH_bin_1-7    2.6925e+02    2.6925e+02 +/-  1.73e+01  <none>
  Background_CR_loose_HIGH_bin_1-8    1.4004e+02    1.4004e+02 +/-  1.23e+01  <none>
  Background_CR_loose_HIGH_bin_1-9    1.0654e+02    1.0654e+02 +/-  1.03e+01  <none>
  Background_CR_loose_HIGH_bin_2-1    6.6610e+02    6.6611e+02 +/-  9.78e+01  <none>
  Background_CR_loose_HIGH_bin_2-10    5.3808e+01    5.3808e+01 +/-  8.52e+00  <none>
  Background_CR_loose_HIGH_bin_2-11    5.0453e+01    5.0453e+01 +/-  7.74e+00  <none>
  Background_CR_loose_HIGH_bin_2-12    3.2553e+01    3.2553e+01 +/-  6.15e+00  <none>
  Background_CR_loose_HIGH_bin_2-13    1.6351e+01    1.6351e+01 +/-  4.44e+00  <none>
  Background_CR_loose_HIGH_bin_2-2    1.0891e+03    1.0891e+03 +/-  1.05e+02  <none>
  Background_CR_loose_HIGH_bin_2-3    1.0846e+03    1.0846e+03 +/-  8.15e+01  <none>
  Background_CR_loose_HIGH_bin_2-4    8.5763e+02    8.5764e+02 +/-  5.81e+01  <none>
  Background_CR_loose_HIGH_bin_2-5    6.2178e+02    6.2178e+02 +/-  4.13e+01  <none>
  Background_CR_loose_HIGH_bin_2-6    4.0011e+02    4.0011e+02 +/-  2.96e+01  <none>
  Background_CR_loose_HIGH_bin_2-7    2.2270e+02    2.2270e+02 +/-  2.02e+01  <none>
  Background_CR_loose_HIGH_bin_2-8    1.7055e+02    1.7055e+02 +/-  1.59e+01  <none>
  Background_CR_loose_HIGH_bin_2-9    1.2000e+02    1.2000e+02 +/-  1.27e+01  <none>
  Background_CR_loose_HIGH_bin_3-1    3.5001e+02    3.5001e+02 +/-  7.39e+01  <none>
  Background_CR_loose_HIGH_bin_3-10    9.4482e+01    9.4482e+01 +/-  1.06e+01  <none>
  Background_CR_loose_HIGH_bin_3-11    4.0506e+01    4.0506e+01 +/-  7.39e+00  <none>
  Background_CR_loose_HIGH_bin_3-12    4.1173e+01    4.1173e+01 +/-  6.81e+00  <none>
  Background_CR_loose_HIGH_bin_3-13    2.7231e+01    2.7231e+01 +/-  5.39e+00  <none>
  Background_CR_loose_HIGH_bin_3-2    7.2768e+02    7.2769e+02 +/-  8.74e+01  <none>
  Background_CR_loose_HIGH_bin_3-3    8.7583e+02    8.7583e+02 +/-  8.10e+01  <none>
  Background_CR_loose_HIGH_bin_3-4    6.6292e+02    6.6293e+02 +/-  5.93e+01  <none>
  Background_CR_loose_HIGH_bin_3-5    5.2205e+02    5.2205e+02 +/-  4.27e+01  <none>
  Background_CR_loose_HIGH_bin_3-6    3.7027e+02    3.7027e+02 +/-  3.06e+01  <none>
  Background_CR_loose_HIGH_bin_3-7    2.3260e+02    2.3260e+02 +/-  2.23e+01  <none>
  Background_CR_loose_HIGH_bin_3-8    1.2510e+02    1.2511e+02 +/-  1.54e+01  <none>
  Background_CR_loose_HIGH_bin_3-9    9.7928e+01    9.7928e+01 +/-  1.20e+01  <none>
  Background_CR_loose_HIGH_bin_4-1    1.9395e+02    1.9395e+02 +/-  2.92e+01  <none>
  Background_CR_loose_HIGH_bin_4-10    7.4382e+01    7.4383e+01 +/-  8.62e+00  <none>
  Background_CR_loose_HIGH_bin_4-11    3.6349e+01    3.6349e+01 +/-  6.18e+00  <none>
  Background_CR_loose_HIGH_bin_4-12    3.1541e+01    3.1541e+01 +/-  5.62e+00  <none>
  Background_CR_loose_HIGH_bin_4-13    1.2188e+01    1.2188e+01 +/-  3.73e+00  <none>
  Background_CR_loose_HIGH_bin_4-2    4.9298e+02    4.9299e+02 +/-  4.18e+01  <none>
  Background_CR_loose_HIGH_bin_4-3    5.5451e+02    5.5451e+02 +/-  3.84e+01  <none>
  Background_CR_loose_HIGH_bin_4-4    4.9210e+02    4.9210e+02 +/-  3.30e+01  <none>
  Background_CR_loose_HIGH_bin_4-5    4.4563e+02    4.4564e+02 +/-  2.68e+01  <none>
  Background_CR_loose_HIGH_bin_4-6    2.6895e+02    2.6895e+02 +/-  2.03e+01  <none>
  Background_CR_loose_HIGH_bin_4-7    2.1559e+02    2.1559e+02 +/-  1.62e+01  <none>
  Background_CR_loose_HIGH_bin_4-8    1.4594e+02    1.4594e+02 +/-  1.28e+01  <none>
  Background_CR_loose_HIGH_bin_4-9    9.3078e+01    9.3078e+01 +/-  1.01e+01  <none>
  Background_CR_loose_HIGH_bin_5-1    5.3389e+01    5.3390e+01 +/-  1.07e+01  <none>
  Background_CR_loose_HIGH_bin_5-10    5.7546e+01    5.7546e+01 +/-  7.39e+00  <none>
  Background_CR_loose_HIGH_bin_5-11    4.2047e+01    4.2047e+01 +/-  6.31e+00  <none>
  Background_CR_loose_HIGH_bin_5-12    1.9890e+01    1.9890e+01 +/-  4.40e+00  <none>
  Background_CR_loose_HIGH_bin_5-13    8.7120e+00    8.7121e+00 +/-  3.00e+00  <none>
  Background_CR_loose_HIGH_bin_5-2    2.0747e+02    2.0747e+02 +/-  1.81e+01  <none>
  Background_CR_loose_HIGH_bin_5-3    3.2740e+02    3.2740e+02 +/-  2.04e+01  <none>
  Background_CR_loose_HIGH_bin_5-4    3.2666e+02    3.2666e+02 +/-  2.01e+01  <none>
  Background_CR_loose_HIGH_bin_5-5    3.2774e+02    3.2774e+02 +/-  1.85e+01  <none>
  Background_CR_loose_HIGH_bin_5-6    2.4405e+02    2.4405e+02 +/-  1.58e+01  <none>
  Background_CR_loose_HIGH_bin_5-7    1.8723e+02    1.8723e+02 +/-  1.35e+01  <none>
  Background_CR_loose_HIGH_bin_5-8    1.3560e+02    1.3560e+02 +/-  1.14e+01  <none>
  Background_CR_loose_HIGH_bin_5-9    7.3378e+01    7.3378e+01 +/-  8.49e+00  <none>
  Background_CR_loose_HIGH_bin_6-1    3.2363e+01    3.2363e+01 +/-  5.97e+00  <none>
  Background_CR_loose_HIGH_bin_6-10    5.0228e+01    5.0228e+01 +/-  6.79e+00  <none>
  Background_CR_loose_HIGH_bin_6-11    3.6796e+01    3.6796e+01 +/-  5.85e+00  <none>
  Background_CR_loose_HIGH_bin_6-12    3.1354e+01    3.1354e+01 +/-  5.31e+00  <none>
  Background_CR_loose_HIGH_bin_6-13    2.4003e+01    2.4003e+01 +/-  4.64e+00  <none>
  Background_CR_loose_HIGH_bin_6-2    9.2576e+01    9.2577e+01 +/-  1.05e+01  <none>
  Background_CR_loose_HIGH_bin_6-3    1.9046e+02    1.9046e+02 +/-  1.46e+01  <none>
  Background_CR_loose_HIGH_bin_6-4    2.3969e+02    2.3969e+02 +/-  1.56e+01  <none>
  Background_CR_loose_HIGH_bin_6-5    2.0371e+02    2.0371e+02 +/-  1.42e+01  <none>
  Background_CR_loose_HIGH_bin_6-6    1.6698e+02    1.6698e+02 +/-  1.27e+01  <none>
  Background_CR_loose_HIGH_bin_6-7    1.7203e+02    1.7203e+02 +/-  1.27e+01  <none>
  Background_CR_loose_HIGH_bin_6-8    9.4659e+01    9.4659e+01 +/-  9.45e+00  <none>
  Background_CR_loose_HIGH_bin_6-9    7.3705e+01    7.3705e+01 +/-  8.37e+00  <none>
  Background_CR_loose_LOW_bin_1-1    2.5212e+03    2.5212e+03 +/-  5.16e+01  <none>
  Background_CR_loose_LOW_bin_1-10    9.5619e+01    9.5619e+01 +/-  9.34e+00  <none>
  Background_CR_loose_LOW_bin_1-11    3.8707e+01    3.8707e+01 +/-  6.20e+00  <none>
  Background_CR_loose_LOW_bin_1-12    4.6013e+01    4.6013e+01 +/-  6.44e+00  <none>
  Background_CR_loose_LOW_bin_1-13    4.1601e+01    4.1601e+01 +/-  6.15e+00  <none>
  Background_CR_loose_LOW_bin_1-2    2.4641e+03    2.4641e+03 +/-  4.95e+01  <none>
  Background_CR_loose_LOW_bin_1-3    1.9202e+03    1.9202e+03 +/-  4.24e+01  <none>
  Background_CR_loose_LOW_bin_1-4    1.2046e+03    1.2046e+03 +/-  3.34e+01  <none>
  Background_CR_loose_LOW_bin_1-5    7.4091e+02    7.4092e+02 +/-  2.61e+01  <none>
  Background_CR_loose_LOW_bin_1-6    4.1811e+02    4.1811e+02 +/-  1.95e+01  <none>
  Background_CR_loose_LOW_bin_1-7    2.8124e+02    2.8124e+02 +/-  1.60e+01  <none>
  Background_CR_loose_LOW_bin_1-8    2.1257e+02    2.1257e+02 +/-  1.40e+01  <none>
  Background_CR_loose_LOW_bin_1-9    1.5041e+02    1.5041e+02 +/-  1.17e+01  <none>
  Background_CR_loose_LOW_bin_2-1    2.3364e+03    2.3364e+03 +/-  6.00e+01  <none>
  Background_CR_loose_LOW_bin_2-10    8.2315e+01    8.2315e+01 +/-  9.37e+00  <none>
  Background_CR_loose_LOW_bin_2-11    7.3940e+01    7.3940e+01 +/-  8.77e+00  <none>
  Background_CR_loose_LOW_bin_2-12    4.0878e+01    4.0878e+01 +/-  6.65e+00  <none>
  Background_CR_loose_LOW_bin_2-13    2.5462e+01    2.5462e+01 +/-  5.33e+00  <none>
  Background_CR_loose_LOW_bin_2-2    2.3611e+03    2.3611e+03 +/-  5.61e+01  <none>
  Background_CR_loose_LOW_bin_2-3    1.9081e+03    1.9081e+03 +/-  4.62e+01  <none>
  Background_CR_loose_LOW_bin_2-4    1.1555e+03    1.1555e+03 +/-  3.48e+01  <none>
  Background_CR_loose_LOW_bin_2-5    7.0713e+02    7.0713e+02 +/-  2.73e+01  <none>
  Background_CR_loose_LOW_bin_2-6    4.3474e+02    4.3474e+02 +/-  2.14e+01  <none>
  Background_CR_loose_LOW_bin_2-7    2.7140e+02    2.7140e+02 +/-  1.69e+01  <none>
  Background_CR_loose_LOW_bin_2-8    1.8108e+02    1.8108e+02 +/-  1.40e+01  <none>
  Background_CR_loose_LOW_bin_2-9    1.4555e+02    1.4555e+02 +/-  1.22e+01  <none>
  Background_CR_loose_LOW_bin_3-1    2.3518e+03    2.3518e+03 +/-  6.50e+01  <none>
  Background_CR_loose_LOW_bin_3-10    8.6298e+01    8.6298e+01 +/-  9.43e+00  <none>
  Background_CR_loose_LOW_bin_3-11    5.1495e+01    5.1495e+01 +/-  7.29e+00  <none>
  Background_CR_loose_LOW_bin_3-12    4.6019e+01    4.6019e+01 +/-  6.77e+00  <none>
  Background_CR_loose_LOW_bin_3-13    2.8023e+01    2.8024e+01 +/-  5.35e+00  <none>
  Background_CR_loose_LOW_bin_3-2    2.3352e+03    2.3352e+03 +/-  5.90e+01  <none>
  Background_CR_loose_LOW_bin_3-3    1.7430e+03    1.7430e+03 +/-  4.56e+01  <none>
  Background_CR_loose_LOW_bin_3-4    1.2094e+03    1.2094e+03 +/-  3.60e+01  <none>
  Background_CR_loose_LOW_bin_3-5    7.1437e+02    7.1437e+02 +/-  2.72e+01  <none>
  Background_CR_loose_LOW_bin_3-6    3.9824e+02    3.9824e+02 +/-  2.02e+01  <none>
  Background_CR_loose_LOW_bin_3-7    2.4915e+02    2.4915e+02 +/-  1.59e+01  <none>
  Background_CR_loose_LOW_bin_3-8    1.5016e+02    1.5016e+02 +/-  1.25e+01  <none>
  Background_CR_loose_LOW_bin_3-9    1.1311e+02    1.1311e+02 +/-  1.08e+01  <none>
  Background_CR_loose_SIG_bin_1-1    2.0361e+03    2.0362e+03 +/-  6.74e+01  <none>
  Background_CR_loose_SIG_bin_1-10    8.4533e+01    8.4533e+01 +/-  8.89e+00  <none>
  Background_CR_loose_SIG_bin_1-11    5.3565e+01    5.3565e+01 +/-  7.00e+00  <none>
  Background_CR_loose_SIG_bin_1-12    3.3656e+01    3.3656e+01 +/-  5.60e+00  <none>
  Background_CR_loose_SIG_bin_1-13    1.9104e+01    1.9104e+01 +/-  4.31e+00  <none>
  Background_CR_loose_SIG_bin_1-2    2.1400e+03    2.1400e+03 +/-  5.96e+01  <none>
  Background_CR_loose_SIG_bin_1-3    1.7711e+03    1.7711e+03 +/-  4.70e+01  <none>
  Background_CR_loose_SIG_bin_1-4    1.1824e+03    1.1824e+03 +/-  3.59e+01  <none>
  Background_CR_loose_SIG_bin_1-5    6.2655e+02    6.2655e+02 +/-  2.56e+01  <none>
  Background_CR_loose_SIG_bin_1-6    4.4200e+02    4.4200e+02 +/-  2.07e+01  <none>
  Background_CR_loose_SIG_bin_1-7    2.4638e+02    2.4638e+02 +/-  1.53e+01  <none>
  Background_CR_loose_SIG_bin_1-8    1.6442e+02    1.6442e+02 +/-  1.25e+01  <none>
  Background_CR_loose_SIG_bin_1-9    9.3568e+01    9.3568e+01 +/-  9.55e+00  <none>
  Background_CR_loose_SIG_bin_2-1    1.6791e+03    1.6791e+03 +/-  7.52e+01  <none>
  Background_CR_loose_SIG_bin_2-10    6.5038e+01    6.5038e+01 +/-  7.86e+00  <none>
  Background_CR_loose_SIG_bin_2-11    4.3759e+01    4.3759e+01 +/-  6.46e+00  <none>
  Background_CR_loose_SIG_bin_2-12    4.3478e+01    4.3478e+01 +/-  6.33e+00  <none>
  Background_CR_loose_SIG_bin_2-13    1.3611e+01    1.3611e+01 +/-  3.67e+00  <none>
  Background_CR_loose_SIG_bin_2-2    2.0828e+03    2.0828e+03 +/-  6.85e+01  <none>
  Background_CR_loose_SIG_bin_2-3    1.6649e+03    1.6649e+03 +/-  5.02e+01  <none>
  Background_CR_loose_SIG_bin_2-4    1.0623e+03    1.0623e+03 +/-  3.67e+01  <none>
  Background_CR_loose_SIG_bin_2-5    6.1222e+02    6.1222e+02 +/-  2.58e+01  <none>
  Background_CR_loose_SIG_bin_2-6    4.2227e+02    4.2227e+02 +/-  2.09e+01  <none>
  Background_CR_loose_SIG_bin_2-7    2.7231e+02    2.7231e+02 +/-  1.64e+01  <none>
  Background_CR_loose_SIG_bin_2-8    1.5917e+02    1.5917e+02 +/-  1.25e+01  <none>
  Background_CR_loose_SIG_bin_2-9    1.1037e+02    1.1037e+02 +/-  1.03e+01  <none>
  Background_CR_loose_SIG_bin_3-1    1.6188e+03    1.6188e+03 +/-  7.79e+01  <none>
  Background_CR_loose_SIG_bin_3-10    4.4214e+01    4.4214e+01 +/-  6.80e+00  <none>
  Background_CR_loose_SIG_bin_3-11    4.6325e+01    4.6325e+01 +/-  6.65e+00  <none>
  Background_CR_loose_SIG_bin_3-12    3.9787e+01    3.9787e+01 +/-  6.22e+00  <none>
  Background_CR_loose_SIG_bin_3-13    2.0675e+01    2.0675e+01 +/-  4.49e+00  <none>
  Background_CR_loose_SIG_bin_3-2    1.7155e+03    1.7155e+03 +/-  6.72e+01  <none>
  Background_CR_loose_SIG_bin_3-3    1.5303e+03    1.5303e+03 +/-  5.27e+01  <none>
  Background_CR_loose_SIG_bin_3-4    9.9946e+02    9.9946e+02 +/-  3.74e+01  <none>
  Background_CR_loose_SIG_bin_3-5    6.5782e+02    6.5782e+02 +/-  2.79e+01  <none>
  Background_CR_loose_SIG_bin_3-6    4.1126e+02    4.1126e+02 +/-  2.09e+01  <none>
  Background_CR_loose_SIG_bin_3-7    2.0501e+02    2.0501e+02 +/-  1.47e+01  <none>
  Background_CR_loose_SIG_bin_3-8    1.4634e+02    1.4634e+02 +/-  1.22e+01  <none>
  Background_CR_loose_SIG_bin_3-9    1.0609e+02    1.0609e+02 +/-  1.03e+01  <none>
  Background_CR_rpf_0x0_par0    1.5627e-01    1.5627e-01 +/-  1.74e-03  <none>
               PNetTop   -4.8872e-11   -3.7774e-11 +/-  9.94e-01  <none>
               PNetXbb   -4.8872e-11   -3.7774e-11 +/-  9.94e-01  <none>
                Pileup   -5.9852e-02   -5.9785e-02 +/-  9.30e-01  <none>
               Prefire   -6.5483e-03   -6.6172e-03 +/-  7.33e-01  <none>
           TptReweight    2.5511e-02    2.5826e-02 +/-  1.09e+00  <none>
                   jer   -3.9631e-01   -3.9628e-01 +/-  1.25e+00  <none>
                   jes    7.7694e-01    7.7701e-01 +/-  6.05e-01  <none>
                   jmr   -1.2275e-01   -1.2276e-01 +/-  5.54e-01  <none>
                   jms    1.9759e-02    1.9802e-02 +/-  7.53e-01  <none>
                  lumi   -1.7087e-01   -1.7056e-01 +/-  1.02e+00  <none>
                   pdf   -4.9732e-02   -4.9530e-02 +/-  9.47e-01  <none>
            ttbar_xsec    1.4785e-01    1.4793e-01 +/-  1.29e+00  <none>
                w_xsec   -8.8384e-02   -8.8233e-02 +/-  9.96e-01  <none>
                z_xsec   -2.0221e+00   -2.0220e+00 +/-  7.42e-01  <none>


  RooFitResult: minimized FCN value: -4.04407e-06, estimated distance to minimum: 1.98032e-06
                covariance matrix quality: Full matrix, but forced positive-definite
                Status : MINIMIZE=0 HESSE=0 

    Constant Parameter    Value     
  --------------------  ------------
            PNetTop_In    0.0000e+00
            PNetXbb_In    0.0000e+00
             Pileup_In    0.0000e+00
            Prefire_In    0.0000e+00
        TptReweight_In    0.0000e+00
                jer_In    0.0000e+00
                jes_In    0.0000e+00
                jmr_In    0.0000e+00
                jms_In    0.0000e+00
               lumi_In    0.0000e+00
  n_exp_binCR_loose_HIGH_proc_Background    1.0000e+00
  n_exp_binCR_loose_LOW_proc_Background    1.0000e+00
  n_exp_binCR_loose_SIG_proc_Background    1.0000e+00
  n_exp_binCR_pass_HIGH_proc_Background_0x0    1.0000e+00
  n_exp_binCR_pass_LOW_proc_Background_0x0    1.0000e+00
  n_exp_binCR_pass_SIG_proc_Background_0x0    1.0000e+00
                pdf_In    0.0000e+00
                     r    0.0000e+00
         ttbar_xsec_In    0.0000e+00
             w_xsec_In    0.0000e+00
             z_xsec_In    0.0000e+00

    Floating Parameter  InitialValue    FinalValue +/-  Error     GblCorr.
  --------------------  ------------  --------------------------  --------
  Background_CR_loose_HIGH_bin_1-1    1.0981e+03    1.0981e+03 +/-  8.11e+01  <none>
  Background_CR_loose_HIGH_bin_1-10    6.9201e+01    6.9202e+01 +/-  8.28e+00  <none>
  Background_CR_loose_HIGH_bin_1-11    4.7105e+01    4.7105e+01 +/-  6.80e+00  <none>
  Background_CR_loose_HIGH_bin_1-12    4.1393e+01    4.1393e+01 +/-  6.32e+00  <none>
  Background_CR_loose_HIGH_bin_1-13    1.0328e+01    1.0328e+01 +/-  3.36e+00  <none>
  Background_CR_loose_HIGH_bin_1-2    1.4883e+03    1.4883e+03 +/-  7.61e+01  <none>
  Background_CR_loose_HIGH_bin_1-3    1.3222e+03    1.3222e+03 +/-  5.70e+01  <none>
  Background_CR_loose_HIGH_bin_1-4    1.0020e+03    1.0020e+03 +/-  4.18e+01  <none>
  Background_CR_loose_HIGH_bin_1-5    6.4053e+02    6.4053e+02 +/-  2.96e+01  <none>
  Background_CR_loose_HIGH_bin_1-6    3.5465e+02    3.5465e+02 +/-  2.08e+01  <none>
  Background_CR_loose_HIGH_bin_1-7    2.6925e+02    2.6925e+02 +/-  1.73e+01  <none>
  Background_CR_loose_HIGH_bin_1-8    1.4004e+02    1.4004e+02 +/-  1.23e+01  <none>
  Background_CR_loose_HIGH_bin_1-9    1.0654e+02    1.0654e+02 +/-  1.03e+01  <none>
  Background_CR_loose_HIGH_bin_2-1    6.6610e+02    6.6611e+02 +/-  9.78e+01  <none>
  Background_CR_loose_HIGH_bin_2-10    5.3808e+01    5.3808e+01 +/-  8.52e+00  <none>
  Background_CR_loose_HIGH_bin_2-11    5.0453e+01    5.0453e+01 +/-  7.74e+00  <none>
  Background_CR_loose_HIGH_bin_2-12    3.2553e+01    3.2553e+01 +/-  6.15e+00  <none>
  Background_CR_loose_HIGH_bin_2-13    1.6351e+01    1.6351e+01 +/-  4.44e+00  <none>
  Background_CR_loose_HIGH_bin_2-2    1.0891e+03    1.0891e+03 +/-  1.05e+02  <none>
  Background_CR_loose_HIGH_bin_2-3    1.0846e+03    1.0846e+03 +/-  8.15e+01  <none>
  Background_CR_loose_HIGH_bin_2-4    8.5763e+02    8.5764e+02 +/-  5.81e+01  <none>
  Background_CR_loose_HIGH_bin_2-5    6.2178e+02    6.2178e+02 +/-  4.13e+01  <none>
  Background_CR_loose_HIGH_bin_2-6    4.0011e+02    4.0011e+02 +/-  2.96e+01  <none>
  Background_CR_loose_HIGH_bin_2-7    2.2270e+02    2.2270e+02 +/-  2.02e+01  <none>
  Background_CR_loose_HIGH_bin_2-8    1.7055e+02    1.7055e+02 +/-  1.59e+01  <none>
  Background_CR_loose_HIGH_bin_2-9    1.2000e+02    1.2000e+02 +/-  1.27e+01  <none>
  Background_CR_loose_HIGH_bin_3-1    3.5001e+02    3.5001e+02 +/-  7.39e+01  <none>
  Background_CR_loose_HIGH_bin_3-10    9.4482e+01    9.4482e+01 +/-  1.06e+01  <none>
  Background_CR_loose_HIGH_bin_3-11    4.0506e+01    4.0506e+01 +/-  7.39e+00  <none>
  Background_CR_loose_HIGH_bin_3-12    4.1173e+01    4.1173e+01 +/-  6.81e+00  <none>
  Background_CR_loose_HIGH_bin_3-13    2.7231e+01    2.7231e+01 +/-  5.39e+00  <none>
  Background_CR_loose_HIGH_bin_3-2    7.2768e+02    7.2769e+02 +/-  8.74e+01  <none>
  Background_CR_loose_HIGH_bin_3-3    8.7583e+02    8.7583e+02 +/-  8.10e+01  <none>
  Background_CR_loose_HIGH_bin_3-4    6.6292e+02    6.6293e+02 +/-  5.93e+01  <none>
  Background_CR_loose_HIGH_bin_3-5    5.2205e+02    5.2205e+02 +/-  4.27e+01  <none>
  Background_CR_loose_HIGH_bin_3-6    3.7027e+02    3.7027e+02 +/-  3.06e+01  <none>
  Background_CR_loose_HIGH_bin_3-7    2.3260e+02    2.3260e+02 +/-  2.23e+01  <none>
  Background_CR_loose_HIGH_bin_3-8    1.2510e+02    1.2511e+02 +/-  1.54e+01  <none>
  Background_CR_loose_HIGH_bin_3-9    9.7928e+01    9.7928e+01 +/-  1.20e+01  <none>
  Background_CR_loose_HIGH_bin_4-1    1.9395e+02    1.9395e+02 +/-  2.92e+01  <none>
  Background_CR_loose_HIGH_bin_4-10    7.4382e+01    7.4383e+01 +/-  8.62e+00  <none>
  Background_CR_loose_HIGH_bin_4-11    3.6349e+01    3.6349e+01 +/-  6.18e+00  <none>
  Background_CR_loose_HIGH_bin_4-12    3.1541e+01    3.1541e+01 +/-  5.62e+00  <none>
  Background_CR_loose_HIGH_bin_4-13    1.2188e+01    1.2188e+01 +/-  3.73e+00  <none>
  Background_CR_loose_HIGH_bin_4-2    4.9298e+02    4.9299e+02 +/-  4.18e+01  <none>
  Background_CR_loose_HIGH_bin_4-3    5.5451e+02    5.5451e+02 +/-  3.84e+01  <none>
  Background_CR_loose_HIGH_bin_4-4    4.9210e+02    4.9210e+02 +/-  3.30e+01  <none>
  Background_CR_loose_HIGH_bin_4-5    4.4563e+02    4.4564e+02 +/-  2.68e+01  <none>
  Background_CR_loose_HIGH_bin_4-6    2.6895e+02    2.6895e+02 +/-  2.03e+01  <none>
  Background_CR_loose_HIGH_bin_4-7    2.1559e+02    2.1559e+02 +/-  1.62e+01  <none>
  Background_CR_loose_HIGH_bin_4-8    1.4594e+02    1.4594e+02 +/-  1.28e+01  <none>
  Background_CR_loose_HIGH_bin_4-9    9.3078e+01    9.3078e+01 +/-  1.01e+01  <none>
  Background_CR_loose_HIGH_bin_5-1    5.3389e+01    5.3390e+01 +/-  1.07e+01  <none>
  Background_CR_loose_HIGH_bin_5-10    5.7546e+01    5.7546e+01 +/-  7.39e+00  <none>
  Background_CR_loose_HIGH_bin_5-11    4.2047e+01    4.2047e+01 +/-  6.31e+00  <none>
  Background_CR_loose_HIGH_bin_5-12    1.9890e+01    1.9890e+01 +/-  4.40e+00  <none>
  Background_CR_loose_HIGH_bin_5-13    8.7120e+00    8.7121e+00 +/-  3.00e+00  <none>
  Background_CR_loose_HIGH_bin_5-2    2.0747e+02    2.0747e+02 +/-  1.81e+01  <none>
  Background_CR_loose_HIGH_bin_5-3    3.2740e+02    3.2740e+02 +/-  2.04e+01  <none>
  Background_CR_loose_HIGH_bin_5-4    3.2666e+02    3.2666e+02 +/-  2.01e+01  <none>
  Background_CR_loose_HIGH_bin_5-5    3.2774e+02    3.2774e+02 +/-  1.85e+01  <none>
  Background_CR_loose_HIGH_bin_5-6    2.4405e+02    2.4405e+02 +/-  1.58e+01  <none>
  Background_CR_loose_HIGH_bin_5-7    1.8723e+02    1.8723e+02 +/-  1.35e+01  <none>
  Background_CR_loose_HIGH_bin_5-8    1.3560e+02    1.3560e+02 +/-  1.14e+01  <none>
  Background_CR_loose_HIGH_bin_5-9    7.3378e+01    7.3378e+01 +/-  8.49e+00  <none>
  Background_CR_loose_HIGH_bin_6-1    3.2363e+01    3.2363e+01 +/-  5.97e+00  <none>
  Background_CR_loose_HIGH_bin_6-10    5.0228e+01    5.0228e+01 +/-  6.79e+00  <none>
  Background_CR_loose_HIGH_bin_6-11    3.6796e+01    3.6796e+01 +/-  5.85e+00  <none>
  Background_CR_loose_HIGH_bin_6-12    3.1354e+01    3.1354e+01 +/-  5.31e+00  <none>
  Background_CR_loose_HIGH_bin_6-13    2.4003e+01    2.4003e+01 +/-  4.64e+00  <none>
  Background_CR_loose_HIGH_bin_6-2    9.2576e+01    9.2577e+01 +/-  1.05e+01  <none>
  Background_CR_loose_HIGH_bin_6-3    1.9046e+02    1.9046e+02 +/-  1.46e+01  <none>
  Background_CR_loose_HIGH_bin_6-4    2.3969e+02    2.3969e+02 +/-  1.56e+01  <none>
  Background_CR_loose_HIGH_bin_6-5    2.0371e+02    2.0371e+02 +/-  1.42e+01  <none>
  Background_CR_loose_HIGH_bin_6-6    1.6698e+02    1.6698e+02 +/-  1.27e+01  <none>
  Background_CR_loose_HIGH_bin_6-7    1.7203e+02    1.7203e+02 +/-  1.27e+01  <none>
  Background_CR_loose_HIGH_bin_6-8    9.4659e+01    9.4659e+01 +/-  9.45e+00  <none>
  Background_CR_loose_HIGH_bin_6-9    7.3705e+01    7.3705e+01 +/-  8.37e+00  <none>
  Background_CR_loose_LOW_bin_1-1    2.5212e+03    2.5212e+03 +/-  5.16e+01  <none>
  Background_CR_loose_LOW_bin_1-10    9.5619e+01    9.5619e+01 +/-  9.34e+00  <none>
  Background_CR_loose_LOW_bin_1-11    3.8707e+01    3.8707e+01 +/-  6.20e+00  <none>
  Background_CR_loose_LOW_bin_1-12    4.6013e+01    4.6013e+01 +/-  6.44e+00  <none>
  Background_CR_loose_LOW_bin_1-13    4.1601e+01    4.1601e+01 +/-  6.15e+00  <none>
  Background_CR_loose_LOW_bin_1-2    2.4641e+03    2.4641e+03 +/-  4.95e+01  <none>
  Background_CR_loose_LOW_bin_1-3    1.9202e+03    1.9202e+03 +/-  4.24e+01  <none>
  Background_CR_loose_LOW_bin_1-4    1.2046e+03    1.2046e+03 +/-  3.34e+01  <none>
  Background_CR_loose_LOW_bin_1-5    7.4091e+02    7.4092e+02 +/-  2.61e+01  <none>
  Background_CR_loose_LOW_bin_1-6    4.1811e+02    4.1811e+02 +/-  1.95e+01  <none>
  Background_CR_loose_LOW_bin_1-7    2.8124e+02    2.8124e+02 +/-  1.60e+01  <none>
  Background_CR_loose_LOW_bin_1-8    2.1257e+02    2.1257e+02 +/-  1.40e+01  <none>
  Background_CR_loose_LOW_bin_1-9    1.5041e+02    1.5041e+02 +/-  1.17e+01  <none>
  Background_CR_loose_LOW_bin_2-1    2.3364e+03    2.3364e+03 +/-  6.00e+01  <none>
  Background_CR_loose_LOW_bin_2-10    8.2315e+01    8.2315e+01 +/-  9.37e+00  <none>
  Background_CR_loose_LOW_bin_2-11    7.3940e+01    7.3940e+01 +/-  8.77e+00  <none>
  Background_CR_loose_LOW_bin_2-12    4.0878e+01    4.0878e+01 +/-  6.65e+00  <none>
  Background_CR_loose_LOW_bin_2-13    2.5462e+01    2.5462e+01 +/-  5.33e+00  <none>
  Background_CR_loose_LOW_bin_2-2    2.3611e+03    2.3611e+03 +/-  5.61e+01  <none>
  Background_CR_loose_LOW_bin_2-3    1.9081e+03    1.9081e+03 +/-  4.62e+01  <none>
  Background_CR_loose_LOW_bin_2-4    1.1555e+03    1.1555e+03 +/-  3.48e+01  <none>
  Background_CR_loose_LOW_bin_2-5    7.0713e+02    7.0713e+02 +/-  2.73e+01  <none>
  Background_CR_loose_LOW_bin_2-6    4.3474e+02    4.3474e+02 +/-  2.14e+01  <none>
  Background_CR_loose_LOW_bin_2-7    2.7140e+02    2.7140e+02 +/-  1.69e+01  <none>
  Background_CR_loose_LOW_bin_2-8    1.8108e+02    1.8108e+02 +/-  1.40e+01  <none>
  Background_CR_loose_LOW_bin_2-9    1.4555e+02    1.4555e+02 +/-  1.22e+01  <none>
  Background_CR_loose_LOW_bin_3-1    2.3518e+03    2.3518e+03 +/-  6.50e+01  <none>
  Background_CR_loose_LOW_bin_3-10    8.6298e+01    8.6298e+01 +/-  9.43e+00  <none>
  Background_CR_loose_LOW_bin_3-11    5.1495e+01    5.1495e+01 +/-  7.29e+00  <none>
  Background_CR_loose_LOW_bin_3-12    4.6019e+01    4.6019e+01 +/-  6.77e+00  <none>
  Background_CR_loose_LOW_bin_3-13    2.8023e+01    2.8024e+01 +/-  5.35e+00  <none>
  Background_CR_loose_LOW_bin_3-2    2.3352e+03    2.3352e+03 +/-  5.90e+01  <none>
  Background_CR_loose_LOW_bin_3-3    1.7430e+03    1.7430e+03 +/-  4.56e+01  <none>
  Background_CR_loose_LOW_bin_3-4    1.2094e+03    1.2094e+03 +/-  3.60e+01  <none>
  Background_CR_loose_LOW_bin_3-5    7.1437e+02    7.1437e+02 +/-  2.72e+01  <none>
  Background_CR_loose_LOW_bin_3-6    3.9824e+02    3.9824e+02 +/-  2.02e+01  <none>
  Background_CR_loose_LOW_bin_3-7    2.4915e+02    2.4915e+02 +/-  1.59e+01  <none>
  Background_CR_loose_LOW_bin_3-8    1.5016e+02    1.5016e+02 +/-  1.25e+01  <none>
  Background_CR_loose_LOW_bin_3-9    1.1311e+02    1.1311e+02 +/-  1.08e+01  <none>
  Background_CR_loose_SIG_bin_1-1    2.0361e+03    2.0362e+03 +/-  6.74e+01  <none>
  Background_CR_loose_SIG_bin_1-10    8.4533e+01    8.4533e+01 +/-  8.89e+00  <none>
  Background_CR_loose_SIG_bin_1-11    5.3565e+01    5.3565e+01 +/-  7.00e+00  <none>
  Background_CR_loose_SIG_bin_1-12    3.3656e+01    3.3656e+01 +/-  5.60e+00  <none>
  Background_CR_loose_SIG_bin_1-13    1.9104e+01    1.9104e+01 +/-  4.31e+00  <none>
  Background_CR_loose_SIG_bin_1-2    2.1400e+03    2.1400e+03 +/-  5.96e+01  <none>
  Background_CR_loose_SIG_bin_1-3    1.7711e+03    1.7711e+03 +/-  4.70e+01  <none>
  Background_CR_loose_SIG_bin_1-4    1.1824e+03    1.1824e+03 +/-  3.59e+01  <none>
  Background_CR_loose_SIG_bin_1-5    6.2655e+02    6.2655e+02 +/-  2.56e+01  <none>
  Background_CR_loose_SIG_bin_1-6    4.4200e+02    4.4200e+02 +/-  2.07e+01  <none>
  Background_CR_loose_SIG_bin_1-7    2.4638e+02    2.4638e+02 +/-  1.53e+01  <none>
  Background_CR_loose_SIG_bin_1-8    1.6442e+02    1.6442e+02 +/-  1.25e+01  <none>
  Background_CR_loose_SIG_bin_1-9    9.3568e+01    9.3568e+01 +/-  9.55e+00  <none>
  Background_CR_loose_SIG_bin_2-1    1.6791e+03    1.6791e+03 +/-  7.52e+01  <none>
  Background_CR_loose_SIG_bin_2-10    6.5038e+01    6.5038e+01 +/-  7.86e+00  <none>
  Background_CR_loose_SIG_bin_2-11    4.3759e+01    4.3759e+01 +/-  6.46e+00  <none>
  Background_CR_loose_SIG_bin_2-12    4.3478e+01    4.3478e+01 +/-  6.33e+00  <none>
  Background_CR_loose_SIG_bin_2-13    1.3611e+01    1.3611e+01 +/-  3.67e+00  <none>
  Background_CR_loose_SIG_bin_2-2    2.0828e+03    2.0828e+03 +/-  6.85e+01  <none>
  Background_CR_loose_SIG_bin_2-3    1.6649e+03    1.6649e+03 +/-  5.02e+01  <none>
  Background_CR_loose_SIG_bin_2-4    1.0623e+03    1.0623e+03 +/-  3.67e+01  <none>
  Background_CR_loose_SIG_bin_2-5    6.1222e+02    6.1222e+02 +/-  2.58e+01  <none>
  Background_CR_loose_SIG_bin_2-6    4.2227e+02    4.2227e+02 +/-  2.09e+01  <none>
  Background_CR_loose_SIG_bin_2-7    2.7231e+02    2.7231e+02 +/-  1.64e+01  <none>
  Background_CR_loose_SIG_bin_2-8    1.5917e+02    1.5917e+02 +/-  1.25e+01  <none>
  Background_CR_loose_SIG_bin_2-9    1.1037e+02    1.1037e+02 +/-  1.03e+01  <none>
  Background_CR_loose_SIG_bin_3-1    1.6188e+03    1.6188e+03 +/-  7.79e+01  <none>
  Background_CR_loose_SIG_bin_3-10    4.4214e+01    4.4214e+01 +/-  6.80e+00  <none>
  Background_CR_loose_SIG_bin_3-11    4.6325e+01    4.6325e+01 +/-  6.65e+00  <none>
  Background_CR_loose_SIG_bin_3-12    3.9787e+01    3.9787e+01 +/-  6.22e+00  <none>
  Background_CR_loose_SIG_bin_3-13    2.0675e+01    2.0675e+01 +/-  4.49e+00  <none>
  Background_CR_loose_SIG_bin_3-2    1.7155e+03    1.7155e+03 +/-  6.72e+01  <none>
  Background_CR_loose_SIG_bin_3-3    1.5303e+03    1.5303e+03 +/-  5.27e+01  <none>
  Background_CR_loose_SIG_bin_3-4    9.9946e+02    9.9946e+02 +/-  3.74e+01  <none>
  Background_CR_loose_SIG_bin_3-5    6.5782e+02    6.5782e+02 +/-  2.79e+01  <none>
  Background_CR_loose_SIG_bin_3-6    4.1126e+02    4.1126e+02 +/-  2.09e+01  <none>
  Background_CR_loose_SIG_bin_3-7    2.0501e+02    2.0501e+02 +/-  1.47e+01  <none>
  Background_CR_loose_SIG_bin_3-8    1.4634e+02    1.4634e+02 +/-  1.22e+01  <none>
  Background_CR_loose_SIG_bin_3-9    1.0609e+02    1.0609e+02 +/-  1.03e+01  <none>
  Background_CR_rpf_0x0_par0    1.5627e-01    1.5627e-01 +/-  1.74e-03  <none>
               PNetTop   -4.8872e-11   -3.7774e-11 +/-  9.94e-01  <none>
               PNetXbb   -4.8872e-11   -3.7774e-11 +/-  9.94e-01  <none>
                Pileup   -5.9852e-02   -5.9785e-02 +/-  9.30e-01  <none>
               Prefire   -6.5483e-03   -6.6172e-03 +/-  7.33e-01  <none>
           TptReweight    2.5511e-02    2.5826e-02 +/-  1.09e+00  <none>
                   jer   -3.9631e-01   -3.9628e-01 +/-  1.25e+00  <none>
                   jes    7.7694e-01    7.7701e-01 +/-  6.05e-01  <none>
                   jmr   -1.2275e-01   -1.2276e-01 +/-  5.54e-01  <none>
                   jms    1.9759e-02    1.9802e-02 +/-  7.53e-01  <none>
                  lumi   -1.7087e-01   -1.7056e-01 +/-  1.02e+00  <none>
                   pdf   -4.9732e-02   -4.9530e-02 +/-  9.47e-01  <none>
            ttbar_xsec    1.4785e-01    1.4793e-01 +/-  1.29e+00  <none>
                w_xsec   -8.8384e-02   -8.8233e-02 +/-  9.96e-01  <none>
                z_xsec   -2.0221e+00   -2.0220e+00 +/-  7.42e-01  <none>


  RooFitResult: minimized FCN value: -1.95274e-08, estimated distance to minimum: 7.44228e-06
                covariance matrix quality: Full matrix, but forced positive-definite
                Status : MINIMIZE=1 HESSE=1 

    Constant Parameter    Value     
  --------------------  ------------
            PNetTop_In    0.0000e+00
            PNetXbb_In    0.0000e+00
             Pileup_In    0.0000e+00
            Prefire_In    0.0000e+00
        TptReweight_In    0.0000e+00
                jer_In    0.0000e+00
                jes_In    0.0000e+00
                jmr_In    0.0000e+00
                jms_In    0.0000e+00
               lumi_In    0.0000e+00
  n_exp_binCR_loose_HIGH_proc_Background    1.0000e+00
  n_exp_binCR_loose_LOW_proc_Background    1.0000e+00
  n_exp_binCR_loose_SIG_proc_Background    1.0000e+00
  n_exp_binCR_pass_HIGH_proc_Background_0x0    1.0000e+00
  n_exp_binCR_pass_LOW_proc_Background_0x0    1.0000e+00
  n_exp_binCR_pass_SIG_proc_Background_0x0    1.0000e+00
                pdf_In    0.0000e+00
         ttbar_xsec_In    0.0000e+00
             w_xsec_In    0.0000e+00
             z_xsec_In    0.0000e+00

    Floating Parameter  InitialValue    FinalValue +/-  Error     GblCorr.
  --------------------  ------------  --------------------------  --------
  Background_CR_loose_HIGH_bin_1-1    1.0984e+03    1.0984e+03 +/-  8.44e+01  <none>
  Background_CR_loose_HIGH_bin_1-10    6.8422e+01    6.8422e+01 +/-  8.29e+00  <none>
  Background_CR_loose_HIGH_bin_1-11    4.6919e+01    4.6919e+01 +/-  6.85e+00  <none>
  Background_CR_loose_HIGH_bin_1-12    4.1395e+01    4.1395e+01 +/-  6.32e+00  <none>
  Background_CR_loose_HIGH_bin_1-13    1.0384e+01    1.0384e+01 +/-  3.35e+00  <none>
  Background_CR_loose_HIGH_bin_1-2    1.4866e+03    1.4866e+03 +/-  7.85e+01  <none>
  Background_CR_loose_HIGH_bin_1-3    1.3199e+03    1.3199e+03 +/-  5.82e+01  <none>
  Background_CR_loose_HIGH_bin_1-4    1.0015e+03    1.0015e+03 +/-  4.22e+01  <none>
  Background_CR_loose_HIGH_bin_1-5    6.3904e+02    6.3904e+02 +/-  2.99e+01  <none>
  Background_CR_loose_HIGH_bin_1-6    3.5448e+02    3.5448e+02 +/-  2.10e+01  <none>
  Background_CR_loose_HIGH_bin_1-7    2.6825e+02    2.6825e+02 +/-  1.74e+01  <none>
  Background_CR_loose_HIGH_bin_1-8    1.4037e+02    1.4037e+02 +/-  1.23e+01  <none>
  Background_CR_loose_HIGH_bin_1-9    1.0570e+02    1.0570e+02 +/-  1.05e+01  <none>
  Background_CR_loose_HIGH_bin_2-1    6.6348e+02    6.6348e+02 +/-  1.05e+02  <none>
  Background_CR_loose_HIGH_bin_2-10    5.3699e+01    5.3699e+01 +/-  8.70e+00  <none>
  Background_CR_loose_HIGH_bin_2-11    5.0448e+01    5.0448e+01 +/-  7.80e+00  <none>
  Background_CR_loose_HIGH_bin_2-12    3.1929e+01    3.1929e+01 +/-  6.16e+00  <none>
  Background_CR_loose_HIGH_bin_2-13    1.5994e+01    1.5994e+01 +/-  4.42e+00  <none>
  Background_CR_loose_HIGH_bin_2-2    1.0874e+03    1.0874e+03 +/-  1.14e+02  <none>
  Background_CR_loose_HIGH_bin_2-3    1.0835e+03    1.0835e+03 +/-  8.90e+01  <none>
  Background_CR_loose_HIGH_bin_2-4    8.5634e+02    8.5634e+02 +/-  6.18e+01  <none>
  Background_CR_loose_HIGH_bin_2-5    6.2047e+02    6.2047e+02 +/-  4.37e+01  <none>
  Background_CR_loose_HIGH_bin_2-6    3.9898e+02    3.9898e+02 +/-  3.12e+01  <none>
  Background_CR_loose_HIGH_bin_2-7    2.2317e+02    2.2317e+02 +/-  2.13e+01  <none>
  Background_CR_loose_HIGH_bin_2-8    1.6936e+02    1.6936e+02 +/-  1.61e+01  <none>
  Background_CR_loose_HIGH_bin_2-9    1.1991e+02    1.1991e+02 +/-  1.31e+01  <none>
  Background_CR_loose_HIGH_bin_3-1    3.4103e+02    3.4103e+02 +/-  7.82e+01  <none>
  Background_CR_loose_HIGH_bin_3-10    9.3177e+01    9.3177e+01 +/-  1.06e+01  <none>
  Background_CR_loose_HIGH_bin_3-11    3.9303e+01    3.9303e+01 +/-  7.51e+00  <none>
  Background_CR_loose_HIGH_bin_3-12    4.0672e+01    4.0672e+01 +/-  6.82e+00  <none>
  Background_CR_loose_HIGH_bin_3-13    2.7200e+01    2.7200e+01 +/-  5.42e+00  <none>
  Background_CR_loose_HIGH_bin_3-2    7.1351e+02    7.1351e+02 +/-  9.17e+01  <none>
  Background_CR_loose_HIGH_bin_3-3    8.6400e+02    8.6400e+02 +/-  8.45e+01  <none>
  Background_CR_loose_HIGH_bin_3-4    6.5301e+02    6.5301e+02 +/-  6.13e+01  <none>
  Background_CR_loose_HIGH_bin_3-5    5.1323e+02    5.1323e+02 +/-  4.38e+01  <none>
  Background_CR_loose_HIGH_bin_3-6    3.6541e+02    3.6541e+02 +/-  3.12e+01  <none>
  Background_CR_loose_HIGH_bin_3-7    2.2964e+02    2.2964e+02 +/-  2.29e+01  <none>
  Background_CR_loose_HIGH_bin_3-8    1.2294e+02    1.2294e+02 +/-  1.57e+01  <none>
  Background_CR_loose_HIGH_bin_3-9    9.5837e+01    9.5837e+01 +/-  1.22e+01  <none>
  Background_CR_loose_HIGH_bin_4-1    1.8799e+02    1.8799e+02 +/-  4.27e+01  <none>
  Background_CR_loose_HIGH_bin_4-10    7.3780e+01    7.3780e+01 +/-  8.79e+00  <none>
  Background_CR_loose_HIGH_bin_4-11    3.5220e+01    3.5220e+01 +/-  6.38e+00  <none>
  Background_CR_loose_HIGH_bin_4-12    3.1499e+01    3.1499e+01 +/-  5.64e+00  <none>
  Background_CR_loose_HIGH_bin_4-13    1.1644e+01    1.1644e+01 +/-  3.76e+00  <none>
  Background_CR_loose_HIGH_bin_4-2    4.8129e+02    4.8129e+02 +/-  5.56e+01  <none>
  Background_CR_loose_HIGH_bin_4-3    5.4572e+02    5.4572e+02 +/-  4.82e+01  <none>
  Background_CR_loose_HIGH_bin_4-4    4.8290e+02    4.8290e+02 +/-  4.03e+01  <none>
  Background_CR_loose_HIGH_bin_4-5    4.3967e+02    4.3967e+02 +/-  3.14e+01  <none>
  Background_CR_loose_HIGH_bin_4-6    2.6393e+02    2.6393e+02 +/-  2.38e+01  <none>
  Background_CR_loose_HIGH_bin_4-7    2.1285e+02    2.1285e+02 +/-  1.84e+01  <none>
  Background_CR_loose_HIGH_bin_4-8    1.4433e+02    1.4433e+02 +/-  1.36e+01  <none>
  Background_CR_loose_HIGH_bin_4-9    9.2197e+01    9.2197e+01 +/-  1.02e+01  <none>
  Background_CR_loose_HIGH_bin_5-1    5.1661e+01    5.1661e+01 +/-  1.35e+01  <none>
  Background_CR_loose_HIGH_bin_5-10    5.7151e+01    5.7151e+01 +/-  7.51e+00  <none>
  Background_CR_loose_HIGH_bin_5-11    4.1394e+01    4.1394e+01 +/-  6.31e+00  <none>
  Background_CR_loose_HIGH_bin_5-12    1.9737e+01    1.9737e+01 +/-  4.40e+00  <none>
  Background_CR_loose_HIGH_bin_5-13    8.4232e+00    8.4232e+00 +/-  3.03e+00  <none>
  Background_CR_loose_HIGH_bin_5-2    2.0380e+02    2.0380e+02 +/-  2.46e+01  <none>
  Background_CR_loose_HIGH_bin_5-3    3.2510e+02    3.2510e+02 +/-  2.39e+01  <none>
  Background_CR_loose_HIGH_bin_5-4    3.2324e+02    3.2324e+02 +/-  2.19e+01  <none>
  Background_CR_loose_HIGH_bin_5-5    3.2546e+02    3.2546e+02 +/-  1.95e+01  <none>
  Background_CR_loose_HIGH_bin_5-6    2.4243e+02    2.4243e+02 +/-  1.64e+01  <none>
  Background_CR_loose_HIGH_bin_5-7    1.8609e+02    1.8609e+02 +/-  1.37e+01  <none>
  Background_CR_loose_HIGH_bin_5-8    1.3504e+02    1.3504e+02 +/-  1.16e+01  <none>
  Background_CR_loose_HIGH_bin_5-9    7.3386e+01    7.3386e+01 +/-  8.50e+00  <none>
  Background_CR_loose_HIGH_bin_6-1    3.2370e+01    3.2370e+01 +/-  6.46e+00  <none>
  Background_CR_loose_HIGH_bin_6-10    5.0091e+01    5.0091e+01 +/-  6.79e+00  <none>
  Background_CR_loose_HIGH_bin_6-11    3.6693e+01    3.6693e+01 +/-  5.85e+00  <none>
  Background_CR_loose_HIGH_bin_6-12    3.1362e+01    3.1362e+01 +/-  5.31e+00  <none>
  Background_CR_loose_HIGH_bin_6-13    2.4123e+01    2.4123e+01 +/-  4.65e+00  <none>
  Background_CR_loose_HIGH_bin_6-2    9.1868e+01    9.1868e+01 +/-  1.11e+01  <none>
  Background_CR_loose_HIGH_bin_6-3    1.8892e+02    1.8892e+02 +/-  1.52e+01  <none>
  Background_CR_loose_HIGH_bin_6-4    2.3907e+02    2.3907e+02 +/-  1.59e+01  <none>
  Background_CR_loose_HIGH_bin_6-5    2.0263e+02    2.0263e+02 +/-  1.44e+01  <none>
  Background_CR_loose_HIGH_bin_6-6    1.6711e+02    1.6711e+02 +/-  1.28e+01  <none>
  Background_CR_loose_HIGH_bin_6-7    1.7111e+02    1.7111e+02 +/-  1.28e+01  <none>
  Background_CR_loose_HIGH_bin_6-8    9.3973e+01    9.3973e+01 +/-  9.43e+00  <none>
  Background_CR_loose_HIGH_bin_6-9    7.3089e+01    7.3089e+01 +/-  8.39e+00  <none>
  Background_CR_loose_LOW_bin_1-1    2.5223e+03    2.5223e+03 +/-  5.18e+01  <none>
  Background_CR_loose_LOW_bin_1-10    9.5633e+01    9.5633e+01 +/-  9.33e+00  <none>
  Background_CR_loose_LOW_bin_1-11    3.8541e+01    3.8541e+01 +/-  6.21e+00  <none>
  Background_CR_loose_LOW_bin_1-12    4.6053e+01    4.6053e+01 +/-  6.45e+00  <none>
  Background_CR_loose_LOW_bin_1-13    4.1493e+01    4.1493e+01 +/-  6.15e+00  <none>
  Background_CR_loose_LOW_bin_1-2    2.4668e+03    2.4668e+03 +/-  4.93e+01  <none>
  Background_CR_loose_LOW_bin_1-3    1.9213e+03    1.9213e+03 +/-  4.24e+01  <none>
  Background_CR_loose_LOW_bin_1-4    1.2050e+03    1.2050e+03 +/-  3.34e+01  <none>
  Background_CR_loose_LOW_bin_1-5    7.4087e+02    7.4087e+02 +/-  2.60e+01  <none>
  Background_CR_loose_LOW_bin_1-6    4.1884e+02    4.1884e+02 +/-  1.95e+01  <none>
  Background_CR_loose_LOW_bin_1-7    2.8128e+02    2.8128e+02 +/-  1.61e+01  <none>
  Background_CR_loose_LOW_bin_1-8    2.1311e+02    2.1311e+02 +/-  1.39e+01  <none>
  Background_CR_loose_LOW_bin_1-9    1.5013e+02    1.5013e+02 +/-  1.17e+01  <none>
  Background_CR_loose_LOW_bin_2-1    2.3382e+03    2.3382e+03 +/-  6.26e+01  <none>
  Background_CR_loose_LOW_bin_2-10    8.2309e+01    8.2309e+01 +/-  9.41e+00  <none>
  Background_CR_loose_LOW_bin_2-11    7.4762e+01    7.4762e+01 +/-  8.87e+00  <none>
  Background_CR_loose_LOW_bin_2-12    4.0710e+01    4.0710e+01 +/-  6.65e+00  <none>
  Background_CR_loose_LOW_bin_2-13    2.5460e+01    2.5460e+01 +/-  5.38e+00  <none>
  Background_CR_loose_LOW_bin_2-2    2.3581e+03    2.3581e+03 +/-  5.64e+01  <none>
  Background_CR_loose_LOW_bin_2-3    1.9090e+03    1.9090e+03 +/-  4.63e+01  <none>
  Background_CR_loose_LOW_bin_2-4    1.1547e+03    1.1547e+03 +/-  3.49e+01  <none>
  Background_CR_loose_LOW_bin_2-5    7.0770e+02    7.0770e+02 +/-  2.75e+01  <none>
  Background_CR_loose_LOW_bin_2-6    4.3321e+02    4.3321e+02 +/-  2.14e+01  <none>
  Background_CR_loose_LOW_bin_2-7    2.7220e+02    2.7220e+02 +/-  1.70e+01  <none>
  Background_CR_loose_LOW_bin_2-8    1.8125e+02    1.8125e+02 +/-  1.39e+01  <none>
  Background_CR_loose_LOW_bin_2-9    1.4447e+02    1.4447e+02 +/-  1.21e+01  <none>
  Background_CR_loose_LOW_bin_3-1    2.3475e+03    2.3475e+03 +/-  6.56e+01  <none>
  Background_CR_loose_LOW_bin_3-10    8.5416e+01    8.5416e+01 +/-  9.74e+00  <none>
  Background_CR_loose_LOW_bin_3-11    5.0574e+01    5.0574e+01 +/-  7.39e+00  <none>
  Background_CR_loose_LOW_bin_3-12    4.5934e+01    4.5934e+01 +/-  6.78e+00  <none>
  Background_CR_loose_LOW_bin_3-13    2.7615e+01    2.7615e+01 +/-  5.34e+00  <none>
  Background_CR_loose_LOW_bin_3-2    2.3346e+03    2.3346e+03 +/-  5.99e+01  <none>
  Background_CR_loose_LOW_bin_3-3    1.7389e+03    1.7389e+03 +/-  4.57e+01  <none>
  Background_CR_loose_LOW_bin_3-4    1.2070e+03    1.2070e+03 +/-  3.60e+01  <none>
  Background_CR_loose_LOW_bin_3-5    7.1218e+02    7.1218e+02 +/-  2.72e+01  <none>
  Background_CR_loose_LOW_bin_3-6    3.9726e+02    3.9726e+02 +/-  2.03e+01  <none>
  Background_CR_loose_LOW_bin_3-7    2.4824e+02    2.4824e+02 +/-  1.59e+01  <none>
  Background_CR_loose_LOW_bin_3-8    1.4885e+02    1.4885e+02 +/-  1.24e+01  <none>
  Background_CR_loose_LOW_bin_3-9    1.1173e+02    1.1173e+02 +/-  1.07e+01  <none>
  Background_CR_loose_SIG_bin_1-1    2.0314e+03    2.0314e+03 +/-  6.90e+01  <none>
  Background_CR_loose_SIG_bin_1-10    8.2693e+01    8.2693e+01 +/-  8.91e+00  <none>
  Background_CR_loose_SIG_bin_1-11    5.3232e+01    5.3232e+01 +/-  7.01e+00  <none>
  Background_CR_loose_SIG_bin_1-12    3.3163e+01    3.3163e+01 +/-  5.58e+00  <none>
  Background_CR_loose_SIG_bin_1-13    1.9102e+01    1.9102e+01 +/-  4.31e+00  <none>
  Background_CR_loose_SIG_bin_1-2    2.1332e+03    2.1332e+03 +/-  6.09e+01  <none>
  Background_CR_loose_SIG_bin_1-3    1.7659e+03    1.7659e+03 +/-  4.76e+01  <none>
  Background_CR_loose_SIG_bin_1-4    1.1814e+03    1.1814e+03 +/-  3.61e+01  <none>
  Background_CR_loose_SIG_bin_1-5    6.2461e+02    6.2461e+02 +/-  2.58e+01  <none>
  Background_CR_loose_SIG_bin_1-6    4.4037e+02    4.4037e+02 +/-  2.07e+01  <none>
  Background_CR_loose_SIG_bin_1-7    2.4488e+02    2.4488e+02 +/-  1.53e+01  <none>
  Background_CR_loose_SIG_bin_1-8    1.6188e+02    1.6188e+02 +/-  1.26e+01  <none>
  Background_CR_loose_SIG_bin_1-9    8.9772e+01    8.9772e+01 +/-  9.63e+00  <none>
  Background_CR_loose_SIG_bin_2-1    1.6769e+03    1.6769e+03 +/-  7.75e+01  <none>
  Background_CR_loose_SIG_bin_2-10    5.7251e+01    5.7251e+01 +/-  8.15e+00  <none>
  Background_CR_loose_SIG_bin_2-11    4.2213e+01    4.2213e+01 +/-  6.47e+00  <none>
  Background_CR_loose_SIG_bin_2-12    4.3280e+01    4.3280e+01 +/-  6.34e+00  <none>
  Background_CR_loose_SIG_bin_2-13    1.3708e+01    1.3708e+01 +/-  3.67e+00  <none>
  Background_CR_loose_SIG_bin_2-2    2.0782e+03    2.0782e+03 +/-  7.02e+01  <none>
  Background_CR_loose_SIG_bin_2-3    1.6619e+03    1.6619e+03 +/-  5.07e+01  <none>
  Background_CR_loose_SIG_bin_2-4    1.0586e+03    1.0586e+03 +/-  3.69e+01  <none>
  Background_CR_loose_SIG_bin_2-5    6.1061e+02    6.1061e+02 +/-  2.60e+01  <none>
  Background_CR_loose_SIG_bin_2-6    4.2097e+02    4.2097e+02 +/-  2.10e+01  <none>
  Background_CR_loose_SIG_bin_2-7    2.6915e+02    2.6915e+02 +/-  1.64e+01  <none>
  Background_CR_loose_SIG_bin_2-8    1.5653e+02    1.5653e+02 +/-  1.25e+01  <none>
  Background_CR_loose_SIG_bin_2-9    1.0390e+02    1.0390e+02 +/-  1.05e+01  <none>
  Background_CR_loose_SIG_bin_3-1    1.6126e+03    1.6126e+03 +/-  8.05e+01  <none>
  Background_CR_loose_SIG_bin_3-10    3.8580e+01    3.8580e+01 +/-  7.02e+00  <none>
  Background_CR_loose_SIG_bin_3-11    4.5117e+01    4.5117e+01 +/-  6.68e+00  <none>
  Background_CR_loose_SIG_bin_3-12    3.9169e+01    3.9169e+01 +/-  6.21e+00  <none>
  Background_CR_loose_SIG_bin_3-13    2.0661e+01    2.0661e+01 +/-  4.49e+00  <none>
  Background_CR_loose_SIG_bin_3-2    1.7113e+03    1.7113e+03 +/-  6.91e+01  <none>
  Background_CR_loose_SIG_bin_3-3    1.5265e+03    1.5265e+03 +/-  5.41e+01  <none>
  Background_CR_loose_SIG_bin_3-4    9.9596e+02    9.9596e+02 +/-  3.77e+01  <none>
  Background_CR_loose_SIG_bin_3-5    6.5621e+02    6.5621e+02 +/-  2.81e+01  <none>
  Background_CR_loose_SIG_bin_3-6    4.1009e+02    4.1009e+02 +/-  2.09e+01  <none>
  Background_CR_loose_SIG_bin_3-7    2.0351e+02    2.0351e+02 +/-  1.48e+01  <none>
  Background_CR_loose_SIG_bin_3-8    1.4485e+02    1.4485e+02 +/-  1.22e+01  <none>
  Background_CR_loose_SIG_bin_3-9    1.0314e+02    1.0314e+02 +/-  1.04e+01  <none>
  Background_CR_rpf_0x0_par0    1.5569e-01    1.5569e-01 +/-  1.76e-03  <none>
               PNetTop   -5.1041e-02   -5.1042e-02 +/-  8.61e-01  <none>
               PNetXbb    4.8333e-02    4.8334e-02 +/-  8.35e-01  <none>
                Pileup   -1.6131e-01   -1.6131e-01 +/-  1.54e+00  <none>
               Prefire   -3.1668e-03   -3.1642e-03 +/-  5.33e-01  <none>
           TptReweight    4.1262e-02    4.1263e-02 +/-  9.92e-01  <none>
                   jer   -3.2862e-01   -3.2862e-01 +/-  1.58e+00  <none>
                   jes    1.3097e+00    1.3097e+00 +/-  3.63e-01  <none>
                   jmr   -1.2621e-01   -1.2621e-01 +/-  8.31e-01  <none>
                   jms    1.4071e-02    1.4072e-02 +/-  8.72e-01  <none>
                  lumi   -1.6793e-01   -1.6792e-01 +/-  1.04e+00  <none>
                   pdf   -7.1422e-02   -7.1421e-02 +/-  9.85e-01  <none>
                     r    1.1789e+00    1.1789e+00 +/-  5.26e-01  <none>
            ttbar_xsec    2.4412e-01    2.4412e-01 +/-  1.30e+00  <none>
                w_xsec   -1.1534e-01   -1.1534e-01 +/-  9.52e-01  <none>
                z_xsec   -2.0544e+00   -2.0544e+00 +/-  7.42e-01  <none>

Robus Fit for POI 
Set default minimizer to Minuit2, algorithm Migrad, tolerance 0.1
Searching for crossing at nll = -816.799 in the interval 1.17895, 5
      r      lvl-here  lvl-there   stepping
1.561053    +0.24672  +0.49447    0.382105
1.943158    -0.39768  +0.24672    0.382105
1.675685    +0.08840  -0.39768    0.114632
1.790316    -0.10153  +0.08840    0.114632
1.710074    +0.03454  -0.10153    0.034389
1.744464    -0.02208  +0.03454    0.034389
1.720391    +0.01785  -0.02208    0.010317
1.730708    +0.00092  +0.01785    0.010317
1.741025    -0.01625  +0.00092    0.010317
1.733803    -0.00420  -0.01625    0.003095
1.731636    -0.00061  -0.00420    0.000929
1.730987    +0.00047  -0.00061    0.000279
1.731265    +0.00001  +0.00047    0.000279
Set default minimizer to Minuit2, algorithm Migrad, tolerance 0.1
Searching for crossing at nll = -816.799 in the interval 1.17895, -1
      r      lvl-here  lvl-there   stepping
0.961053    +0.40633  +0.49447    -0.217895
0.743158    +0.13502  +0.40633    -0.217895
0.525264    -0.31868  +0.13502    -0.217895
0.677790    +0.01593  -0.31868    -0.065368
0.612422    -0.11343  +0.01593    -0.065368
0.658179    -0.01849  -0.11343    -0.019611
0.671907    +0.00434  -0.01849    -0.005883
0.666024    -0.00739  +0.00434    -0.005883
0.670142    +0.00084  -0.00739    -0.001765
0.668377    -0.00268  +0.00084    -0.001765
0.669612    -0.00021  -0.00268    -0.000529

  RooFitResult: minimized FCN value: -1.95274e-08, estimated distance to minimum: 7.44228e-06
                covariance matrix quality: Full matrix, but forced positive-definite
                Status : MINIMIZE=1 HESSE=1 

    Constant Parameter    Value     
  --------------------  ------------
            PNetTop_In    0.0000e+00
            PNetXbb_In    0.0000e+00
             Pileup_In    0.0000e+00
            Prefire_In    0.0000e+00
        TptReweight_In    0.0000e+00
                jer_In    0.0000e+00
                jes_In    0.0000e+00
                jmr_In    0.0000e+00
                jms_In    0.0000e+00
               lumi_In    0.0000e+00
  n_exp_binCR_loose_HIGH_proc_Background    1.0000e+00
  n_exp_binCR_loose_LOW_proc_Background    1.0000e+00
  n_exp_binCR_loose_SIG_proc_Background    1.0000e+00
  n_exp_binCR_pass_HIGH_proc_Background_0x0    1.0000e+00
  n_exp_binCR_pass_LOW_proc_Background_0x0    1.0000e+00
  n_exp_binCR_pass_SIG_proc_Background_0x0    1.0000e+00
                pdf_In    0.0000e+00
         ttbar_xsec_In    0.0000e+00
             w_xsec_In    0.0000e+00
             z_xsec_In    0.0000e+00

    Floating Parameter  InitialValue    FinalValue (+HiError,-LoError)    GblCorr.
  --------------------  ------------  ----------------------------------  --------
  Background_CR_loose_HIGH_bin_1-1    1.0984e+03    1.0984e+03         +/-  8.44e+01  <none>
  Background_CR_loose_HIGH_bin_1-10    6.8422e+01    6.8422e+01         +/-  8.29e+00  <none>
  Background_CR_loose_HIGH_bin_1-11    4.6919e+01    4.6919e+01         +/-  6.85e+00  <none>
  Background_CR_loose_HIGH_bin_1-12    4.1395e+01    4.1395e+01         +/-  6.32e+00  <none>
  Background_CR_loose_HIGH_bin_1-13    1.0384e+01    1.0384e+01         +/-  3.35e+00  <none>
  Background_CR_loose_HIGH_bin_1-2    1.4866e+03    1.4866e+03         +/-  7.85e+01  <none>
  Background_CR_loose_HIGH_bin_1-3    1.3199e+03    1.3199e+03         +/-  5.82e+01  <none>
  Background_CR_loose_HIGH_bin_1-4    1.0015e+03    1.0015e+03         +/-  4.22e+01  <none>
  Background_CR_loose_HIGH_bin_1-5    6.3904e+02    6.3904e+02         +/-  2.99e+01  <none>
  Background_CR_loose_HIGH_bin_1-6    3.5448e+02    3.5448e+02         +/-  2.10e+01  <none>
  Background_CR_loose_HIGH_bin_1-7    2.6825e+02    2.6825e+02         +/-  1.74e+01  <none>
  Background_CR_loose_HIGH_bin_1-8    1.4037e+02    1.4037e+02         +/-  1.23e+01  <none>
  Background_CR_loose_HIGH_bin_1-9    1.0570e+02    1.0570e+02         +/-  1.05e+01  <none>
  Background_CR_loose_HIGH_bin_2-1    6.6348e+02    6.6348e+02         +/-  1.05e+02  <none>
  Background_CR_loose_HIGH_bin_2-10    5.3699e+01    5.3699e+01         +/-  8.70e+00  <none>
  Background_CR_loose_HIGH_bin_2-11    5.0448e+01    5.0448e+01         +/-  7.80e+00  <none>
  Background_CR_loose_HIGH_bin_2-12    3.1929e+01    3.1929e+01         +/-  6.16e+00  <none>
  Background_CR_loose_HIGH_bin_2-13    1.5994e+01    1.5994e+01         +/-  4.42e+00  <none>
  Background_CR_loose_HIGH_bin_2-2    1.0874e+03    1.0874e+03         +/-  1.14e+02  <none>
  Background_CR_loose_HIGH_bin_2-3    1.0835e+03    1.0835e+03         +/-  8.90e+01  <none>
  Background_CR_loose_HIGH_bin_2-4    8.5634e+02    8.5634e+02         +/-  6.18e+01  <none>
  Background_CR_loose_HIGH_bin_2-5    6.2047e+02    6.2047e+02         +/-  4.37e+01  <none>
  Background_CR_loose_HIGH_bin_2-6    3.9898e+02    3.9898e+02         +/-  3.12e+01  <none>
  Background_CR_loose_HIGH_bin_2-7    2.2317e+02    2.2317e+02         +/-  2.13e+01  <none>
  Background_CR_loose_HIGH_bin_2-8    1.6936e+02    1.6936e+02         +/-  1.61e+01  <none>
  Background_CR_loose_HIGH_bin_2-9    1.1991e+02    1.1991e+02         +/-  1.31e+01  <none>
  Background_CR_loose_HIGH_bin_3-1    3.4103e+02    3.4103e+02         +/-  7.82e+01  <none>
  Background_CR_loose_HIGH_bin_3-10    9.3177e+01    9.3177e+01         +/-  1.06e+01  <none>
  Background_CR_loose_HIGH_bin_3-11    3.9303e+01    3.9303e+01         +/-  7.51e+00  <none>
  Background_CR_loose_HIGH_bin_3-12    4.0672e+01    4.0672e+01         +/-  6.82e+00  <none>
  Background_CR_loose_HIGH_bin_3-13    2.7200e+01    2.7200e+01         +/-  5.42e+00  <none>
  Background_CR_loose_HIGH_bin_3-2    7.1351e+02    7.1351e+02         +/-  9.17e+01  <none>
  Background_CR_loose_HIGH_bin_3-3    8.6400e+02    8.6400e+02         +/-  8.45e+01  <none>
  Background_CR_loose_HIGH_bin_3-4    6.5301e+02    6.5301e+02         +/-  6.13e+01  <none>
  Background_CR_loose_HIGH_bin_3-5    5.1323e+02    5.1323e+02         +/-  4.38e+01  <none>
  Background_CR_loose_HIGH_bin_3-6    3.6541e+02    3.6541e+02         +/-  3.12e+01  <none>
  Background_CR_loose_HIGH_bin_3-7    2.2964e+02    2.2964e+02         +/-  2.29e+01  <none>
  Background_CR_loose_HIGH_bin_3-8    1.2294e+02    1.2294e+02         +/-  1.57e+01  <none>
  Background_CR_loose_HIGH_bin_3-9    9.5837e+01    9.5837e+01         +/-  1.22e+01  <none>
  Background_CR_loose_HIGH_bin_4-1    1.8799e+02    1.8799e+02         +/-  4.27e+01  <none>
  Background_CR_loose_HIGH_bin_4-10    7.3780e+01    7.3780e+01         +/-  8.79e+00  <none>
  Background_CR_loose_HIGH_bin_4-11    3.5220e+01    3.5220e+01         +/-  6.38e+00  <none>
  Background_CR_loose_HIGH_bin_4-12    3.1499e+01    3.1499e+01         +/-  5.64e+00  <none>
  Background_CR_loose_HIGH_bin_4-13    1.1644e+01    1.1644e+01         +/-  3.76e+00  <none>
  Background_CR_loose_HIGH_bin_4-2    4.8129e+02    4.8129e+02         +/-  5.56e+01  <none>
  Background_CR_loose_HIGH_bin_4-3    5.4572e+02    5.4572e+02         +/-  4.82e+01  <none>
  Background_CR_loose_HIGH_bin_4-4    4.8290e+02    4.8290e+02         +/-  4.03e+01  <none>
  Background_CR_loose_HIGH_bin_4-5    4.3967e+02    4.3967e+02         +/-  3.14e+01  <none>
  Background_CR_loose_HIGH_bin_4-6    2.6393e+02    2.6393e+02         +/-  2.38e+01  <none>
  Background_CR_loose_HIGH_bin_4-7    2.1285e+02    2.1285e+02         +/-  1.84e+01  <none>
  Background_CR_loose_HIGH_bin_4-8    1.4433e+02    1.4433e+02         +/-  1.36e+01  <none>
  Background_CR_loose_HIGH_bin_4-9    9.2197e+01    9.2197e+01         +/-  1.02e+01  <none>
  Background_CR_loose_HIGH_bin_5-1    5.1661e+01    5.1661e+01         +/-  1.35e+01  <none>
  Background_CR_loose_HIGH_bin_5-10    5.7151e+01    5.7151e+01         +/-  7.51e+00  <none>
  Background_CR_loose_HIGH_bin_5-11    4.1394e+01    4.1394e+01         +/-  6.31e+00  <none>
  Background_CR_loose_HIGH_bin_5-12    1.9737e+01    1.9737e+01         +/-  4.40e+00  <none>
  Background_CR_loose_HIGH_bin_5-13    8.4232e+00    8.4232e+00         +/-  3.03e+00  <none>
  Background_CR_loose_HIGH_bin_5-2    2.0380e+02    2.0380e+02         +/-  2.46e+01  <none>
  Background_CR_loose_HIGH_bin_5-3    3.2510e+02    3.2510e+02         +/-  2.39e+01  <none>
  Background_CR_loose_HIGH_bin_5-4    3.2324e+02    3.2324e+02         +/-  2.19e+01  <none>
  Background_CR_loose_HIGH_bin_5-5    3.2546e+02    3.2546e+02         +/-  1.95e+01  <none>
  Background_CR_loose_HIGH_bin_5-6    2.4243e+02    2.4243e+02         +/-  1.64e+01  <none>
  Background_CR_loose_HIGH_bin_5-7    1.8609e+02    1.8609e+02         +/-  1.37e+01  <none>
  Background_CR_loose_HIGH_bin_5-8    1.3504e+02    1.3504e+02         +/-  1.16e+01  <none>
  Background_CR_loose_HIGH_bin_5-9    7.3386e+01    7.3386e+01         +/-  8.50e+00  <none>
  Background_CR_loose_HIGH_bin_6-1    3.2370e+01    3.2370e+01         +/-  6.46e+00  <none>
  Background_CR_loose_HIGH_bin_6-10    5.0091e+01    5.0091e+01         +/-  6.79e+00  <none>
  Background_CR_loose_HIGH_bin_6-11    3.6693e+01    3.6693e+01         +/-  5.85e+00  <none>
  Background_CR_loose_HIGH_bin_6-12    3.1362e+01    3.1362e+01         +/-  5.31e+00  <none>
  Background_CR_loose_HIGH_bin_6-13    2.4123e+01    2.4123e+01         +/-  4.65e+00  <none>
  Background_CR_loose_HIGH_bin_6-2    9.1868e+01    9.1868e+01         +/-  1.11e+01  <none>
  Background_CR_loose_HIGH_bin_6-3    1.8892e+02    1.8892e+02         +/-  1.52e+01  <none>
  Background_CR_loose_HIGH_bin_6-4    2.3907e+02    2.3907e+02         +/-  1.59e+01  <none>
  Background_CR_loose_HIGH_bin_6-5    2.0263e+02    2.0263e+02         +/-  1.44e+01  <none>
  Background_CR_loose_HIGH_bin_6-6    1.6711e+02    1.6711e+02         +/-  1.28e+01  <none>
  Background_CR_loose_HIGH_bin_6-7    1.7111e+02    1.7111e+02         +/-  1.28e+01  <none>
  Background_CR_loose_HIGH_bin_6-8    9.3973e+01    9.3973e+01         +/-  9.43e+00  <none>
  Background_CR_loose_HIGH_bin_6-9    7.3089e+01    7.3089e+01         +/-  8.39e+00  <none>
  Background_CR_loose_LOW_bin_1-1    2.5223e+03    2.5223e+03         +/-  5.18e+01  <none>
  Background_CR_loose_LOW_bin_1-10    9.5633e+01    9.5633e+01         +/-  9.33e+00  <none>
  Background_CR_loose_LOW_bin_1-11    3.8541e+01    3.8541e+01         +/-  6.21e+00  <none>
  Background_CR_loose_LOW_bin_1-12    4.6053e+01    4.6053e+01         +/-  6.45e+00  <none>
  Background_CR_loose_LOW_bin_1-13    4.1493e+01    4.1493e+01         +/-  6.15e+00  <none>
  Background_CR_loose_LOW_bin_1-2    2.4668e+03    2.4668e+03         +/-  4.93e+01  <none>
  Background_CR_loose_LOW_bin_1-3    1.9213e+03    1.9213e+03         +/-  4.24e+01  <none>
  Background_CR_loose_LOW_bin_1-4    1.2050e+03    1.2050e+03         +/-  3.34e+01  <none>
  Background_CR_loose_LOW_bin_1-5    7.4087e+02    7.4087e+02         +/-  2.60e+01  <none>
  Background_CR_loose_LOW_bin_1-6    4.1884e+02    4.1884e+02         +/-  1.95e+01  <none>
  Background_CR_loose_LOW_bin_1-7    2.8128e+02    2.8128e+02         +/-  1.61e+01  <none>
  Background_CR_loose_LOW_bin_1-8    2.1311e+02    2.1311e+02         +/-  1.39e+01  <none>
  Background_CR_loose_LOW_bin_1-9    1.5013e+02    1.5013e+02         +/-  1.17e+01  <none>
  Background_CR_loose_LOW_bin_2-1    2.3382e+03    2.3382e+03         +/-  6.26e+01  <none>
  Background_CR_loose_LOW_bin_2-10    8.2309e+01    8.2309e+01         +/-  9.41e+00  <none>
  Background_CR_loose_LOW_bin_2-11    7.4762e+01    7.4762e+01         +/-  8.87e+00  <none>
  Background_CR_loose_LOW_bin_2-12    4.0710e+01    4.0710e+01         +/-  6.65e+00  <none>
  Background_CR_loose_LOW_bin_2-13    2.5460e+01    2.5460e+01         +/-  5.38e+00  <none>
  Background_CR_loose_LOW_bin_2-2    2.3581e+03    2.3581e+03         +/-  5.64e+01  <none>
  Background_CR_loose_LOW_bin_2-3    1.9090e+03    1.9090e+03         +/-  4.63e+01  <none>
  Background_CR_loose_LOW_bin_2-4    1.1547e+03    1.1547e+03         +/-  3.49e+01  <none>
  Background_CR_loose_LOW_bin_2-5    7.0770e+02    7.0770e+02         +/-  2.75e+01  <none>
  Background_CR_loose_LOW_bin_2-6    4.3321e+02    4.3321e+02         +/-  2.14e+01  <none>
  Background_CR_loose_LOW_bin_2-7    2.7220e+02    2.7220e+02         +/-  1.70e+01  <none>
  Background_CR_loose_LOW_bin_2-8    1.8125e+02    1.8125e+02         +/-  1.39e+01  <none>
  Background_CR_loose_LOW_bin_2-9    1.4447e+02    1.4447e+02         +/-  1.21e+01  <none>
  Background_CR_loose_LOW_bin_3-1    2.3475e+03    2.3475e+03         +/-  6.56e+01  <none>
  Background_CR_loose_LOW_bin_3-10    8.5416e+01    8.5416e+01         +/-  9.74e+00  <none>
  Background_CR_loose_LOW_bin_3-11    5.0574e+01    5.0574e+01         +/-  7.39e+00  <none>
  Background_CR_loose_LOW_bin_3-12    4.5934e+01    4.5934e+01         +/-  6.78e+00  <none>
  Background_CR_loose_LOW_bin_3-13    2.7615e+01    2.7615e+01         +/-  5.34e+00  <none>
  Background_CR_loose_LOW_bin_3-2    2.3346e+03    2.3346e+03         +/-  5.99e+01  <none>
  Background_CR_loose_LOW_bin_3-3    1.7389e+03    1.7389e+03         +/-  4.57e+01  <none>
  Background_CR_loose_LOW_bin_3-4    1.2070e+03    1.2070e+03         +/-  3.60e+01  <none>
  Background_CR_loose_LOW_bin_3-5    7.1218e+02    7.1218e+02         +/-  2.72e+01  <none>
  Background_CR_loose_LOW_bin_3-6    3.9726e+02    3.9726e+02         +/-  2.03e+01  <none>
  Background_CR_loose_LOW_bin_3-7    2.4824e+02    2.4824e+02         +/-  1.59e+01  <none>
  Background_CR_loose_LOW_bin_3-8    1.4885e+02    1.4885e+02         +/-  1.24e+01  <none>
  Background_CR_loose_LOW_bin_3-9    1.1173e+02    1.1173e+02         +/-  1.07e+01  <none>
  Background_CR_loose_SIG_bin_1-1    2.0314e+03    2.0314e+03         +/-  6.90e+01  <none>
  Background_CR_loose_SIG_bin_1-10    8.2693e+01    8.2693e+01         +/-  8.91e+00  <none>
  Background_CR_loose_SIG_bin_1-11    5.3232e+01    5.3232e+01         +/-  7.01e+00  <none>
  Background_CR_loose_SIG_bin_1-12    3.3163e+01    3.3163e+01         +/-  5.58e+00  <none>
  Background_CR_loose_SIG_bin_1-13    1.9102e+01    1.9102e+01         +/-  4.31e+00  <none>
  Background_CR_loose_SIG_bin_1-2    2.1332e+03    2.1332e+03         +/-  6.09e+01  <none>
  Background_CR_loose_SIG_bin_1-3    1.7659e+03    1.7659e+03         +/-  4.76e+01  <none>
  Background_CR_loose_SIG_bin_1-4    1.1814e+03    1.1814e+03         +/-  3.61e+01  <none>
  Background_CR_loose_SIG_bin_1-5    6.2461e+02    6.2461e+02         +/-  2.58e+01  <none>
  Background_CR_loose_SIG_bin_1-6    4.4037e+02    4.4037e+02         +/-  2.07e+01  <none>
  Background_CR_loose_SIG_bin_1-7    2.4488e+02    2.4488e+02         +/-  1.53e+01  <none>
  Background_CR_loose_SIG_bin_1-8    1.6188e+02    1.6188e+02         +/-  1.26e+01  <none>
  Background_CR_loose_SIG_bin_1-9    8.9772e+01    8.9772e+01         +/-  9.63e+00  <none>
  Background_CR_loose_SIG_bin_2-1    1.6769e+03    1.6769e+03         +/-  7.75e+01  <none>
  Background_CR_loose_SIG_bin_2-10    5.7251e+01    5.7251e+01         +/-  8.15e+00  <none>
  Background_CR_loose_SIG_bin_2-11    4.2213e+01    4.2213e+01         +/-  6.47e+00  <none>
  Background_CR_loose_SIG_bin_2-12    4.3280e+01    4.3280e+01         +/-  6.34e+00  <none>
  Background_CR_loose_SIG_bin_2-13    1.3708e+01    1.3708e+01         +/-  3.67e+00  <none>
  Background_CR_loose_SIG_bin_2-2    2.0782e+03    2.0782e+03         +/-  7.02e+01  <none>
  Background_CR_loose_SIG_bin_2-3    1.6619e+03    1.6619e+03         +/-  5.07e+01  <none>
  Background_CR_loose_SIG_bin_2-4    1.0586e+03    1.0586e+03         +/-  3.69e+01  <none>
  Background_CR_loose_SIG_bin_2-5    6.1061e+02    6.1061e+02         +/-  2.60e+01  <none>
  Background_CR_loose_SIG_bin_2-6    4.2097e+02    4.2097e+02         +/-  2.10e+01  <none>
  Background_CR_loose_SIG_bin_2-7    2.6915e+02    2.6915e+02         +/-  1.64e+01  <none>
  Background_CR_loose_SIG_bin_2-8    1.5653e+02    1.5653e+02         +/-  1.25e+01  <none>
  Background_CR_loose_SIG_bin_2-9    1.0390e+02    1.0390e+02         +/-  1.05e+01  <none>
  Background_CR_loose_SIG_bin_3-1    1.6126e+03    1.6126e+03         +/-  8.05e+01  <none>
  Background_CR_loose_SIG_bin_3-10    3.8580e+01    3.8580e+01         +/-  7.02e+00  <none>
  Background_CR_loose_SIG_bin_3-11    4.5117e+01    4.5117e+01         +/-  6.68e+00  <none>
  Background_CR_loose_SIG_bin_3-12    3.9169e+01    3.9169e+01         +/-  6.21e+00  <none>
  Background_CR_loose_SIG_bin_3-13    2.0661e+01    2.0661e+01         +/-  4.49e+00  <none>
  Background_CR_loose_SIG_bin_3-2    1.7113e+03    1.7113e+03         +/-  6.91e+01  <none>
  Background_CR_loose_SIG_bin_3-3    1.5265e+03    1.5265e+03         +/-  5.41e+01  <none>
  Background_CR_loose_SIG_bin_3-4    9.9596e+02    9.9596e+02         +/-  3.77e+01  <none>
  Background_CR_loose_SIG_bin_3-5    6.5621e+02    6.5621e+02         +/-  2.81e+01  <none>
  Background_CR_loose_SIG_bin_3-6    4.1009e+02    4.1009e+02         +/-  2.09e+01  <none>
  Background_CR_loose_SIG_bin_3-7    2.0351e+02    2.0351e+02         +/-  1.48e+01  <none>
  Background_CR_loose_SIG_bin_3-8    1.4485e+02    1.4485e+02         +/-  1.22e+01  <none>
  Background_CR_loose_SIG_bin_3-9    1.0314e+02    1.0314e+02         +/-  1.04e+01  <none>
  Background_CR_rpf_0x0_par0    1.5569e-01    1.5569e-01         +/-  1.76e-03  <none>
               PNetTop   -5.1041e-02   -5.1042e-02         +/-  8.61e-01  <none>
               PNetXbb    4.8333e-02    4.8334e-02         +/-  8.35e-01  <none>
                Pileup   -1.6131e-01   -1.6131e-01         +/-  1.54e+00  <none>
               Prefire   -3.1668e-03   -3.1642e-03         +/-  5.33e-01  <none>
           TptReweight    4.1262e-02    4.1263e-02         +/-  9.92e-01  <none>
                   jer   -3.2862e-01   -3.2862e-01         +/-  1.58e+00  <none>
                   jes    1.3097e+00    1.3097e+00         +/-  3.63e-01  <none>
                   jmr   -1.2621e-01   -1.2621e-01         +/-  8.31e-01  <none>
                   jms    1.4071e-02    1.4072e-02         +/-  8.72e-01  <none>
                  lumi   -1.6793e-01   -1.6792e-01         +/-  1.04e+00  <none>
                   pdf   -7.1422e-02   -7.1421e-02         +/-  9.85e-01  <none>
                     r    1.1789e+00    1.1789e+00 (+5.52e-01,-5.10e-01)  <none>
            ttbar_xsec    2.4412e-01    2.4412e-01         +/-  1.30e+00  <none>
                w_xsec   -1.1534e-01   -1.1534e-01         +/-  9.52e-01  <none>
                z_xsec   -2.0544e+00   -2.0544e+00         +/-  7.42e-01  <none>


 --- FitDiagnostics ---
Best fit r: 1.17895  -0.509567/+0.552331  (68% CL)
Done in 0.60 min (cpu), 0.60 min (real)
Printing Message Summary From ... combine_logger.out
----------------------------------------------
Messages of type INFO : 126
Messages of type DEBUG : 3
Messages of type ERROR : 2
----------------------------------------------
INFO: (function: applyOptionsBase) FitterAlgoBase.cc: 113 -- Setting robust fit options to Tolerance=0.1 / Strategy=0 / Type,Algo=Minuit2,Migrad (note that defaults of CascadeMinimizer were taken where option not specified)
INFO: (function: improveOnce) CascadeMinimizer.cc: 188 -- Minimisation configured with Type=Minuit2, Algo=Migrad, strategy=1, tolerance=0.1
INFO: (function: improveOnce) CascadeMinimizer.cc: 211 -- Minimisation finished with status=0
INFO: (function: improveOnce) CascadeMinimizer.cc: 216 -- Minimization success! status=0
INFO: (function: improveOnce) CascadeMinimizer.cc: 188 -- Minimisation configured with Type=Minuit2, Algo=Migrad, strategy=1, tolerance=0.1
INFO: (function: improveOnce) CascadeMinimizer.cc: 211 -- Minimisation finished with status=0
INFO: (function: improveOnce) CascadeMinimizer.cc: 216 -- Minimization success! status=0
INFO: (function: improveOnce) CascadeMinimizer.cc: 188 -- Minimisation configured with Type=Minuit2, Algo=Migrad, strategy=1, tolerance=0.1
INFO: (function: improveOnce) CascadeMinimizer.cc: 211 -- Minimisation finished with status=0
INFO: (function: improveOnce) CascadeMinimizer.cc: 216 -- Minimization success! status=0
INFO: (function: improveOnce) CascadeMinimizer.cc: 188 -- Minimisation configured with Type=Minuit2, Algo=Migrad, strategy=1, tolerance=0.1
INFO: (function: improveOnce) CascadeMinimizer.cc: 211 -- Minimisation finished with status=0
INFO: (function: improveOnce) CascadeMinimizer.cc: 216 -- Minimization success! status=0
ERROR: (function: runSpecific) [WARNING]: Unable to determine uncertainties on all fit parameters in b-only fit. Have a look at https://cms-analysis.github.io/HiggsAnalysis-CombinedLimit/part3/nonstandard/#fit-parameter-uncertainties for more information.
DEBUG: (function: runSpecific) FitDiagnostics.cc: 318 -- Fit B-only, status = 0, numBadNLL = 0, covariance quality = 2
INFO: (function: improveOnce) CascadeMinimizer.cc: 188 -- Minimisation configured with Type=Minuit2, Algo=Migrad, strategy=1, tolerance=0.1
INFO: (function: improveOnce) CascadeMinimizer.cc: 211 -- Minimisation finished with status=0
INFO: (function: improveOnce) CascadeMinimizer.cc: 216 -- Minimization success! status=0
INFO: (function: improveOnce) CascadeMinimizer.cc: 188 -- Minimisation configured with Type=Minuit2, Algo=Migrad, strategy=1, tolerance=0.1
INFO: (function: improveOnce) CascadeMinimizer.cc: 211 -- Minimisation finished with status=1
DEBUG: (function: improveOnce) CascadeMinimizer.cc: 212 -- finished with status 1 (covariance forced positive definite), this could indicate a problem with the minimim.
INFO: (function: improveOnce) CascadeMinimizer.cc: 216 -- Minimization success! status=0
INFO: (function: doFit) FitterAlgoBase.cc: 359 -- Running RobustFit for POI r. Configured with strategy 0  
INFO: (function: findCrossing) FitterAlgoBase.cc: 405 -- Searching for crossing at nll = -816.799, in the interval 1.17895 < r < 5
INFO: (function: improveOnce) CascadeMinimizer.cc: 188 -- Minimisation configured with Type=Minuit2, Algo=Migrad, strategy=1, tolerance=0.1
INFO: (function: improveOnce) CascadeMinimizer.cc: 211 -- Minimisation finished with status=0
INFO: (function: improveOnce) CascadeMinimizer.cc: 216 -- Minimization success! status=0
INFO: (function: findCrossing) FitterAlgoBase.cc: 426 -- r lvl-here lvl-there 	stepping 
INFO: (function: improveOnce) CascadeMinimizer.cc: 188 -- Minimisation configured with Type=Minuit2, Algo=Migrad, strategy=1, tolerance=0.1
INFO: (function: improveOnce) CascadeMinimizer.cc: 211 -- Minimisation finished with status=0
INFO: (function: improveOnce) CascadeMinimizer.cc: 216 -- Minimization success! status=0
INFO: (function: findCrossing) FitterAlgoBase.cc: 459 -- 1.561053    +0.24672  +0.49447    0.382105
INFO: (function: improveOnce) CascadeMinimizer.cc: 188 -- Minimisation configured with Type=Minuit2, Algo=Migrad, strategy=1, tolerance=0.1
INFO: (function: improveOnce) CascadeMinimizer.cc: 211 -- Minimisation finished with status=0
INFO: (function: improveOnce) CascadeMinimizer.cc: 216 -- Minimization success! status=0
INFO: (function: findCrossing) FitterAlgoBase.cc: 459 -- 1.943158    -0.39768  +0.24672    0.382105
INFO: (function: improveOnce) CascadeMinimizer.cc: 188 -- Minimisation configured with Type=Minuit2, Algo=Migrad, strategy=1, tolerance=0.1
INFO: (function: improveOnce) CascadeMinimizer.cc: 211 -- Minimisation finished with status=0
INFO: (function: improveOnce) CascadeMinimizer.cc: 216 -- Minimization success! status=0
INFO: (function: findCrossing) FitterAlgoBase.cc: 459 -- 1.675685    +0.08840  -0.39768    0.114632
INFO: (function: improveOnce) CascadeMinimizer.cc: 188 -- Minimisation configured with Type=Minuit2, Algo=Migrad, strategy=1, tolerance=0.1
INFO: (function: improveOnce) CascadeMinimizer.cc: 211 -- Minimisation finished with status=0
INFO: (function: improveOnce) CascadeMinimizer.cc: 216 -- Minimization success! status=0
INFO: (function: findCrossing) FitterAlgoBase.cc: 459 -- 1.790316    -0.10153  +0.08840    0.114632
INFO: (function: improveOnce) CascadeMinimizer.cc: 188 -- Minimisation configured with Type=Minuit2, Algo=Migrad, strategy=1, tolerance=0.1
INFO: (function: improveOnce) CascadeMinimizer.cc: 211 -- Minimisation finished with status=0
INFO: (function: improveOnce) CascadeMinimizer.cc: 216 -- Minimization success! status=0
INFO: (function: findCrossing) FitterAlgoBase.cc: 459 -- 1.710074    +0.03454  -0.10153    0.034389
INFO: (function: improveOnce) CascadeMinimizer.cc: 188 -- Minimisation configured with Type=Minuit2, Algo=Migrad, strategy=1, tolerance=0.1
INFO: (function: improveOnce) CascadeMinimizer.cc: 211 -- Minimisation finished with status=0
INFO: (function: improveOnce) CascadeMinimizer.cc: 216 -- Minimization success! status=0
INFO: (function: findCrossing) FitterAlgoBase.cc: 459 -- 1.744464    -0.02208  +0.03454    0.034389
INFO: (function: improveOnce) CascadeMinimizer.cc: 188 -- Minimisation configured with Type=Minuit2, Algo=Migrad, strategy=1, tolerance=0.1
INFO: (function: improveOnce) CascadeMinimizer.cc: 211 -- Minimisation finished with status=0
INFO: (function: improveOnce) CascadeMinimizer.cc: 216 -- Minimization success! status=0
INFO: (function: findCrossing) FitterAlgoBase.cc: 459 -- 1.720391    +0.01785  -0.02208    0.010317
INFO: (function: improveOnce) CascadeMinimizer.cc: 188 -- Minimisation configured with Type=Minuit2, Algo=Migrad, strategy=1, tolerance=0.1
INFO: (function: improveOnce) CascadeMinimizer.cc: 211 -- Minimisation finished with status=0
INFO: (function: improveOnce) CascadeMinimizer.cc: 216 -- Minimization success! status=0
INFO: (function: findCrossing) FitterAlgoBase.cc: 459 -- 1.730708    +0.00092  +0.01785    0.010317
INFO: (function: improveOnce) CascadeMinimizer.cc: 188 -- Minimisation configured with Type=Minuit2, Algo=Migrad, strategy=1, tolerance=0.1
INFO: (function: improveOnce) CascadeMinimizer.cc: 211 -- Minimisation finished with status=0
INFO: (function: improveOnce) CascadeMinimizer.cc: 216 -- Minimization success! status=0
INFO: (function: findCrossing) FitterAlgoBase.cc: 459 -- 1.741025    -0.01625  +0.00092    0.010317
INFO: (function: improveOnce) CascadeMinimizer.cc: 188 -- Minimisation configured with Type=Minuit2, Algo=Migrad, strategy=1, tolerance=0.1
INFO: (function: improveOnce) CascadeMinimizer.cc: 211 -- Minimisation finished with status=0
INFO: (function: improveOnce) CascadeMinimizer.cc: 216 -- Minimization success! status=0
INFO: (function: findCrossing) FitterAlgoBase.cc: 459 -- 1.733803    -0.00420  -0.01625    0.003095
INFO: (function: improveOnce) CascadeMinimizer.cc: 188 -- Minimisation configured with Type=Minuit2, Algo=Migrad, strategy=1, tolerance=0.1
INFO: (function: improveOnce) CascadeMinimizer.cc: 211 -- Minimisation finished with status=0
INFO: (function: improveOnce) CascadeMinimizer.cc: 216 -- Minimization success! status=0
INFO: (function: findCrossing) FitterAlgoBase.cc: 459 -- 1.731636    -0.00061  -0.00420    0.000929
INFO: (function: improveOnce) CascadeMinimizer.cc: 188 -- Minimisation configured with Type=Minuit2, Algo=Migrad, strategy=1, tolerance=0.1
INFO: (function: improveOnce) CascadeMinimizer.cc: 211 -- Minimisation finished with status=0
INFO: (function: improveOnce) CascadeMinimizer.cc: 216 -- Minimization success! status=0
INFO: (function: findCrossing) FitterAlgoBase.cc: 459 -- 1.730987    +0.00047  -0.00061    0.000279
INFO: (function: improveOnce) CascadeMinimizer.cc: 188 -- Minimisation configured with Type=Minuit2, Algo=Migrad, strategy=1, tolerance=0.1
INFO: (function: improveOnce) CascadeMinimizer.cc: 211 -- Minimisation finished with status=0
INFO: (function: improveOnce) CascadeMinimizer.cc: 216 -- Minimization success! status=0
INFO: (function: findCrossing) FitterAlgoBase.cc: 459 -- 1.731265    +0.00001  +0.00047    0.000279
INFO: (function: findCrossing) FitterAlgoBase.cc: 405 -- Searching for crossing at nll = -816.799, in the interval 1.17895 < r < -1
INFO: (function: improveOnce) CascadeMinimizer.cc: 188 -- Minimisation configured with Type=Minuit2, Algo=Migrad, strategy=1, tolerance=0.1
INFO: (function: improveOnce) CascadeMinimizer.cc: 211 -- Minimisation finished with status=0
INFO: (function: improveOnce) CascadeMinimizer.cc: 216 -- Minimization success! status=0
INFO: (function: findCrossing) FitterAlgoBase.cc: 426 -- r lvl-here lvl-there 	stepping 
INFO: (function: improveOnce) CascadeMinimizer.cc: 188 -- Minimisation configured with Type=Minuit2, Algo=Migrad, strategy=1, tolerance=0.1
INFO: (function: improveOnce) CascadeMinimizer.cc: 211 -- Minimisation finished with status=0
INFO: (function: improveOnce) CascadeMinimizer.cc: 216 -- Minimization success! status=0
INFO: (function: findCrossing) FitterAlgoBase.cc: 459 -- 0.961053    +0.40633  +0.49447    -0.217895
INFO: (function: improveOnce) CascadeMinimizer.cc: 188 -- Minimisation configured with Type=Minuit2, Algo=Migrad, strategy=1, tolerance=0.1
INFO: (function: improveOnce) CascadeMinimizer.cc: 211 -- Minimisation finished with status=0
INFO: (function: improveOnce) CascadeMinimizer.cc: 216 -- Minimization success! status=0
INFO: (function: findCrossing) FitterAlgoBase.cc: 459 -- 0.743158    +0.13502  +0.40633    -0.217895
INFO: (function: improveOnce) CascadeMinimizer.cc: 188 -- Minimisation configured with Type=Minuit2, Algo=Migrad, strategy=1, tolerance=0.1
INFO: (function: improveOnce) CascadeMinimizer.cc: 211 -- Minimisation finished with status=0
INFO: (function: improveOnce) CascadeMinimizer.cc: 216 -- Minimization success! status=0
INFO: (function: findCrossing) FitterAlgoBase.cc: 459 -- 0.525264    -0.31868  +0.13502    -0.217895
INFO: (function: improveOnce) CascadeMinimizer.cc: 188 -- Minimisation configured with Type=Minuit2, Algo=Migrad, strategy=1, tolerance=0.1
INFO: (function: improveOnce) CascadeMinimizer.cc: 211 -- Minimisation finished with status=0
INFO: (function: improveOnce) CascadeMinimizer.cc: 216 -- Minimization success! status=0
INFO: (function: findCrossing) FitterAlgoBase.cc: 459 -- 0.677790    +0.01593  -0.31868    -0.065368
INFO: (function: improveOnce) CascadeMinimizer.cc: 188 -- Minimisation configured with Type=Minuit2, Algo=Migrad, strategy=1, tolerance=0.1
INFO: (function: improveOnce) CascadeMinimizer.cc: 211 -- Minimisation finished with status=0
INFO: (function: improveOnce) CascadeMinimizer.cc: 216 -- Minimization success! status=0
INFO: (function: findCrossing) FitterAlgoBase.cc: 459 -- 0.612422    -0.11343  +0.01593    -0.065368
INFO: (function: improveOnce) CascadeMinimizer.cc: 188 -- Minimisation configured with Type=Minuit2, Algo=Migrad, strategy=1, tolerance=0.1
INFO: (function: improveOnce) CascadeMinimizer.cc: 211 -- Minimisation finished with status=0
INFO: (function: improveOnce) CascadeMinimizer.cc: 216 -- Minimization success! status=0
INFO: (function: findCrossing) FitterAlgoBase.cc: 459 -- 0.658179    -0.01849  -0.11343    -0.019611
INFO: (function: improveOnce) CascadeMinimizer.cc: 188 -- Minimisation configured with Type=Minuit2, Algo=Migrad, strategy=1, tolerance=0.1
INFO: (function: improveOnce) CascadeMinimizer.cc: 211 -- Minimisation finished with status=0
INFO: (function: improveOnce) CascadeMinimizer.cc: 216 -- Minimization success! status=0
INFO: (function: findCrossing) FitterAlgoBase.cc: 459 -- 0.671907    +0.00434  -0.01849    -0.005883
INFO: (function: improveOnce) CascadeMinimizer.cc: 188 -- Minimisation configured with Type=Minuit2, Algo=Migrad, strategy=1, tolerance=0.1
INFO: (function: improveOnce) CascadeMinimizer.cc: 211 -- Minimisation finished with status=0
INFO: (function: improveOnce) CascadeMinimizer.cc: 216 -- Minimization success! status=0
INFO: (function: findCrossing) FitterAlgoBase.cc: 459 -- 0.666024    -0.00739  +0.00434    -0.005883
INFO: (function: improveOnce) CascadeMinimizer.cc: 188 -- Minimisation configured with Type=Minuit2, Algo=Migrad, strategy=1, tolerance=0.1
INFO: (function: improveOnce) CascadeMinimizer.cc: 211 -- Minimisation finished with status=0
INFO: (function: improveOnce) CascadeMinimizer.cc: 216 -- Minimization success! status=0
INFO: (function: findCrossing) FitterAlgoBase.cc: 459 -- 0.670142    +0.00084  -0.00739    -0.001765
INFO: (function: improveOnce) CascadeMinimizer.cc: 188 -- Minimisation configured with Type=Minuit2, Algo=Migrad, strategy=1, tolerance=0.1
INFO: (function: improveOnce) CascadeMinimizer.cc: 211 -- Minimisation finished with status=0
INFO: (function: improveOnce) CascadeMinimizer.cc: 216 -- Minimization success! status=0
INFO: (function: findCrossing) FitterAlgoBase.cc: 459 -- 0.668377    -0.00268  +0.00084    -0.001765
INFO: (function: improveOnce) CascadeMinimizer.cc: 188 -- Minimisation configured with Type=Minuit2, Algo=Migrad, strategy=1, tolerance=0.1
INFO: (function: improveOnce) CascadeMinimizer.cc: 211 -- Minimisation finished with status=0
INFO: (function: improveOnce) CascadeMinimizer.cc: 216 -- Minimization success! status=0
INFO: (function: findCrossing) FitterAlgoBase.cc: 459 -- 0.669612    -0.00021  -0.00268    -0.000529
ERROR: (function: runSpecific) [WARNING]: Unable to determine uncertainties on all fit parameters in s+b fit. Have a look at https://cms-analysis.github.io/HiggsAnalysis-CombinedLimit/part3/nonstandard/#fit-parameter-uncertainties for more information.
DEBUG: (function: runSpecific) FitDiagnostics.cc: 443 -- Fit S+B, status = 1, numBadNLL = 0, covariance quality = 2
