
>>> random number generator seed is 123456
   Options for Robust Minimizer :: 
        Tolerance  0.1
        Strategy   0
        Type,Algo  Minuit2,Migrad
>>> method used is FitDiagnostics
Set Default Value of Parameter r To : 1
>>> 0 out of 6 channels masked

>>> Channel masks:
  1) 0x6441a80 RooRealVar::  mask_CR_loose_LOW = 0 C  L(-INF - +INF)  "mask_CR_loose_LOW"
  2) 0x6442560 RooRealVar::  mask_CR_loose_SIG = 0 C  L(-INF - +INF)  "mask_CR_loose_SIG"
  3) 0x6443170 RooRealVar:: mask_CR_loose_HIGH = 0 C  L(-INF - +INF)  "mask_CR_loose_HIGH"
  4) 0x6443d80 RooRealVar::   mask_CR_pass_LOW = 0 C  L(-INF - +INF)  "mask_CR_pass_LOW"
  5) 0x6444990 RooRealVar::   mask_CR_pass_SIG = 0 C  L(-INF - +INF)  "mask_CR_pass_SIG"
  6) 0x64455a0 RooRealVar::  mask_CR_pass_HIGH = 0 C  L(-INF - +INF)  "mask_CR_pass_HIGH"
SimNLL created with 0 channels, 0 generic constraints, 14 fast gaussian constraints, 0 fast poisson constraints, 0 fast group constraints, 
Minuit2Minimizer: Minimize with max-calls 7000 convergence for edm < 0.1 strategy 1
Minuit2Minimizer::Minuit  - Changing default options
             StorageLevel :               0
MnSeedGenerator: for initial parameters FCN = 0
MnSeedGenerator: Initial state:   - FCN =                0 Edm =            0 NCalls =     57
VariableMetric: start iterating until Edm is < 0.0001
VariableMetric: Initial state   - FCN =                0 Edm =            0 NCalls =     57
VariableMetric: Iteration #   0 - FCN =                0 Edm =            0 NCalls =     57
VariableMetric: After Hessian   - FCN =                0 Edm =            0 NCalls =    205
VariableMetric: Iteration #   1 - FCN =                0 Edm =            0 NCalls =    205
Minuit2Minimizer : Valid minimum - status = 0
FVAL  = 0
Edm   = 0
Nfcn  = 205
PNetTop	  = 0	 +/-  1
PNetXbb	  = 0	 +/-  1
Pileup	  = 0	 +/-  1
Prefire	  = 0	 +/-  1
TptReweight	  = 0	 +/-  1
jer	  = 0	 +/-  1
jes	  = 0	 +/-  1
jmr	  = 0	 +/-  1
jms	  = 0	 +/-  1
lumi	  = 0	 +/-  1
pdf	  = 0	 +/-  1
ttbar_xsec	  = 0	 +/-  1
w_xsec	  = 0	 +/-  1
z_xsec	  = 0	 +/-  1
SimNLL created with 6 channels, 0 generic constraints, 14 fast gaussian constraints, 0 fast poisson constraints, 0 fast group constraints, 

  RooFitResult: minimized FCN value: -8.10381e-05, estimated distance to minimum: 2.33255e-05
                covariance matrix quality: Full, accurate covariance matrix
                Status : MINIMIZE=0 HESSE=0 

    Constant Parameter    Value     
  --------------------  ------------
            PNetTop_In    0.0000e+00
            PNetXbb_In    0.0000e+00
             Pileup_In    0.0000e+00
            Prefire_In    0.0000e+00
        TptReweight_In    0.0000e+00
                jer_In    0.0000e+00
                jes_In    0.0000e+00
                jmr_In    0.0000e+00
                jms_In    0.0000e+00
               lumi_In    0.0000e+00
  n_exp_binCR_loose_HIGH_proc_Background    1.0000e+00
  n_exp_binCR_loose_LOW_proc_Background    1.0000e+00
  n_exp_binCR_loose_SIG_proc_Background    1.0000e+00
  n_exp_binCR_pass_HIGH_proc_Background_0x1    1.0000e+00
  n_exp_binCR_pass_LOW_proc_Background_0x1    1.0000e+00
  n_exp_binCR_pass_SIG_proc_Background_0x1    1.0000e+00
                pdf_In    0.0000e+00
                     r    0.0000e+00
         ttbar_xsec_In    0.0000e+00
             w_xsec_In    0.0000e+00
             z_xsec_In    0.0000e+00

    Floating Parameter  InitialValue    FinalValue +/-  Error     GblCorr.
  --------------------  ------------  --------------------------  --------
  Background_CR_loose_HIGH_bin_1-1    1.0991e+03    1.0991e+03 +/-  5.50e+01  <none>
  Background_CR_loose_HIGH_bin_1-10    6.9160e+01    6.9164e+01 +/-  8.27e+00  <none>
  Background_CR_loose_HIGH_bin_1-11    4.7066e+01    4.7070e+01 +/-  6.78e+00  <none>
  Background_CR_loose_HIGH_bin_1-12    4.1355e+01    4.1354e+01 +/-  6.32e+00  <none>
  Background_CR_loose_HIGH_bin_1-13    1.0324e+01    1.0324e+01 +/-  3.37e+00  <none>
  Background_CR_loose_HIGH_bin_1-2    1.4892e+03    1.4892e+03 +/-  5.53e+01  <none>
  Background_CR_loose_HIGH_bin_1-3    1.3227e+03    1.3228e+03 +/-  4.53e+01  <none>
  Background_CR_loose_HIGH_bin_1-4    1.0022e+03    1.0022e+03 +/-  3.59e+01  <none>
  Background_CR_loose_HIGH_bin_1-5    6.4055e+02    6.4057e+02 +/-  2.72e+01  <none>
  Background_CR_loose_HIGH_bin_1-6    3.5463e+02    3.5462e+02 +/-  1.97e+01  <none>
  Background_CR_loose_HIGH_bin_1-7    2.6917e+02    2.6919e+02 +/-  1.67e+01  <none>
  Background_CR_loose_HIGH_bin_1-8    1.4000e+02    1.4000e+02 +/-  1.21e+01  <none>
  Background_CR_loose_HIGH_bin_1-9    1.0649e+02    1.0649e+02 +/-  1.03e+01  <none>
  Background_CR_loose_HIGH_bin_2-1    6.6717e+02    6.6714e+02 +/-  5.93e+01  <none>
  Background_CR_loose_HIGH_bin_2-10    5.3799e+01    5.3798e+01 +/-  8.11e+00  <none>
  Background_CR_loose_HIGH_bin_2-11    5.0425e+01    5.0423e+01 +/-  7.51e+00  <none>
  Background_CR_loose_HIGH_bin_2-12    3.2540e+01    3.2539e+01 +/-  6.04e+00  <none>
  Background_CR_loose_HIGH_bin_2-13    1.6338e+01    1.6338e+01 +/-  4.39e+00  <none>
  Background_CR_loose_HIGH_bin_2-2    1.0901e+03    1.0901e+03 +/-  6.44e+01  <none>
  Background_CR_loose_HIGH_bin_2-3    1.0852e+03    1.0852e+03 +/-  5.33e+01  <none>
  Background_CR_loose_HIGH_bin_2-4    8.5802e+02    8.5800e+02 +/-  4.15e+01  <none>
  Background_CR_loose_HIGH_bin_2-5    6.2192e+02    6.2193e+02 +/-  3.16e+01  <none>
  Background_CR_loose_HIGH_bin_2-6    4.0016e+02    4.0017e+02 +/-  2.41e+01  <none>
  Background_CR_loose_HIGH_bin_2-7    2.2270e+02    2.2270e+02 +/-  1.72e+01  <none>
  Background_CR_loose_HIGH_bin_2-8    1.7053e+02    1.7053e+02 +/-  1.45e+01  <none>
  Background_CR_loose_HIGH_bin_2-9    1.1996e+02    1.1996e+02 +/-  1.18e+01  <none>
  Background_CR_loose_HIGH_bin_3-1    3.5093e+02    3.5093e+02 +/-  5.08e+01  <none>
  Background_CR_loose_HIGH_bin_3-10    9.4447e+01    9.4452e+01 +/-  1.02e+01  <none>
  Background_CR_loose_HIGH_bin_3-11    4.0493e+01    4.0490e+01 +/-  7.19e+00  <none>
  Background_CR_loose_HIGH_bin_3-12    4.1152e+01    4.1149e+01 +/-  6.69e+00  <none>
  Background_CR_loose_HIGH_bin_3-13    2.7206e+01    2.7201e+01 +/-  5.38e+00  <none>
  Background_CR_loose_HIGH_bin_3-2    7.2874e+02    7.2873e+02 +/-  6.03e+01  <none>
  Background_CR_loose_HIGH_bin_3-3    8.7669e+02    8.7669e+02 +/-  5.59e+01  <none>
  Background_CR_loose_HIGH_bin_3-4    6.6345e+02    6.6343e+02 +/-  4.34e+01  <none>
  Background_CR_loose_HIGH_bin_3-5    5.2228e+02    5.2231e+02 +/-  3.30e+01  <none>
  Background_CR_loose_HIGH_bin_3-6    3.7040e+02    3.7039e+02 +/-  2.52e+01  <none>
  Background_CR_loose_HIGH_bin_3-7    2.3263e+02    2.3264e+02 +/-  1.87e+01  <none>
  Background_CR_loose_HIGH_bin_3-8    1.2514e+02    1.2514e+02 +/-  1.38e+01  <none>
  Background_CR_loose_HIGH_bin_3-9    9.7931e+01    9.7931e+01 +/-  1.14e+01  <none>
  Background_CR_loose_HIGH_bin_4-1    1.9437e+02    1.9436e+02 +/-  2.86e+01  <none>
  Background_CR_loose_HIGH_bin_4-10    7.4343e+01    7.4338e+01 +/-  8.66e+00  <none>
  Background_CR_loose_HIGH_bin_4-11    3.6326e+01    3.6328e+01 +/-  6.25e+00  <none>
  Background_CR_loose_HIGH_bin_4-12    3.1515e+01    3.1515e+01 +/-  5.64e+00  <none>
  Background_CR_loose_HIGH_bin_4-13    1.2172e+01    1.2176e+01 +/-  3.75e+00  <none>
  Background_CR_loose_HIGH_bin_4-2    4.9356e+02    4.9356e+02 +/-  3.92e+01  <none>
  Background_CR_loose_HIGH_bin_4-3    5.5495e+02    5.5495e+02 +/-  3.57e+01  <none>
  Background_CR_loose_HIGH_bin_4-4    4.9239e+02    4.9239e+02 +/-  3.14e+01  <none>
  Background_CR_loose_HIGH_bin_4-5    4.4577e+02    4.4577e+02 +/-  2.59e+01  <none>
  Background_CR_loose_HIGH_bin_4-6    2.6902e+02    2.6901e+02 +/-  2.01e+01  <none>
  Background_CR_loose_HIGH_bin_4-7    2.1560e+02    2.1559e+02 +/-  1.64e+01  <none>
  Background_CR_loose_HIGH_bin_4-8    1.4591e+02    1.4592e+02 +/-  1.29e+01  <none>
  Background_CR_loose_HIGH_bin_4-9    9.3039e+01    9.3045e+01 +/-  9.93e+00  <none>
  Background_CR_loose_HIGH_bin_5-1    5.3483e+01    5.3490e+01 +/-  1.06e+01  <none>
  Background_CR_loose_HIGH_bin_5-10    5.7513e+01    5.7507e+01 +/-  7.45e+00  <none>
  Background_CR_loose_HIGH_bin_5-11    4.2017e+01    4.2016e+01 +/-  6.34e+00  <none>
  Background_CR_loose_HIGH_bin_5-12    1.9872e+01    1.9870e+01 +/-  4.42e+00  <none>
  Background_CR_loose_HIGH_bin_5-13    8.7059e+00    8.7044e+00 +/-  3.02e+00  <none>
  Background_CR_loose_HIGH_bin_5-2    2.0767e+02    2.0766e+02 +/-  1.86e+01  <none>
  Background_CR_loose_HIGH_bin_5-3    3.2755e+02    3.2755e+02 +/-  2.03e+01  <none>
  Background_CR_loose_HIGH_bin_5-4    3.2675e+02    3.2676e+02 +/-  1.98e+01  <none>
  Background_CR_loose_HIGH_bin_5-5    3.2776e+02    3.2775e+02 +/-  1.84e+01  <none>
  Background_CR_loose_HIGH_bin_5-6    2.4403e+02    2.4403e+02 +/-  1.58e+01  <none>
  Background_CR_loose_HIGH_bin_5-7    1.8718e+02    1.8719e+02 +/-  1.35e+01  <none>
  Background_CR_loose_HIGH_bin_5-8    1.3554e+02    1.3555e+02 +/-  1.15e+01  <none>
  Background_CR_loose_HIGH_bin_5-9    7.3345e+01    7.3343e+01 +/-  8.48e+00  <none>
  Background_CR_loose_HIGH_bin_6-1    3.2394e+01    3.2394e+01 +/-  6.02e+00  <none>
  Background_CR_loose_HIGH_bin_6-10    5.0190e+01    5.0191e+01 +/-  6.82e+00  <none>
  Background_CR_loose_HIGH_bin_6-11    3.6761e+01    3.6760e+01 +/-  5.87e+00  <none>
  Background_CR_loose_HIGH_bin_6-12    3.1327e+01    3.1322e+01 +/-  5.33e+00  <none>
  Background_CR_loose_HIGH_bin_6-13    2.3971e+01    2.3973e+01 +/-  4.66e+00  <none>
  Background_CR_loose_HIGH_bin_6-2    9.2652e+01    9.2641e+01 +/-  1.03e+01  <none>
  Background_CR_loose_HIGH_bin_6-3    1.9053e+02    1.9054e+02 +/-  1.44e+01  <none>
  Background_CR_loose_HIGH_bin_6-4    2.3972e+02    2.3972e+02 +/-  1.55e+01  <none>
  Background_CR_loose_HIGH_bin_6-5    2.0371e+02    2.0372e+02 +/-  1.42e+01  <none>
  Background_CR_loose_HIGH_bin_6-6    1.6695e+02    1.6695e+02 +/-  1.27e+01  <none>
  Background_CR_loose_HIGH_bin_6-7    1.7197e+02    1.7198e+02 +/-  1.28e+01  <none>
  Background_CR_loose_HIGH_bin_6-8    9.4613e+01    9.4616e+01 +/-  9.46e+00  <none>
  Background_CR_loose_HIGH_bin_6-9    7.3666e+01    7.3663e+01 +/-  8.41e+00  <none>
  Background_CR_loose_LOW_bin_1-1    2.5222e+03    2.5222e+03 +/-  5.03e+01  <none>
  Background_CR_loose_LOW_bin_1-10    9.5543e+01    9.5537e+01 +/-  9.39e+00  <none>
  Background_CR_loose_LOW_bin_1-11    3.8673e+01    3.8675e+01 +/-  6.22e+00  <none>
  Background_CR_loose_LOW_bin_1-12    4.5962e+01    4.5964e+01 +/-  6.47e+00  <none>
  Background_CR_loose_LOW_bin_1-13    4.1550e+01    4.1550e+01 +/-  6.18e+00  <none>
  Background_CR_loose_LOW_bin_1-2    2.4648e+03    2.4647e+03 +/-  4.89e+01  <none>
  Background_CR_loose_LOW_bin_1-3    1.9205e+03    1.9204e+03 +/-  4.23e+01  <none>
  Background_CR_loose_LOW_bin_1-4    1.2045e+03    1.2045e+03 +/-  3.34e+01  <none>
  Background_CR_loose_LOW_bin_1-5    7.4080e+02    7.4080e+02 +/-  2.62e+01  <none>
  Background_CR_loose_LOW_bin_1-6    4.1800e+02    4.1799e+02 +/-  1.96e+01  <none>
  Background_CR_loose_LOW_bin_1-7    2.8113e+02    2.8112e+02 +/-  1.61e+01  <none>
  Background_CR_loose_LOW_bin_1-8    2.1247e+02    2.1246e+02 +/-  1.40e+01  <none>
  Background_CR_loose_LOW_bin_1-9    1.5031e+02    1.5031e+02 +/-  1.18e+01  <none>
  Background_CR_loose_LOW_bin_2-1    2.3374e+03    2.3375e+03 +/-  5.49e+01  <none>
  Background_CR_loose_LOW_bin_2-10    8.2262e+01    8.2258e+01 +/-  9.40e+00  <none>
  Background_CR_loose_LOW_bin_2-11    7.3895e+01    7.3888e+01 +/-  8.80e+00  <none>
  Background_CR_loose_LOW_bin_2-12    4.0841e+01    4.0839e+01 +/-  6.69e+00  <none>
  Background_CR_loose_LOW_bin_2-13    2.5433e+01    2.5434e+01 +/-  5.34e+00  <none>
  Background_CR_loose_LOW_bin_2-2    2.3618e+03    2.3618e+03 +/-  5.35e+01  <none>
  Background_CR_loose_LOW_bin_2-3    1.9084e+03    1.9084e+03 +/-  4.53e+01  <none>
  Background_CR_loose_LOW_bin_2-4    1.1555e+03    1.1555e+03 +/-  3.49e+01  <none>
  Background_CR_loose_LOW_bin_2-5    7.0706e+02    7.0706e+02 +/-  2.72e+01  <none>
  Background_CR_loose_LOW_bin_2-6    4.3465e+02    4.3467e+02 +/-  2.15e+01  <none>
  Background_CR_loose_LOW_bin_2-7    2.7132e+02    2.7131e+02 +/-  1.69e+01  <none>
  Background_CR_loose_LOW_bin_2-8    1.8102e+02    1.8100e+02 +/-  1.41e+01  <none>
  Background_CR_loose_LOW_bin_2-9    1.4547e+02    1.4547e+02 +/-  1.22e+01  <none>
  Background_CR_loose_LOW_bin_3-1    2.3530e+03    2.3530e+03 +/-  5.83e+01  <none>
  Background_CR_loose_LOW_bin_3-10    8.6277e+01    8.6264e+01 +/-  9.54e+00  <none>
  Background_CR_loose_LOW_bin_3-11    5.1471e+01    5.1474e+01 +/-  7.35e+00  <none>
  Background_CR_loose_LOW_bin_3-12    4.5996e+01    4.6000e+01 +/-  6.81e+00  <none>
  Background_CR_loose_LOW_bin_3-13    2.7995e+01    2.7994e+01 +/-  5.38e+00  <none>
  Background_CR_loose_LOW_bin_3-2    2.3360e+03    2.3361e+03 +/-  5.44e+01  <none>
  Background_CR_loose_LOW_bin_3-3    1.7433e+03    1.7433e+03 +/-  4.43e+01  <none>
  Background_CR_loose_LOW_bin_3-4    1.2095e+03    1.2095e+03 +/-  3.57e+01  <none>
  Background_CR_loose_LOW_bin_3-5    7.1434e+02    7.1435e+02 +/-  2.72e+01  <none>
  Background_CR_loose_LOW_bin_3-6    3.9821e+02    3.9820e+02 +/-  2.04e+01  <none>
  Background_CR_loose_LOW_bin_3-7    2.4908e+02    2.4908e+02 +/-  1.59e+01  <none>
  Background_CR_loose_LOW_bin_3-8    1.5011e+02    1.5012e+02 +/-  1.26e+01  <none>
  Background_CR_loose_LOW_bin_3-9    1.1306e+02    1.1306e+02 +/-  1.08e+01  <none>
  Background_CR_loose_SIG_bin_1-1    2.0373e+03    2.0374e+03 +/-  5.61e+01  <none>
  Background_CR_loose_SIG_bin_1-10    8.4475e+01    8.4476e+01 +/-  8.93e+00  <none>
  Background_CR_loose_SIG_bin_1-11    5.3520e+01    5.3519e+01 +/-  7.03e+00  <none>
  Background_CR_loose_SIG_bin_1-12    3.3630e+01    3.3629e+01 +/-  5.63e+00  <none>
  Background_CR_loose_SIG_bin_1-13    1.9084e+01    1.9081e+01 +/-  4.34e+00  <none>
  Background_CR_loose_SIG_bin_1-2    2.1408e+03    2.1408e+03 +/-  5.32e+01  <none>
  Background_CR_loose_SIG_bin_1-3    1.7715e+03    1.7715e+03 +/-  4.43e+01  <none>
  Background_CR_loose_SIG_bin_1-4    1.1825e+03    1.1825e+03 +/-  3.46e+01  <none>
  Background_CR_loose_SIG_bin_1-5    6.2653e+02    6.2653e+02 +/-  2.53e+01  <none>
  Background_CR_loose_SIG_bin_1-6    4.4189e+02    4.4191e+02 +/-  2.05e+01  <none>
  Background_CR_loose_SIG_bin_1-7    2.4629e+02    2.4629e+02 +/-  1.53e+01  <none>
  Background_CR_loose_SIG_bin_1-8    1.6436e+02    1.6435e+02 +/-  1.26e+01  <none>
  Background_CR_loose_SIG_bin_1-9    9.3516e+01    9.3521e+01 +/-  9.57e+00  <none>
  Background_CR_loose_SIG_bin_2-1    1.6802e+03    1.6802e+03 +/-  5.59e+01  <none>
  Background_CR_loose_SIG_bin_2-10    6.5001e+01    6.5000e+01 +/-  7.87e+00  <none>
  Background_CR_loose_SIG_bin_2-11    4.3728e+01    4.3729e+01 +/-  6.49e+00  <none>
  Background_CR_loose_SIG_bin_2-12    4.3435e+01    4.3433e+01 +/-  6.36e+00  <none>
  Background_CR_loose_SIG_bin_2-13    1.3601e+01    1.3599e+01 +/-  3.69e+00  <none>
  Background_CR_loose_SIG_bin_2-2    2.0837e+03    2.0837e+03 +/-  5.49e+01  <none>
  Background_CR_loose_SIG_bin_2-3    1.6654e+03    1.6654e+03 +/-  4.44e+01  <none>
  Background_CR_loose_SIG_bin_2-4    1.0624e+03    1.0624e+03 +/-  3.40e+01  <none>
  Background_CR_loose_SIG_bin_2-5    6.1219e+02    6.1220e+02 +/-  2.49e+01  <none>
  Background_CR_loose_SIG_bin_2-6    4.2220e+02    4.2220e+02 +/-  2.05e+01  <none>
  Background_CR_loose_SIG_bin_2-7    2.7223e+02    2.7224e+02 +/-  1.63e+01  <none>
  Background_CR_loose_SIG_bin_2-8    1.5909e+02    1.5909e+02 +/-  1.24e+01  <none>
  Background_CR_loose_SIG_bin_2-9    1.1030e+02    1.1031e+02 +/-  1.03e+01  <none>
  Background_CR_loose_SIG_bin_3-1    1.6199e+03    1.6199e+03 +/-  5.68e+01  <none>
  Background_CR_loose_SIG_bin_3-10    4.4199e+01    4.4198e+01 +/-  6.78e+00  <none>
  Background_CR_loose_SIG_bin_3-11    4.6295e+01    4.6290e+01 +/-  6.68e+00  <none>
  Background_CR_loose_SIG_bin_3-12    3.9752e+01    3.9752e+01 +/-  6.22e+00  <none>
  Background_CR_loose_SIG_bin_3-13    2.0652e+01    2.0651e+01 +/-  4.51e+00  <none>
  Background_CR_loose_SIG_bin_3-2    1.7163e+03    1.7164e+03 +/-  5.22e+01  <none>
  Background_CR_loose_SIG_bin_3-3    1.5308e+03    1.5308e+03 +/-  4.42e+01  <none>
  Background_CR_loose_SIG_bin_3-4    9.9959e+02    9.9963e+02 +/-  3.39e+01  <none>
  Background_CR_loose_SIG_bin_3-5    6.5783e+02    6.5782e+02 +/-  2.64e+01  <none>
  Background_CR_loose_SIG_bin_3-6    4.1121e+02    4.1120e+02 +/-  2.03e+01  <none>
  Background_CR_loose_SIG_bin_3-7    2.0497e+02    2.0497e+02 +/-  1.45e+01  <none>
  Background_CR_loose_SIG_bin_3-8    1.4629e+02    1.4628e+02 +/-  1.21e+01  <none>
  Background_CR_loose_SIG_bin_3-9    1.0603e+02    1.0603e+02 +/-  1.02e+01  <none>
  Background_CR_rpf_0x1_par0    1.5583e-01    1.5583e-01 +/-  2.73e-03  <none>
  Background_CR_rpf_0x1_par1    1.9560e-03    1.9560e-03 +/-  9.22e-03  <none>
               PNetTop    0.0000e+00    0.0000e+00 +/-  1.00e+00  <none>
               PNetXbb    0.0000e+00    0.0000e+00 +/-  1.00e+00  <none>
                Pileup   -5.6449e-02   -5.7533e-02 +/-  9.19e-01  <none>
               Prefire   -2.8687e-03   -8.9829e-03 +/-  7.28e-01  <none>
           TptReweight    2.1469e-02    2.2722e-02 +/-  9.83e-01  <none>
                   jer   -3.9980e-01   -3.9749e-01 +/-  1.18e+00  <none>
                   jes    7.7626e-01    7.7503e-01 +/-  6.00e-01  <none>
                   jmr   -1.2331e-01   -1.2374e-01 +/-  5.47e-01  <none>
                   jms    1.4825e-02    1.6287e-02 +/-  7.05e-01  <none>
                  lumi   -1.7423e-01   -1.7271e-01 +/-  9.85e-01  <none>
                   pdf   -5.4428e-02   -5.4334e-02 +/-  8.22e-01  <none>
            ttbar_xsec    1.3885e-01    1.3886e-01 +/-  5.42e-01  <none>
                w_xsec   -8.9351e-02   -9.1238e-02 +/-  9.64e-01  <none>
                z_xsec   -2.0288e+00   -2.0262e+00 +/-  7.41e-01  <none>


  RooFitResult: minimized FCN value: -8.10381e-05, estimated distance to minimum: 2.33255e-05
                covariance matrix quality: Full, accurate covariance matrix
                Status : MINIMIZE=0 HESSE=0 

    Constant Parameter    Value     
  --------------------  ------------
            PNetTop_In    0.0000e+00
            PNetXbb_In    0.0000e+00
             Pileup_In    0.0000e+00
            Prefire_In    0.0000e+00
        TptReweight_In    0.0000e+00
                jer_In    0.0000e+00
                jes_In    0.0000e+00
                jmr_In    0.0000e+00
                jms_In    0.0000e+00
               lumi_In    0.0000e+00
  n_exp_binCR_loose_HIGH_proc_Background    1.0000e+00
  n_exp_binCR_loose_LOW_proc_Background    1.0000e+00
  n_exp_binCR_loose_SIG_proc_Background    1.0000e+00
  n_exp_binCR_pass_HIGH_proc_Background_0x1    1.0000e+00
  n_exp_binCR_pass_LOW_proc_Background_0x1    1.0000e+00
  n_exp_binCR_pass_SIG_proc_Background_0x1    1.0000e+00
                pdf_In    0.0000e+00
                     r    0.0000e+00
         ttbar_xsec_In    0.0000e+00
             w_xsec_In    0.0000e+00
             z_xsec_In    0.0000e+00

    Floating Parameter  InitialValue    FinalValue +/-  Error     GblCorr.
  --------------------  ------------  --------------------------  --------
  Background_CR_loose_HIGH_bin_1-1    1.0991e+03    1.0991e+03 +/-  5.50e+01  <none>
  Background_CR_loose_HIGH_bin_1-10    6.9160e+01    6.9164e+01 +/-  8.27e+00  <none>
  Background_CR_loose_HIGH_bin_1-11    4.7066e+01    4.7070e+01 +/-  6.78e+00  <none>
  Background_CR_loose_HIGH_bin_1-12    4.1355e+01    4.1354e+01 +/-  6.32e+00  <none>
  Background_CR_loose_HIGH_bin_1-13    1.0324e+01    1.0324e+01 +/-  3.37e+00  <none>
  Background_CR_loose_HIGH_bin_1-2    1.4892e+03    1.4892e+03 +/-  5.53e+01  <none>
  Background_CR_loose_HIGH_bin_1-3    1.3227e+03    1.3228e+03 +/-  4.53e+01  <none>
  Background_CR_loose_HIGH_bin_1-4    1.0022e+03    1.0022e+03 +/-  3.59e+01  <none>
  Background_CR_loose_HIGH_bin_1-5    6.4055e+02    6.4057e+02 +/-  2.72e+01  <none>
  Background_CR_loose_HIGH_bin_1-6    3.5463e+02    3.5462e+02 +/-  1.97e+01  <none>
  Background_CR_loose_HIGH_bin_1-7    2.6917e+02    2.6919e+02 +/-  1.67e+01  <none>
  Background_CR_loose_HIGH_bin_1-8    1.4000e+02    1.4000e+02 +/-  1.21e+01  <none>
  Background_CR_loose_HIGH_bin_1-9    1.0649e+02    1.0649e+02 +/-  1.03e+01  <none>
  Background_CR_loose_HIGH_bin_2-1    6.6717e+02    6.6714e+02 +/-  5.93e+01  <none>
  Background_CR_loose_HIGH_bin_2-10    5.3799e+01    5.3798e+01 +/-  8.11e+00  <none>
  Background_CR_loose_HIGH_bin_2-11    5.0425e+01    5.0423e+01 +/-  7.51e+00  <none>
  Background_CR_loose_HIGH_bin_2-12    3.2540e+01    3.2539e+01 +/-  6.04e+00  <none>
  Background_CR_loose_HIGH_bin_2-13    1.6338e+01    1.6338e+01 +/-  4.39e+00  <none>
  Background_CR_loose_HIGH_bin_2-2    1.0901e+03    1.0901e+03 +/-  6.44e+01  <none>
  Background_CR_loose_HIGH_bin_2-3    1.0852e+03    1.0852e+03 +/-  5.33e+01  <none>
  Background_CR_loose_HIGH_bin_2-4    8.5802e+02    8.5800e+02 +/-  4.15e+01  <none>
  Background_CR_loose_HIGH_bin_2-5    6.2192e+02    6.2193e+02 +/-  3.16e+01  <none>
  Background_CR_loose_HIGH_bin_2-6    4.0016e+02    4.0017e+02 +/-  2.41e+01  <none>
  Background_CR_loose_HIGH_bin_2-7    2.2270e+02    2.2270e+02 +/-  1.72e+01  <none>
  Background_CR_loose_HIGH_bin_2-8    1.7053e+02    1.7053e+02 +/-  1.45e+01  <none>
  Background_CR_loose_HIGH_bin_2-9    1.1996e+02    1.1996e+02 +/-  1.18e+01  <none>
  Background_CR_loose_HIGH_bin_3-1    3.5093e+02    3.5093e+02 +/-  5.08e+01  <none>
  Background_CR_loose_HIGH_bin_3-10    9.4447e+01    9.4452e+01 +/-  1.02e+01  <none>
  Background_CR_loose_HIGH_bin_3-11    4.0493e+01    4.0490e+01 +/-  7.19e+00  <none>
  Background_CR_loose_HIGH_bin_3-12    4.1152e+01    4.1149e+01 +/-  6.69e+00  <none>
  Background_CR_loose_HIGH_bin_3-13    2.7206e+01    2.7201e+01 +/-  5.38e+00  <none>
  Background_CR_loose_HIGH_bin_3-2    7.2874e+02    7.2873e+02 +/-  6.03e+01  <none>
  Background_CR_loose_HIGH_bin_3-3    8.7669e+02    8.7669e+02 +/-  5.59e+01  <none>
  Background_CR_loose_HIGH_bin_3-4    6.6345e+02    6.6343e+02 +/-  4.34e+01  <none>
  Background_CR_loose_HIGH_bin_3-5    5.2228e+02    5.2231e+02 +/-  3.30e+01  <none>
  Background_CR_loose_HIGH_bin_3-6    3.7040e+02    3.7039e+02 +/-  2.52e+01  <none>
  Background_CR_loose_HIGH_bin_3-7    2.3263e+02    2.3264e+02 +/-  1.87e+01  <none>
  Background_CR_loose_HIGH_bin_3-8    1.2514e+02    1.2514e+02 +/-  1.38e+01  <none>
  Background_CR_loose_HIGH_bin_3-9    9.7931e+01    9.7931e+01 +/-  1.14e+01  <none>
  Background_CR_loose_HIGH_bin_4-1    1.9437e+02    1.9436e+02 +/-  2.86e+01  <none>
  Background_CR_loose_HIGH_bin_4-10    7.4343e+01    7.4338e+01 +/-  8.66e+00  <none>
  Background_CR_loose_HIGH_bin_4-11    3.6326e+01    3.6328e+01 +/-  6.25e+00  <none>
  Background_CR_loose_HIGH_bin_4-12    3.1515e+01    3.1515e+01 +/-  5.64e+00  <none>
  Background_CR_loose_HIGH_bin_4-13    1.2172e+01    1.2176e+01 +/-  3.75e+00  <none>
  Background_CR_loose_HIGH_bin_4-2    4.9356e+02    4.9356e+02 +/-  3.92e+01  <none>
  Background_CR_loose_HIGH_bin_4-3    5.5495e+02    5.5495e+02 +/-  3.57e+01  <none>
  Background_CR_loose_HIGH_bin_4-4    4.9239e+02    4.9239e+02 +/-  3.14e+01  <none>
  Background_CR_loose_HIGH_bin_4-5    4.4577e+02    4.4577e+02 +/-  2.59e+01  <none>
  Background_CR_loose_HIGH_bin_4-6    2.6902e+02    2.6901e+02 +/-  2.01e+01  <none>
  Background_CR_loose_HIGH_bin_4-7    2.1560e+02    2.1559e+02 +/-  1.64e+01  <none>
  Background_CR_loose_HIGH_bin_4-8    1.4591e+02    1.4592e+02 +/-  1.29e+01  <none>
  Background_CR_loose_HIGH_bin_4-9    9.3039e+01    9.3045e+01 +/-  9.93e+00  <none>
  Background_CR_loose_HIGH_bin_5-1    5.3483e+01    5.3490e+01 +/-  1.06e+01  <none>
  Background_CR_loose_HIGH_bin_5-10    5.7513e+01    5.7507e+01 +/-  7.45e+00  <none>
  Background_CR_loose_HIGH_bin_5-11    4.2017e+01    4.2016e+01 +/-  6.34e+00  <none>
  Background_CR_loose_HIGH_bin_5-12    1.9872e+01    1.9870e+01 +/-  4.42e+00  <none>
  Background_CR_loose_HIGH_bin_5-13    8.7059e+00    8.7044e+00 +/-  3.02e+00  <none>
  Background_CR_loose_HIGH_bin_5-2    2.0767e+02    2.0766e+02 +/-  1.86e+01  <none>
  Background_CR_loose_HIGH_bin_5-3    3.2755e+02    3.2755e+02 +/-  2.03e+01  <none>
  Background_CR_loose_HIGH_bin_5-4    3.2675e+02    3.2676e+02 +/-  1.98e+01  <none>
  Background_CR_loose_HIGH_bin_5-5    3.2776e+02    3.2775e+02 +/-  1.84e+01  <none>
  Background_CR_loose_HIGH_bin_5-6    2.4403e+02    2.4403e+02 +/-  1.58e+01  <none>
  Background_CR_loose_HIGH_bin_5-7    1.8718e+02    1.8719e+02 +/-  1.35e+01  <none>
  Background_CR_loose_HIGH_bin_5-8    1.3554e+02    1.3555e+02 +/-  1.15e+01  <none>
  Background_CR_loose_HIGH_bin_5-9    7.3345e+01    7.3343e+01 +/-  8.48e+00  <none>
  Background_CR_loose_HIGH_bin_6-1    3.2394e+01    3.2394e+01 +/-  6.02e+00  <none>
  Background_CR_loose_HIGH_bin_6-10    5.0190e+01    5.0191e+01 +/-  6.82e+00  <none>
  Background_CR_loose_HIGH_bin_6-11    3.6761e+01    3.6760e+01 +/-  5.87e+00  <none>
  Background_CR_loose_HIGH_bin_6-12    3.1327e+01    3.1322e+01 +/-  5.33e+00  <none>
  Background_CR_loose_HIGH_bin_6-13    2.3971e+01    2.3973e+01 +/-  4.66e+00  <none>
  Background_CR_loose_HIGH_bin_6-2    9.2652e+01    9.2641e+01 +/-  1.03e+01  <none>
  Background_CR_loose_HIGH_bin_6-3    1.9053e+02    1.9054e+02 +/-  1.44e+01  <none>
  Background_CR_loose_HIGH_bin_6-4    2.3972e+02    2.3972e+02 +/-  1.55e+01  <none>
  Background_CR_loose_HIGH_bin_6-5    2.0371e+02    2.0372e+02 +/-  1.42e+01  <none>
  Background_CR_loose_HIGH_bin_6-6    1.6695e+02    1.6695e+02 +/-  1.27e+01  <none>
  Background_CR_loose_HIGH_bin_6-7    1.7197e+02    1.7198e+02 +/-  1.28e+01  <none>
  Background_CR_loose_HIGH_bin_6-8    9.4613e+01    9.4616e+01 +/-  9.46e+00  <none>
  Background_CR_loose_HIGH_bin_6-9    7.3666e+01    7.3663e+01 +/-  8.41e+00  <none>
  Background_CR_loose_LOW_bin_1-1    2.5222e+03    2.5222e+03 +/-  5.03e+01  <none>
  Background_CR_loose_LOW_bin_1-10    9.5543e+01    9.5537e+01 +/-  9.39e+00  <none>
  Background_CR_loose_LOW_bin_1-11    3.8673e+01    3.8675e+01 +/-  6.22e+00  <none>
  Background_CR_loose_LOW_bin_1-12    4.5962e+01    4.5964e+01 +/-  6.47e+00  <none>
  Background_CR_loose_LOW_bin_1-13    4.1550e+01    4.1550e+01 +/-  6.18e+00  <none>
  Background_CR_loose_LOW_bin_1-2    2.4648e+03    2.4647e+03 +/-  4.89e+01  <none>
  Background_CR_loose_LOW_bin_1-3    1.9205e+03    1.9204e+03 +/-  4.23e+01  <none>
  Background_CR_loose_LOW_bin_1-4    1.2045e+03    1.2045e+03 +/-  3.34e+01  <none>
  Background_CR_loose_LOW_bin_1-5    7.4080e+02    7.4080e+02 +/-  2.62e+01  <none>
  Background_CR_loose_LOW_bin_1-6    4.1800e+02    4.1799e+02 +/-  1.96e+01  <none>
  Background_CR_loose_LOW_bin_1-7    2.8113e+02    2.8112e+02 +/-  1.61e+01  <none>
  Background_CR_loose_LOW_bin_1-8    2.1247e+02    2.1246e+02 +/-  1.40e+01  <none>
  Background_CR_loose_LOW_bin_1-9    1.5031e+02    1.5031e+02 +/-  1.18e+01  <none>
  Background_CR_loose_LOW_bin_2-1    2.3374e+03    2.3375e+03 +/-  5.49e+01  <none>
  Background_CR_loose_LOW_bin_2-10    8.2262e+01    8.2258e+01 +/-  9.40e+00  <none>
  Background_CR_loose_LOW_bin_2-11    7.3895e+01    7.3888e+01 +/-  8.80e+00  <none>
  Background_CR_loose_LOW_bin_2-12    4.0841e+01    4.0839e+01 +/-  6.69e+00  <none>
  Background_CR_loose_LOW_bin_2-13    2.5433e+01    2.5434e+01 +/-  5.34e+00  <none>
  Background_CR_loose_LOW_bin_2-2    2.3618e+03    2.3618e+03 +/-  5.35e+01  <none>
  Background_CR_loose_LOW_bin_2-3    1.9084e+03    1.9084e+03 +/-  4.53e+01  <none>
  Background_CR_loose_LOW_bin_2-4    1.1555e+03    1.1555e+03 +/-  3.49e+01  <none>
  Background_CR_loose_LOW_bin_2-5    7.0706e+02    7.0706e+02 +/-  2.72e+01  <none>
  Background_CR_loose_LOW_bin_2-6    4.3465e+02    4.3467e+02 +/-  2.15e+01  <none>
  Background_CR_loose_LOW_bin_2-7    2.7132e+02    2.7131e+02 +/-  1.69e+01  <none>
  Background_CR_loose_LOW_bin_2-8    1.8102e+02    1.8100e+02 +/-  1.41e+01  <none>
  Background_CR_loose_LOW_bin_2-9    1.4547e+02    1.4547e+02 +/-  1.22e+01  <none>
  Background_CR_loose_LOW_bin_3-1    2.3530e+03    2.3530e+03 +/-  5.83e+01  <none>
  Background_CR_loose_LOW_bin_3-10    8.6277e+01    8.6264e+01 +/-  9.54e+00  <none>
  Background_CR_loose_LOW_bin_3-11    5.1471e+01    5.1474e+01 +/-  7.35e+00  <none>
  Background_CR_loose_LOW_bin_3-12    4.5996e+01    4.6000e+01 +/-  6.81e+00  <none>
  Background_CR_loose_LOW_bin_3-13    2.7995e+01    2.7994e+01 +/-  5.38e+00  <none>
  Background_CR_loose_LOW_bin_3-2    2.3360e+03    2.3361e+03 +/-  5.44e+01  <none>
  Background_CR_loose_LOW_bin_3-3    1.7433e+03    1.7433e+03 +/-  4.43e+01  <none>
  Background_CR_loose_LOW_bin_3-4    1.2095e+03    1.2095e+03 +/-  3.57e+01  <none>
  Background_CR_loose_LOW_bin_3-5    7.1434e+02    7.1435e+02 +/-  2.72e+01  <none>
  Background_CR_loose_LOW_bin_3-6    3.9821e+02    3.9820e+02 +/-  2.04e+01  <none>
  Background_CR_loose_LOW_bin_3-7    2.4908e+02    2.4908e+02 +/-  1.59e+01  <none>
  Background_CR_loose_LOW_bin_3-8    1.5011e+02    1.5012e+02 +/-  1.26e+01  <none>
  Background_CR_loose_LOW_bin_3-9    1.1306e+02    1.1306e+02 +/-  1.08e+01  <none>
  Background_CR_loose_SIG_bin_1-1    2.0373e+03    2.0374e+03 +/-  5.61e+01  <none>
  Background_CR_loose_SIG_bin_1-10    8.4475e+01    8.4476e+01 +/-  8.93e+00  <none>
  Background_CR_loose_SIG_bin_1-11    5.3520e+01    5.3519e+01 +/-  7.03e+00  <none>
  Background_CR_loose_SIG_bin_1-12    3.3630e+01    3.3629e+01 +/-  5.63e+00  <none>
  Background_CR_loose_SIG_bin_1-13    1.9084e+01    1.9081e+01 +/-  4.34e+00  <none>
  Background_CR_loose_SIG_bin_1-2    2.1408e+03    2.1408e+03 +/-  5.32e+01  <none>
  Background_CR_loose_SIG_bin_1-3    1.7715e+03    1.7715e+03 +/-  4.43e+01  <none>
  Background_CR_loose_SIG_bin_1-4    1.1825e+03    1.1825e+03 +/-  3.46e+01  <none>
  Background_CR_loose_SIG_bin_1-5    6.2653e+02    6.2653e+02 +/-  2.53e+01  <none>
  Background_CR_loose_SIG_bin_1-6    4.4189e+02    4.4191e+02 +/-  2.05e+01  <none>
  Background_CR_loose_SIG_bin_1-7    2.4629e+02    2.4629e+02 +/-  1.53e+01  <none>
  Background_CR_loose_SIG_bin_1-8    1.6436e+02    1.6435e+02 +/-  1.26e+01  <none>
  Background_CR_loose_SIG_bin_1-9    9.3516e+01    9.3521e+01 +/-  9.57e+00  <none>
  Background_CR_loose_SIG_bin_2-1    1.6802e+03    1.6802e+03 +/-  5.59e+01  <none>
  Background_CR_loose_SIG_bin_2-10    6.5001e+01    6.5000e+01 +/-  7.87e+00  <none>
  Background_CR_loose_SIG_bin_2-11    4.3728e+01    4.3729e+01 +/-  6.49e+00  <none>
  Background_CR_loose_SIG_bin_2-12    4.3435e+01    4.3433e+01 +/-  6.36e+00  <none>
  Background_CR_loose_SIG_bin_2-13    1.3601e+01    1.3599e+01 +/-  3.69e+00  <none>
  Background_CR_loose_SIG_bin_2-2    2.0837e+03    2.0837e+03 +/-  5.49e+01  <none>
  Background_CR_loose_SIG_bin_2-3    1.6654e+03    1.6654e+03 +/-  4.44e+01  <none>
  Background_CR_loose_SIG_bin_2-4    1.0624e+03    1.0624e+03 +/-  3.40e+01  <none>
  Background_CR_loose_SIG_bin_2-5    6.1219e+02    6.1220e+02 +/-  2.49e+01  <none>
  Background_CR_loose_SIG_bin_2-6    4.2220e+02    4.2220e+02 +/-  2.05e+01  <none>
  Background_CR_loose_SIG_bin_2-7    2.7223e+02    2.7224e+02 +/-  1.63e+01  <none>
  Background_CR_loose_SIG_bin_2-8    1.5909e+02    1.5909e+02 +/-  1.24e+01  <none>
  Background_CR_loose_SIG_bin_2-9    1.1030e+02    1.1031e+02 +/-  1.03e+01  <none>
  Background_CR_loose_SIG_bin_3-1    1.6199e+03    1.6199e+03 +/-  5.68e+01  <none>
  Background_CR_loose_SIG_bin_3-10    4.4199e+01    4.4198e+01 +/-  6.78e+00  <none>
  Background_CR_loose_SIG_bin_3-11    4.6295e+01    4.6290e+01 +/-  6.68e+00  <none>
  Background_CR_loose_SIG_bin_3-12    3.9752e+01    3.9752e+01 +/-  6.22e+00  <none>
  Background_CR_loose_SIG_bin_3-13    2.0652e+01    2.0651e+01 +/-  4.51e+00  <none>
  Background_CR_loose_SIG_bin_3-2    1.7163e+03    1.7164e+03 +/-  5.22e+01  <none>
  Background_CR_loose_SIG_bin_3-3    1.5308e+03    1.5308e+03 +/-  4.42e+01  <none>
  Background_CR_loose_SIG_bin_3-4    9.9959e+02    9.9963e+02 +/-  3.39e+01  <none>
  Background_CR_loose_SIG_bin_3-5    6.5783e+02    6.5782e+02 +/-  2.64e+01  <none>
  Background_CR_loose_SIG_bin_3-6    4.1121e+02    4.1120e+02 +/-  2.03e+01  <none>
  Background_CR_loose_SIG_bin_3-7    2.0497e+02    2.0497e+02 +/-  1.45e+01  <none>
  Background_CR_loose_SIG_bin_3-8    1.4629e+02    1.4628e+02 +/-  1.21e+01  <none>
  Background_CR_loose_SIG_bin_3-9    1.0603e+02    1.0603e+02 +/-  1.02e+01  <none>
  Background_CR_rpf_0x1_par0    1.5583e-01    1.5583e-01 +/-  2.73e-03  <none>
  Background_CR_rpf_0x1_par1    1.9560e-03    1.9560e-03 +/-  9.22e-03  <none>
               PNetTop    0.0000e+00    0.0000e+00 +/-  1.00e+00  <none>
               PNetXbb    0.0000e+00    0.0000e+00 +/-  1.00e+00  <none>
                Pileup   -5.6449e-02   -5.7533e-02 +/-  9.19e-01  <none>
               Prefire   -2.8687e-03   -8.9829e-03 +/-  7.28e-01  <none>
           TptReweight    2.1469e-02    2.2722e-02 +/-  9.83e-01  <none>
                   jer   -3.9980e-01   -3.9749e-01 +/-  1.18e+00  <none>
                   jes    7.7626e-01    7.7503e-01 +/-  6.00e-01  <none>
                   jmr   -1.2331e-01   -1.2374e-01 +/-  5.47e-01  <none>
                   jms    1.4825e-02    1.6287e-02 +/-  7.05e-01  <none>
                  lumi   -1.7423e-01   -1.7271e-01 +/-  9.85e-01  <none>
                   pdf   -5.4428e-02   -5.4334e-02 +/-  8.22e-01  <none>
            ttbar_xsec    1.3885e-01    1.3886e-01 +/-  5.42e-01  <none>
                w_xsec   -8.9351e-02   -9.1238e-02 +/-  9.64e-01  <none>
                z_xsec   -2.0288e+00   -2.0262e+00 +/-  7.41e-01  <none>


  RooFitResult: minimized FCN value: -8.02455e-08, estimated distance to minimum: 8.1589e-08
                covariance matrix quality: Full, accurate covariance matrix
                Status : MINIMIZE=0 HESSE=0 

    Constant Parameter    Value     
  --------------------  ------------
            PNetTop_In    0.0000e+00
            PNetXbb_In    0.0000e+00
             Pileup_In    0.0000e+00
            Prefire_In    0.0000e+00
        TptReweight_In    0.0000e+00
                jer_In    0.0000e+00
                jes_In    0.0000e+00
                jmr_In    0.0000e+00
                jms_In    0.0000e+00
               lumi_In    0.0000e+00
  n_exp_binCR_loose_HIGH_proc_Background    1.0000e+00
  n_exp_binCR_loose_LOW_proc_Background    1.0000e+00
  n_exp_binCR_loose_SIG_proc_Background    1.0000e+00
  n_exp_binCR_pass_HIGH_proc_Background_0x1    1.0000e+00
  n_exp_binCR_pass_LOW_proc_Background_0x1    1.0000e+00
  n_exp_binCR_pass_SIG_proc_Background_0x1    1.0000e+00
                pdf_In    0.0000e+00
         ttbar_xsec_In    0.0000e+00
             w_xsec_In    0.0000e+00
             z_xsec_In    0.0000e+00

    Floating Parameter  InitialValue    FinalValue +/-  Error     GblCorr.
  --------------------  ------------  --------------------------  --------
  Background_CR_loose_HIGH_bin_1-1    1.0947e+03    1.0947e+03 +/-  7.26e+01  <none>
  Background_CR_loose_HIGH_bin_1-10    6.8467e+01    6.8467e+01 +/-  8.40e+00  <none>
  Background_CR_loose_HIGH_bin_1-11    4.7001e+01    4.7001e+01 +/-  6.85e+00  <none>
  Background_CR_loose_HIGH_bin_1-12    4.1511e+01    4.1511e+01 +/-  6.38e+00  <none>
  Background_CR_loose_HIGH_bin_1-13    1.0390e+01    1.0390e+01 +/-  3.40e+00  <none>
  Background_CR_loose_HIGH_bin_1-2    1.4831e+03    1.4831e+03 +/-  7.07e+01  <none>
  Background_CR_loose_HIGH_bin_1-3    1.3178e+03    1.3178e+03 +/-  5.48e+01  <none>
  Background_CR_loose_HIGH_bin_1-4    1.0006e+03    1.0006e+03 +/-  4.08e+01  <none>
  Background_CR_loose_HIGH_bin_1-5    6.3875e+02    6.3875e+02 +/-  2.97e+01  <none>
  Background_CR_loose_HIGH_bin_1-6    3.5448e+02    3.5448e+02 +/-  2.08e+01  <none>
  Background_CR_loose_HIGH_bin_1-7    2.6834e+02    2.6834e+02 +/-  1.74e+01  <none>
  Background_CR_loose_HIGH_bin_1-8    1.4048e+02    1.4048e+02 +/-  1.23e+01  <none>
  Background_CR_loose_HIGH_bin_1-9    1.0580e+02    1.0580e+02 +/-  1.05e+01  <none>
  Background_CR_loose_HIGH_bin_2-1    6.5961e+02    6.5961e+02 +/-  8.44e+01  <none>
  Background_CR_loose_HIGH_bin_2-10    5.3690e+01    5.3690e+01 +/-  8.42e+00  <none>
  Background_CR_loose_HIGH_bin_2-11    5.0531e+01    5.0531e+01 +/-  7.73e+00  <none>
  Background_CR_loose_HIGH_bin_2-12    3.1916e+01    3.1916e+01 +/-  6.29e+00  <none>
  Background_CR_loose_HIGH_bin_2-13    1.6015e+01    1.6015e+01 +/-  4.49e+00  <none>
  Background_CR_loose_HIGH_bin_2-2    1.0836e+03    1.0836e+03 +/-  8.99e+01  <none>
  Background_CR_loose_HIGH_bin_2-3    1.0810e+03    1.0810e+03 +/-  7.10e+01  <none>
  Background_CR_loose_HIGH_bin_2-4    8.5492e+02    8.5492e+02 +/-  5.22e+01  <none>
  Background_CR_loose_HIGH_bin_2-5    6.1976e+02    6.1976e+02 +/-  3.80e+01  <none>
  Background_CR_loose_HIGH_bin_2-6    3.9866e+02    3.9866e+02 +/-  2.79e+01  <none>
  Background_CR_loose_HIGH_bin_2-7    2.2313e+02    2.2313e+02 +/-  1.89e+01  <none>
  Background_CR_loose_HIGH_bin_2-8    1.6931e+02    1.6931e+02 +/-  1.58e+01  <none>
  Background_CR_loose_HIGH_bin_2-9    1.2003e+02    1.2003e+02 +/-  1.24e+01  <none>
  Background_CR_loose_HIGH_bin_3-1    3.3725e+02    3.3725e+02 +/-  7.35e+01  <none>
  Background_CR_loose_HIGH_bin_3-10    9.3165e+01    9.3165e+01 +/-  1.08e+01  <none>
  Background_CR_loose_HIGH_bin_3-11    3.9260e+01    3.9260e+01 +/-  7.73e+00  <none>
  Background_CR_loose_HIGH_bin_3-12    4.0714e+01    4.0714e+01 +/-  6.88e+00  <none>
  Background_CR_loose_HIGH_bin_3-13    2.7286e+01    2.7286e+01 +/-  5.47e+00  <none>
  Background_CR_loose_HIGH_bin_3-2    7.0906e+02    7.0907e+02 +/-  8.73e+01  <none>
  Background_CR_loose_HIGH_bin_3-3    8.6031e+02    8.6031e+02 +/-  7.98e+01  <none>
  Background_CR_loose_HIGH_bin_3-4    6.5061e+02    6.5061e+02 +/-  5.99e+01  <none>
  Background_CR_loose_HIGH_bin_3-5    5.1183e+02    5.1183e+02 +/-  4.36e+01  <none>
  Background_CR_loose_HIGH_bin_3-6    3.6467e+02    3.6467e+02 +/-  3.13e+01  <none>
  Background_CR_loose_HIGH_bin_3-7    2.2931e+02    2.2931e+02 +/-  2.22e+01  <none>
  Background_CR_loose_HIGH_bin_3-8    1.2265e+02    1.2265e+02 +/-  1.58e+01  <none>
  Background_CR_loose_HIGH_bin_3-9    9.5683e+01    9.5684e+01 +/-  1.26e+01  <none>
  Background_CR_loose_HIGH_bin_4-1    1.8607e+02    1.8607e+02 +/-  3.46e+01  <none>
  Background_CR_loose_HIGH_bin_4-10    7.3879e+01    7.3879e+01 +/-  8.78e+00  <none>
  Background_CR_loose_HIGH_bin_4-11    3.5210e+01    3.5210e+01 +/-  6.46e+00  <none>
  Background_CR_loose_HIGH_bin_4-12    3.1567e+01    3.1567e+01 +/-  5.70e+00  <none>
  Background_CR_loose_HIGH_bin_4-13    1.1643e+01    1.1643e+01 +/-  3.85e+00  <none>
  Background_CR_loose_HIGH_bin_4-2    4.7843e+02    4.7843e+02 +/-  5.00e+01  <none>
  Background_CR_loose_HIGH_bin_4-3    5.4352e+02    5.4352e+02 +/-  4.41e+01  <none>
  Background_CR_loose_HIGH_bin_4-4    4.8127e+02    4.8127e+02 +/-  3.85e+01  <none>
  Background_CR_loose_HIGH_bin_4-5    4.3878e+02    4.3879e+02 +/-  2.99e+01  <none>
  Background_CR_loose_HIGH_bin_4-6    2.6337e+02    2.6337e+02 +/-  2.30e+01  <none>
  Background_CR_loose_HIGH_bin_4-7    2.1264e+02    2.1264e+02 +/-  1.77e+01  <none>
  Background_CR_loose_HIGH_bin_4-8    1.4428e+02    1.4428e+02 +/-  1.35e+01  <none>
  Background_CR_loose_HIGH_bin_4-9    9.2223e+01    9.2223e+01 +/-  1.03e+01  <none>
  Background_CR_loose_HIGH_bin_5-1    5.1134e+01    5.1134e+01 +/-  1.19e+01  <none>
  Background_CR_loose_HIGH_bin_5-10    5.7236e+01    5.7236e+01 +/-  7.52e+00  <none>
  Background_CR_loose_HIGH_bin_5-11    4.1452e+01    4.1452e+01 +/-  6.41e+00  <none>
  Background_CR_loose_HIGH_bin_5-12    1.9791e+01    1.9791e+01 +/-  4.45e+00  <none>
  Background_CR_loose_HIGH_bin_5-13    8.4289e+00    8.4289e+00 +/-  3.05e+00  <none>
  Background_CR_loose_HIGH_bin_5-2    2.0284e+02    2.0284e+02 +/-  2.07e+01  <none>
  Background_CR_loose_HIGH_bin_5-3    3.2435e+02    3.2435e+02 +/-  2.19e+01  <none>
  Background_CR_loose_HIGH_bin_5-4    3.2266e+02    3.2266e+02 +/-  2.15e+01  <none>
  Background_CR_loose_HIGH_bin_5-5    3.2526e+02    3.2526e+02 +/-  1.92e+01  <none>
  Background_CR_loose_HIGH_bin_5-6    2.4238e+02    2.4238e+02 +/-  1.64e+01  <none>
  Background_CR_loose_HIGH_bin_5-7    1.8616e+02    1.8616e+02 +/-  1.38e+01  <none>
  Background_CR_loose_HIGH_bin_5-8    1.3517e+02    1.3517e+02 +/-  1.16e+01  <none>
  Background_CR_loose_HIGH_bin_5-9    7.3471e+01    7.3471e+01 +/-  8.56e+00  <none>
  Background_CR_loose_HIGH_bin_6-1    3.2243e+01    3.2243e+01 +/-  6.08e+00  <none>
  Background_CR_loose_HIGH_bin_6-10    5.0201e+01    5.0201e+01 +/-  6.85e+00  <none>
  Background_CR_loose_HIGH_bin_6-11    3.6799e+01    3.6799e+01 +/-  5.91e+00  <none>
  Background_CR_loose_HIGH_bin_6-12    3.1459e+01    3.1459e+01 +/-  5.37e+00  <none>
  Background_CR_loose_HIGH_bin_6-13    2.4222e+01    2.4222e+01 +/-  4.69e+00  <none>
  Background_CR_loose_HIGH_bin_6-2    9.1585e+01    9.1585e+01 +/-  1.08e+01  <none>
  Background_CR_loose_HIGH_bin_6-3    1.8852e+02    1.8852e+02 +/-  1.51e+01  <none>
  Background_CR_loose_HIGH_bin_6-4    2.3889e+02    2.3889e+02 +/-  1.58e+01  <none>
  Background_CR_loose_HIGH_bin_6-5    2.0254e+02    2.0254e+02 +/-  1.45e+01  <none>
  Background_CR_loose_HIGH_bin_6-6    1.6720e+02    1.6720e+02 +/-  1.28e+01  <none>
  Background_CR_loose_HIGH_bin_6-7    1.7122e+02    1.7122e+02 +/-  1.29e+01  <none>
  Background_CR_loose_HIGH_bin_6-8    9.4070e+01    9.4070e+01 +/-  9.59e+00  <none>
  Background_CR_loose_HIGH_bin_6-9    7.3187e+01    7.3187e+01 +/-  8.50e+00  <none>
  Background_CR_loose_LOW_bin_1-1    2.5188e+03    2.5188e+03 +/-  5.20e+01  <none>
  Background_CR_loose_LOW_bin_1-10    9.5888e+01    9.5888e+01 +/-  9.43e+00  <none>
  Background_CR_loose_LOW_bin_1-11    3.8621e+01    3.8621e+01 +/-  6.26e+00  <none>
  Background_CR_loose_LOW_bin_1-12    4.6216e+01    4.6216e+01 +/-  6.51e+00  <none>
  Background_CR_loose_LOW_bin_1-13    4.1658e+01    4.1658e+01 +/-  6.22e+00  <none>
  Background_CR_loose_LOW_bin_1-2    2.4648e+03    2.4648e+03 +/-  4.96e+01  <none>
  Background_CR_loose_LOW_bin_1-3    1.9206e+03    1.9206e+03 +/-  4.26e+01  <none>
  Background_CR_loose_LOW_bin_1-4    1.2050e+03    1.2050e+03 +/-  3.37e+01  <none>
  Background_CR_loose_LOW_bin_1-5    7.4120e+02    7.4120e+02 +/-  2.63e+01  <none>
  Background_CR_loose_LOW_bin_1-6    4.1925e+02    4.1925e+02 +/-  1.96e+01  <none>
  Background_CR_loose_LOW_bin_1-7    2.8163e+02    2.8163e+02 +/-  1.62e+01  <none>
  Background_CR_loose_LOW_bin_1-8    2.1348e+02    2.1348e+02 +/-  1.41e+01  <none>
  Background_CR_loose_LOW_bin_1-9    1.5041e+02    1.5041e+02 +/-  1.18e+01  <none>
  Background_CR_loose_LOW_bin_2-1    2.3345e+03    2.3345e+03 +/-  5.96e+01  <none>
  Background_CR_loose_LOW_bin_2-10    8.2466e+01    8.2466e+01 +/-  9.46e+00  <none>
  Background_CR_loose_LOW_bin_2-11    7.4959e+01    7.4959e+01 +/-  8.85e+00  <none>
  Background_CR_loose_LOW_bin_2-12    4.0813e+01    4.0813e+01 +/-  6.75e+00  <none>
  Background_CR_loose_LOW_bin_2-13    2.5531e+01    2.5531e+01 +/-  5.39e+00  <none>
  Background_CR_loose_LOW_bin_2-2    2.3553e+03    2.3553e+03 +/-  5.75e+01  <none>
  Background_CR_loose_LOW_bin_2-3    1.9079e+03    1.9079e+03 +/-  4.66e+01  <none>
  Background_CR_loose_LOW_bin_2-4    1.1544e+03    1.1544e+03 +/-  3.54e+01  <none>
  Background_CR_loose_LOW_bin_2-5    7.0785e+02    7.0785e+02 +/-  2.76e+01  <none>
  Background_CR_loose_LOW_bin_2-6    4.3332e+02    4.3332e+02 +/-  2.19e+01  <none>
  Background_CR_loose_LOW_bin_2-7    2.7247e+02    2.7247e+02 +/-  1.70e+01  <none>
  Background_CR_loose_LOW_bin_2-8    1.8145e+02    1.8145e+02 +/-  1.41e+01  <none>
  Background_CR_loose_LOW_bin_2-9    1.4462e+02    1.4462e+02 +/-  1.24e+01  <none>
  Background_CR_loose_LOW_bin_3-1    2.3431e+03    2.3431e+03 +/-  6.71e+01  <none>
  Background_CR_loose_LOW_bin_3-10    8.5454e+01    8.5454e+01 +/-  9.61e+00  <none>
  Background_CR_loose_LOW_bin_3-11    5.0581e+01    5.0581e+01 +/-  7.41e+00  <none>
  Background_CR_loose_LOW_bin_3-12    4.5984e+01    4.5984e+01 +/-  6.85e+00  <none>
  Background_CR_loose_LOW_bin_3-13    2.7695e+01    2.7695e+01 +/-  5.42e+00  <none>
  Background_CR_loose_LOW_bin_3-2    2.3316e+03    2.3316e+03 +/-  5.96e+01  <none>
  Background_CR_loose_LOW_bin_3-3    1.7374e+03    1.7374e+03 +/-  4.71e+01  <none>
  Background_CR_loose_LOW_bin_3-4    1.2066e+03    1.2066e+03 +/-  3.70e+01  <none>
  Background_CR_loose_LOW_bin_3-5    7.1210e+02    7.1210e+02 +/-  2.79e+01  <none>
  Background_CR_loose_LOW_bin_3-6    3.9729e+02    3.9729e+02 +/-  2.07e+01  <none>
  Background_CR_loose_LOW_bin_3-7    2.4835e+02    2.4835e+02 +/-  1.61e+01  <none>
  Background_CR_loose_LOW_bin_3-8    1.4888e+02    1.4888e+02 +/-  1.27e+01  <none>
  Background_CR_loose_LOW_bin_3-9    1.1178e+02    1.1178e+02 +/-  1.10e+01  <none>
  Background_CR_loose_SIG_bin_1-1    2.0269e+03    2.0269e+03 +/-  6.73e+01  <none>
  Background_CR_loose_SIG_bin_1-10    8.2697e+01    8.2697e+01 +/-  9.03e+00  <none>
  Background_CR_loose_SIG_bin_1-11    5.3347e+01    5.3347e+01 +/-  7.08e+00  <none>
  Background_CR_loose_SIG_bin_1-12    3.3208e+01    3.3208e+01 +/-  5.67e+00  <none>
  Background_CR_loose_SIG_bin_1-13    1.9162e+01    1.9162e+01 +/-  4.36e+00  <none>
  Background_CR_loose_SIG_bin_1-2    2.1298e+03    2.1298e+03 +/-  6.18e+01  <none>
  Background_CR_loose_SIG_bin_1-3    1.7642e+03    1.7642e+03 +/-  4.85e+01  <none>
  Background_CR_loose_SIG_bin_1-4    1.1810e+03    1.1810e+03 +/-  3.62e+01  <none>
  Background_CR_loose_SIG_bin_1-5    6.2449e+02    6.2449e+02 +/-  2.62e+01  <none>
  Background_CR_loose_SIG_bin_1-6    4.4051e+02    4.4051e+02 +/-  2.10e+01  <none>
  Background_CR_loose_SIG_bin_1-7    2.4503e+02    2.4503e+02 +/-  1.55e+01  <none>
  Background_CR_loose_SIG_bin_1-8    1.6188e+02    1.6188e+02 +/-  1.28e+01  <none>
  Background_CR_loose_SIG_bin_1-9    8.9583e+01    8.9583e+01 +/-  9.78e+00  <none>
  Background_CR_loose_SIG_bin_2-1    1.6726e+03    1.6726e+03 +/-  7.10e+01  <none>
  Background_CR_loose_SIG_bin_2-10    5.6742e+01    5.6742e+01 +/-  8.43e+00  <none>
  Background_CR_loose_SIG_bin_2-11    4.2162e+01    4.2162e+01 +/-  6.58e+00  <none>
  Background_CR_loose_SIG_bin_2-12    4.3402e+01    4.3402e+01 +/-  6.40e+00  <none>
  Background_CR_loose_SIG_bin_2-13    1.3745e+01    1.3745e+01 +/-  3.71e+00  <none>
  Background_CR_loose_SIG_bin_2-2    2.0747e+03    2.0747e+03 +/-  6.67e+01  <none>
  Background_CR_loose_SIG_bin_2-3    1.6602e+03    1.6602e+03 +/-  4.97e+01  <none>
  Background_CR_loose_SIG_bin_2-4    1.0579e+03    1.0579e+03 +/-  3.70e+01  <none>
  Background_CR_loose_SIG_bin_2-5    6.1052e+02    6.1052e+02 +/-  2.58e+01  <none>
  Background_CR_loose_SIG_bin_2-6    4.2106e+02    4.2106e+02 +/-  2.10e+01  <none>
  Background_CR_loose_SIG_bin_2-7    2.6912e+02    2.6912e+02 +/-  1.67e+01  <none>
  Background_CR_loose_SIG_bin_2-8    1.5652e+02    1.5652e+02 +/-  1.26e+01  <none>
  Background_CR_loose_SIG_bin_2-9    1.0357e+02    1.0357e+02 +/-  1.07e+01  <none>
  Background_CR_loose_SIG_bin_3-1    1.6082e+03    1.6082e+03 +/-  7.40e+01  <none>
  Background_CR_loose_SIG_bin_3-10    3.8139e+01    3.8139e+01 +/-  7.38e+00  <none>
  Background_CR_loose_SIG_bin_3-11    4.5093e+01    4.5093e+01 +/-  6.74e+00  <none>
  Background_CR_loose_SIG_bin_3-12    3.9220e+01    3.9220e+01 +/-  6.30e+00  <none>
  Background_CR_loose_SIG_bin_3-13    2.0736e+01    2.0736e+01 +/-  4.54e+00  <none>
  Background_CR_loose_SIG_bin_3-2    1.7080e+03    1.7080e+03 +/-  6.45e+01  <none>
  Background_CR_loose_SIG_bin_3-3    1.5247e+03    1.5247e+03 +/-  5.16e+01  <none>
  Background_CR_loose_SIG_bin_3-4    9.9516e+02    9.9516e+02 +/-  3.75e+01  <none>
  Background_CR_loose_SIG_bin_3-5    6.5602e+02    6.5602e+02 +/-  2.81e+01  <none>
  Background_CR_loose_SIG_bin_3-6    4.1019e+02    4.1019e+02 +/-  2.11e+01  <none>
  Background_CR_loose_SIG_bin_3-7    2.0350e+02    2.0350e+02 +/-  1.50e+01  <none>
  Background_CR_loose_SIG_bin_3-8    1.4491e+02    1.4491e+02 +/-  1.23e+01  <none>
  Background_CR_loose_SIG_bin_3-9    1.0301e+02    1.0301e+02 +/-  1.05e+01  <none>
  Background_CR_rpf_0x1_par0    1.5708e-01    1.5708e-01 +/-  2.79e-03  <none>
  Background_CR_rpf_0x1_par1   -6.3844e-03   -6.3843e-03 +/-  9.93e-03  <none>
               PNetTop   -5.1265e-02   -5.1266e-02 +/-  8.54e-01  <none>
               PNetXbb    6.6502e-02    6.6502e-02 +/-  8.12e-01  <none>
                Pileup   -1.7129e-01   -1.7128e-01 +/-  9.17e-01  <none>
               Prefire   -2.8626e-03   -2.8843e-03 +/-  4.89e-01  <none>
           TptReweight    4.7750e-02    4.7790e-02 +/-  1.01e+00  <none>
                   jer   -3.2870e-01   -3.2868e-01 +/-  1.24e+00  <none>
                   jes    1.3348e+00    1.3348e+00 +/-  7.46e-01  <none>
                   jmr   -1.1228e-01   -1.1228e-01 +/-  5.52e-01  <none>
                   jms    2.5792e-02    2.5797e-02 +/-  6.81e-01  <none>
                  lumi   -1.6135e-01   -1.6131e-01 +/-  1.01e+00  <none>
                   pdf   -5.8144e-02   -5.8118e-02 +/-  9.32e-01  <none>
                     r    1.2821e+00    1.2821e+00 +/-  5.62e-01  <none>
            ttbar_xsec    2.8600e-01    2.8601e-01 +/-  8.65e-01  <none>
                w_xsec   -9.9296e-02   -9.9276e-02 +/-  9.63e-01  <none>
                z_xsec   -2.0402e+00   -2.0402e+00 +/-  7.46e-01  <none>

Robus Fit for POI 
Set default minimizer to Minuit2, algorithm Migrad, tolerance 0.1
Searching for crossing at nll = -363.059 in the interval 1.28213, 5
      r      lvl-here  lvl-there   stepping
1.653917    +0.28456  +0.49447    0.371787
2.025704    -0.29042  +0.28456    0.371787
1.765453    +0.14541  -0.29042    0.111536
1.876989    -0.02418  +0.14541    0.111536
1.798913    +0.09766  -0.02418    0.033461
1.832374    +0.04711  +0.09766    0.033461
1.865835    -0.00586  +0.04711    0.033461
1.842413    +0.03146  -0.00586    0.010038
1.852451    +0.01557  +0.03146    0.010038
1.862489    -0.00053  +0.01557    0.010038
1.855462    +0.01077  -0.00053    0.003011
1.858474    +0.00597  +0.01077    0.003011
1.861485    +0.00114  +0.00597    0.003011
1.864497    -0.00373  +0.00114    0.003011
1.862389    -0.00031  -0.00373    0.000903
Set default minimizer to Minuit2, algorithm Migrad, tolerance 0.1
Searching for crossing at nll = -363.059 in the interval 1.28213, -1
      r      lvl-here  lvl-there   stepping
1.053916    +0.40607  +0.49447    -0.228213
0.825704    +0.13121  +0.40607    -0.228213
0.597491    -0.32822  +0.13121    -0.228213
0.757240    +0.01179  -0.32822    -0.068464
0.688776    -0.12494  +0.01179    -0.068464
0.736700    -0.02734  -0.12494    -0.020539
0.751078    +0.00018  -0.02734    -0.006162

  RooFitResult: minimized FCN value: -8.02455e-08, estimated distance to minimum: 8.1589e-08
                covariance matrix quality: Full, accurate covariance matrix
                Status : MINIMIZE=0 HESSE=0 

    Constant Parameter    Value     
  --------------------  ------------
            PNetTop_In    0.0000e+00
            PNetXbb_In    0.0000e+00
             Pileup_In    0.0000e+00
            Prefire_In    0.0000e+00
        TptReweight_In    0.0000e+00
                jer_In    0.0000e+00
                jes_In    0.0000e+00
                jmr_In    0.0000e+00
                jms_In    0.0000e+00
               lumi_In    0.0000e+00
  n_exp_binCR_loose_HIGH_proc_Background    1.0000e+00
  n_exp_binCR_loose_LOW_proc_Background    1.0000e+00
  n_exp_binCR_loose_SIG_proc_Background    1.0000e+00
  n_exp_binCR_pass_HIGH_proc_Background_0x1    1.0000e+00
  n_exp_binCR_pass_LOW_proc_Background_0x1    1.0000e+00
  n_exp_binCR_pass_SIG_proc_Background_0x1    1.0000e+00
                pdf_In    0.0000e+00
         ttbar_xsec_In    0.0000e+00
             w_xsec_In    0.0000e+00
             z_xsec_In    0.0000e+00

    Floating Parameter  InitialValue    FinalValue (+HiError,-LoError)    GblCorr.
  --------------------  ------------  ----------------------------------  --------
  Background_CR_loose_HIGH_bin_1-1    1.0947e+03    1.0947e+03         +/-  7.26e+01  <none>
  Background_CR_loose_HIGH_bin_1-10    6.8467e+01    6.8467e+01         +/-  8.40e+00  <none>
  Background_CR_loose_HIGH_bin_1-11    4.7001e+01    4.7001e+01         +/-  6.85e+00  <none>
  Background_CR_loose_HIGH_bin_1-12    4.1511e+01    4.1511e+01         +/-  6.38e+00  <none>
  Background_CR_loose_HIGH_bin_1-13    1.0390e+01    1.0390e+01         +/-  3.40e+00  <none>
  Background_CR_loose_HIGH_bin_1-2    1.4831e+03    1.4831e+03         +/-  7.07e+01  <none>
  Background_CR_loose_HIGH_bin_1-3    1.3178e+03    1.3178e+03         +/-  5.48e+01  <none>
  Background_CR_loose_HIGH_bin_1-4    1.0006e+03    1.0006e+03         +/-  4.08e+01  <none>
  Background_CR_loose_HIGH_bin_1-5    6.3875e+02    6.3875e+02         +/-  2.97e+01  <none>
  Background_CR_loose_HIGH_bin_1-6    3.5448e+02    3.5448e+02         +/-  2.08e+01  <none>
  Background_CR_loose_HIGH_bin_1-7    2.6834e+02    2.6834e+02         +/-  1.74e+01  <none>
  Background_CR_loose_HIGH_bin_1-8    1.4048e+02    1.4048e+02         +/-  1.23e+01  <none>
  Background_CR_loose_HIGH_bin_1-9    1.0580e+02    1.0580e+02         +/-  1.05e+01  <none>
  Background_CR_loose_HIGH_bin_2-1    6.5961e+02    6.5961e+02         +/-  8.44e+01  <none>
  Background_CR_loose_HIGH_bin_2-10    5.3690e+01    5.3690e+01         +/-  8.42e+00  <none>
  Background_CR_loose_HIGH_bin_2-11    5.0531e+01    5.0531e+01         +/-  7.73e+00  <none>
  Background_CR_loose_HIGH_bin_2-12    3.1916e+01    3.1916e+01         +/-  6.29e+00  <none>
  Background_CR_loose_HIGH_bin_2-13    1.6015e+01    1.6015e+01         +/-  4.49e+00  <none>
  Background_CR_loose_HIGH_bin_2-2    1.0836e+03    1.0836e+03         +/-  8.99e+01  <none>
  Background_CR_loose_HIGH_bin_2-3    1.0810e+03    1.0810e+03         +/-  7.10e+01  <none>
  Background_CR_loose_HIGH_bin_2-4    8.5492e+02    8.5492e+02         +/-  5.22e+01  <none>
  Background_CR_loose_HIGH_bin_2-5    6.1976e+02    6.1976e+02         +/-  3.80e+01  <none>
  Background_CR_loose_HIGH_bin_2-6    3.9866e+02    3.9866e+02         +/-  2.79e+01  <none>
  Background_CR_loose_HIGH_bin_2-7    2.2313e+02    2.2313e+02         +/-  1.89e+01  <none>
  Background_CR_loose_HIGH_bin_2-8    1.6931e+02    1.6931e+02         +/-  1.58e+01  <none>
  Background_CR_loose_HIGH_bin_2-9    1.2003e+02    1.2003e+02         +/-  1.24e+01  <none>
  Background_CR_loose_HIGH_bin_3-1    3.3725e+02    3.3725e+02         +/-  7.35e+01  <none>
  Background_CR_loose_HIGH_bin_3-10    9.3165e+01    9.3165e+01         +/-  1.08e+01  <none>
  Background_CR_loose_HIGH_bin_3-11    3.9260e+01    3.9260e+01         +/-  7.73e+00  <none>
  Background_CR_loose_HIGH_bin_3-12    4.0714e+01    4.0714e+01         +/-  6.88e+00  <none>
  Background_CR_loose_HIGH_bin_3-13    2.7286e+01    2.7286e+01         +/-  5.47e+00  <none>
  Background_CR_loose_HIGH_bin_3-2    7.0906e+02    7.0907e+02         +/-  8.73e+01  <none>
  Background_CR_loose_HIGH_bin_3-3    8.6031e+02    8.6031e+02         +/-  7.98e+01  <none>
  Background_CR_loose_HIGH_bin_3-4    6.5061e+02    6.5061e+02         +/-  5.99e+01  <none>
  Background_CR_loose_HIGH_bin_3-5    5.1183e+02    5.1183e+02         +/-  4.36e+01  <none>
  Background_CR_loose_HIGH_bin_3-6    3.6467e+02    3.6467e+02         +/-  3.13e+01  <none>
  Background_CR_loose_HIGH_bin_3-7    2.2931e+02    2.2931e+02         +/-  2.22e+01  <none>
  Background_CR_loose_HIGH_bin_3-8    1.2265e+02    1.2265e+02         +/-  1.58e+01  <none>
  Background_CR_loose_HIGH_bin_3-9    9.5683e+01    9.5684e+01         +/-  1.26e+01  <none>
  Background_CR_loose_HIGH_bin_4-1    1.8607e+02    1.8607e+02         +/-  3.46e+01  <none>
  Background_CR_loose_HIGH_bin_4-10    7.3879e+01    7.3879e+01         +/-  8.78e+00  <none>
  Background_CR_loose_HIGH_bin_4-11    3.5210e+01    3.5210e+01         +/-  6.46e+00  <none>
  Background_CR_loose_HIGH_bin_4-12    3.1567e+01    3.1567e+01         +/-  5.70e+00  <none>
  Background_CR_loose_HIGH_bin_4-13    1.1643e+01    1.1643e+01         +/-  3.85e+00  <none>
  Background_CR_loose_HIGH_bin_4-2    4.7843e+02    4.7843e+02         +/-  5.00e+01  <none>
  Background_CR_loose_HIGH_bin_4-3    5.4352e+02    5.4352e+02         +/-  4.41e+01  <none>
  Background_CR_loose_HIGH_bin_4-4    4.8127e+02    4.8127e+02         +/-  3.85e+01  <none>
  Background_CR_loose_HIGH_bin_4-5    4.3878e+02    4.3879e+02         +/-  2.99e+01  <none>
  Background_CR_loose_HIGH_bin_4-6    2.6337e+02    2.6337e+02         +/-  2.30e+01  <none>
  Background_CR_loose_HIGH_bin_4-7    2.1264e+02    2.1264e+02         +/-  1.77e+01  <none>
  Background_CR_loose_HIGH_bin_4-8    1.4428e+02    1.4428e+02         +/-  1.35e+01  <none>
  Background_CR_loose_HIGH_bin_4-9    9.2223e+01    9.2223e+01         +/-  1.03e+01  <none>
  Background_CR_loose_HIGH_bin_5-1    5.1134e+01    5.1134e+01         +/-  1.19e+01  <none>
  Background_CR_loose_HIGH_bin_5-10    5.7236e+01    5.7236e+01         +/-  7.52e+00  <none>
  Background_CR_loose_HIGH_bin_5-11    4.1452e+01    4.1452e+01         +/-  6.41e+00  <none>
  Background_CR_loose_HIGH_bin_5-12    1.9791e+01    1.9791e+01         +/-  4.45e+00  <none>
  Background_CR_loose_HIGH_bin_5-13    8.4289e+00    8.4289e+00         +/-  3.05e+00  <none>
  Background_CR_loose_HIGH_bin_5-2    2.0284e+02    2.0284e+02         +/-  2.07e+01  <none>
  Background_CR_loose_HIGH_bin_5-3    3.2435e+02    3.2435e+02         +/-  2.19e+01  <none>
  Background_CR_loose_HIGH_bin_5-4    3.2266e+02    3.2266e+02         +/-  2.15e+01  <none>
  Background_CR_loose_HIGH_bin_5-5    3.2526e+02    3.2526e+02         +/-  1.92e+01  <none>
  Background_CR_loose_HIGH_bin_5-6    2.4238e+02    2.4238e+02         +/-  1.64e+01  <none>
  Background_CR_loose_HIGH_bin_5-7    1.8616e+02    1.8616e+02         +/-  1.38e+01  <none>
  Background_CR_loose_HIGH_bin_5-8    1.3517e+02    1.3517e+02         +/-  1.16e+01  <none>
  Background_CR_loose_HIGH_bin_5-9    7.3471e+01    7.3471e+01         +/-  8.56e+00  <none>
  Background_CR_loose_HIGH_bin_6-1    3.2243e+01    3.2243e+01         +/-  6.08e+00  <none>
  Background_CR_loose_HIGH_bin_6-10    5.0201e+01    5.0201e+01         +/-  6.85e+00  <none>
  Background_CR_loose_HIGH_bin_6-11    3.6799e+01    3.6799e+01         +/-  5.91e+00  <none>
  Background_CR_loose_HIGH_bin_6-12    3.1459e+01    3.1459e+01         +/-  5.37e+00  <none>
  Background_CR_loose_HIGH_bin_6-13    2.4222e+01    2.4222e+01         +/-  4.69e+00  <none>
  Background_CR_loose_HIGH_bin_6-2    9.1585e+01    9.1585e+01         +/-  1.08e+01  <none>
  Background_CR_loose_HIGH_bin_6-3    1.8852e+02    1.8852e+02         +/-  1.51e+01  <none>
  Background_CR_loose_HIGH_bin_6-4    2.3889e+02    2.3889e+02         +/-  1.58e+01  <none>
  Background_CR_loose_HIGH_bin_6-5    2.0254e+02    2.0254e+02         +/-  1.45e+01  <none>
  Background_CR_loose_HIGH_bin_6-6    1.6720e+02    1.6720e+02         +/-  1.28e+01  <none>
  Background_CR_loose_HIGH_bin_6-7    1.7122e+02    1.7122e+02         +/-  1.29e+01  <none>
  Background_CR_loose_HIGH_bin_6-8    9.4070e+01    9.4070e+01         +/-  9.59e+00  <none>
  Background_CR_loose_HIGH_bin_6-9    7.3187e+01    7.3187e+01         +/-  8.50e+00  <none>
  Background_CR_loose_LOW_bin_1-1    2.5188e+03    2.5188e+03         +/-  5.20e+01  <none>
  Background_CR_loose_LOW_bin_1-10    9.5888e+01    9.5888e+01         +/-  9.43e+00  <none>
  Background_CR_loose_LOW_bin_1-11    3.8621e+01    3.8621e+01         +/-  6.26e+00  <none>
  Background_CR_loose_LOW_bin_1-12    4.6216e+01    4.6216e+01         +/-  6.51e+00  <none>
  Background_CR_loose_LOW_bin_1-13    4.1658e+01    4.1658e+01         +/-  6.22e+00  <none>
  Background_CR_loose_LOW_bin_1-2    2.4648e+03    2.4648e+03         +/-  4.96e+01  <none>
  Background_CR_loose_LOW_bin_1-3    1.9206e+03    1.9206e+03         +/-  4.26e+01  <none>
  Background_CR_loose_LOW_bin_1-4    1.2050e+03    1.2050e+03         +/-  3.37e+01  <none>
  Background_CR_loose_LOW_bin_1-5    7.4120e+02    7.4120e+02         +/-  2.63e+01  <none>
  Background_CR_loose_LOW_bin_1-6    4.1925e+02    4.1925e+02         +/-  1.96e+01  <none>
  Background_CR_loose_LOW_bin_1-7    2.8163e+02    2.8163e+02         +/-  1.62e+01  <none>
  Background_CR_loose_LOW_bin_1-8    2.1348e+02    2.1348e+02         +/-  1.41e+01  <none>
  Background_CR_loose_LOW_bin_1-9    1.5041e+02    1.5041e+02         +/-  1.18e+01  <none>
  Background_CR_loose_LOW_bin_2-1    2.3345e+03    2.3345e+03         +/-  5.96e+01  <none>
  Background_CR_loose_LOW_bin_2-10    8.2466e+01    8.2466e+01         +/-  9.46e+00  <none>
  Background_CR_loose_LOW_bin_2-11    7.4959e+01    7.4959e+01         +/-  8.85e+00  <none>
  Background_CR_loose_LOW_bin_2-12    4.0813e+01    4.0813e+01         +/-  6.75e+00  <none>
  Background_CR_loose_LOW_bin_2-13    2.5531e+01    2.5531e+01         +/-  5.39e+00  <none>
  Background_CR_loose_LOW_bin_2-2    2.3553e+03    2.3553e+03         +/-  5.75e+01  <none>
  Background_CR_loose_LOW_bin_2-3    1.9079e+03    1.9079e+03         +/-  4.66e+01  <none>
  Background_CR_loose_LOW_bin_2-4    1.1544e+03    1.1544e+03         +/-  3.54e+01  <none>
  Background_CR_loose_LOW_bin_2-5    7.0785e+02    7.0785e+02         +/-  2.76e+01  <none>
  Background_CR_loose_LOW_bin_2-6    4.3332e+02    4.3332e+02         +/-  2.19e+01  <none>
  Background_CR_loose_LOW_bin_2-7    2.7247e+02    2.7247e+02         +/-  1.70e+01  <none>
  Background_CR_loose_LOW_bin_2-8    1.8145e+02    1.8145e+02         +/-  1.41e+01  <none>
  Background_CR_loose_LOW_bin_2-9    1.4462e+02    1.4462e+02         +/-  1.24e+01  <none>
  Background_CR_loose_LOW_bin_3-1    2.3431e+03    2.3431e+03         +/-  6.71e+01  <none>
  Background_CR_loose_LOW_bin_3-10    8.5454e+01    8.5454e+01         +/-  9.61e+00  <none>
  Background_CR_loose_LOW_bin_3-11    5.0581e+01    5.0581e+01         +/-  7.41e+00  <none>
  Background_CR_loose_LOW_bin_3-12    4.5984e+01    4.5984e+01         +/-  6.85e+00  <none>
  Background_CR_loose_LOW_bin_3-13    2.7695e+01    2.7695e+01         +/-  5.42e+00  <none>
  Background_CR_loose_LOW_bin_3-2    2.3316e+03    2.3316e+03         +/-  5.96e+01  <none>
  Background_CR_loose_LOW_bin_3-3    1.7374e+03    1.7374e+03         +/-  4.71e+01  <none>
  Background_CR_loose_LOW_bin_3-4    1.2066e+03    1.2066e+03         +/-  3.70e+01  <none>
  Background_CR_loose_LOW_bin_3-5    7.1210e+02    7.1210e+02         +/-  2.79e+01  <none>
  Background_CR_loose_LOW_bin_3-6    3.9729e+02    3.9729e+02         +/-  2.07e+01  <none>
  Background_CR_loose_LOW_bin_3-7    2.4835e+02    2.4835e+02         +/-  1.61e+01  <none>
  Background_CR_loose_LOW_bin_3-8    1.4888e+02    1.4888e+02         +/-  1.27e+01  <none>
  Background_CR_loose_LOW_bin_3-9    1.1178e+02    1.1178e+02         +/-  1.10e+01  <none>
  Background_CR_loose_SIG_bin_1-1    2.0269e+03    2.0269e+03         +/-  6.73e+01  <none>
  Background_CR_loose_SIG_bin_1-10    8.2697e+01    8.2697e+01         +/-  9.03e+00  <none>
  Background_CR_loose_SIG_bin_1-11    5.3347e+01    5.3347e+01         +/-  7.08e+00  <none>
  Background_CR_loose_SIG_bin_1-12    3.3208e+01    3.3208e+01         +/-  5.67e+00  <none>
  Background_CR_loose_SIG_bin_1-13    1.9162e+01    1.9162e+01         +/-  4.36e+00  <none>
  Background_CR_loose_SIG_bin_1-2    2.1298e+03    2.1298e+03         +/-  6.18e+01  <none>
  Background_CR_loose_SIG_bin_1-3    1.7642e+03    1.7642e+03         +/-  4.85e+01  <none>
  Background_CR_loose_SIG_bin_1-4    1.1810e+03    1.1810e+03         +/-  3.62e+01  <none>
  Background_CR_loose_SIG_bin_1-5    6.2449e+02    6.2449e+02         +/-  2.62e+01  <none>
  Background_CR_loose_SIG_bin_1-6    4.4051e+02    4.4051e+02         +/-  2.10e+01  <none>
  Background_CR_loose_SIG_bin_1-7    2.4503e+02    2.4503e+02         +/-  1.55e+01  <none>
  Background_CR_loose_SIG_bin_1-8    1.6188e+02    1.6188e+02         +/-  1.28e+01  <none>
  Background_CR_loose_SIG_bin_1-9    8.9583e+01    8.9583e+01         +/-  9.78e+00  <none>
  Background_CR_loose_SIG_bin_2-1    1.6726e+03    1.6726e+03         +/-  7.10e+01  <none>
  Background_CR_loose_SIG_bin_2-10    5.6742e+01    5.6742e+01         +/-  8.43e+00  <none>
  Background_CR_loose_SIG_bin_2-11    4.2162e+01    4.2162e+01         +/-  6.58e+00  <none>
  Background_CR_loose_SIG_bin_2-12    4.3402e+01    4.3402e+01         +/-  6.40e+00  <none>
  Background_CR_loose_SIG_bin_2-13    1.3745e+01    1.3745e+01         +/-  3.71e+00  <none>
  Background_CR_loose_SIG_bin_2-2    2.0747e+03    2.0747e+03         +/-  6.67e+01  <none>
  Background_CR_loose_SIG_bin_2-3    1.6602e+03    1.6602e+03         +/-  4.97e+01  <none>
  Background_CR_loose_SIG_bin_2-4    1.0579e+03    1.0579e+03         +/-  3.70e+01  <none>
  Background_CR_loose_SIG_bin_2-5    6.1052e+02    6.1052e+02         +/-  2.58e+01  <none>
  Background_CR_loose_SIG_bin_2-6    4.2106e+02    4.2106e+02         +/-  2.10e+01  <none>
  Background_CR_loose_SIG_bin_2-7    2.6912e+02    2.6912e+02         +/-  1.67e+01  <none>
  Background_CR_loose_SIG_bin_2-8    1.5652e+02    1.5652e+02         +/-  1.26e+01  <none>
  Background_CR_loose_SIG_bin_2-9    1.0357e+02    1.0357e+02         +/-  1.07e+01  <none>
  Background_CR_loose_SIG_bin_3-1    1.6082e+03    1.6082e+03         +/-  7.40e+01  <none>
  Background_CR_loose_SIG_bin_3-10    3.8139e+01    3.8139e+01         +/-  7.38e+00  <none>
  Background_CR_loose_SIG_bin_3-11    4.5093e+01    4.5093e+01         +/-  6.74e+00  <none>
  Background_CR_loose_SIG_bin_3-12    3.9220e+01    3.9220e+01         +/-  6.30e+00  <none>
  Background_CR_loose_SIG_bin_3-13    2.0736e+01    2.0736e+01         +/-  4.54e+00  <none>
  Background_CR_loose_SIG_bin_3-2    1.7080e+03    1.7080e+03         +/-  6.45e+01  <none>
  Background_CR_loose_SIG_bin_3-3    1.5247e+03    1.5247e+03         +/-  5.16e+01  <none>
  Background_CR_loose_SIG_bin_3-4    9.9516e+02    9.9516e+02         +/-  3.75e+01  <none>
  Background_CR_loose_SIG_bin_3-5    6.5602e+02    6.5602e+02         +/-  2.81e+01  <none>
  Background_CR_loose_SIG_bin_3-6    4.1019e+02    4.1019e+02         +/-  2.11e+01  <none>
  Background_CR_loose_SIG_bin_3-7    2.0350e+02    2.0350e+02         +/-  1.50e+01  <none>
  Background_CR_loose_SIG_bin_3-8    1.4491e+02    1.4491e+02         +/-  1.23e+01  <none>
  Background_CR_loose_SIG_bin_3-9    1.0301e+02    1.0301e+02         +/-  1.05e+01  <none>
  Background_CR_rpf_0x1_par0    1.5708e-01    1.5708e-01         +/-  2.79e-03  <none>
  Background_CR_rpf_0x1_par1   -6.3844e-03   -6.3843e-03         +/-  9.93e-03  <none>
               PNetTop   -5.1265e-02   -5.1266e-02         +/-  8.54e-01  <none>
               PNetXbb    6.6502e-02    6.6502e-02         +/-  8.12e-01  <none>
                Pileup   -1.7129e-01   -1.7128e-01         +/-  9.17e-01  <none>
               Prefire   -2.8626e-03   -2.8843e-03         +/-  4.89e-01  <none>
           TptReweight    4.7750e-02    4.7790e-02         +/-  1.01e+00  <none>
                   jer   -3.2870e-01   -3.2868e-01         +/-  1.24e+00  <none>
                   jes    1.3348e+00    1.3348e+00         +/-  7.46e-01  <none>
                   jmr   -1.1228e-01   -1.1228e-01         +/-  5.52e-01  <none>
                   jms    2.5792e-02    2.5797e-02         +/-  6.81e-01  <none>
                  lumi   -1.6135e-01   -1.6131e-01         +/-  1.01e+00  <none>
                   pdf   -5.8144e-02   -5.8118e-02         +/-  9.32e-01  <none>
                     r    1.2821e+00    1.2821e+00 (+5.80e-01,-5.31e-01)  <none>
            ttbar_xsec    2.8600e-01    2.8601e-01         +/-  8.65e-01  <none>
                w_xsec   -9.9296e-02   -9.9276e-02         +/-  9.63e-01  <none>
                z_xsec   -2.0402e+00   -2.0402e+00         +/-  7.46e-01  <none>


 --- FitDiagnostics ---
Best fit r: 1.28213  -0.530876/+0.579921  (68% CL)
Done in 0.58 min (cpu), 0.59 min (real)
Printing Message Summary From ... combine_logger.out
----------------------------------------------
Messages of type INFO : 118
Messages of type DEBUG : 2
Messages of type ERROR : 0
----------------------------------------------
INFO: (function: applyOptionsBase) FitterAlgoBase.cc: 113 -- Setting robust fit options to Tolerance=0.1 / Strategy=0 / Type,Algo=Minuit2,Migrad (note that defaults of CascadeMinimizer were taken where option not specified)
INFO: (function: improveOnce) CascadeMinimizer.cc: 188 -- Minimisation configured with Type=Minuit2, Algo=Migrad, strategy=1, tolerance=0.1
INFO: (function: improveOnce) CascadeMinimizer.cc: 211 -- Minimisation finished with status=0
INFO: (function: improveOnce) CascadeMinimizer.cc: 216 -- Minimization success! status=0
INFO: (function: improveOnce) CascadeMinimizer.cc: 188 -- Minimisation configured with Type=Minuit2, Algo=Migrad, strategy=1, tolerance=0.1
INFO: (function: improveOnce) CascadeMinimizer.cc: 211 -- Minimisation finished with status=0
INFO: (function: improveOnce) CascadeMinimizer.cc: 216 -- Minimization success! status=0
INFO: (function: improveOnce) CascadeMinimizer.cc: 188 -- Minimisation configured with Type=Minuit2, Algo=Migrad, strategy=1, tolerance=0.1
INFO: (function: improveOnce) CascadeMinimizer.cc: 211 -- Minimisation finished with status=0
INFO: (function: improveOnce) CascadeMinimizer.cc: 216 -- Minimization success! status=0
INFO: (function: improveOnce) CascadeMinimizer.cc: 188 -- Minimisation configured with Type=Minuit2, Algo=Migrad, strategy=1, tolerance=0.1
INFO: (function: improveOnce) CascadeMinimizer.cc: 211 -- Minimisation finished with status=0
INFO: (function: improveOnce) CascadeMinimizer.cc: 216 -- Minimization success! status=0
DEBUG: (function: runSpecific) FitDiagnostics.cc: 318 -- Fit B-only, status = 0, numBadNLL = 0, covariance quality = 3
INFO: (function: improveOnce) CascadeMinimizer.cc: 188 -- Minimisation configured with Type=Minuit2, Algo=Migrad, strategy=1, tolerance=0.1
INFO: (function: improveOnce) CascadeMinimizer.cc: 211 -- Minimisation finished with status=0
INFO: (function: improveOnce) CascadeMinimizer.cc: 216 -- Minimization success! status=0
INFO: (function: improveOnce) CascadeMinimizer.cc: 188 -- Minimisation configured with Type=Minuit2, Algo=Migrad, strategy=1, tolerance=0.1
INFO: (function: improveOnce) CascadeMinimizer.cc: 211 -- Minimisation finished with status=0
INFO: (function: improveOnce) CascadeMinimizer.cc: 216 -- Minimization success! status=0
INFO: (function: doFit) FitterAlgoBase.cc: 359 -- Running RobustFit for POI r. Configured with strategy 0  
INFO: (function: findCrossing) FitterAlgoBase.cc: 405 -- Searching for crossing at nll = -363.059, in the interval 1.28213 < r < 5
INFO: (function: improveOnce) CascadeMinimizer.cc: 188 -- Minimisation configured with Type=Minuit2, Algo=Migrad, strategy=1, tolerance=0.1
INFO: (function: improveOnce) CascadeMinimizer.cc: 211 -- Minimisation finished with status=0
INFO: (function: improveOnce) CascadeMinimizer.cc: 216 -- Minimization success! status=0
INFO: (function: findCrossing) FitterAlgoBase.cc: 426 -- r lvl-here lvl-there 	stepping 
INFO: (function: improveOnce) CascadeMinimizer.cc: 188 -- Minimisation configured with Type=Minuit2, Algo=Migrad, strategy=1, tolerance=0.1
INFO: (function: improveOnce) CascadeMinimizer.cc: 211 -- Minimisation finished with status=0
INFO: (function: improveOnce) CascadeMinimizer.cc: 216 -- Minimization success! status=0
INFO: (function: findCrossing) FitterAlgoBase.cc: 459 -- 1.653917    +0.28456  +0.49447    0.371787
INFO: (function: improveOnce) CascadeMinimizer.cc: 188 -- Minimisation configured with Type=Minuit2, Algo=Migrad, strategy=1, tolerance=0.1
INFO: (function: improveOnce) CascadeMinimizer.cc: 211 -- Minimisation finished with status=0
INFO: (function: improveOnce) CascadeMinimizer.cc: 216 -- Minimization success! status=0
INFO: (function: findCrossing) FitterAlgoBase.cc: 459 -- 2.025704    -0.29042  +0.28456    0.371787
INFO: (function: improveOnce) CascadeMinimizer.cc: 188 -- Minimisation configured with Type=Minuit2, Algo=Migrad, strategy=1, tolerance=0.1
INFO: (function: improveOnce) CascadeMinimizer.cc: 211 -- Minimisation finished with status=0
INFO: (function: improveOnce) CascadeMinimizer.cc: 216 -- Minimization success! status=0
INFO: (function: findCrossing) FitterAlgoBase.cc: 459 -- 1.765453    +0.14541  -0.29042    0.111536
INFO: (function: improveOnce) CascadeMinimizer.cc: 188 -- Minimisation configured with Type=Minuit2, Algo=Migrad, strategy=1, tolerance=0.1
INFO: (function: improveOnce) CascadeMinimizer.cc: 211 -- Minimisation finished with status=0
INFO: (function: improveOnce) CascadeMinimizer.cc: 216 -- Minimization success! status=0
INFO: (function: findCrossing) FitterAlgoBase.cc: 459 -- 1.876989    -0.02418  +0.14541    0.111536
INFO: (function: improveOnce) CascadeMinimizer.cc: 188 -- Minimisation configured with Type=Minuit2, Algo=Migrad, strategy=1, tolerance=0.1
INFO: (function: improveOnce) CascadeMinimizer.cc: 211 -- Minimisation finished with status=0
INFO: (function: improveOnce) CascadeMinimizer.cc: 216 -- Minimization success! status=0
INFO: (function: findCrossing) FitterAlgoBase.cc: 459 -- 1.798913    +0.09766  -0.02418    0.033461
INFO: (function: improveOnce) CascadeMinimizer.cc: 188 -- Minimisation configured with Type=Minuit2, Algo=Migrad, strategy=1, tolerance=0.1
INFO: (function: improveOnce) CascadeMinimizer.cc: 211 -- Minimisation finished with status=0
INFO: (function: improveOnce) CascadeMinimizer.cc: 216 -- Minimization success! status=0
INFO: (function: findCrossing) FitterAlgoBase.cc: 459 -- 1.832374    +0.04711  +0.09766    0.033461
INFO: (function: improveOnce) CascadeMinimizer.cc: 188 -- Minimisation configured with Type=Minuit2, Algo=Migrad, strategy=1, tolerance=0.1
INFO: (function: improveOnce) CascadeMinimizer.cc: 211 -- Minimisation finished with status=0
INFO: (function: improveOnce) CascadeMinimizer.cc: 216 -- Minimization success! status=0
INFO: (function: findCrossing) FitterAlgoBase.cc: 459 -- 1.865835    -0.00586  +0.04711    0.033461
INFO: (function: improveOnce) CascadeMinimizer.cc: 188 -- Minimisation configured with Type=Minuit2, Algo=Migrad, strategy=1, tolerance=0.1
INFO: (function: improveOnce) CascadeMinimizer.cc: 211 -- Minimisation finished with status=0
INFO: (function: improveOnce) CascadeMinimizer.cc: 216 -- Minimization success! status=0
INFO: (function: findCrossing) FitterAlgoBase.cc: 459 -- 1.842413    +0.03146  -0.00586    0.010038
INFO: (function: improveOnce) CascadeMinimizer.cc: 188 -- Minimisation configured with Type=Minuit2, Algo=Migrad, strategy=1, tolerance=0.1
INFO: (function: improveOnce) CascadeMinimizer.cc: 211 -- Minimisation finished with status=0
INFO: (function: improveOnce) CascadeMinimizer.cc: 216 -- Minimization success! status=0
INFO: (function: findCrossing) FitterAlgoBase.cc: 459 -- 1.852451    +0.01557  +0.03146    0.010038
INFO: (function: improveOnce) CascadeMinimizer.cc: 188 -- Minimisation configured with Type=Minuit2, Algo=Migrad, strategy=1, tolerance=0.1
INFO: (function: improveOnce) CascadeMinimizer.cc: 211 -- Minimisation finished with status=0
INFO: (function: improveOnce) CascadeMinimizer.cc: 216 -- Minimization success! status=0
INFO: (function: findCrossing) FitterAlgoBase.cc: 459 -- 1.862489    -0.00053  +0.01557    0.010038
INFO: (function: improveOnce) CascadeMinimizer.cc: 188 -- Minimisation configured with Type=Minuit2, Algo=Migrad, strategy=1, tolerance=0.1
INFO: (function: improveOnce) CascadeMinimizer.cc: 211 -- Minimisation finished with status=0
INFO: (function: improveOnce) CascadeMinimizer.cc: 216 -- Minimization success! status=0
INFO: (function: findCrossing) FitterAlgoBase.cc: 459 -- 1.855462    +0.01077  -0.00053    0.003011
INFO: (function: improveOnce) CascadeMinimizer.cc: 188 -- Minimisation configured with Type=Minuit2, Algo=Migrad, strategy=1, tolerance=0.1
INFO: (function: improveOnce) CascadeMinimizer.cc: 211 -- Minimisation finished with status=0
INFO: (function: improveOnce) CascadeMinimizer.cc: 216 -- Minimization success! status=0
INFO: (function: findCrossing) FitterAlgoBase.cc: 459 -- 1.858474    +0.00597  +0.01077    0.003011
INFO: (function: improveOnce) CascadeMinimizer.cc: 188 -- Minimisation configured with Type=Minuit2, Algo=Migrad, strategy=1, tolerance=0.1
INFO: (function: improveOnce) CascadeMinimizer.cc: 211 -- Minimisation finished with status=0
INFO: (function: improveOnce) CascadeMinimizer.cc: 216 -- Minimization success! status=0
INFO: (function: findCrossing) FitterAlgoBase.cc: 459 -- 1.861485    +0.00114  +0.00597    0.003011
INFO: (function: improveOnce) CascadeMinimizer.cc: 188 -- Minimisation configured with Type=Minuit2, Algo=Migrad, strategy=1, tolerance=0.1
INFO: (function: improveOnce) CascadeMinimizer.cc: 211 -- Minimisation finished with status=0
INFO: (function: improveOnce) CascadeMinimizer.cc: 216 -- Minimization success! status=0
INFO: (function: findCrossing) FitterAlgoBase.cc: 459 -- 1.864497    -0.00373  +0.00114    0.003011
INFO: (function: improveOnce) CascadeMinimizer.cc: 188 -- Minimisation configured with Type=Minuit2, Algo=Migrad, strategy=1, tolerance=0.1
INFO: (function: improveOnce) CascadeMinimizer.cc: 211 -- Minimisation finished with status=0
INFO: (function: improveOnce) CascadeMinimizer.cc: 216 -- Minimization success! status=0
INFO: (function: findCrossing) FitterAlgoBase.cc: 459 -- 1.862389    -0.00031  -0.00373    0.000903
INFO: (function: findCrossing) FitterAlgoBase.cc: 405 -- Searching for crossing at nll = -363.059, in the interval 1.28213 < r < -1
INFO: (function: improveOnce) CascadeMinimizer.cc: 188 -- Minimisation configured with Type=Minuit2, Algo=Migrad, strategy=1, tolerance=0.1
INFO: (function: improveOnce) CascadeMinimizer.cc: 211 -- Minimisation finished with status=0
INFO: (function: improveOnce) CascadeMinimizer.cc: 216 -- Minimization success! status=0
INFO: (function: findCrossing) FitterAlgoBase.cc: 426 -- r lvl-here lvl-there 	stepping 
INFO: (function: improveOnce) CascadeMinimizer.cc: 188 -- Minimisation configured with Type=Minuit2, Algo=Migrad, strategy=1, tolerance=0.1
INFO: (function: improveOnce) CascadeMinimizer.cc: 211 -- Minimisation finished with status=0
INFO: (function: improveOnce) CascadeMinimizer.cc: 216 -- Minimization success! status=0
INFO: (function: findCrossing) FitterAlgoBase.cc: 459 -- 1.053916    +0.40607  +0.49447    -0.228213
INFO: (function: improveOnce) CascadeMinimizer.cc: 188 -- Minimisation configured with Type=Minuit2, Algo=Migrad, strategy=1, tolerance=0.1
INFO: (function: improveOnce) CascadeMinimizer.cc: 211 -- Minimisation finished with status=0
INFO: (function: improveOnce) CascadeMinimizer.cc: 216 -- Minimization success! status=0
INFO: (function: findCrossing) FitterAlgoBase.cc: 459 -- 0.825704    +0.13121  +0.40607    -0.228213
INFO: (function: improveOnce) CascadeMinimizer.cc: 188 -- Minimisation configured with Type=Minuit2, Algo=Migrad, strategy=1, tolerance=0.1
INFO: (function: improveOnce) CascadeMinimizer.cc: 211 -- Minimisation finished with status=0
INFO: (function: improveOnce) CascadeMinimizer.cc: 216 -- Minimization success! status=0
INFO: (function: findCrossing) FitterAlgoBase.cc: 459 -- 0.597491    -0.32822  +0.13121    -0.228213
INFO: (function: improveOnce) CascadeMinimizer.cc: 188 -- Minimisation configured with Type=Minuit2, Algo=Migrad, strategy=1, tolerance=0.1
INFO: (function: improveOnce) CascadeMinimizer.cc: 211 -- Minimisation finished with status=0
INFO: (function: improveOnce) CascadeMinimizer.cc: 216 -- Minimization success! status=0
INFO: (function: findCrossing) FitterAlgoBase.cc: 459 -- 0.757240    +0.01179  -0.32822    -0.068464
INFO: (function: improveOnce) CascadeMinimizer.cc: 188 -- Minimisation configured with Type=Minuit2, Algo=Migrad, strategy=1, tolerance=0.1
INFO: (function: improveOnce) CascadeMinimizer.cc: 211 -- Minimisation finished with status=0
INFO: (function: improveOnce) CascadeMinimizer.cc: 216 -- Minimization success! status=0
INFO: (function: findCrossing) FitterAlgoBase.cc: 459 -- 0.688776    -0.12494  +0.01179    -0.068464
INFO: (function: improveOnce) CascadeMinimizer.cc: 188 -- Minimisation configured with Type=Minuit2, Algo=Migrad, strategy=1, tolerance=0.1
INFO: (function: improveOnce) CascadeMinimizer.cc: 211 -- Minimisation finished with status=0
INFO: (function: improveOnce) CascadeMinimizer.cc: 216 -- Minimization success! status=0
INFO: (function: findCrossing) FitterAlgoBase.cc: 459 -- 0.736700    -0.02734  -0.12494    -0.020539
INFO: (function: improveOnce) CascadeMinimizer.cc: 188 -- Minimisation configured with Type=Minuit2, Algo=Migrad, strategy=1, tolerance=0.1
INFO: (function: improveOnce) CascadeMinimizer.cc: 211 -- Minimisation finished with status=0
INFO: (function: improveOnce) CascadeMinimizer.cc: 216 -- Minimization success! status=0
INFO: (function: findCrossing) FitterAlgoBase.cc: 459 -- 0.751078    +0.00018  -0.02734    -0.006162
DEBUG: (function: runSpecific) FitDiagnostics.cc: 443 -- Fit S+B, status = 0, numBadNLL = 0, covariance quality = 3
